2024-05-28 17:24:05,982 [INFO] Activator:176 - 


2024-05-28 17:24:05,994 [INFO] Activator:177 - !SESSION log4j initialized
2024-05-28 17:24:26,369 [INFO] LogOutputStream:77 - [STDOUT_REDIRECT] 
2024-05-28 17:24:39,463 [INFO] ApplicationProperties:184 - Using Application install path: C:\ST\STM32CubeIDE_1.14.0\STM32CubeIDE\plugins\com.st.stm32cube.common.mx_6.10.0.202311202037
2024-05-28 17:24:39,493 [INFO] DbMcusXml:78 - Set database path to: C:\ST\STM32CubeIDE_1.14.0\STM32CubeIDE\plugins\com.st.stm32cube.common.mx_6.10.0.202311202037\\db\/mcu/
2024-05-28 17:24:39,494 [INFO] ApiDb:274 - Set plugin database path to: C:\ST\STM32CubeIDE_1.14.0\STM32CubeIDE\plugins\com.st.stm32cube.common.mx_6.10.0.202311202037\\db\/plugins/boardmanager/
2024-05-28 17:24:39,494 [WARN] ApiDb:259 - Overriding images path with different value:  => C:\ST\STM32CubeIDE_1.14.0\STM32CubeIDE\plugins\com.st.stm32cube.common.mx_6.10.0.202311202037\\db\/plugins/mcufinder/images/
2024-05-28 17:24:39,512 [INFO] ApiDb:250 - Set database path to: C:\Users\QUDUS\.stmcufinder\plugins\mcufinder//mcu/
2024-05-28 17:24:39,515 [INFO] DbMcusAds:125 - Set database path to: C:\Users\QUDUS\.stmcufinder\plugins\mcufinder//mcu/
2024-05-28 17:24:39,532 [INFO] CrossReferenceDbSqlite:203 - Set database path to: C:\Users\QUDUS\.stmcufinder\plugins\mcufinder//mcu/cs/
2024-05-28 17:24:39,802 [INFO] RulesReader:64 - Compatibility file has been processed (297 Rules)
2024-05-28 17:24:39,958 [INFO] DbMcusXml:78 - Set database path to: C:\ST\STM32CubeIDE_1.14.0\STM32CubeIDE\plugins\com.st.stm32cube.common.mx_6.10.0.202311202037\\db\/mcu/
2024-05-28 17:24:39,958 [INFO] ApiDb:274 - Set plugin database path to: C:\ST\STM32CubeIDE_1.14.0\STM32CubeIDE\plugins\com.st.stm32cube.common.mx_6.10.0.202311202037\\db\/plugins/boardmanager/
2024-05-28 17:24:39,958 [INFO] ApiDb:261 - Set plugin images path to: C:\ST\STM32CubeIDE_1.14.0\STM32CubeIDE\plugins\com.st.stm32cube.common.mx_6.10.0.202311202037\\db\/plugins/mcufinder/images/
2024-05-28 17:24:39,959 [WARN] DbFile:41 - Overriding database path with different value: C:\Users\QUDUS\.stmcufinder\plugins\mcufinder/ => C:\Users\QUDUS\.stmcufinder\plugins\mcufinder
2024-05-28 17:24:39,959 [INFO] ApiDb:250 - Set database path to: C:\Users\QUDUS\.stmcufinder\plugins\mcufinder//mcu/
2024-05-28 17:24:39,960 [WARN] DbFile:41 - Overriding database path with different value: C:\Users\QUDUS\.stmcufinder\plugins\mcufinder/ => C:\Users\QUDUS\.stmcufinder\plugins\mcufinder
2024-05-28 17:24:39,960 [INFO] DbMcusAds:125 - Set database path to: C:\Users\QUDUS\.stmcufinder\plugins\mcufinder//mcu/
2024-05-28 17:24:39,960 [WARN] DbFile:41 - Overriding database path with different value: C:\Users\QUDUS\.stmcufinder\plugins\mcufinder/ => C:\Users\QUDUS\.stmcufinder\plugins\mcufinder
2024-05-28 17:24:39,960 [WARN] DbFile:41 - Overriding database path with different value: C:\Users\QUDUS\.stmcufinder\plugins\mcufinder/ => C:\Users\QUDUS\.stmcufinder\plugins\mcufinder
2024-05-28 17:24:39,960 [INFO] CrossReferenceDbSqlite:203 - Set database path to: C:\Users\QUDUS\.stmcufinder\plugins\mcufinder//mcu/cs/
2024-05-28 17:24:40,119 [INFO] MainPanel:264 - HeapMemory: 268435456
2024-05-28 17:24:40,296 [INFO] DbMcusXml:78 - Set database path to: C:\ST\STM32CubeIDE_1.14.0\STM32CubeIDE\plugins\com.st.stm32cube.common.mx_6.10.0.202311202037\\db\/mcu/
2024-05-28 17:24:40,296 [INFO] ApiDb:274 - Set plugin database path to: C:\ST\STM32CubeIDE_1.14.0\STM32CubeIDE\plugins\com.st.stm32cube.common.mx_6.10.0.202311202037\\db\/plugins/boardmanager/
2024-05-28 17:24:40,297 [INFO] ApiDb:261 - Set plugin images path to: C:\ST\STM32CubeIDE_1.14.0\STM32CubeIDE\plugins\com.st.stm32cube.common.mx_6.10.0.202311202037\\db\/plugins/mcufinder/images/
2024-05-28 17:24:40,297 [WARN] DbFile:41 - Overriding database path with different value: C:\Users\QUDUS\.stmcufinder\plugins\mcufinder/ => C:\Users\QUDUS\.stmcufinder\plugins\mcufinder
2024-05-28 17:24:40,297 [INFO] ApiDb:250 - Set database path to: C:\Users\QUDUS\.stmcufinder\plugins\mcufinder//mcu/
2024-05-28 17:24:40,297 [WARN] DbFile:41 - Overriding database path with different value: C:\Users\QUDUS\.stmcufinder\plugins\mcufinder/ => C:\Users\QUDUS\.stmcufinder\plugins\mcufinder
2024-05-28 17:24:40,298 [INFO] DbMcusAds:125 - Set database path to: C:\Users\QUDUS\.stmcufinder\plugins\mcufinder//mcu/
2024-05-28 17:24:40,298 [WARN] DbFile:41 - Overriding database path with different value: C:\Users\QUDUS\.stmcufinder\plugins\mcufinder/ => C:\Users\QUDUS\.stmcufinder\plugins\mcufinder
2024-05-28 17:24:40,298 [WARN] DbFile:41 - Overriding database path with different value: C:\Users\QUDUS\.stmcufinder\plugins\mcufinder/ => C:\Users\QUDUS\.stmcufinder\plugins\mcufinder
2024-05-28 17:24:40,298 [INFO] CrossReferenceDbSqlite:203 - Set database path to: C:\Users\QUDUS\.stmcufinder\plugins\mcufinder//mcu/cs/
2024-05-28 17:24:40,332 [INFO] ApplicationProperties:184 - Using Application install path: C:\ST\STM32CubeIDE_1.14.0\STM32CubeIDE\plugins\com.st.stm32cube.common.mx_6.10.0.202311202037
2024-05-28 17:24:40,335 [INFO] PluginManage:196 - Search for loadable plugins [exclusion list=, ]
2024-05-28 17:24:40,337 [INFO] PluginManage:310 - Check plugin analytics
2024-05-28 17:24:40,678 [INFO] AnalyticsPlugin:253 - Accepted Software Licenses: 
2024-05-28 17:24:40,679 [INFO] AnalyticsPlugin:255 - Accepted CMSIS Pack Licenses: 
2024-05-28 17:24:40,679 [INFO] AnalyticsPlugin:257 - Accepted Firmware Licenses: 
2024-05-28 17:24:40,684 [INFO] PluginManage:359 - Loaded plugin analytics (category:tool,tabindex:-1)
2024-05-28 17:24:40,684 [INFO] PluginManage:310 - Check plugin cadmodel
2024-05-28 17:24:40,709 [INFO] CADModel:105 - Init CAD model plugin
2024-05-28 17:24:40,709 [INFO] PluginManage:359 - Loaded plugin cadmodel (category:power,tabindex:5)
2024-05-28 17:24:40,709 [INFO] PluginManage:310 - Check plugin clock
2024-05-28 17:24:40,742 [INFO] PluginManage:359 - Loaded plugin clock (category:base,tabindex:2)
2024-05-28 17:24:40,743 [INFO] PluginManage:310 - Check plugin ddr
2024-05-28 17:24:40,746 [INFO] PluginManage:359 - Loaded plugin ddr (category:tool,tabindex:6)
2024-05-28 17:24:40,746 [INFO] PluginManage:310 - Check plugin filemanager
2024-05-28 17:24:41,048 [INFO] PluginManage:359 - Loaded plugin filemanager (category:base,tabindex:10)
2024-05-28 17:24:41,048 [INFO] PluginManage:310 - Check plugin ipmanager
2024-05-28 17:24:41,057 [INFO] PluginManage:359 - Loaded plugin ipmanager (category:base,tabindex:5)
2024-05-28 17:24:41,057 [INFO] PluginManage:310 - Check plugin lpbam
2024-05-28 17:24:41,075 [INFO] PluginManage:359 - Loaded plugin lpbam (category:base,tabindex:0)
2024-05-28 17:24:41,076 [INFO] PluginManage:310 - Check plugin memorymap
2024-05-28 17:24:41,115 [INFO] PluginManage:359 - Loaded plugin memorymap (category:base,tabindex:4)
2024-05-28 17:24:41,116 [INFO] PluginManage:310 - Check plugin pinoutandconfiguration
2024-05-28 17:24:41,132 [INFO] PluginManage:359 - Loaded plugin pinoutandconfiguration (category:base,tabindex:1)
2024-05-28 17:24:41,132 [INFO] PluginManage:310 - Check plugin pinoutconfig
2024-05-28 17:24:41,235 [WARN] SupportedApi:132 - Cannot load RTOS API schema: s4s-elt-must-match.1: The content of 'definitions' must match (annotation?, (simpleType | complexType)?, (unique | key | keyref)*)). A problem was found starting at: attribute.
2024-05-28 17:24:41,461 [INFO] PluginManage:359 - Loaded plugin pinoutconfig (category:base,tabindex:0)
2024-05-28 17:24:41,461 [INFO] PluginManage:310 - Check plugin power
2024-05-28 17:24:41,488 [INFO] PluginManage:359 - Loaded plugin power (category:power,tabindex:4)
2024-05-28 17:24:41,488 [INFO] PluginManage:310 - Check plugin projectmanager
2024-05-28 17:24:41,513 [INFO] PluginManage:359 - Loaded plugin projectmanager (category:projectmanager,tabindex:3)
2024-05-28 17:24:41,513 [INFO] PluginManage:310 - Check plugin thirdparty
2024-05-28 17:24:41,870 [INFO] PluginManage:359 - Loaded plugin thirdparty (category:base,tabindex:-1)
2024-05-28 17:24:41,870 [INFO] PluginManage:310 - Check plugin tools
2024-05-28 17:24:41,870 [WARN] IntegrityCheckThread:84 - waiting for thirdparty lock release [integrity check]
2024-05-28 17:24:41,870 [INFO] IntegrityCheckThread:86 - entering critical section [integrity check]
2024-05-28 17:24:41,870 [INFO] ThirdPartyUpdaterWithRetryManager:70 - Updater plugin not ready yet. [1/15]
2024-05-28 17:24:41,910 [INFO] PluginManage:359 - Loaded plugin tools (category:base,tabindex:7)
2024-05-28 17:24:41,910 [INFO] PluginManage:310 - Check plugin tutovideos
2024-05-28 17:24:42,141 [INFO] PluginManage:359 - Loaded plugin tutovideos (category:base,tabindex:-1)
2024-05-28 17:24:42,141 [INFO] PluginManage:310 - Check plugin updater
2024-05-28 17:24:42,156 [INFO] PluginManage:359 - Loaded plugin updater (category:base,tabindex:12)
2024-05-28 17:24:42,157 [INFO] PluginManage:310 - Check plugin userauth
2024-05-28 17:24:42,165 [INFO] UserAuth:114 - Init User Auth plugin
2024-05-28 17:24:42,165 [INFO] PluginManage:359 - Loaded plugin userauth (category:base,tabindex:14)
2024-05-28 17:24:42,167 [INFO] PluginManage:283 - PluginManage : Loaded plugins [17]
2024-05-28 17:24:42,450 [INFO] PinOutPanel:1499 - setPackage(No Configuration,No Configuration)
2024-05-28 17:24:42,546 [INFO] CADModel:165 - CPN selected for project level
2024-05-28 17:24:42,546 [INFO] CADModel:114 - Register for checkConnection events
2024-05-28 17:24:42,577 [INFO] IPUIPlugin:80 - create IPUIPlugin
2024-05-28 17:24:42,577 [INFO] PluginManager:220 - loadIPPluginJar : add adc
2024-05-28 17:24:42,626 [INFO] IPUIPlugin:80 - create IPUIPlugin
2024-05-28 17:24:42,627 [INFO] PluginManager:220 - loadIPPluginJar : add aes
2024-05-28 17:24:42,695 [INFO] IPUIPlugin:80 - create IPUIPlugin
2024-05-28 17:24:42,695 [INFO] PluginManager:220 - loadIPPluginJar : add can
2024-05-28 17:24:42,721 [INFO] IPUIPlugin:80 - create IPUIPlugin
2024-05-28 17:24:42,721 [INFO] PluginManager:220 - loadIPPluginJar : add comp
2024-05-28 17:24:42,761 [INFO] IPUIPlugin:80 - create IPUIPlugin
2024-05-28 17:24:42,761 [INFO] PluginManager:220 - loadIPPluginJar : add cryp
2024-05-28 17:24:42,795 [INFO] IPUIPlugin:80 - create IPUIPlugin
2024-05-28 17:24:42,795 [INFO] PluginManager:220 - loadIPPluginJar : add dfsdm
2024-05-28 17:24:42,813 [INFO] IPUIPlugin:80 - create IPUIPlugin
2024-05-28 17:24:42,813 [INFO] PluginManager:220 - loadIPPluginJar : add dma
2024-05-28 17:24:42,864 [INFO] IPUIPlugin:80 - create IPUIPlugin
2024-05-28 17:24:42,864 [INFO] PluginManager:220 - loadIPPluginJar : add dma3
2024-05-28 17:24:42,888 [INFO] IPUIPlugin:80 - create IPUIPlugin
2024-05-28 17:24:42,888 [INFO] PluginManager:220 - loadIPPluginJar : add fatfs
2024-05-28 17:24:42,945 [INFO] IPUIPlugin:80 - create IPUIPlugin
2024-05-28 17:24:42,946 [INFO] PluginManager:220 - loadIPPluginJar : add fmc
2024-05-28 17:24:42,962 [INFO] IPUIPlugin:80 - create IPUIPlugin
2024-05-28 17:24:42,962 [INFO] PluginManager:220 - loadIPPluginJar : add freertos
2024-05-28 17:24:42,986 [INFO] IPUIPlugin:80 - create IPUIPlugin
2024-05-28 17:24:42,986 [INFO] PluginManager:220 - loadIPPluginJar : add genericplugin
2024-05-28 17:24:43,103 [INFO] IPUIPlugin:80 - create IPUIPlugin
2024-05-28 17:24:43,103 [INFO] PluginManager:220 - loadIPPluginJar : add gfxmmu
2024-05-28 17:24:43,261 [INFO] IPUIPlugin:80 - create IPUIPlugin
2024-05-28 17:24:43,261 [INFO] PluginManager:220 - loadIPPluginJar : add gic
2024-05-28 17:24:43,278 [INFO] IPUIPlugin:80 - create IPUIPlugin
2024-05-28 17:24:43,278 [INFO] PluginManager:220 - loadIPPluginJar : add gpio
2024-05-28 17:24:43,386 [INFO] IPUIPlugin:80 - create IPUIPlugin
2024-05-28 17:24:43,386 [INFO] PluginManager:220 - loadIPPluginJar : add gtzc
2024-05-28 17:24:43,426 [INFO] IPUIPlugin:80 - create IPUIPlugin
2024-05-28 17:24:43,426 [INFO] PluginManager:220 - loadIPPluginJar : add hash
2024-05-28 17:24:43,486 [INFO] IPUIPlugin:80 - create IPUIPlugin
2024-05-28 17:24:43,486 [INFO] PluginManager:220 - loadIPPluginJar : add i2c
2024-05-28 17:24:43,534 [INFO] IPUIPlugin:80 - create IPUIPlugin
2024-05-28 17:24:43,534 [INFO] PluginManager:220 - loadIPPluginJar : add i2s
2024-05-28 17:24:43,587 [INFO] IPUIPlugin:80 - create IPUIPlugin
2024-05-28 17:24:43,587 [INFO] PluginManager:220 - loadIPPluginJar : add i3c
2024-05-28 17:24:43,731 [INFO] IPUIPlugin:80 - create IPUIPlugin
2024-05-28 17:24:43,731 [INFO] PluginManager:220 - loadIPPluginJar : add ipddr
2024-05-28 17:24:43,849 [INFO] IPUIPlugin:80 - create IPUIPlugin
2024-05-28 17:24:43,849 [INFO] PluginManager:220 - loadIPPluginJar : add linkedlist
2024-05-28 17:24:43,896 [INFO] IPUIPlugin:80 - create IPUIPlugin
2024-05-28 17:24:43,896 [INFO] PluginManager:220 - loadIPPluginJar : add lorawan
2024-05-28 17:24:43,941 [INFO] IPUIPlugin:80 - create IPUIPlugin
2024-05-28 17:24:43,941 [INFO] PluginManager:220 - loadIPPluginJar : add ltdc
2024-05-28 17:24:43,957 [INFO] IPUIPlugin:80 - create IPUIPlugin
2024-05-28 17:24:43,957 [INFO] PluginManager:220 - loadIPPluginJar : add mdma
2024-05-28 17:24:43,972 [INFO] IPUIPlugin:80 - create IPUIPlugin
2024-05-28 17:24:43,972 [INFO] PluginManager:220 - loadIPPluginJar : add nvic
2024-05-28 17:24:44,017 [INFO] IPUIPlugin:80 - create IPUIPlugin
2024-05-28 17:24:44,017 [INFO] PluginManager:220 - loadIPPluginJar : add opamp
2024-05-28 17:24:44,091 [INFO] IPUIPlugin:80 - create IPUIPlugin
2024-05-28 17:24:44,091 [INFO] PluginManager:220 - loadIPPluginJar : add openamp
2024-05-28 17:24:44,143 [INFO] IPUIPlugin:80 - create IPUIPlugin
2024-05-28 17:24:44,144 [INFO] PluginManager:220 - loadIPPluginJar : add pdm2pcm
2024-05-28 17:24:44,161 [INFO] IPUIPlugin:80 - create IPUIPlugin
2024-05-28 17:24:44,164 [INFO] PluginManager:220 - loadIPPluginJar : add plateformsettings
2024-05-28 17:24:44,196 [INFO] IPUIPlugin:80 - create IPUIPlugin
2024-05-28 17:24:44,197 [INFO] PluginManager:220 - loadIPPluginJar : add quadspi
2024-05-28 17:24:44,213 [INFO] IPUIPlugin:80 - create IPUIPlugin
2024-05-28 17:24:44,213 [INFO] PluginManager:220 - loadIPPluginJar : add resmgrutility
2024-05-28 17:24:44,281 [INFO] IPUIPlugin:80 - create IPUIPlugin
2024-05-28 17:24:44,281 [INFO] PluginManager:220 - loadIPPluginJar : add sai
2024-05-28 17:24:44,333 [INFO] IPUIPlugin:80 - create IPUIPlugin
2024-05-28 17:24:44,333 [INFO] PluginManager:220 - loadIPPluginJar : add spi
2024-05-28 17:24:44,418 [INFO] IPUIPlugin:80 - create IPUIPlugin
2024-05-28 17:24:44,418 [INFO] PluginManager:220 - loadIPPluginJar : add stm32_wpan
2024-05-28 17:24:44,451 [INFO] IPUIPlugin:80 - create IPUIPlugin
2024-05-28 17:24:44,451 [INFO] PluginManager:220 - loadIPPluginJar : add tim
2024-05-28 17:24:44,526 [INFO] IPUIPlugin:80 - create IPUIPlugin
2024-05-28 17:24:44,526 [INFO] PluginManager:220 - loadIPPluginJar : add touchsensing
2024-05-28 17:24:44,554 [INFO] IPUIPlugin:80 - create IPUIPlugin
2024-05-28 17:24:44,554 [INFO] PluginManager:220 - loadIPPluginJar : add tracer_emb
2024-05-28 17:24:44,581 [INFO] IPUIPlugin:80 - create IPUIPlugin
2024-05-28 17:24:44,582 [INFO] PluginManager:220 - loadIPPluginJar : add ts
2024-05-28 17:24:44,609 [INFO] IPUIPlugin:80 - create IPUIPlugin
2024-05-28 17:24:44,609 [INFO] PluginManager:220 - loadIPPluginJar : add tsc
2024-05-28 17:24:44,636 [INFO] IPUIPlugin:80 - create IPUIPlugin
2024-05-28 17:24:44,636 [INFO] PluginManager:220 - loadIPPluginJar : add ucpd
2024-05-28 17:24:44,693 [INFO] IPUIPlugin:80 - create IPUIPlugin
2024-05-28 17:24:44,693 [INFO] PluginManager:220 - loadIPPluginJar : add usart
2024-05-28 17:24:44,748 [INFO] IPUIPlugin:80 - create IPUIPlugin
2024-05-28 17:24:44,748 [INFO] PluginManager:220 - loadIPPluginJar : add usbx
2024-05-28 17:24:44,871 [INFO] ThirdPartyUpdaterWithRetryManager:70 - Updater plugin not ready yet. [2/15]
2024-05-28 17:24:44,902 [INFO] CADModel:165 - CPN selected for project level
2024-05-28 17:24:44,903 [INFO] CADModel:114 - Register for checkConnection events
2024-05-28 17:24:44,904 [FATAL] Updater:308 - Updater called before beeing initialized
2024-05-28 17:24:44,904 [ERROR] CADModel:125 - Updater not yet initialized, retry later 
2024-05-28 17:24:45,143 [INFO] CADModel:165 - CPN selected for project level
2024-05-28 17:24:45,143 [INFO] CADModel:114 - Register for checkConnection events
2024-05-28 17:24:45,143 [FATAL] Updater:308 - Updater called before beeing initialized
2024-05-28 17:24:45,143 [ERROR] CADModel:125 - Updater not yet initialized, retry later 
2024-05-28 17:24:45,147 [FATAL] Updater:308 - Updater called before beeing initialized
2024-05-28 17:24:45,285 [FATAL] Updater:308 - Updater called before beeing initialized
2024-05-28 17:24:45,291 [INFO] DbMcusAds:53 - JSON generation date=Wed Nov 29 11:52:27 CET 2023 (1701255147349)
2024-05-28 17:24:45,291 [FATAL] Updater:308 - Updater called before beeing initialized
2024-05-28 17:24:45,384 [WARN] DetailPanel:346 - Failed to get advertising image, set to default
2024-05-28 17:24:45,490 [FATAL] Updater:308 - Updater called before beeing initialized
2024-05-28 17:24:45,492 [FATAL] Updater:308 - Updater called before beeing initialized
2024-05-28 17:24:45,492 [FATAL] Updater:308 - Updater called before beeing initialized
2024-05-28 17:24:45,492 [WARN] DetailPanel:346 - Failed to get advertising image, set to default
2024-05-28 17:24:45,493 [FATAL] Updater:308 - Updater called before beeing initialized
2024-05-28 17:24:45,595 [ERROR] Updater:1120 - MainUpdater not yet initialized. External WinMGr cannot be set.
2024-05-28 17:24:45,608 [INFO] Updater:1056 - Updater Version found : 6.10.0
2024-05-28 17:24:45,631 [INFO] ApplicationProperties:184 - Using Application install path: C:\ST\STM32CubeIDE_1.14.0\STM32CubeIDE\plugins\com.st.stm32cube.common.mx_6.10.0.202311202037
2024-05-28 17:24:47,209 [ERROR] LogOutputStream:75 - [STDERR_REDIRECT] May 28, 2024 5:24:47 PM java.util.prefs.WindowsPreferences <init>
2024-05-28 17:24:47,212 [ERROR] LogOutputStream:75 - [STDERR_REDIRECT] WARNING: Could not open/create prefs root node Software\JavaSoft\Prefs at root 0xffffffff80000002. Windows RegCreateKeyEx(...) returned error code 5.
2024-05-28 17:24:47,213 [ERROR] LogOutputStream:75 - [STDERR_REDIRECT] 
2024-05-28 17:24:47,558 [INFO] MainUpdater:2873 - connection check result : 10
2024-05-28 17:24:47,558 [INFO] MainUpdater:3567 - Updater definition file requires update
2024-05-28 17:24:47,559 [INFO] MainUpdater:290 - Updater Check For Update Now.
2024-05-28 17:24:47,560 [INFO] MicroXplorer:498 - Change Database Version : DB.6.0.100
2024-05-28 17:24:47,577 [INFO] McuFinderGlobals:63 - Set McuFinder mode to 2 (CubeIDE integrated)
2024-05-28 17:24:47,610 [INFO] ServerAccessManage:473 - Download File updaters.zip
2024-05-28 17:24:47,679 [INFO] FileExtend:240 - Unzip File : updaters.zip
2024-05-28 17:24:47,679 [INFO] FileExtend:255 - Standard Zip Deflate
2024-05-28 17:24:47,883 [WARN] MainUpdater:1194 - Updater busy. Cannot search thirdparties
2024-05-28 17:24:47,883 [INFO] ThirdPartyUpdaterWithRetryManager:96 - Updater plugin is busy. [1/15]
2024-05-28 17:24:47,999 [INFO] UserAuth:404 - Internet connection configuration mode: 1
2024-05-28 17:24:48,020 [INFO] JxBrowserEngine:152 - Initiate JxBrowser Engine with user profile folder
2024-05-28 17:24:48,063 [INFO] ServerAccessManage:473 - Download File PacksControlFlags.xml
2024-05-28 17:24:48,126 [INFO] ServerAccessManage:473 - Download File cubemx.pidx
2024-05-28 17:24:48,527 [INFO] ServerAccessManage:473 - Download File STMicroelectronics.FP-SNS-MOTENV1.pdsc
2024-05-28 17:24:48,867 [INFO] ServerAccessManage:473 - Download File STMicroelectronics.FP-SNS-MOTENVWB1.pdsc
2024-05-28 17:24:49,096 [INFO] ServerAccessManage:473 - Download File STMicroelectronics.X-CUBE-AI.pdsc
2024-05-28 17:24:49,308 [INFO] WebApp:161 - Instantiating new browser for Auth
2024-05-28 17:24:49,646 [INFO] ServerAccessManage:473 - Download File STMicroelectronics.X-CUBE-ALS.pdsc
2024-05-28 17:24:49,827 [INFO] ServerAccessManage:473 - Download File STMicroelectronics.X-CUBE-BLEMGR.pdsc
2024-05-28 17:24:50,124 [INFO] ServerAccessManage:473 - Download File STMicroelectronics.X-CUBE-EEPRMA1.pdsc
2024-05-28 17:24:50,208 [ERROR] ServerAccessManage:1089 - Problem, file not found on Server
2024-05-28 17:24:50,284 [INFO] WebApp:780 - Register for checkConnection events
2024-05-28 17:24:50,285 [INFO] WebApp:414 - Apply proxy settings
2024-05-28 17:24:50,285 [INFO] WebApp:499 - Chromium requires no authentication
2024-05-28 17:24:50,294 [INFO] WebApp:442 - Direct internet connection detected
2024-05-28 17:24:50,312 [ERROR] ServerAccessManage:1089 - Problem, file not found on Server
2024-05-28 17:24:50,433 [INFO] ServerAccessManage:473 - Download File STMicroelectronics.X-CUBE-FREERTOS.pdsc
2024-05-28 17:24:50,617 [INFO] WebApp:192 - Starting web application
2024-05-28 17:24:50,619 [INFO] WebApp:544 - Web application path used C:\ST\STM32CubeIDE_1.14.0\STM32CubeIDE\plugins\com.st.stm32cube.common.mx_6.10.0.202311202037\db\plugins\mcufinder\reactClient1\index.html
2024-05-28 17:24:50,719 [INFO] ServerAccessManage:473 - Download File STMicroelectronics.X-CUBE-NFC6.pdsc
2024-05-28 17:24:50,862 [INFO] ServerAccessManage:473 - Download File STMicroelectronics.X-CUBE-SAFEA1.pdsc
2024-05-28 17:24:50,885 [WARN] MainUpdater:1194 - Updater busy. Cannot search thirdparties
2024-05-28 17:24:50,885 [INFO] ThirdPartyUpdaterWithRetryManager:96 - Updater plugin is busy. [2/15]
2024-05-28 17:24:50,996 [INFO] ServerAccessManage:473 - Download File STMicroelectronics.X-CUBE-TCPP.pdsc
2024-05-28 17:24:51,123 [INFO] ServerAccessManage:473 - Download File STMicroelectronics.X-CUBE-TOF1.pdsc
2024-05-28 17:24:51,620 [ERROR] ServerAccessManage:1089 - Problem, file not found on Server
2024-05-28 17:24:51,684 [INFO] ServerAccessManage:473 - Download File STMicroelectronics.X-CUBE-TOUCHGFX.pdsc
2024-05-28 17:24:52,316 [INFO] ServerAccessManage:473 - Download File STMicroelectronics.X-CUBE-ALGOBUILD.pdsc
2024-05-28 17:24:52,563 [INFO] ServerAccessManage:473 - Download File STMicroelectronics.X-CUBE-AZRTOS-H7RS.pdsc
2024-05-28 17:24:53,058 [INFO] ServerAccessManage:473 - Download File SEGGER.I-CUBE-embOS.pdsc
2024-05-28 17:24:53,820 [INFO] ServerAccessManage:473 - Download File Cesanta.I-CUBE-Mongoose.pdsc
2024-05-28 17:24:53,887 [WARN] MainUpdater:1194 - Updater busy. Cannot search thirdparties
2024-05-28 17:24:53,887 [INFO] ThirdPartyUpdaterWithRetryManager:96 - Updater plugin is busy. [3/15]
2024-05-28 17:24:55,462 [WARN] PackLoader:240 - Cannot read IP mode file for STMicroelectronics.FP-SNS-MOTENV1.5.0.0
2024-05-28 17:24:55,479 [WARN] PackLoader:240 - Cannot read IP mode file for STMicroelectronics.FP-SNS-MOTENVWB1.1.4.0
2024-05-28 17:24:55,488 [WARN] PackLoader:240 - Cannot read IP mode file for STMicroelectronics.X-CUBE-AI.9.0.0
2024-05-28 17:24:55,498 [WARN] PackLoader:240 - Cannot read IP mode file for STMicroelectronics.X-CUBE-ALS.1.0.2
2024-05-28 17:24:55,522 [WARN] PackLoader:240 - Cannot read IP mode file for STMicroelectronics.X-CUBE-BLEMGR.3.1.0
2024-05-28 17:24:55,535 [WARN] PackLoader:240 - Cannot read IP mode file for STMicroelectronics.X-CUBE-EEPRMA1.5.1.0
2024-05-28 17:24:55,553 [WARN] PackLoader:240 - Cannot read IP mode file for STMicroelectronics.X-CUBE-FREERTOS.1.2.0
2024-05-28 17:24:55,566 [WARN] PackLoader:240 - Cannot read IP mode file for STMicroelectronics.X-CUBE-NFC6.3.1.0
2024-05-28 17:24:55,583 [WARN] PackLoader:240 - Cannot read IP mode file for STMicroelectronics.X-CUBE-SAFEA1.1.2.2
2024-05-28 17:24:55,601 [WARN] PackLoader:240 - Cannot read IP mode file for STMicroelectronics.X-CUBE-TCPP.4.1.0
2024-05-28 17:24:55,618 [INFO] CheckServerUpdateThread:120 - End of CheckServer Thread
2024-05-28 17:24:55,626 [WARN] PackLoader:240 - Cannot read IP mode file for STMicroelectronics.X-CUBE-TOF1.3.4.1
2024-05-28 17:24:55,660 [WARN] PackLoader:240 - Cannot read IP mode file for STMicroelectronics.X-CUBE-TOUCHGFX.4.23.2
2024-05-28 17:24:55,670 [WARN] PackLoader:240 - Cannot read IP mode file for STMicroelectronics.X-CUBE-ALGOBUILD.1.4.0
2024-05-28 17:24:55,703 [WARN] PackLoader:240 - Cannot read IP mode file for STMicroelectronics.X-CUBE-AZRTOS-H7RS.1.0.0
2024-05-28 17:24:55,764 [WARN] PackLoader:240 - Cannot read IP mode file for SEGGER.I-CUBE-embOS.1.3.1
2024-05-28 17:24:55,817 [WARN] PackLoader:240 - Cannot read IP mode file for Cesanta.I-CUBE-Mongoose.7.13.0
2024-05-28 17:24:55,818 [INFO] PopulateThirdPartyThread:66 - Ending populate Thread
2024-05-28 17:24:55,820 [INFO] ThirdParty:1030 - CMSIS Pack Vendor :STMicroelectronics X-CUBE-BLEMGR 3.1.0
2024-05-28 17:24:55,820 [INFO] ThirdParty:1030 - CMSIS Pack Vendor :SEGGER I-CUBE-embOS 1.3.1
2024-05-28 17:24:55,820 [INFO] ThirdParty:1030 - CMSIS Pack Vendor :STMicroelectronics FP-SNS-MOTENVWB1 1.4.0
2024-05-28 17:24:55,820 [INFO] ThirdParty:1030 - CMSIS Pack Vendor :STMicroelectronics X-CUBE-ALGOBUILD 1.4.0
2024-05-28 17:24:55,820 [INFO] ThirdParty:1030 - CMSIS Pack Vendor :STMicroelectronics FP-SNS-MOTENV1 5.0.0
2024-05-28 17:24:55,820 [INFO] ThirdParty:1030 - CMSIS Pack Vendor :STMicroelectronics X-CUBE-SAFEA1 1.2.2
2024-05-28 17:24:55,820 [INFO] ThirdParty:1030 - CMSIS Pack Vendor :STMicroelectronics X-CUBE-TCPP 4.1.0
2024-05-28 17:24:55,820 [INFO] ThirdParty:1030 - CMSIS Pack Vendor :STMicroelectronics X-CUBE-AZRTOS-H7RS 1.0.0
2024-05-28 17:24:55,820 [INFO] ThirdParty:1030 - CMSIS Pack Vendor :STMicroelectronics X-CUBE-EEPRMA1 5.1.0
2024-05-28 17:24:55,820 [INFO] ThirdParty:1030 - CMSIS Pack Vendor :STMicroelectronics X-CUBE-ALS 1.0.2
2024-05-28 17:24:55,821 [INFO] ThirdParty:1030 - CMSIS Pack Vendor :STMicroelectronics X-CUBE-FREERTOS 1.2.0
2024-05-28 17:24:55,821 [INFO] ThirdParty:1030 - CMSIS Pack Vendor :Cesanta I-CUBE-Mongoose 7.13.0
2024-05-28 17:24:55,821 [INFO] ThirdParty:1030 - CMSIS Pack Vendor :STMicroelectronics X-CUBE-AI 9.0.0
2024-05-28 17:24:55,821 [INFO] ThirdParty:1030 - CMSIS Pack Vendor :STMicroelectronics X-CUBE-TOF1 3.4.1
2024-05-28 17:24:55,821 [INFO] ThirdParty:1030 - CMSIS Pack Vendor :STMicroelectronics X-CUBE-TOUCHGFX 4.23.2
2024-05-28 17:24:55,821 [INFO] ThirdParty:1030 - CMSIS Pack Vendor :STMicroelectronics X-CUBE-NFC6 3.1.0
2024-05-28 17:24:55,822 [INFO] LoadServerUpdatesThread:375 - End of LoadServerUpdate Thread
2024-05-28 17:24:57,092 [WARN] PackLoader:240 - Cannot read IP mode file for STMicroelectronics.FP-SNS-MOTENVWB1.1.4.0
2024-05-28 17:24:57,097 [WARN] PackLoader:240 - Cannot read IP mode file for STMicroelectronics.X-CUBE-SMBUS.2.1.0
2024-05-28 17:24:57,102 [WARN] PackLoader:240 - Cannot read IP mode file for STMicroelectronics.X-CUBE-TOUCHGFX.4.23.0
2024-05-28 17:24:57,106 [WARN] PackLoader:240 - Cannot read IP mode file for STMicroelectronics.X-CUBE-TOUCHGFX.4.23.2
2024-05-28 17:24:57,134 [WARN] PackLoader:240 - Cannot read IP mode file for STMicroelectronics.X-CUBE-AZRTOS-F7.1.1.0
2024-05-28 17:24:57,147 [WARN] PackLoader:240 - Cannot read IP mode file for STMicroelectronics.FP-SNS-MOTENV1.4.3.2
2024-05-28 17:24:57,156 [WARN] PackLoader:240 - Cannot read IP mode file for STMicroelectronics.FP-SNS-FLIGHT1.5.0.2
2024-05-28 17:24:57,167 [WARN] PackLoader:240 - Cannot read IP mode file for STMicroelectronics.X-CUBE-DISPLAY.3.0.0
2024-05-28 17:24:57,184 [WARN] PackLoader:240 - Cannot read IP mode file for STMicroelectronics.X-CUBE-BLE1.7.0.0
2024-05-28 17:24:57,191 [WARN] PackLoader:240 - Cannot read IP mode file for emotas.I-CUBE-CANOPEN.1.3.0
2024-05-28 17:24:57,196 [WARN] PackLoader:240 - Cannot read IP mode file for STMicroelectronics.X-CUBE-TOUCHGFX.4.22.1
2024-05-28 17:24:57,204 [WARN] PackLoader:240 - Cannot read IP mode file for STMicroelectronics.X-CUBE-BLEMGR.3.1.0
2024-05-28 17:24:57,214 [WARN] PackLoader:240 - Cannot read IP mode file for STMicroelectronics.FP-SNS-SMARTAG2.1.2.0
2024-05-28 17:24:57,225 [INFO] LogOutputStream:77 - [STDOUT_REDIRECT] 1 : Invalid condition id : UX_CORESTACK_Condition cause : null
2024-05-28 17:24:57,226 [INFO] LogOutputStream:77 - [STDOUT_REDIRECT] 1 : Invalid condition id : UX_CORESTACK_Condition cause : null
2024-05-28 17:24:57,228 [INFO] LogOutputStream:77 - [STDOUT_REDIRECT] 1 : Invalid condition id : UX_CORESTACK_Condition cause : null
2024-05-28 17:24:57,231 [INFO] LogOutputStream:77 - [STDOUT_REDIRECT] 1 : Invalid condition id : UX_CORESTACK_Condition cause : null
2024-05-28 17:24:57,232 [INFO] LogOutputStream:77 - [STDOUT_REDIRECT] 1 : Invalid condition id : UX_CORESTACK_Condition cause : null
2024-05-28 17:24:57,235 [WARN] PackLoader:240 - Cannot read IP mode file for STMicroelectronics.X-CUBE-AZRTOS-WL.2.0.0
2024-05-28 17:24:57,239 [WARN] PackLoader:240 - Cannot read IP mode file for STMicroelectronics.FP-SNS-MOTENV1.5.0.0
2024-05-28 17:24:57,248 [WARN] PackLoader:240 - Cannot read IP mode file for WES.I-CUBE-Cesium.1.3.0
2024-05-28 17:24:57,253 [WARN] PackLoader:240 - Cannot read IP mode file for STMicroelectronics.X-CUBE-BLE2.3.3.0
2024-05-28 17:24:57,260 [WARN] PackLoader:240 - Cannot read IP mode file for STMicroelectronics.X-CUBE-TCPP.4.1.0
2024-05-28 17:24:57,268 [WARN] PackLoader:240 - Cannot read IP mode file for STMicroelectronics.X-CUBE-ALGOBUILD.1.3.0
2024-05-28 17:24:57,288 [WARN] PackLoader:240 - Cannot read IP mode file for STMicroelectronics.X-CUBE-AZRTOS-G0.1.1.0
2024-05-28 17:24:57,298 [WARN] PackLoader:240 - Cannot read IP mode file for STMicroelectronics.X-CUBE-SAFEA1.1.2.2
2024-05-28 17:24:57,306 [WARN] PackLoader:240 - Cannot read IP mode file for STMicroelectronics.X-CUBE-NFC4.3.0.0
2024-05-28 17:24:57,316 [WARN] PackLoader:240 - Cannot read IP mode file for STMicroelectronics.X-CUBE-BLEMGR.3.0.0
2024-05-28 17:24:57,324 [WARN] PackLoader:240 - Cannot read IP mode file for STMicroelectronics.FP-ATR-SIGFOX1.3.2.0
2024-05-28 17:24:57,331 [WARN] PackLoader:240 - Cannot read IP mode file for STMicroelectronics.X-CUBE-EEPRMA1.5.1.0
2024-05-28 17:24:57,368 [WARN] PackLoader:240 - Cannot read IP mode file for SEGGER.I-CUBE-embOS.1.3.1
2024-05-28 17:24:57,429 [WARN] PackLoader:240 - Cannot read IP mode file for STMicroelectronics.X-CUBE-ALGOBUILD.1.4.0
2024-05-28 17:24:57,436 [WARN] PackLoader:240 - Cannot read IP mode file for STMicroelectronics.X-CUBE-GNSS1.6.0.0
2024-05-28 17:24:57,468 [WARN] PackLoader:240 - Cannot read IP mode file for STMicroelectronics.X-CUBE-AZRTOS-F4.1.1.0
2024-05-28 17:24:57,480 [WARN] PackLoader:240 - Cannot read IP mode file for wolfSSL.I-CUBE-wolfSSL.5.6.4
2024-05-28 17:24:57,487 [WARN] PackLoader:240 - Cannot read IP mode file for STMicroelectronics.X-CUBE-FREERTOS.1.2.0
2024-05-28 17:24:57,524 [WARN] PackLoader:240 - Cannot read IP mode file for STMicroelectronics.X-CUBE-AZRTOS-L5.2.0.0
2024-05-28 17:24:57,533 [WARN] PackLoader:240 - Cannot read IP mode file for STMicroelectronics.X-CUBE-EEPRMA1.4.2.0
2024-05-28 17:24:57,543 [WARN] PackLoader:240 - Cannot read IP mode file for STMicroelectronics.X-CUBE-NFC6.3.1.0
2024-05-28 17:24:57,549 [WARN] PackLoader:240 - Cannot read IP mode file for ITTIA_DB.I-CUBE-ITTIADB.8.8.0
2024-05-28 17:24:57,553 [WARN] PackLoader:240 - Cannot read IP mode file for STMicroelectronics.X-CUBE-AI.9.0.0
2024-05-28 17:24:57,560 [WARN] PackLoader:240 - Cannot read IP mode file for STMicroelectronics.X-CUBE-NFC7.1.0.1
2024-05-28 17:24:57,567 [WARN] PackLoader:240 - Cannot read IP mode file for STMicroelectronics.X-CUBE-NFC6.3.0.0
2024-05-28 17:24:57,573 [WARN] PackLoader:240 - Cannot read IP mode file for STMicroelectronics.X-CUBE-AI.8.1.0
2024-05-28 17:24:57,591 [WARN] ConditionMgr:438 - getConditionDescription Invalid condition id : LAN8742 Phy interface Condition cause : null
2024-05-28 17:24:57,592 [WARN] PackLoader:240 - Cannot read IP mode file for STMicroelectronics.X-CUBE-AZRTOS-L4.2.0.0
2024-05-28 17:24:57,593 [WARN] ConditionMgr:1039 - genDependencies : Invalid condition id : LAN8742 Phy interface Condition cause : null
2024-05-28 17:24:57,593 [WARN] ConditionMgr:1039 - genDependencies : Invalid condition id : LAN8742 Phy interface Condition cause : null
2024-05-28 17:24:57,594 [WARN] ConditionMgr:1039 - genDependencies : Invalid condition id : LAN8742 Phy interface Condition cause : null
2024-05-28 17:24:57,602 [WARN] PackLoader:240 - Cannot read IP mode file for STMicroelectronics.X-CUBE-SFXS2LP1.4.0.0
2024-05-28 17:24:57,619 [WARN] ConditionMgr:438 - getConditionDescription Invalid condition id : UX DEVICE CLASS RTOS Condition cause : null
2024-05-28 17:24:57,619 [WARN] ConditionMgr:438 - getConditionDescription Invalid condition id : UX DEVICE CLASS RTOS Condition cause : null
2024-05-28 17:24:57,621 [WARN] PackLoader:240 - Cannot read IP mode file for STMicroelectronics.X-CUBE-AZRTOS-WB.2.0.0
2024-05-28 17:24:57,621 [WARN] ConditionMgr:1039 - genDependencies : Invalid condition id : UX DEVICE CLASS RTOS Condition cause : null
2024-05-28 17:24:57,622 [WARN] ConditionMgr:1039 - genDependencies : Invalid condition id : UX DEVICE CLASS RTOS Condition cause : null
2024-05-28 17:24:57,622 [WARN] ConditionMgr:1039 - genDependencies : Invalid condition id : UX DEVICE CLASS RTOS Condition cause : null
2024-05-28 17:24:57,623 [WARN] ConditionMgr:1039 - genDependencies : Invalid condition id : UX DEVICE CLASS RTOS Condition cause : null
2024-05-28 17:24:57,623 [WARN] ConditionMgr:1039 - genDependencies : Invalid condition id : UX DEVICE CLASS RTOS Condition cause : null
2024-05-28 17:24:57,637 [WARN] PackLoader:240 - Cannot read IP mode file for STMicroelectronics.X-CUBE-SUBG2.5.0.0
2024-05-28 17:24:57,649 [WARN] PackLoader:240 - Cannot read IP mode file for Cesanta.I-CUBE-Mongoose.7.13.0
2024-05-28 17:24:57,663 [WARN] PackLoader:240 - Cannot read IP mode file for STMicroelectronics.X-CUBE-AZRTOS-G4.2.0.0
2024-05-28 17:24:57,676 [WARN] PackLoader:240 - Cannot read IP mode file for Infineon.AIROC-Wi-Fi-Bluetooth-STM32.1.5.1
2024-05-28 17:24:57,682 [WARN] PackLoader:240 - Cannot read IP mode file for STMicroelectronics.FP-SNS-MOTENVWB1.1.3.1
2024-05-28 17:24:57,687 [WARN] PackLoader:240 - Cannot read IP mode file for STMicroelectronics.X-CUBE-ISPU.2.0.0
2024-05-28 17:24:57,692 [WARN] PackLoader:240 - Cannot read IP mode file for STMicroelectronics.X-CUBE-ALS.1.0.2
2024-05-28 17:24:57,744 [WARN] PackLoader:240 - Cannot read IP mode file for STMicroelectronics.X-CUBE-MEMS1.10.0.0
2024-05-28 17:24:57,935 [WARN] PackLoader:240 - Cannot read IP mode file for STMicroelectronics.X-CUBE-FREERTOS.1.1.0
2024-05-28 17:24:57,941 [WARN] PackLoader:240 - Cannot read IP mode file for portGmbH.I-Cube-SoM-uGOAL.1.1.0
2024-05-28 17:24:57,946 [WARN] PackLoader:240 - Cannot read IP mode file for STMicroelectronics.X-CUBE-ALS.1.0.1
2024-05-28 17:24:57,976 [WARN] PackLoader:240 - Cannot read IP mode file for STMicroelectronics.X-CUBE-AZRTOS-H7RS.1.0.0
2024-05-28 17:24:57,983 [WARN] PackLoader:240 - Cannot read IP mode file for STMicroelectronics.FP-ATR-ASTRA1.2.0.0
2024-05-28 17:24:57,995 [WARN] PackLoader:240 - Cannot read IP mode file for STMicroelectronics.X-CUBE-TOF1.3.4.0
2024-05-28 17:24:58,014 [WARN] PackLoader:240 - Cannot read IP mode file for STMicroelectronics.X-CUBE-TOF1.3.4.1
2024-05-28 17:24:58,048 [WARN] PackLoader:240 - Cannot read IP mode file for STMicroelectronics.X-CUBE-AZRTOS-H7.3.2.0
2024-05-28 17:24:58,054 [INFO] ThirdParty:978 - Integrity check success = true
2024-05-28 17:24:58,054 [INFO] IntegrityCheckThread:100 - exiting critical section [integrity check]
2024-05-28 17:24:58,054 [INFO] IntegrityCheckThread:103 - End integrity checks thread
2024-05-28 17:25:12,085 [ERROR] LogOutputStream:75 - [STDERR_REDIRECT] SLF4J: Failed to load class "org.slf4j.impl.StaticLoggerBinder".
2024-05-28 17:25:12,087 [ERROR] LogOutputStream:75 - [STDERR_REDIRECT] SLF4J: Defaulting to no-operation (NOP) logger implementation
2024-05-28 17:25:12,089 [ERROR] LogOutputStream:75 - [STDERR_REDIRECT] SLF4J: See http://www.slf4j.org/codes.html#StaticLoggerBinder for further details.
