2024-01-06 02:05:59,674 [ERROR] LogOutputStream:75 - [STDERR_REDIRECT] 
2024-01-06 02:16:36,975 [INFO] Activator:176 - 


2024-01-06 02:16:36,982 [INFO] Activator:177 - !SESSION log4j initialized
2024-01-06 02:16:52,161 [INFO] LogOutputStream:77 - [STDOUT_REDIRECT] 
2024-01-06 02:16:58,653 [INFO] ApplicationProperties:184 - Using Application install path: C:\ST\STM32CubeIDE_1.14.0\STM32CubeIDE\plugins\com.st.stm32cube.common.mx_6.10.0.202311202037
2024-01-06 02:16:58,696 [INFO] DbMcusXml:78 - Set database path to: C:\ST\STM32CubeIDE_1.14.0\STM32CubeIDE\plugins\com.st.stm32cube.common.mx_6.10.0.202311202037\\db\/mcu/
2024-01-06 02:16:58,697 [INFO] ApiDb:274 - Set plugin database path to: C:\ST\STM32CubeIDE_1.14.0\STM32CubeIDE\plugins\com.st.stm32cube.common.mx_6.10.0.202311202037\\db\/plugins/boardmanager/
2024-01-06 02:16:58,697 [WARN] ApiDb:259 - Overriding images path with different value:  => C:\ST\STM32CubeIDE_1.14.0\STM32CubeIDE\plugins\com.st.stm32cube.common.mx_6.10.0.202311202037\\db\/plugins/mcufinder/images/
2024-01-06 02:16:58,717 [INFO] ApiDb:250 - Set database path to: C:\Users\QUDUS\.stmcufinder\plugins\mcufinder//mcu/
2024-01-06 02:16:58,720 [INFO] DbMcusAds:125 - Set database path to: C:\Users\QUDUS\.stmcufinder\plugins\mcufinder//mcu/
2024-01-06 02:16:58,728 [INFO] CrossReferenceDbSqlite:203 - Set database path to: C:\Users\QUDUS\.stmcufinder\plugins\mcufinder//mcu/cs/
2024-01-06 02:16:58,998 [INFO] RulesReader:64 - Compatibility file has been processed (297 Rules)
2024-01-06 02:16:59,154 [INFO] DbMcusXml:78 - Set database path to: C:\ST\STM32CubeIDE_1.14.0\STM32CubeIDE\plugins\com.st.stm32cube.common.mx_6.10.0.202311202037\\db\/mcu/
2024-01-06 02:16:59,154 [INFO] ApiDb:274 - Set plugin database path to: C:\ST\STM32CubeIDE_1.14.0\STM32CubeIDE\plugins\com.st.stm32cube.common.mx_6.10.0.202311202037\\db\/plugins/boardmanager/
2024-01-06 02:16:59,154 [INFO] ApiDb:261 - Set plugin images path to: C:\ST\STM32CubeIDE_1.14.0\STM32CubeIDE\plugins\com.st.stm32cube.common.mx_6.10.0.202311202037\\db\/plugins/mcufinder/images/
2024-01-06 02:16:59,154 [WARN] DbFile:41 - Overriding database path with different value: C:\Users\QUDUS\.stmcufinder\plugins\mcufinder/ => C:\Users\QUDUS\.stmcufinder\plugins\mcufinder
2024-01-06 02:16:59,155 [INFO] ApiDb:250 - Set database path to: C:\Users\QUDUS\.stmcufinder\plugins\mcufinder//mcu/
2024-01-06 02:16:59,155 [WARN] DbFile:41 - Overriding database path with different value: C:\Users\QUDUS\.stmcufinder\plugins\mcufinder/ => C:\Users\QUDUS\.stmcufinder\plugins\mcufinder
2024-01-06 02:16:59,155 [INFO] DbMcusAds:125 - Set database path to: C:\Users\QUDUS\.stmcufinder\plugins\mcufinder//mcu/
2024-01-06 02:16:59,155 [WARN] DbFile:41 - Overriding database path with different value: C:\Users\QUDUS\.stmcufinder\plugins\mcufinder/ => C:\Users\QUDUS\.stmcufinder\plugins\mcufinder
2024-01-06 02:16:59,155 [WARN] DbFile:41 - Overriding database path with different value: C:\Users\QUDUS\.stmcufinder\plugins\mcufinder/ => C:\Users\QUDUS\.stmcufinder\plugins\mcufinder
2024-01-06 02:16:59,155 [INFO] CrossReferenceDbSqlite:203 - Set database path to: C:\Users\QUDUS\.stmcufinder\plugins\mcufinder//mcu/cs/
2024-01-06 02:16:59,306 [INFO] MainPanel:264 - HeapMemory: 268435456
2024-01-06 02:16:59,420 [INFO] DbMcusXml:78 - Set database path to: C:\ST\STM32CubeIDE_1.14.0\STM32CubeIDE\plugins\com.st.stm32cube.common.mx_6.10.0.202311202037\\db\/mcu/
2024-01-06 02:16:59,420 [INFO] ApiDb:274 - Set plugin database path to: C:\ST\STM32CubeIDE_1.14.0\STM32CubeIDE\plugins\com.st.stm32cube.common.mx_6.10.0.202311202037\\db\/plugins/boardmanager/
2024-01-06 02:16:59,420 [INFO] ApiDb:261 - Set plugin images path to: C:\ST\STM32CubeIDE_1.14.0\STM32CubeIDE\plugins\com.st.stm32cube.common.mx_6.10.0.202311202037\\db\/plugins/mcufinder/images/
2024-01-06 02:16:59,421 [WARN] DbFile:41 - Overriding database path with different value: C:\Users\QUDUS\.stmcufinder\plugins\mcufinder/ => C:\Users\QUDUS\.stmcufinder\plugins\mcufinder
2024-01-06 02:16:59,421 [INFO] ApiDb:250 - Set database path to: C:\Users\QUDUS\.stmcufinder\plugins\mcufinder//mcu/
2024-01-06 02:16:59,421 [WARN] DbFile:41 - Overriding database path with different value: C:\Users\QUDUS\.stmcufinder\plugins\mcufinder/ => C:\Users\QUDUS\.stmcufinder\plugins\mcufinder
2024-01-06 02:16:59,421 [INFO] DbMcusAds:125 - Set database path to: C:\Users\QUDUS\.stmcufinder\plugins\mcufinder//mcu/
2024-01-06 02:16:59,421 [WARN] DbFile:41 - Overriding database path with different value: C:\Users\QUDUS\.stmcufinder\plugins\mcufinder/ => C:\Users\QUDUS\.stmcufinder\plugins\mcufinder
2024-01-06 02:16:59,422 [WARN] DbFile:41 - Overriding database path with different value: C:\Users\QUDUS\.stmcufinder\plugins\mcufinder/ => C:\Users\QUDUS\.stmcufinder\plugins\mcufinder
2024-01-06 02:16:59,422 [INFO] CrossReferenceDbSqlite:203 - Set database path to: C:\Users\QUDUS\.stmcufinder\plugins\mcufinder//mcu/cs/
2024-01-06 02:16:59,511 [INFO] ApplicationProperties:184 - Using Application install path: C:\ST\STM32CubeIDE_1.14.0\STM32CubeIDE\plugins\com.st.stm32cube.common.mx_6.10.0.202311202037
2024-01-06 02:16:59,516 [INFO] PluginManage:196 - Search for loadable plugins [exclusion list=, ]
2024-01-06 02:16:59,520 [INFO] PluginManage:310 - Check plugin analytics
2024-01-06 02:17:00,189 [INFO] AnalyticsPlugin:253 - Accepted Software Licenses: 
2024-01-06 02:17:00,189 [INFO] AnalyticsPlugin:255 - Accepted CMSIS Pack Licenses: 
2024-01-06 02:17:00,190 [INFO] AnalyticsPlugin:257 - Accepted Firmware Licenses: 
2024-01-06 02:17:00,195 [INFO] PluginManage:359 - Loaded plugin analytics (category:tool,tabindex:-1)
2024-01-06 02:17:00,196 [INFO] PluginManage:310 - Check plugin cadmodel
2024-01-06 02:17:00,217 [INFO] CADModel:105 - Init CAD model plugin
2024-01-06 02:17:00,218 [INFO] PluginManage:359 - Loaded plugin cadmodel (category:power,tabindex:5)
2024-01-06 02:17:00,218 [INFO] PluginManage:310 - Check plugin clock
2024-01-06 02:17:00,250 [INFO] PluginManage:359 - Loaded plugin clock (category:base,tabindex:2)
2024-01-06 02:17:00,251 [INFO] PluginManage:310 - Check plugin ddr
2024-01-06 02:17:00,255 [INFO] PluginManage:359 - Loaded plugin ddr (category:tool,tabindex:6)
2024-01-06 02:17:00,255 [INFO] PluginManage:310 - Check plugin filemanager
2024-01-06 02:17:00,710 [INFO] PluginManage:359 - Loaded plugin filemanager (category:base,tabindex:10)
2024-01-06 02:17:00,711 [INFO] PluginManage:310 - Check plugin ipmanager
2024-01-06 02:17:00,742 [INFO] PluginManage:359 - Loaded plugin ipmanager (category:base,tabindex:5)
2024-01-06 02:17:00,743 [INFO] PluginManage:310 - Check plugin lpbam
2024-01-06 02:17:00,813 [INFO] PluginManage:359 - Loaded plugin lpbam (category:base,tabindex:0)
2024-01-06 02:17:00,813 [INFO] PluginManage:310 - Check plugin memorymap
2024-01-06 02:17:00,893 [INFO] PluginManage:359 - Loaded plugin memorymap (category:base,tabindex:4)
2024-01-06 02:17:00,894 [INFO] PluginManage:310 - Check plugin pinoutandconfiguration
2024-01-06 02:17:00,925 [INFO] PluginManage:359 - Loaded plugin pinoutandconfiguration (category:base,tabindex:1)
2024-01-06 02:17:00,926 [INFO] PluginManage:310 - Check plugin pinoutconfig
2024-01-06 02:17:01,154 [WARN] SupportedApi:132 - Cannot load RTOS API schema: s4s-elt-must-match.1: The content of 'definitions' must match (annotation?, (simpleType | complexType)?, (unique | key | keyref)*)). A problem was found starting at: attribute.
2024-01-06 02:17:01,544 [INFO] PluginManage:359 - Loaded plugin pinoutconfig (category:base,tabindex:0)
2024-01-06 02:17:01,544 [INFO] PluginManage:310 - Check plugin power
2024-01-06 02:17:01,620 [INFO] PluginManage:359 - Loaded plugin power (category:power,tabindex:4)
2024-01-06 02:17:01,621 [INFO] PluginManage:310 - Check plugin projectmanager
2024-01-06 02:17:01,703 [INFO] PluginManage:359 - Loaded plugin projectmanager (category:projectmanager,tabindex:3)
2024-01-06 02:17:01,704 [INFO] PluginManage:310 - Check plugin thirdparty
2024-01-06 02:17:02,291 [INFO] PluginManage:359 - Loaded plugin thirdparty (category:base,tabindex:-1)
2024-01-06 02:17:02,291 [WARN] IntegrityCheckThread:84 - waiting for thirdparty lock release [integrity check]
2024-01-06 02:17:02,291 [INFO] PluginManage:310 - Check plugin tools
2024-01-06 02:17:02,291 [INFO] IntegrityCheckThread:86 - entering critical section [integrity check]
2024-01-06 02:17:02,292 [INFO] ThirdPartyUpdaterWithRetryManager:70 - Updater plugin not ready yet. [1/15]
2024-01-06 02:17:02,372 [INFO] PluginManage:359 - Loaded plugin tools (category:base,tabindex:7)
2024-01-06 02:17:02,373 [INFO] PluginManage:310 - Check plugin tutovideos
2024-01-06 02:17:03,012 [INFO] PluginManage:359 - Loaded plugin tutovideos (category:base,tabindex:-1)
2024-01-06 02:17:03,013 [INFO] PluginManage:310 - Check plugin updater
2024-01-06 02:17:03,032 [INFO] PluginManage:359 - Loaded plugin updater (category:base,tabindex:12)
2024-01-06 02:17:03,063 [INFO] PluginManage:310 - Check plugin userauth
2024-01-06 02:17:03,076 [INFO] UserAuth:114 - Init User Auth plugin
2024-01-06 02:17:03,076 [INFO] PluginManage:359 - Loaded plugin userauth (category:base,tabindex:14)
2024-01-06 02:17:03,077 [INFO] PluginManage:283 - PluginManage : Loaded plugins [17]
2024-01-06 02:17:03,633 [INFO] PinOutPanel:1499 - setPackage(No Configuration,No Configuration)
2024-01-06 02:17:03,948 [INFO] CADModel:165 - CPN selected for project level
2024-01-06 02:17:03,948 [INFO] CADModel:114 - Register for checkConnection events
2024-01-06 02:17:04,080 [INFO] IPUIPlugin:80 - create IPUIPlugin
2024-01-06 02:17:04,081 [INFO] PluginManager:220 - loadIPPluginJar : add adc
2024-01-06 02:17:04,204 [INFO] IPUIPlugin:80 - create IPUIPlugin
2024-01-06 02:17:04,204 [INFO] PluginManager:220 - loadIPPluginJar : add aes
2024-01-06 02:17:04,287 [INFO] IPUIPlugin:80 - create IPUIPlugin
2024-01-06 02:17:04,287 [INFO] PluginManager:220 - loadIPPluginJar : add can
2024-01-06 02:17:04,327 [INFO] IPUIPlugin:80 - create IPUIPlugin
2024-01-06 02:17:04,327 [INFO] PluginManager:220 - loadIPPluginJar : add comp
2024-01-06 02:17:04,427 [INFO] IPUIPlugin:80 - create IPUIPlugin
2024-01-06 02:17:04,427 [INFO] PluginManager:220 - loadIPPluginJar : add cryp
2024-01-06 02:17:04,499 [INFO] IPUIPlugin:80 - create IPUIPlugin
2024-01-06 02:17:04,499 [INFO] PluginManager:220 - loadIPPluginJar : add dfsdm
2024-01-06 02:17:04,547 [INFO] IPUIPlugin:80 - create IPUIPlugin
2024-01-06 02:17:04,549 [INFO] PluginManager:220 - loadIPPluginJar : add dma
2024-01-06 02:17:04,714 [INFO] IPUIPlugin:80 - create IPUIPlugin
2024-01-06 02:17:04,714 [INFO] PluginManager:220 - loadIPPluginJar : add dma3
2024-01-06 02:17:04,774 [INFO] IPUIPlugin:80 - create IPUIPlugin
2024-01-06 02:17:04,775 [INFO] PluginManager:220 - loadIPPluginJar : add fatfs
2024-01-06 02:17:05,000 [INFO] IPUIPlugin:80 - create IPUIPlugin
2024-01-06 02:17:05,000 [INFO] PluginManager:220 - loadIPPluginJar : add fmc
2024-01-06 02:17:05,073 [INFO] IPUIPlugin:80 - create IPUIPlugin
2024-01-06 02:17:05,073 [INFO] PluginManager:220 - loadIPPluginJar : add freertos
2024-01-06 02:17:05,112 [INFO] IPUIPlugin:80 - create IPUIPlugin
2024-01-06 02:17:05,112 [INFO] PluginManager:220 - loadIPPluginJar : add genericplugin
2024-01-06 02:17:05,293 [INFO] ThirdPartyUpdaterWithRetryManager:70 - Updater plugin not ready yet. [2/15]
2024-01-06 02:17:05,350 [INFO] IPUIPlugin:80 - create IPUIPlugin
2024-01-06 02:17:05,350 [INFO] PluginManager:220 - loadIPPluginJar : add gfxmmu
2024-01-06 02:17:05,637 [INFO] IPUIPlugin:80 - create IPUIPlugin
2024-01-06 02:17:05,637 [INFO] PluginManager:220 - loadIPPluginJar : add gic
2024-01-06 02:17:05,709 [INFO] IPUIPlugin:80 - create IPUIPlugin
2024-01-06 02:17:05,709 [INFO] PluginManager:220 - loadIPPluginJar : add gpio
2024-01-06 02:17:05,927 [INFO] IPUIPlugin:80 - create IPUIPlugin
2024-01-06 02:17:05,928 [INFO] PluginManager:220 - loadIPPluginJar : add gtzc
2024-01-06 02:17:05,973 [INFO] IPUIPlugin:80 - create IPUIPlugin
2024-01-06 02:17:05,974 [INFO] PluginManager:220 - loadIPPluginJar : add hash
2024-01-06 02:17:06,152 [INFO] IPUIPlugin:80 - create IPUIPlugin
2024-01-06 02:17:06,152 [INFO] PluginManager:220 - loadIPPluginJar : add i2c
2024-01-06 02:17:06,334 [INFO] IPUIPlugin:80 - create IPUIPlugin
2024-01-06 02:17:06,335 [INFO] PluginManager:220 - loadIPPluginJar : add i2s
2024-01-06 02:17:06,496 [INFO] IPUIPlugin:80 - create IPUIPlugin
2024-01-06 02:17:06,497 [INFO] PluginManager:220 - loadIPPluginJar : add i3c
2024-01-06 02:17:06,698 [INFO] IPUIPlugin:80 - create IPUIPlugin
2024-01-06 02:17:06,699 [INFO] PluginManager:220 - loadIPPluginJar : add ipddr
2024-01-06 02:17:06,927 [INFO] IPUIPlugin:80 - create IPUIPlugin
2024-01-06 02:17:06,928 [INFO] PluginManager:220 - loadIPPluginJar : add linkedlist
2024-01-06 02:17:06,997 [INFO] IPUIPlugin:80 - create IPUIPlugin
2024-01-06 02:17:06,997 [INFO] PluginManager:220 - loadIPPluginJar : add lorawan
2024-01-06 02:17:07,163 [INFO] IPUIPlugin:80 - create IPUIPlugin
2024-01-06 02:17:07,163 [INFO] PluginManager:220 - loadIPPluginJar : add ltdc
2024-01-06 02:17:07,183 [INFO] IPUIPlugin:80 - create IPUIPlugin
2024-01-06 02:17:07,184 [INFO] PluginManager:220 - loadIPPluginJar : add mdma
2024-01-06 02:17:07,201 [INFO] IPUIPlugin:80 - create IPUIPlugin
2024-01-06 02:17:07,202 [INFO] PluginManager:220 - loadIPPluginJar : add nvic
2024-01-06 02:17:07,253 [INFO] IPUIPlugin:80 - create IPUIPlugin
2024-01-06 02:17:07,253 [INFO] PluginManager:220 - loadIPPluginJar : add opamp
2024-01-06 02:17:07,340 [INFO] IPUIPlugin:80 - create IPUIPlugin
2024-01-06 02:17:07,340 [INFO] PluginManager:220 - loadIPPluginJar : add openamp
2024-01-06 02:17:07,417 [INFO] IPUIPlugin:80 - create IPUIPlugin
2024-01-06 02:17:07,417 [INFO] PluginManager:220 - loadIPPluginJar : add pdm2pcm
2024-01-06 02:17:07,521 [INFO] IPUIPlugin:80 - create IPUIPlugin
2024-01-06 02:17:07,535 [INFO] PluginManager:220 - loadIPPluginJar : add plateformsettings
2024-01-06 02:17:07,647 [INFO] IPUIPlugin:80 - create IPUIPlugin
2024-01-06 02:17:07,647 [INFO] PluginManager:220 - loadIPPluginJar : add quadspi
2024-01-06 02:17:07,704 [INFO] IPUIPlugin:80 - create IPUIPlugin
2024-01-06 02:17:07,705 [INFO] PluginManager:220 - loadIPPluginJar : add resmgrutility
2024-01-06 02:17:07,928 [INFO] IPUIPlugin:80 - create IPUIPlugin
2024-01-06 02:17:07,928 [INFO] PluginManager:220 - loadIPPluginJar : add sai
2024-01-06 02:17:08,002 [INFO] IPUIPlugin:80 - create IPUIPlugin
2024-01-06 02:17:08,002 [INFO] PluginManager:220 - loadIPPluginJar : add spi
2024-01-06 02:17:08,275 [INFO] IPUIPlugin:80 - create IPUIPlugin
2024-01-06 02:17:08,276 [INFO] PluginManager:220 - loadIPPluginJar : add stm32_wpan
2024-01-06 02:17:08,296 [INFO] ThirdPartyUpdaterWithRetryManager:70 - Updater plugin not ready yet. [3/15]
2024-01-06 02:17:08,387 [INFO] IPUIPlugin:80 - create IPUIPlugin
2024-01-06 02:17:08,388 [INFO] PluginManager:220 - loadIPPluginJar : add tim
2024-01-06 02:17:08,568 [INFO] IPUIPlugin:80 - create IPUIPlugin
2024-01-06 02:17:08,568 [INFO] PluginManager:220 - loadIPPluginJar : add touchsensing
2024-01-06 02:17:08,612 [INFO] IPUIPlugin:80 - create IPUIPlugin
2024-01-06 02:17:08,612 [INFO] PluginManager:220 - loadIPPluginJar : add tracer_emb
2024-01-06 02:17:08,659 [INFO] IPUIPlugin:80 - create IPUIPlugin
2024-01-06 02:17:08,660 [INFO] PluginManager:220 - loadIPPluginJar : add ts
2024-01-06 02:17:08,705 [INFO] IPUIPlugin:80 - create IPUIPlugin
2024-01-06 02:17:08,705 [INFO] PluginManager:220 - loadIPPluginJar : add tsc
2024-01-06 02:17:08,778 [INFO] IPUIPlugin:80 - create IPUIPlugin
2024-01-06 02:17:08,778 [INFO] PluginManager:220 - loadIPPluginJar : add ucpd
2024-01-06 02:17:08,887 [INFO] IPUIPlugin:80 - create IPUIPlugin
2024-01-06 02:17:08,887 [INFO] PluginManager:220 - loadIPPluginJar : add usart
2024-01-06 02:17:08,977 [INFO] IPUIPlugin:80 - create IPUIPlugin
2024-01-06 02:17:08,977 [INFO] PluginManager:220 - loadIPPluginJar : add usbx
2024-01-06 02:17:09,225 [INFO] CADModel:165 - CPN selected for project level
2024-01-06 02:17:09,227 [INFO] CADModel:114 - Register for checkConnection events
2024-01-06 02:17:09,227 [FATAL] Updater:308 - Updater called before beeing initialized
2024-01-06 02:17:09,228 [ERROR] CADModel:125 - Updater not yet initialized, retry later 
2024-01-06 02:17:09,752 [INFO] CADModel:165 - CPN selected for project level
2024-01-06 02:17:09,753 [INFO] CADModel:114 - Register for checkConnection events
2024-01-06 02:17:09,753 [FATAL] Updater:308 - Updater called before beeing initialized
2024-01-06 02:17:09,753 [ERROR] CADModel:125 - Updater not yet initialized, retry later 
2024-01-06 02:17:09,760 [FATAL] Updater:308 - Updater called before beeing initialized
2024-01-06 02:17:10,112 [FATAL] Updater:308 - Updater called before beeing initialized
2024-01-06 02:17:10,127 [INFO] DbMcusAds:53 - JSON generation date=Wed Nov 29 11:52:27 CET 2023 (1701255147349)
2024-01-06 02:17:10,128 [FATAL] Updater:308 - Updater called before beeing initialized
2024-01-06 02:17:10,321 [WARN] DetailPanel:346 - Failed to get advertising image, set to default
2024-01-06 02:17:10,828 [FATAL] Updater:308 - Updater called before beeing initialized
2024-01-06 02:17:10,830 [FATAL] Updater:308 - Updater called before beeing initialized
2024-01-06 02:17:10,830 [FATAL] Updater:308 - Updater called before beeing initialized
2024-01-06 02:17:10,831 [WARN] DetailPanel:346 - Failed to get advertising image, set to default
2024-01-06 02:17:10,832 [FATAL] Updater:308 - Updater called before beeing initialized
2024-01-06 02:17:11,018 [ERROR] Updater:1120 - MainUpdater not yet initialized. External WinMGr cannot be set.
2024-01-06 02:17:11,035 [INFO] Updater:1056 - Updater Version found : 6.10.0
2024-01-06 02:17:11,077 [INFO] ApplicationProperties:184 - Using Application install path: C:\ST\STM32CubeIDE_1.14.0\STM32CubeIDE\plugins\com.st.stm32cube.common.mx_6.10.0.202311202037
2024-01-06 02:17:11,298 [INFO] ThirdPartyUpdaterWithRetryManager:70 - Updater plugin not ready yet. [4/15]
2024-01-06 02:17:12,684 [ERROR] LogOutputStream:75 - [STDERR_REDIRECT] Jan 06, 2024 2:17:12 AM java.util.prefs.WindowsPreferences <init>
2024-01-06 02:17:12,699 [ERROR] LogOutputStream:75 - [STDERR_REDIRECT] WARNING: Could not open/create prefs root node Software\JavaSoft\Prefs at root 0xffffffff80000002. Windows RegCreateKeyEx(...) returned error code 5.
2024-01-06 02:17:12,700 [ERROR] LogOutputStream:75 - [STDERR_REDIRECT] 
2024-01-06 02:17:13,943 [INFO] MainUpdater:2873 - connection check result : 10
2024-01-06 02:17:13,979 [INFO] MainUpdater:3567 - Updater definition file requires update
2024-01-06 02:17:13,982 [INFO] MainUpdater:290 - Updater Check For Update Now.
2024-01-06 02:17:13,982 [INFO] MicroXplorer:498 - Change Database Version : DB.6.0.100
2024-01-06 02:17:14,039 [INFO] McuFinderGlobals:63 - Set McuFinder mode to 2 (CubeIDE integrated)
2024-01-06 02:17:14,300 [WARN] MainUpdater:1194 - Updater busy. Cannot search thirdparties
2024-01-06 02:17:14,301 [INFO] ThirdPartyUpdaterWithRetryManager:96 - Updater plugin is busy. [1/15]
2024-01-06 02:17:14,375 [INFO] ServerAccessManage:473 - Download File updaters.zip
2024-01-06 02:17:14,574 [INFO] UserAuth:404 - Internet connection configuration mode: 1
2024-01-06 02:17:14,623 [INFO] JxBrowserEngine:152 - Initiate JxBrowser Engine with user profile folder
2024-01-06 02:17:14,625 [INFO] FileExtend:240 - Unzip File : updaters.zip
2024-01-06 02:17:14,625 [INFO] FileExtend:255 - Standard Zip Deflate
2024-01-06 02:17:15,267 [INFO] ServerAccessManage:473 - Download File PacksControlFlags.xml
2024-01-06 02:17:15,589 [INFO] ServerAccessManage:473 - Download File cubemx.pidx
2024-01-06 02:17:15,827 [INFO] LoadServerUpdatesThread:375 - End of LoadServerUpdate Thread
2024-01-06 02:17:16,130 [INFO] CheckServerUpdateThread:120 - End of CheckServer Thread
2024-01-06 02:17:17,624 [WARN] PackLoader:240 - Cannot read IP mode file for STMicroelectronics.X-CUBE-SMBUS.2.1.0
2024-01-06 02:17:17,650 [WARN] PackLoader:240 - Cannot read IP mode file for STMicroelectronics.X-CUBE-TOUCHGFX.4.23.0
2024-01-06 02:17:17,739 [WARN] PackLoader:240 - Cannot read IP mode file for STMicroelectronics.X-CUBE-AZRTOS-F7.1.1.0
2024-01-06 02:17:17,781 [WARN] PackLoader:240 - Cannot read IP mode file for STMicroelectronics.FP-SNS-MOTENV1.4.3.2
2024-01-06 02:17:17,812 [WARN] PackLoader:240 - Cannot read IP mode file for STMicroelectronics.FP-SNS-FLIGHT1.5.0.2
2024-01-06 02:17:17,851 [WARN] PackLoader:240 - Cannot read IP mode file for STMicroelectronics.X-CUBE-DISPLAY.3.0.0
2024-01-06 02:17:17,897 [WARN] PackLoader:240 - Cannot read IP mode file for STMicroelectronics.X-CUBE-BLE1.7.0.0
2024-01-06 02:17:17,926 [WARN] PackLoader:240 - Cannot read IP mode file for emotas.I-CUBE-CANOPEN.1.3.0
2024-01-06 02:17:17,945 [WARN] PackLoader:240 - Cannot read IP mode file for STMicroelectronics.X-CUBE-TOUCHGFX.4.22.1
2024-01-06 02:17:17,963 [WARN] PackLoader:240 - Cannot read IP mode file for STMicroelectronics.FP-SNS-SMARTAG2.1.2.0
2024-01-06 02:17:18,005 [INFO] LogOutputStream:77 - [STDOUT_REDIRECT] 1 : Invalid condition id : UX_CORESTACK_Condition cause : null
2024-01-06 02:17:18,006 [INFO] LogOutputStream:77 - [STDOUT_REDIRECT] 1 : Invalid condition id : UX_CORESTACK_Condition cause : null
2024-01-06 02:17:18,010 [INFO] LogOutputStream:77 - [STDOUT_REDIRECT] 1 : Invalid condition id : UX_CORESTACK_Condition cause : null
2024-01-06 02:17:18,013 [INFO] LogOutputStream:77 - [STDOUT_REDIRECT] 1 : Invalid condition id : UX_CORESTACK_Condition cause : null
2024-01-06 02:17:18,016 [INFO] LogOutputStream:77 - [STDOUT_REDIRECT] 1 : Invalid condition id : UX_CORESTACK_Condition cause : null
2024-01-06 02:17:18,029 [WARN] PackLoader:240 - Cannot read IP mode file for STMicroelectronics.X-CUBE-AZRTOS-WL.2.0.0
2024-01-06 02:17:18,061 [WARN] PackLoader:240 - Cannot read IP mode file for WES.I-CUBE-Cesium.1.3.0
2024-01-06 02:17:18,087 [WARN] PackLoader:240 - Cannot read IP mode file for STMicroelectronics.X-CUBE-BLE2.3.3.0
2024-01-06 02:17:18,109 [WARN] PackLoader:240 - Cannot read IP mode file for STMicroelectronics.X-CUBE-ALGOBUILD.1.3.0
2024-01-06 02:17:18,172 [WARN] PackLoader:240 - Cannot read IP mode file for STMicroelectronics.X-CUBE-AZRTOS-G0.1.1.0
2024-01-06 02:17:18,204 [WARN] PackLoader:240 - Cannot read IP mode file for STMicroelectronics.X-CUBE-NFC4.3.0.0
2024-01-06 02:17:18,245 [WARN] PackLoader:240 - Cannot read IP mode file for STMicroelectronics.X-CUBE-BLEMGR.3.0.0
2024-01-06 02:17:18,274 [WARN] PackLoader:240 - Cannot read IP mode file for STMicroelectronics.FP-ATR-SIGFOX1.3.2.0
2024-01-06 02:17:18,298 [WARN] PackLoader:240 - Cannot read IP mode file for STMicroelectronics.X-CUBE-GNSS1.6.0.0
2024-01-06 02:17:18,363 [WARN] PackLoader:240 - Cannot read IP mode file for STMicroelectronics.X-CUBE-AZRTOS-F4.1.1.0
2024-01-06 02:17:18,389 [WARN] PackLoader:240 - Cannot read IP mode file for wolfSSL.I-CUBE-wolfSSL.5.6.4
2024-01-06 02:17:18,446 [WARN] PackLoader:240 - Cannot read IP mode file for STMicroelectronics.X-CUBE-AZRTOS-L5.2.0.0
2024-01-06 02:17:18,473 [WARN] PackLoader:240 - Cannot read IP mode file for STMicroelectronics.X-CUBE-EEPRMA1.4.2.0
2024-01-06 02:17:18,507 [WARN] PackLoader:240 - Cannot read IP mode file for ITTIA_DB.I-CUBE-ITTIADB.8.8.0
2024-01-06 02:17:18,530 [WARN] PackLoader:240 - Cannot read IP mode file for STMicroelectronics.X-CUBE-NFC7.1.0.1
2024-01-06 02:17:18,553 [WARN] PackLoader:240 - Cannot read IP mode file for STMicroelectronics.X-CUBE-NFC6.3.0.0
2024-01-06 02:17:18,575 [WARN] PackLoader:240 - Cannot read IP mode file for STMicroelectronics.X-CUBE-AI.8.1.0
2024-01-06 02:17:18,627 [WARN] ConditionMgr:438 - getConditionDescription Invalid condition id : LAN8742 Phy interface Condition cause : null
2024-01-06 02:17:18,628 [WARN] PackLoader:240 - Cannot read IP mode file for STMicroelectronics.X-CUBE-AZRTOS-L4.2.0.0
2024-01-06 02:17:18,631 [WARN] ConditionMgr:1039 - genDependencies : Invalid condition id : LAN8742 Phy interface Condition cause : null
2024-01-06 02:17:18,632 [WARN] ConditionMgr:1039 - genDependencies : Invalid condition id : LAN8742 Phy interface Condition cause : null
2024-01-06 02:17:18,634 [WARN] ConditionMgr:1039 - genDependencies : Invalid condition id : LAN8742 Phy interface Condition cause : null
2024-01-06 02:17:18,659 [WARN] PackLoader:240 - Cannot read IP mode file for STMicroelectronics.X-CUBE-SFXS2LP1.4.0.0
2024-01-06 02:17:18,700 [WARN] ConditionMgr:438 - getConditionDescription Invalid condition id : UX DEVICE CLASS RTOS Condition cause : null
2024-01-06 02:17:18,700 [WARN] ConditionMgr:438 - getConditionDescription Invalid condition id : UX DEVICE CLASS RTOS Condition cause : null
2024-01-06 02:17:18,703 [WARN] PackLoader:240 - Cannot read IP mode file for STMicroelectronics.X-CUBE-AZRTOS-WB.2.0.0
2024-01-06 02:17:18,704 [WARN] ConditionMgr:1039 - genDependencies : Invalid condition id : UX DEVICE CLASS RTOS Condition cause : null
2024-01-06 02:17:18,704 [WARN] ConditionMgr:1039 - genDependencies : Invalid condition id : UX DEVICE CLASS RTOS Condition cause : null
2024-01-06 02:17:18,704 [WARN] ConditionMgr:1039 - genDependencies : Invalid condition id : UX DEVICE CLASS RTOS Condition cause : null
2024-01-06 02:17:18,705 [WARN] ConditionMgr:1039 - genDependencies : Invalid condition id : UX DEVICE CLASS RTOS Condition cause : null
2024-01-06 02:17:18,705 [WARN] ConditionMgr:1039 - genDependencies : Invalid condition id : UX DEVICE CLASS RTOS Condition cause : null
2024-01-06 02:17:18,731 [WARN] PackLoader:240 - Cannot read IP mode file for STMicroelectronics.X-CUBE-SUBG2.5.0.0
2024-01-06 02:17:18,780 [WARN] PackLoader:240 - Cannot read IP mode file for STMicroelectronics.X-CUBE-AZRTOS-G4.2.0.0
2024-01-06 02:17:18,832 [WARN] PackLoader:240 - Cannot read IP mode file for Infineon.AIROC-Wi-Fi-Bluetooth-STM32.1.5.1
2024-01-06 02:17:18,861 [WARN] PackLoader:240 - Cannot read IP mode file for STMicroelectronics.FP-SNS-MOTENVWB1.1.3.1
2024-01-06 02:17:18,879 [WARN] PackLoader:240 - Cannot read IP mode file for STMicroelectronics.X-CUBE-ISPU.2.0.0
2024-01-06 02:17:18,964 [WARN] PackLoader:240 - Cannot read IP mode file for STMicroelectronics.X-CUBE-MEMS1.10.0.0
2024-01-06 02:17:19,321 [WARN] PackLoader:240 - Cannot read IP mode file for STMicroelectronics.X-CUBE-FREERTOS.1.1.0
2024-01-06 02:17:19,346 [WARN] PackLoader:240 - Cannot read IP mode file for portGmbH.I-Cube-SoM-uGOAL.1.1.0
2024-01-06 02:17:19,370 [WARN] PackLoader:240 - Cannot read IP mode file for STMicroelectronics.X-CUBE-ALS.1.0.1
2024-01-06 02:17:19,398 [WARN] PackLoader:240 - Cannot read IP mode file for STMicroelectronics.FP-ATR-ASTRA1.2.0.0
2024-01-06 02:17:19,437 [WARN] PackLoader:240 - Cannot read IP mode file for STMicroelectronics.X-CUBE-TOF1.3.4.0
2024-01-06 02:17:19,524 [WARN] PackLoader:240 - Cannot read IP mode file for STMicroelectronics.X-CUBE-AZRTOS-H7.3.2.0
2024-01-06 02:17:19,528 [INFO] ThirdParty:978 - Integrity check success = true
2024-01-06 02:17:19,529 [INFO] IntegrityCheckThread:100 - exiting critical section [integrity check]
2024-01-06 02:17:19,529 [INFO] IntegrityCheckThread:103 - End integrity checks thread
2024-01-06 02:17:21,668 [INFO] WebApp:161 - Instantiating new browser for Auth
2024-01-06 02:17:23,194 [INFO] WebApp:780 - Register for checkConnection events
2024-01-06 02:17:23,195 [INFO] WebApp:414 - Apply proxy settings
2024-01-06 02:17:23,195 [INFO] WebApp:499 - Chromium requires no authentication
2024-01-06 02:17:23,228 [INFO] WebApp:442 - Direct internet connection detected
2024-01-06 02:17:24,002 [INFO] WebApp:192 - Starting web application
2024-01-06 02:17:24,003 [INFO] WebApp:544 - Web application path used C:\ST\STM32CubeIDE_1.14.0\STM32CubeIDE\plugins\com.st.stm32cube.common.mx_6.10.0.202311202037\db\plugins\mcufinder\reactClient1\index.html
2024-01-06 02:17:46,325 [ERROR] LogOutputStream:75 - [STDERR_REDIRECT] SLF4J: Failed to load class "org.slf4j.impl.StaticLoggerBinder".
2024-01-06 02:17:46,332 [ERROR] LogOutputStream:75 - [STDERR_REDIRECT] SLF4J: Defaulting to no-operation (NOP) logger implementation
2024-01-06 02:17:46,339 [ERROR] LogOutputStream:75 - [STDERR_REDIRECT] SLF4J: See http://www.slf4j.org/codes.html#StaticLoggerBinder for further details.
