2024-06-21 16:33:12,567 [INFO] Activator:176 - 


2024-06-21 16:33:12,574 [INFO] Activator:177 - !SESSION log4j initialized
2024-06-21 16:33:39,860 [INFO] LogOutputStream:77 - [STDOUT_REDIRECT] 
2024-06-21 16:33:42,540 [INFO] ApplicationProperties:184 - Using Application install path: C:\ST\STM32CubeIDE_1.14.0\STM32CubeIDE\plugins\com.st.stm32cube.common.mx_6.10.0.202311202037
2024-06-21 16:33:42,556 [INFO] DbMcusXml:78 - Set database path to: C:\ST\STM32CubeIDE_1.14.0\STM32CubeIDE\plugins\com.st.stm32cube.common.mx_6.10.0.202311202037\\db\/mcu/
2024-06-21 16:33:42,556 [INFO] ApiDb:274 - Set plugin database path to: C:\ST\STM32CubeIDE_1.14.0\STM32CubeIDE\plugins\com.st.stm32cube.common.mx_6.10.0.202311202037\\db\/plugins/boardmanager/
2024-06-21 16:33:42,556 [WARN] ApiDb:259 - Overriding images path with different value:  => C:\ST\STM32CubeIDE_1.14.0\STM32CubeIDE\plugins\com.st.stm32cube.common.mx_6.10.0.202311202037\\db\/plugins/mcufinder/images/
2024-06-21 16:33:42,572 [INFO] ApiDb:250 - Set database path to: C:\Users\QUDUS\.stmcufinder\plugins\mcufinder//mcu/
2024-06-21 16:33:42,572 [INFO] DbMcusAds:125 - Set database path to: C:\Users\QUDUS\.stmcufinder\plugins\mcufinder//mcu/
2024-06-21 16:33:42,572 [INFO] CrossReferenceDbSqlite:203 - Set database path to: C:\Users\QUDUS\.stmcufinder\plugins\mcufinder//mcu/cs/
2024-06-21 16:33:42,768 [INFO] RulesReader:64 - Compatibility file has been processed (297 Rules)
2024-06-21 16:33:42,847 [INFO] DbMcusXml:78 - Set database path to: C:\ST\STM32CubeIDE_1.14.0\STM32CubeIDE\plugins\com.st.stm32cube.common.mx_6.10.0.202311202037\\db\/mcu/
2024-06-21 16:33:42,847 [INFO] ApiDb:274 - Set plugin database path to: C:\ST\STM32CubeIDE_1.14.0\STM32CubeIDE\plugins\com.st.stm32cube.common.mx_6.10.0.202311202037\\db\/plugins/boardmanager/
2024-06-21 16:33:42,847 [INFO] ApiDb:261 - Set plugin images path to: C:\ST\STM32CubeIDE_1.14.0\STM32CubeIDE\plugins\com.st.stm32cube.common.mx_6.10.0.202311202037\\db\/plugins/mcufinder/images/
2024-06-21 16:33:42,847 [WARN] DbFile:41 - Overriding database path with different value: C:\Users\QUDUS\.stmcufinder\plugins\mcufinder/ => C:\Users\QUDUS\.stmcufinder\plugins\mcufinder
2024-06-21 16:33:42,847 [INFO] ApiDb:250 - Set database path to: C:\Users\QUDUS\.stmcufinder\plugins\mcufinder//mcu/
2024-06-21 16:33:42,847 [WARN] DbFile:41 - Overriding database path with different value: C:\Users\QUDUS\.stmcufinder\plugins\mcufinder/ => C:\Users\QUDUS\.stmcufinder\plugins\mcufinder
2024-06-21 16:33:42,847 [INFO] DbMcusAds:125 - Set database path to: C:\Users\QUDUS\.stmcufinder\plugins\mcufinder//mcu/
2024-06-21 16:33:42,847 [WARN] DbFile:41 - Overriding database path with different value: C:\Users\QUDUS\.stmcufinder\plugins\mcufinder/ => C:\Users\QUDUS\.stmcufinder\plugins\mcufinder
2024-06-21 16:33:42,847 [WARN] DbFile:41 - Overriding database path with different value: C:\Users\QUDUS\.stmcufinder\plugins\mcufinder/ => C:\Users\QUDUS\.stmcufinder\plugins\mcufinder
2024-06-21 16:33:42,847 [INFO] CrossReferenceDbSqlite:203 - Set database path to: C:\Users\QUDUS\.stmcufinder\plugins\mcufinder//mcu/cs/
2024-06-21 16:33:42,942 [INFO] MainPanel:264 - HeapMemory: 268435456
2024-06-21 16:33:43,037 [INFO] DbMcusXml:78 - Set database path to: C:\ST\STM32CubeIDE_1.14.0\STM32CubeIDE\plugins\com.st.stm32cube.common.mx_6.10.0.202311202037\\db\/mcu/
2024-06-21 16:33:43,037 [INFO] ApiDb:274 - Set plugin database path to: C:\ST\STM32CubeIDE_1.14.0\STM32CubeIDE\plugins\com.st.stm32cube.common.mx_6.10.0.202311202037\\db\/plugins/boardmanager/
2024-06-21 16:33:43,037 [INFO] ApiDb:261 - Set plugin images path to: C:\ST\STM32CubeIDE_1.14.0\STM32CubeIDE\plugins\com.st.stm32cube.common.mx_6.10.0.202311202037\\db\/plugins/mcufinder/images/
2024-06-21 16:33:43,037 [WARN] DbFile:41 - Overriding database path with different value: C:\Users\QUDUS\.stmcufinder\plugins\mcufinder/ => C:\Users\QUDUS\.stmcufinder\plugins\mcufinder
2024-06-21 16:33:43,037 [INFO] ApiDb:250 - Set database path to: C:\Users\QUDUS\.stmcufinder\plugins\mcufinder//mcu/
2024-06-21 16:33:43,037 [WARN] DbFile:41 - Overriding database path with different value: C:\Users\QUDUS\.stmcufinder\plugins\mcufinder/ => C:\Users\QUDUS\.stmcufinder\plugins\mcufinder
2024-06-21 16:33:43,037 [INFO] DbMcusAds:125 - Set database path to: C:\Users\QUDUS\.stmcufinder\plugins\mcufinder//mcu/
2024-06-21 16:33:43,037 [WARN] DbFile:41 - Overriding database path with different value: C:\Users\QUDUS\.stmcufinder\plugins\mcufinder/ => C:\Users\QUDUS\.stmcufinder\plugins\mcufinder
2024-06-21 16:33:43,037 [WARN] DbFile:41 - Overriding database path with different value: C:\Users\QUDUS\.stmcufinder\plugins\mcufinder/ => C:\Users\QUDUS\.stmcufinder\plugins\mcufinder
2024-06-21 16:33:43,037 [INFO] CrossReferenceDbSqlite:203 - Set database path to: C:\Users\QUDUS\.stmcufinder\plugins\mcufinder//mcu/cs/
2024-06-21 16:33:43,069 [INFO] ApplicationProperties:184 - Using Application install path: C:\ST\STM32CubeIDE_1.14.0\STM32CubeIDE\plugins\com.st.stm32cube.common.mx_6.10.0.202311202037
2024-06-21 16:33:43,069 [INFO] PluginManage:196 - Search for loadable plugins [exclusion list=, ]
2024-06-21 16:33:43,069 [INFO] PluginManage:310 - Check plugin analytics
2024-06-21 16:33:43,340 [INFO] AnalyticsPlugin:253 - Accepted Software Licenses: 
2024-06-21 16:33:43,340 [INFO] AnalyticsPlugin:255 - Accepted CMSIS Pack Licenses: 
2024-06-21 16:33:43,340 [INFO] AnalyticsPlugin:257 - Accepted Firmware Licenses: 
2024-06-21 16:33:43,340 [INFO] PluginManage:359 - Loaded plugin analytics (category:tool,tabindex:-1)
2024-06-21 16:33:43,355 [INFO] PluginManage:310 - Check plugin cadmodel
2024-06-21 16:33:43,371 [INFO] CADModel:105 - Init CAD model plugin
2024-06-21 16:33:43,371 [INFO] PluginManage:359 - Loaded plugin cadmodel (category:power,tabindex:5)
2024-06-21 16:33:43,371 [INFO] PluginManage:310 - Check plugin clock
2024-06-21 16:33:43,403 [INFO] PluginManage:359 - Loaded plugin clock (category:base,tabindex:2)
2024-06-21 16:33:43,403 [INFO] PluginManage:310 - Check plugin ddr
2024-06-21 16:33:43,403 [INFO] PluginManage:359 - Loaded plugin ddr (category:tool,tabindex:6)
2024-06-21 16:33:43,403 [INFO] PluginManage:310 - Check plugin filemanager
2024-06-21 16:33:43,608 [INFO] PluginManage:359 - Loaded plugin filemanager (category:base,tabindex:10)
2024-06-21 16:33:43,608 [INFO] PluginManage:310 - Check plugin ipmanager
2024-06-21 16:33:43,624 [INFO] PluginManage:359 - Loaded plugin ipmanager (category:base,tabindex:5)
2024-06-21 16:33:43,624 [INFO] PluginManage:310 - Check plugin lpbam
2024-06-21 16:33:43,640 [INFO] PluginManage:359 - Loaded plugin lpbam (category:base,tabindex:0)
2024-06-21 16:33:43,640 [INFO] PluginManage:310 - Check plugin memorymap
2024-06-21 16:33:43,672 [INFO] PluginManage:359 - Loaded plugin memorymap (category:base,tabindex:4)
2024-06-21 16:33:43,672 [INFO] PluginManage:310 - Check plugin pinoutandconfiguration
2024-06-21 16:33:43,687 [INFO] PluginManage:359 - Loaded plugin pinoutandconfiguration (category:base,tabindex:1)
2024-06-21 16:33:43,687 [INFO] PluginManage:310 - Check plugin pinoutconfig
2024-06-21 16:33:43,815 [WARN] SupportedApi:132 - Cannot load RTOS API schema: s4s-elt-must-match.1: The content of 'definitions' must match (annotation?, (simpleType | complexType)?, (unique | key | keyref)*)). A problem was found starting at: attribute.
2024-06-21 16:33:43,973 [INFO] PluginManage:359 - Loaded plugin pinoutconfig (category:base,tabindex:0)
2024-06-21 16:33:43,973 [INFO] PluginManage:310 - Check plugin power
2024-06-21 16:33:44,005 [INFO] PluginManage:359 - Loaded plugin power (category:power,tabindex:4)
2024-06-21 16:33:44,005 [INFO] PluginManage:310 - Check plugin projectmanager
2024-06-21 16:33:44,037 [INFO] PluginManage:359 - Loaded plugin projectmanager (category:projectmanager,tabindex:3)
2024-06-21 16:33:44,037 [INFO] PluginManage:310 - Check plugin thirdparty
2024-06-21 16:33:44,386 [INFO] PluginManage:359 - Loaded plugin thirdparty (category:base,tabindex:-1)
2024-06-21 16:33:44,386 [INFO] PluginManage:310 - Check plugin tools
2024-06-21 16:33:44,386 [WARN] IntegrityCheckThread:84 - waiting for thirdparty lock release [integrity check]
2024-06-21 16:33:44,386 [INFO] IntegrityCheckThread:86 - entering critical section [integrity check]
2024-06-21 16:33:44,402 [INFO] ThirdPartyUpdaterWithRetryManager:70 - Updater plugin not ready yet. [1/15]
2024-06-21 16:33:44,434 [INFO] PluginManage:359 - Loaded plugin tools (category:base,tabindex:7)
2024-06-21 16:33:44,434 [INFO] PluginManage:310 - Check plugin tutovideos
2024-06-21 16:33:44,655 [INFO] PluginManage:359 - Loaded plugin tutovideos (category:base,tabindex:-1)
2024-06-21 16:33:44,655 [INFO] PluginManage:310 - Check plugin updater
2024-06-21 16:33:44,671 [INFO] PluginManage:359 - Loaded plugin updater (category:base,tabindex:12)
2024-06-21 16:33:44,671 [INFO] PluginManage:310 - Check plugin userauth
2024-06-21 16:33:44,671 [INFO] UserAuth:114 - Init User Auth plugin
2024-06-21 16:33:44,671 [INFO] PluginManage:359 - Loaded plugin userauth (category:base,tabindex:14)
2024-06-21 16:33:44,671 [INFO] PluginManage:283 - PluginManage : Loaded plugins [17]
2024-06-21 16:33:44,931 [INFO] PinOutPanel:1499 - setPackage(No Configuration,No Configuration)
2024-06-21 16:33:45,020 [INFO] CADModel:165 - CPN selected for project level
2024-06-21 16:33:45,020 [INFO] CADModel:114 - Register for checkConnection events
2024-06-21 16:33:45,052 [INFO] IPUIPlugin:80 - create IPUIPlugin
2024-06-21 16:33:45,052 [INFO] PluginManager:220 - loadIPPluginJar : add adc
2024-06-21 16:33:45,099 [INFO] IPUIPlugin:80 - create IPUIPlugin
2024-06-21 16:33:45,099 [INFO] PluginManager:220 - loadIPPluginJar : add aes
2024-06-21 16:33:45,147 [INFO] IPUIPlugin:80 - create IPUIPlugin
2024-06-21 16:33:45,147 [INFO] PluginManager:220 - loadIPPluginJar : add can
2024-06-21 16:33:45,178 [INFO] IPUIPlugin:80 - create IPUIPlugin
2024-06-21 16:33:45,178 [INFO] PluginManager:220 - loadIPPluginJar : add comp
2024-06-21 16:33:45,225 [INFO] IPUIPlugin:80 - create IPUIPlugin
2024-06-21 16:33:45,225 [INFO] PluginManager:220 - loadIPPluginJar : add cryp
2024-06-21 16:33:45,257 [INFO] IPUIPlugin:80 - create IPUIPlugin
2024-06-21 16:33:45,257 [INFO] PluginManager:220 - loadIPPluginJar : add dfsdm
2024-06-21 16:33:45,273 [INFO] IPUIPlugin:80 - create IPUIPlugin
2024-06-21 16:33:45,273 [INFO] PluginManager:220 - loadIPPluginJar : add dma
2024-06-21 16:33:45,319 [INFO] IPUIPlugin:80 - create IPUIPlugin
2024-06-21 16:33:45,319 [INFO] PluginManager:220 - loadIPPluginJar : add dma3
2024-06-21 16:33:45,335 [INFO] IPUIPlugin:80 - create IPUIPlugin
2024-06-21 16:33:45,335 [INFO] PluginManager:220 - loadIPPluginJar : add fatfs
2024-06-21 16:33:45,382 [INFO] IPUIPlugin:80 - create IPUIPlugin
2024-06-21 16:33:45,382 [INFO] PluginManager:220 - loadIPPluginJar : add fmc
2024-06-21 16:33:45,398 [INFO] IPUIPlugin:80 - create IPUIPlugin
2024-06-21 16:33:45,398 [INFO] PluginManager:220 - loadIPPluginJar : add freertos
2024-06-21 16:33:45,432 [INFO] IPUIPlugin:80 - create IPUIPlugin
2024-06-21 16:33:45,432 [INFO] PluginManager:220 - loadIPPluginJar : add genericplugin
2024-06-21 16:33:45,539 [INFO] IPUIPlugin:80 - create IPUIPlugin
2024-06-21 16:33:45,539 [INFO] PluginManager:220 - loadIPPluginJar : add gfxmmu
2024-06-21 16:33:45,712 [INFO] IPUIPlugin:80 - create IPUIPlugin
2024-06-21 16:33:45,712 [INFO] PluginManager:220 - loadIPPluginJar : add gic
2024-06-21 16:33:45,733 [INFO] IPUIPlugin:80 - create IPUIPlugin
2024-06-21 16:33:45,733 [INFO] PluginManager:220 - loadIPPluginJar : add gpio
2024-06-21 16:33:45,853 [INFO] IPUIPlugin:80 - create IPUIPlugin
2024-06-21 16:33:45,853 [INFO] PluginManager:220 - loadIPPluginJar : add gtzc
2024-06-21 16:33:45,885 [INFO] IPUIPlugin:80 - create IPUIPlugin
2024-06-21 16:33:45,885 [INFO] PluginManager:220 - loadIPPluginJar : add hash
2024-06-21 16:33:45,948 [INFO] IPUIPlugin:80 - create IPUIPlugin
2024-06-21 16:33:45,948 [INFO] PluginManager:220 - loadIPPluginJar : add i2c
2024-06-21 16:33:45,995 [INFO] IPUIPlugin:80 - create IPUIPlugin
2024-06-21 16:33:45,995 [INFO] PluginManager:220 - loadIPPluginJar : add i2s
2024-06-21 16:33:46,042 [INFO] IPUIPlugin:80 - create IPUIPlugin
2024-06-21 16:33:46,042 [INFO] PluginManager:220 - loadIPPluginJar : add i3c
2024-06-21 16:33:46,167 [INFO] IPUIPlugin:80 - create IPUIPlugin
2024-06-21 16:33:46,167 [INFO] PluginManager:220 - loadIPPluginJar : add ipddr
2024-06-21 16:33:46,277 [INFO] IPUIPlugin:80 - create IPUIPlugin
2024-06-21 16:33:46,277 [INFO] PluginManager:220 - loadIPPluginJar : add linkedlist
2024-06-21 16:33:46,308 [INFO] IPUIPlugin:80 - create IPUIPlugin
2024-06-21 16:33:46,308 [INFO] PluginManager:220 - loadIPPluginJar : add lorawan
2024-06-21 16:33:46,356 [INFO] IPUIPlugin:80 - create IPUIPlugin
2024-06-21 16:33:46,356 [INFO] PluginManager:220 - loadIPPluginJar : add ltdc
2024-06-21 16:33:46,371 [INFO] IPUIPlugin:80 - create IPUIPlugin
2024-06-21 16:33:46,371 [INFO] PluginManager:220 - loadIPPluginJar : add mdma
2024-06-21 16:33:46,387 [INFO] IPUIPlugin:80 - create IPUIPlugin
2024-06-21 16:33:46,387 [INFO] PluginManager:220 - loadIPPluginJar : add nvic
2024-06-21 16:33:46,434 [INFO] IPUIPlugin:80 - create IPUIPlugin
2024-06-21 16:33:46,434 [INFO] PluginManager:220 - loadIPPluginJar : add opamp
2024-06-21 16:33:46,512 [INFO] IPUIPlugin:80 - create IPUIPlugin
2024-06-21 16:33:46,512 [INFO] PluginManager:220 - loadIPPluginJar : add openamp
2024-06-21 16:33:46,560 [INFO] IPUIPlugin:80 - create IPUIPlugin
2024-06-21 16:33:46,560 [INFO] PluginManager:220 - loadIPPluginJar : add pdm2pcm
2024-06-21 16:33:46,576 [INFO] IPUIPlugin:80 - create IPUIPlugin
2024-06-21 16:33:46,592 [INFO] PluginManager:220 - loadIPPluginJar : add plateformsettings
2024-06-21 16:33:46,623 [INFO] IPUIPlugin:80 - create IPUIPlugin
2024-06-21 16:33:46,623 [INFO] PluginManager:220 - loadIPPluginJar : add quadspi
2024-06-21 16:33:46,634 [INFO] IPUIPlugin:80 - create IPUIPlugin
2024-06-21 16:33:46,634 [INFO] PluginManager:220 - loadIPPluginJar : add resmgrutility
2024-06-21 16:33:46,718 [INFO] IPUIPlugin:80 - create IPUIPlugin
2024-06-21 16:33:46,718 [INFO] PluginManager:220 - loadIPPluginJar : add sai
2024-06-21 16:33:46,765 [INFO] IPUIPlugin:80 - create IPUIPlugin
2024-06-21 16:33:46,765 [INFO] PluginManager:220 - loadIPPluginJar : add spi
2024-06-21 16:33:46,860 [INFO] IPUIPlugin:80 - create IPUIPlugin
2024-06-21 16:33:46,860 [INFO] PluginManager:220 - loadIPPluginJar : add stm32_wpan
2024-06-21 16:33:46,892 [INFO] IPUIPlugin:80 - create IPUIPlugin
2024-06-21 16:33:46,892 [INFO] PluginManager:220 - loadIPPluginJar : add tim
2024-06-21 16:33:46,971 [INFO] IPUIPlugin:80 - create IPUIPlugin
2024-06-21 16:33:46,971 [INFO] PluginManager:220 - loadIPPluginJar : add touchsensing
2024-06-21 16:33:47,003 [INFO] IPUIPlugin:80 - create IPUIPlugin
2024-06-21 16:33:47,003 [INFO] PluginManager:220 - loadIPPluginJar : add tracer_emb
2024-06-21 16:33:47,035 [INFO] IPUIPlugin:80 - create IPUIPlugin
2024-06-21 16:33:47,035 [INFO] PluginManager:220 - loadIPPluginJar : add ts
2024-06-21 16:33:47,066 [INFO] IPUIPlugin:80 - create IPUIPlugin
2024-06-21 16:33:47,066 [INFO] PluginManager:220 - loadIPPluginJar : add tsc
2024-06-21 16:33:47,097 [INFO] IPUIPlugin:80 - create IPUIPlugin
2024-06-21 16:33:47,097 [INFO] PluginManager:220 - loadIPPluginJar : add ucpd
2024-06-21 16:33:47,160 [INFO] IPUIPlugin:80 - create IPUIPlugin
2024-06-21 16:33:47,160 [INFO] PluginManager:220 - loadIPPluginJar : add usart
2024-06-21 16:33:47,223 [INFO] IPUIPlugin:80 - create IPUIPlugin
2024-06-21 16:33:47,223 [INFO] PluginManager:220 - loadIPPluginJar : add usbx
2024-06-21 16:33:47,373 [INFO] CADModel:165 - CPN selected for project level
2024-06-21 16:33:47,373 [INFO] CADModel:114 - Register for checkConnection events
2024-06-21 16:33:47,373 [FATAL] Updater:308 - Updater called before beeing initialized
2024-06-21 16:33:47,373 [ERROR] CADModel:125 - Updater not yet initialized, retry later 
2024-06-21 16:33:47,404 [INFO] ThirdPartyUpdaterWithRetryManager:70 - Updater plugin not ready yet. [2/15]
2024-06-21 16:33:47,545 [INFO] CADModel:165 - CPN selected for project level
2024-06-21 16:33:47,545 [INFO] CADModel:114 - Register for checkConnection events
2024-06-21 16:33:47,545 [FATAL] Updater:308 - Updater called before beeing initialized
2024-06-21 16:33:47,545 [ERROR] CADModel:125 - Updater not yet initialized, retry later 
2024-06-21 16:33:47,545 [FATAL] Updater:308 - Updater called before beeing initialized
2024-06-21 16:33:47,656 [FATAL] Updater:308 - Updater called before beeing initialized
2024-06-21 16:33:47,672 [INFO] DbMcusAds:53 - JSON generation date=Wed Nov 29 11:52:27 CET 2023 (1701255147349)
2024-06-21 16:33:47,672 [FATAL] Updater:308 - Updater called before beeing initialized
2024-06-21 16:33:47,766 [WARN] DetailPanel:346 - Failed to get advertising image, set to default
2024-06-21 16:33:47,861 [FATAL] Updater:308 - Updater called before beeing initialized
2024-06-21 16:33:47,861 [FATAL] Updater:308 - Updater called before beeing initialized
2024-06-21 16:33:47,861 [FATAL] Updater:308 - Updater called before beeing initialized
2024-06-21 16:33:47,861 [WARN] DetailPanel:346 - Failed to get advertising image, set to default
2024-06-21 16:33:47,861 [FATAL] Updater:308 - Updater called before beeing initialized
2024-06-21 16:33:47,935 [ERROR] Updater:1120 - MainUpdater not yet initialized. External WinMGr cannot be set.
2024-06-21 16:33:47,948 [INFO] Updater:1056 - Updater Version found : 6.10.0
2024-06-21 16:33:47,963 [INFO] ApplicationProperties:184 - Using Application install path: C:\ST\STM32CubeIDE_1.14.0\STM32CubeIDE\plugins\com.st.stm32cube.common.mx_6.10.0.202311202037
2024-06-21 16:33:49,595 [ERROR] LogOutputStream:75 - [STDERR_REDIRECT] Jun 21, 2024 4:33:49 PM java.util.prefs.WindowsPreferences <init>
2024-06-21 16:33:49,595 [ERROR] LogOutputStream:75 - [STDERR_REDIRECT] WARNING: Could not open/create prefs root node Software\JavaSoft\Prefs at root 0xffffffff80000002. Windows RegCreateKeyEx(...) returned error code 5.
2024-06-21 16:33:49,600 [ERROR] LogOutputStream:75 - [STDERR_REDIRECT] 
2024-06-21 16:33:49,947 [INFO] MainUpdater:2873 - connection check result : 10
2024-06-21 16:33:49,947 [INFO] MainUpdater:3567 - Updater definition file requires update
2024-06-21 16:33:49,947 [INFO] MainUpdater:290 - Updater Check For Update Now.
2024-06-21 16:33:49,947 [INFO] MicroXplorer:498 - Change Database Version : DB.6.0.100
2024-06-21 16:33:49,963 [INFO] McuFinderGlobals:63 - Set McuFinder mode to 2 (CubeIDE integrated)
2024-06-21 16:33:50,010 [INFO] ServerAccessManage:473 - Download File updaters.zip
2024-06-21 16:33:50,104 [INFO] FileExtend:240 - Unzip File : updaters.zip
2024-06-21 16:33:50,104 [INFO] FileExtend:255 - Standard Zip Deflate
2024-06-21 16:33:50,359 [INFO] UserAuth:404 - Internet connection configuration mode: 1
2024-06-21 16:33:50,375 [INFO] JxBrowserEngine:152 - Initiate JxBrowser Engine with user profile folder
2024-06-21 16:33:50,407 [WARN] MainUpdater:1194 - Updater busy. Cannot search thirdparties
2024-06-21 16:33:50,407 [INFO] ThirdPartyUpdaterWithRetryManager:96 - Updater plugin is busy. [1/15]
2024-06-21 16:33:50,518 [INFO] ServerAccessManage:473 - Download File PacksControlFlags.xml
2024-06-21 16:33:50,636 [INFO] ServerAccessManage:473 - Download File cubemx.pidx
2024-06-21 16:33:52,162 [INFO] WebApp:161 - Instantiating new browser for Auth
2024-06-21 16:33:53,100 [INFO] ServerAccessManage:473 - Download File wolfSSL.I-CUBE-wolfMQTT.pdsc
2024-06-21 16:33:53,158 [INFO] WebApp:780 - Register for checkConnection events
2024-06-21 16:33:53,158 [INFO] WebApp:414 - Apply proxy settings
2024-06-21 16:33:53,158 [INFO] WebApp:499 - Chromium requires no authentication
2024-06-21 16:33:53,167 [INFO] WebApp:442 - Direct internet connection detected
2024-06-21 16:33:53,376 [INFO] WebApp:192 - Starting web application
2024-06-21 16:33:53,376 [INFO] WebApp:544 - Web application path used C:\ST\STM32CubeIDE_1.14.0\STM32CubeIDE\plugins\com.st.stm32cube.common.mx_6.10.0.202311202037\db\plugins\mcufinder\reactClient1\index.html
2024-06-21 16:33:53,419 [WARN] MainUpdater:1194 - Updater busy. Cannot search thirdparties
2024-06-21 16:33:53,419 [INFO] ThirdPartyUpdaterWithRetryManager:96 - Updater plugin is busy. [2/15]
2024-06-21 16:33:53,872 [ERROR] ServerAccessManage:1089 - Problem, file not found on Server
2024-06-21 16:33:54,158 [WARN] PackLoader:240 - Cannot read IP mode file for wolfSSL.I-CUBE-wolfMQTT.1.19.0
2024-06-21 16:33:54,159 [INFO] PopulateThirdPartyThread:66 - Ending populate Thread
2024-06-21 16:33:54,161 [INFO] ThirdParty:1030 - CMSIS Pack Vendor :wolfSSL I-CUBE-wolfMQTT 1.19.0
2024-06-21 16:33:54,161 [INFO] LoadServerUpdatesThread:375 - End of LoadServerUpdate Thread
2024-06-21 16:33:54,322 [INFO] CheckServerUpdateThread:120 - End of CheckServer Thread
2024-06-21 16:33:56,661 [WARN] PackLoader:240 - Cannot read IP mode file for STMicroelectronics.FP-SNS-MOTENVWB1.1.4.0
2024-06-21 16:33:56,675 [WARN] PackLoader:240 - Cannot read IP mode file for STMicroelectronics.X-CUBE-SMBUS.2.1.0
2024-06-21 16:33:56,680 [WARN] PackLoader:240 - Cannot read IP mode file for STMicroelectronics.X-CUBE-TOUCHGFX.4.23.0
2024-06-21 16:33:56,684 [WARN] PackLoader:240 - Cannot read IP mode file for STMicroelectronics.X-CUBE-TOUCHGFX.4.23.2
2024-06-21 16:33:56,727 [WARN] PackLoader:240 - Cannot read IP mode file for STMicroelectronics.X-CUBE-AZRTOS-F7.1.1.0
2024-06-21 16:33:56,748 [WARN] PackLoader:240 - Cannot read IP mode file for STMicroelectronics.FP-SNS-MOTENV1.4.3.2
2024-06-21 16:33:56,763 [WARN] PackLoader:240 - Cannot read IP mode file for STMicroelectronics.FP-SNS-FLIGHT1.5.0.2
2024-06-21 16:33:56,779 [WARN] PackLoader:240 - Cannot read IP mode file for STMicroelectronics.X-CUBE-DISPLAY.3.0.0
2024-06-21 16:33:56,806 [WARN] PackLoader:240 - Cannot read IP mode file for STMicroelectronics.X-CUBE-BLE1.7.0.0
2024-06-21 16:33:56,817 [WARN] PackLoader:240 - Cannot read IP mode file for emotas.I-CUBE-CANOPEN.1.3.0
2024-06-21 16:33:56,824 [WARN] PackLoader:240 - Cannot read IP mode file for STMicroelectronics.X-CUBE-TOUCHGFX.4.22.1
2024-06-21 16:33:56,846 [WARN] PackLoader:240 - Cannot read IP mode file for STMicroelectronics.X-CUBE-BLEMGR.3.1.0
2024-06-21 16:33:56,860 [WARN] PackLoader:240 - Cannot read IP mode file for STMicroelectronics.FP-SNS-SMARTAG2.1.2.0
2024-06-21 16:33:56,880 [INFO] LogOutputStream:77 - [STDOUT_REDIRECT] 1 : Invalid condition id : UX_CORESTACK_Condition cause : null
2024-06-21 16:33:56,881 [INFO] LogOutputStream:77 - [STDOUT_REDIRECT] 1 : Invalid condition id : UX_CORESTACK_Condition cause : null
2024-06-21 16:33:56,883 [INFO] LogOutputStream:77 - [STDOUT_REDIRECT] 1 : Invalid condition id : UX_CORESTACK_Condition cause : null
2024-06-21 16:33:56,887 [INFO] LogOutputStream:77 - [STDOUT_REDIRECT] 1 : Invalid condition id : UX_CORESTACK_Condition cause : null
2024-06-21 16:33:56,890 [INFO] LogOutputStream:77 - [STDOUT_REDIRECT] 1 : Invalid condition id : UX_CORESTACK_Condition cause : null
2024-06-21 16:33:56,900 [WARN] PackLoader:240 - Cannot read IP mode file for STMicroelectronics.X-CUBE-AZRTOS-WL.2.0.0
2024-06-21 16:33:56,911 [WARN] PackLoader:240 - Cannot read IP mode file for STMicroelectronics.FP-SNS-MOTENV1.5.0.0
2024-06-21 16:33:56,919 [WARN] PackLoader:240 - Cannot read IP mode file for wolfSSL.I-CUBE-wolfMQTT.1.19.0
2024-06-21 16:33:56,932 [WARN] PackLoader:240 - Cannot read IP mode file for WES.I-CUBE-Cesium.1.3.0
2024-06-21 16:33:56,939 [WARN] PackLoader:240 - Cannot read IP mode file for STMicroelectronics.X-CUBE-BLE2.3.3.0
2024-06-21 16:33:56,949 [WARN] PackLoader:240 - Cannot read IP mode file for STMicroelectronics.X-CUBE-TCPP.4.1.0
2024-06-21 16:33:56,965 [WARN] PackLoader:240 - Cannot read IP mode file for STMicroelectronics.X-CUBE-ALGOBUILD.1.3.0
2024-06-21 16:33:57,001 [WARN] PackLoader:240 - Cannot read IP mode file for STMicroelectronics.X-CUBE-AZRTOS-G0.1.1.0
2024-06-21 16:33:57,018 [WARN] PackLoader:240 - Cannot read IP mode file for STMicroelectronics.X-CUBE-SAFEA1.1.2.2
2024-06-21 16:33:57,028 [WARN] PackLoader:240 - Cannot read IP mode file for STMicroelectronics.X-CUBE-NFC4.3.0.0
2024-06-21 16:33:57,045 [WARN] PackLoader:240 - Cannot read IP mode file for STMicroelectronics.X-CUBE-BLEMGR.3.0.0
2024-06-21 16:33:57,056 [WARN] PackLoader:240 - Cannot read IP mode file for STMicroelectronics.FP-ATR-SIGFOX1.3.2.0
2024-06-21 16:33:57,065 [WARN] PackLoader:240 - Cannot read IP mode file for STMicroelectronics.X-CUBE-EEPRMA1.5.1.0
2024-06-21 16:33:57,144 [WARN] PackLoader:240 - Cannot read IP mode file for SEGGER.I-CUBE-embOS.1.3.1
2024-06-21 16:33:57,236 [WARN] PackLoader:240 - Cannot read IP mode file for STMicroelectronics.X-CUBE-ALGOBUILD.1.4.0
2024-06-21 16:33:57,247 [WARN] PackLoader:240 - Cannot read IP mode file for STMicroelectronics.X-CUBE-GNSS1.6.0.0
2024-06-21 16:33:57,272 [WARN] PackLoader:240 - Cannot read IP mode file for STMicroelectronics.X-CUBE-AZRTOS-F4.1.1.0
2024-06-21 16:33:57,284 [WARN] PackLoader:240 - Cannot read IP mode file for wolfSSL.I-CUBE-wolfSSL.5.6.4
2024-06-21 16:33:57,291 [WARN] PackLoader:240 - Cannot read IP mode file for STMicroelectronics.X-CUBE-FREERTOS.1.2.0
2024-06-21 16:33:57,321 [WARN] PackLoader:240 - Cannot read IP mode file for STMicroelectronics.X-CUBE-AZRTOS-L5.2.0.0
2024-06-21 16:33:57,333 [WARN] PackLoader:240 - Cannot read IP mode file for STMicroelectronics.X-CUBE-EEPRMA1.4.2.0
2024-06-21 16:33:57,361 [WARN] PackLoader:240 - Cannot read IP mode file for STMicroelectronics.X-CUBE-NFC6.3.1.0
2024-06-21 16:33:57,374 [WARN] PackLoader:240 - Cannot read IP mode file for ITTIA_DB.I-CUBE-ITTIADB.8.8.0
2024-06-21 16:33:57,382 [WARN] PackLoader:240 - Cannot read IP mode file for STMicroelectronics.X-CUBE-AI.9.0.0
2024-06-21 16:33:57,391 [WARN] PackLoader:240 - Cannot read IP mode file for STMicroelectronics.X-CUBE-NFC7.1.0.1
2024-06-21 16:33:57,404 [WARN] PackLoader:240 - Cannot read IP mode file for STMicroelectronics.X-CUBE-NFC6.3.0.0
2024-06-21 16:33:57,414 [WARN] PackLoader:240 - Cannot read IP mode file for STMicroelectronics.X-CUBE-AI.8.1.0
2024-06-21 16:33:57,446 [WARN] ConditionMgr:438 - getConditionDescription Invalid condition id : LAN8742 Phy interface Condition cause : null
2024-06-21 16:33:57,448 [WARN] PackLoader:240 - Cannot read IP mode file for STMicroelectronics.X-CUBE-AZRTOS-L4.2.0.0
2024-06-21 16:33:57,451 [WARN] ConditionMgr:1039 - genDependencies : Invalid condition id : LAN8742 Phy interface Condition cause : null
2024-06-21 16:33:57,452 [WARN] ConditionMgr:1039 - genDependencies : Invalid condition id : LAN8742 Phy interface Condition cause : null
2024-06-21 16:33:57,453 [WARN] ConditionMgr:1039 - genDependencies : Invalid condition id : LAN8742 Phy interface Condition cause : null
2024-06-21 16:33:57,464 [WARN] PackLoader:240 - Cannot read IP mode file for STMicroelectronics.X-CUBE-SFXS2LP1.4.0.0
2024-06-21 16:33:57,489 [WARN] ConditionMgr:438 - getConditionDescription Invalid condition id : UX DEVICE CLASS RTOS Condition cause : null
2024-06-21 16:33:57,490 [WARN] ConditionMgr:438 - getConditionDescription Invalid condition id : UX DEVICE CLASS RTOS Condition cause : null
2024-06-21 16:33:57,494 [WARN] PackLoader:240 - Cannot read IP mode file for STMicroelectronics.X-CUBE-AZRTOS-WB.2.0.0
2024-06-21 16:33:57,495 [WARN] ConditionMgr:1039 - genDependencies : Invalid condition id : UX DEVICE CLASS RTOS Condition cause : null
2024-06-21 16:33:57,495 [WARN] ConditionMgr:1039 - genDependencies : Invalid condition id : UX DEVICE CLASS RTOS Condition cause : null
2024-06-21 16:33:57,496 [WARN] ConditionMgr:1039 - genDependencies : Invalid condition id : UX DEVICE CLASS RTOS Condition cause : null
2024-06-21 16:33:57,496 [WARN] ConditionMgr:1039 - genDependencies : Invalid condition id : UX DEVICE CLASS RTOS Condition cause : null
2024-06-21 16:33:57,497 [WARN] ConditionMgr:1039 - genDependencies : Invalid condition id : UX DEVICE CLASS RTOS Condition cause : null
2024-06-21 16:33:57,514 [WARN] PackLoader:240 - Cannot read IP mode file for STMicroelectronics.X-CUBE-SUBG2.5.0.0
2024-06-21 16:33:57,526 [WARN] PackLoader:240 - Cannot read IP mode file for Cesanta.I-CUBE-Mongoose.7.13.0
2024-06-21 16:33:57,548 [WARN] PackLoader:240 - Cannot read IP mode file for STMicroelectronics.X-CUBE-AZRTOS-G4.2.0.0
2024-06-21 16:33:57,572 [WARN] PackLoader:240 - Cannot read IP mode file for Infineon.AIROC-Wi-Fi-Bluetooth-STM32.1.5.1
2024-06-21 16:33:57,584 [WARN] PackLoader:240 - Cannot read IP mode file for STMicroelectronics.FP-SNS-MOTENVWB1.1.3.1
2024-06-21 16:33:57,593 [WARN] PackLoader:240 - Cannot read IP mode file for STMicroelectronics.X-CUBE-ISPU.2.0.0
2024-06-21 16:33:57,600 [WARN] PackLoader:240 - Cannot read IP mode file for STMicroelectronics.X-CUBE-ALS.1.0.2
2024-06-21 16:33:57,673 [WARN] PackLoader:240 - Cannot read IP mode file for STMicroelectronics.X-CUBE-MEMS1.10.0.0
2024-06-21 16:33:57,885 [WARN] PackLoader:240 - Cannot read IP mode file for STMicroelectronics.X-CUBE-FREERTOS.1.1.0
2024-06-21 16:33:57,894 [WARN] PackLoader:240 - Cannot read IP mode file for portGmbH.I-Cube-SoM-uGOAL.1.1.0
2024-06-21 16:33:57,899 [WARN] PackLoader:240 - Cannot read IP mode file for STMicroelectronics.X-CUBE-ALS.1.0.1
2024-06-21 16:33:57,931 [WARN] PackLoader:240 - Cannot read IP mode file for STMicroelectronics.X-CUBE-AZRTOS-H7RS.1.0.0
2024-06-21 16:33:57,941 [WARN] PackLoader:240 - Cannot read IP mode file for STMicroelectronics.FP-ATR-ASTRA1.2.0.0
2024-06-21 16:33:58,005 [WARN] PackLoader:240 - Cannot read IP mode file for STMicroelectronics.X-CUBE-TOF1.3.4.0
2024-06-21 16:33:58,043 [WARN] PackLoader:240 - Cannot read IP mode file for STMicroelectronics.X-CUBE-TOF1.3.4.1
2024-06-21 16:33:58,093 [WARN] PackLoader:240 - Cannot read IP mode file for STMicroelectronics.X-CUBE-AZRTOS-H7.3.2.0
2024-06-21 16:33:58,096 [INFO] ThirdParty:978 - Integrity check success = true
2024-06-21 16:33:58,097 [INFO] IntegrityCheckThread:100 - exiting critical section [integrity check]
2024-06-21 16:33:58,097 [INFO] IntegrityCheckThread:103 - End integrity checks thread
2024-06-21 16:34:07,787 [INFO] McuFinderGlobals:63 - Set McuFinder mode to 2 (CubeIDE integrated)
2024-06-21 16:34:07,820 [INFO] MainUpdater:2873 - connection check result : 10
2024-06-21 16:34:07,828 [INFO] MainUpdater:2873 - connection check result : 10
2024-06-21 16:34:08,051 [INFO] MicroXplorer:468 - Change Database Path : 
2024-06-21 16:34:08,052 [INFO] MicroXplorer:498 - Change Database Version : DB.6.0.100
2024-06-21 16:34:08,056 [WARN] ThirdParty:871 - waiting for thirdparty lock release [close project]
2024-06-21 16:34:08,056 [INFO] ThirdParty:873 - entering critical section [close project]
2024-06-21 16:34:08,057 [INFO] ThirdParty:883 - exiting critical section [close project]
2024-06-21 16:34:08,058 [INFO] PinOutPanel:1499 - setPackage(No Configuration,No Configuration)
2024-06-21 16:34:08,061 [INFO] UtilMem:75 - Begin LoadConfig() Used Memory: 291638944 Bytes (558891008)
2024-06-21 16:34:08,062 [INFO] MicroXplorer:468 - Change Database Path : 
2024-06-21 16:34:08,062 [INFO] MicroXplorer:498 - Change Database Version : DB.6.0.100
2024-06-21 16:34:08,062 [INFO] OpenFileManager:312 - Change cursor
2024-06-21 16:34:08,105 [INFO] Mcu:2016 - Initializing MCU STM32F303K(6-8)Tx STM32F303K8Tx STM32F303K8T6
2024-06-21 16:34:10,124 [INFO] Context:659 - Trying to add GPIOservice into a context  which must be forbidden
2024-06-21 16:34:10,870 [INFO] RtosManager:555 - Registered RTOS mode: class=CMSIS, group=RTOS, mode=CMSIS_V1, owner=FREERTOS
2024-06-21 16:34:10,870 [INFO] RtosManager:555 - Registered RTOS mode: class=CMSIS, group=RTOS2, mode=CMSIS_V2, owner=FREERTOS
2024-06-21 16:34:10,870 [INFO] RtosManager:555 - Registered RTOS mode: class=RTOS, group=Core, mode=CMSIS_V1, owner=FREERTOS
2024-06-21 16:34:10,870 [INFO] RtosManager:555 - Registered RTOS mode: class=RTOS, group=Core, mode=CMSIS_V2, owner=FREERTOS
2024-06-21 16:34:10,870 [WARN] ModelIntegratedComponent:184 - Missing modes for component STMicroelectronics:FreeRTOS:0.0.1:STMicroelectronics:RTOS:FreeRTOS:Core:::10.2.0:
2024-06-21 16:34:10,895 [WARN] ModelIntegratedComponent:63 - No mode defined for component null
2024-06-21 16:34:10,895 [WARN] ModelIntegratedComponent:63 - No mode defined for component null
2024-06-21 16:34:10,895 [WARN] ModelIntegratedComponent:63 - No mode defined for component null
2024-06-21 16:34:10,895 [WARN] ModelIntegratedComponent:63 - No mode defined for component null
2024-06-21 16:34:10,895 [WARN] ModelIntegratedComponent:63 - No mode defined for component null
2024-06-21 16:34:10,895 [WARN] ModelIntegratedComponent:63 - No mode defined for component null
2024-06-21 16:34:10,896 [WARN] ModelIntegratedComponent:63 - No mode defined for component null
2024-06-21 16:34:10,896 [WARN] ModelIntegratedComponent:63 - No mode defined for component null
2024-06-21 16:34:10,896 [WARN] ModelIntegratedComponent:63 - No mode defined for component null
2024-06-21 16:34:10,896 [WARN] ModelIntegratedComponent:63 - No mode defined for component null
2024-06-21 16:34:10,896 [WARN] ModelIntegratedComponent:63 - No mode defined for component null
2024-06-21 16:34:10,896 [WARN] ModelIntegratedComponent:63 - No mode defined for component null
2024-06-21 16:34:10,896 [WARN] ModelIntegratedComponent:63 - No mode defined for component null
2024-06-21 16:34:10,896 [WARN] ModelIntegratedComponent:63 - No mode defined for component null
2024-06-21 16:34:10,896 [WARN] ModelIntegratedComponent:63 - No mode defined for component null
2024-06-21 16:34:10,896 [WARN] ModelIntegratedComponent:63 - No mode defined for component null
2024-06-21 16:34:10,896 [WARN] ModelIntegratedComponent:63 - No mode defined for component null
2024-06-21 16:34:10,896 [WARN] ModelIntegratedComponent:63 - No mode defined for component null
2024-06-21 16:34:10,896 [WARN] ModelIntegratedComponent:63 - No mode defined for component null
2024-06-21 16:34:10,897 [WARN] ModelIntegratedComponent:63 - No mode defined for component null
2024-06-21 16:34:10,897 [WARN] ModelIntegratedComponent:63 - No mode defined for component null
2024-06-21 16:34:10,897 [WARN] ModelIntegratedComponent:63 - No mode defined for component null
2024-06-21 16:34:10,897 [WARN] ModelIntegratedComponent:63 - No mode defined for component null
2024-06-21 16:34:10,897 [WARN] ModelIntegratedComponent:63 - No mode defined for component null
2024-06-21 16:34:10,897 [WARN] ModelIntegratedComponent:63 - No mode defined for component null
2024-06-21 16:34:10,897 [WARN] ModelIntegratedComponent:63 - No mode defined for component null
2024-06-21 16:34:10,897 [WARN] ModelIntegratedComponent:63 - No mode defined for component null
2024-06-21 16:34:10,897 [WARN] ModelIntegratedComponent:63 - No mode defined for component null
2024-06-21 16:34:10,897 [WARN] ModelIntegratedComponent:63 - No mode defined for component null
2024-06-21 16:34:10,897 [WARN] ModelIntegratedComponent:63 - No mode defined for component null
2024-06-21 16:34:10,898 [WARN] ModelIntegratedComponent:63 - No mode defined for component null
2024-06-21 16:34:10,898 [WARN] ModelIntegratedComponent:63 - No mode defined for component null
2024-06-21 16:34:10,898 [WARN] ModelIntegratedComponent:63 - No mode defined for component null
2024-06-21 16:34:11,048 [INFO] ThirdPartyModel:298 - Start build external matchings
2024-06-21 16:34:11,488 [INFO] ThirdPartyModel:316 - End build external matchings
2024-06-21 16:34:11,501 [INFO] ImportTextPane:194 - (OptionalMessage_ERROR) IP (RCC) : Invalid parameter (CECFreq_Value)
2024-06-21 16:34:11,501 [INFO] ImportTextPane:194 - (OptionalMessage_ERROR) IP (RCC) : Invalid parameter (FamilyName)
2024-06-21 16:34:11,501 [INFO] ImportTextPane:194 - (OptionalMessage_ERROR) IP (RCC) : Invalid parameter (HSICECFreq_Value)
2024-06-21 16:34:11,502 [INFO] ImportTextPane:194 - (OptionalMessage_ERROR) IP (RCC) : Invalid parameter (TIM2Freq_Value)
2024-06-21 16:34:11,502 [INFO] ImportTextPane:194 - (OptionalMessage_ERROR) IP (RCC) : Invalid parameter (TimSysFreq_Value)
2024-06-21 16:34:11,503 [INFO] ImportTextPane:194 - (OptionalMessage_ERROR) IP (RCC) : Parameter (USART2Freq_Value) has invalid value (8000000)
2024-06-21 16:34:11,780 [INFO] UtilMem:75 - End LoadConfig() Used Memory: 350950392 Bytes (558891008)
2024-06-21 16:34:11,933 [INFO] ApiDb:581 - Connected to CubeFinder SQLite database (C:\Users\QUDUS\.stmcufinder\plugins\mcufinder\mcu\cube-finder-db.db)
2024-06-21 16:34:12,053 [INFO] ApiDb:668 - CubeFinder database Data Model version=2.1
2024-06-21 16:34:12,053 [INFO] ApiDb:669 - CubeFinder database Configuration version=3.0.39
2024-06-21 16:34:12,053 [INFO] ApiDb:670 - CubeFinder database generation date=2023-12-08 (1702028721)
2024-06-21 16:34:12,054 [INFO] ApiDb:671 - CubeFinder database FW Pack versions=[FP-ATR-ASTRA1_V2.0.0, FP-SNS-FLIGHT1_V5.0.1, FP-SNS-FLIGHT1_V5.0.2, FP-SNS-MOTENV1_V4.3.1, FP-SNS-MOTENV1_V4.3.2, FP-SNS-MOTENVWB1_V1.3.1, FP-SNS-SMARTAG2_V1.2.0, STM32Cube_FW_C0_V1.1.0, STM32Cube_FW_F4_V1.28.0, STM32Cube_FW_F7_V1.17.0, STM32Cube_FW_G0_V1.6.1, STM32Cube_FW_G4_V1.5.1, STM32Cube_FW_H5_V0.5.1, STM32Cube_FW_H5_V1.1.1, STM32Cube_FW_H5_V1.2.0RC2, STM32Cube_FW_H7_V1.11.0, STM32Cube_FW_L0_V1.12.2, STM32Cube_FW_L5_V1.5.0, STM32Cube_FW_U5_V1.3.0RC4, STM32Cube_FW_U5_V1.4.0, STM32Cube_FW_WBA_V1.0.0RC1, STM32Cube_FW_WBA_V1.1.0RC1, STM32Cube_FW_WBA_V1.2.0, STM32Cube_FW_WBA_V1.2.0RC2, STM32Cube_FW_WB_V1.15.0RC1, STM32Cube_FW_WB_V1.16.0, STM32Cube_FW_WB_V1.16.0RC2, STM32Cube_FW_WB_V1.18.0, STM32Cube_FW_WL_V1.3.0, X-CUBE-ALGOBUILD_V1.3.0, X-CUBE-ALS_V1.0.1, X-CUBE-AZRTOS-F4_V1.1.0, X-CUBE-AZRTOS-F7_V1.1.0, X-CUBE-AZRTOS-G0_V1.1.0, X-CUBE-AZRTOS-G4_V2.0.0, X-CUBE-AZRTOS-H7_V3.1.0, X-CUBE-AZRTOS-L4_V1.0.0, X-CUBE-AZRTOS-L4_V2.0.0, X-CUBE-AZRTOS-L5_V1.1.0, X-CUBE-AZRTOS-WB_V2.0.0, X-CUBE-AZRTOS-WL_V2.0.0, X-CUBE-BLE1_V7.0.0, X-CUBE-BLE2_V3.3.0, X-CUBE-BLEMGR_V3.0.0, X-CUBE-EEPRMA1_V4.1.0, X-CUBE-EEPRMA1_V4.2.0, X-CUBE-FREERTOS_V1.1.0, X-CUBE-GNSS1_V6.0.0, X-CUBE-MEMS1_V10.0.0, X-CUBE-MEMS1_V9.1.0, X-CUBE-MEMS1_V9.4.0, X-CUBE-MEMS1_V9.6.0, X-CUBE-NFC4_V3.0.0, X-CUBE-NFC7_V1.0.1, X-CUBE-SFXS2LP1_V4.0.0, X-CUBE-SUBG2_V5.0.0, X-CUBE-TOF1_V3.4.0]
2024-06-21 16:34:15,551 [ERROR] LogOutputStream:75 - [STDERR_REDIRECT] SLF4J: Failed to load class "org.slf4j.impl.StaticLoggerBinder".
2024-06-21 16:34:15,555 [ERROR] LogOutputStream:75 - [STDERR_REDIRECT] SLF4J: Defaulting to no-operation (NOP) logger implementation
2024-06-21 16:34:15,560 [ERROR] LogOutputStream:75 - [STDERR_REDIRECT] SLF4J: See http://www.slf4j.org/codes.html#StaticLoggerBinder for further details.
2024-06-21 16:34:17,072 [INFO] ApiDb:240 - Found 371 in-development CPN: [B-G473E-ZEST1S, B-WB1M-WPAN1, B-WL5M-SUBG1, NUCLEO-C031C6, NUCLEO-H503RB, NUCLEO-H563ZI, NUCLEO-U545RE-Q, NUCLEO-U5A5ZJ-Q, NUCLEO-WBA52CG, NUCLEO-WBA55CG, STEVAL-MKBOXPRO, STEVAL-PROTEUS1, STEVAL-STWINBX1, STM320518-EVAL, STM32C0116-DK, STM32C011D6Y3TR, STM32C011D6Y6TR, STM32C011F4P3, STM32C011F4P6, STM32C011F4U3, STM32C011F4U6TR, STM32C011F6P3, STM32C011F6P6, STM32C011F6U3, STM32C011F6U6TR, STM32C011J4M3, STM32C011J4M6, STM32C011J6M3, STM32C011J6M6, STM32C0316-DK, STM32C031C4T3, STM32C031C4T6, STM32C031C4U3, STM32C031C4U6, STM32C031C6T3, STM32C031C6T6, STM32C031C6U3, STM32C031C6U6, STM32C031F4P3, STM32C031F4P6, STM32C031F6P3, STM32C031F6P6, STM32C031G4U3, STM32C031G4U6, STM32C031G6U3, STM32C031G6U6, STM32C031K4T3, STM32C031K4T6, STM32C031K4U3, STM32C031K4U6, STM32C031K6T3, STM32C031K6T6, STM32C031K6U3, STM32C031K6U6, STM32G071K8TXN, STM32G071K8UXN, STM32G081GBU6N, STM32G081KBT6N, STM32G081KBUXN, STM32G0B1CCT6N, STM32G0B1KCT6, STM32G0B1NEY6TR, STM32G0B1RCT6N, STM32G0C1CCT6, STM32G0C1CCT6N, STM32G0C1CCU6N, STM32G0C1CET6N, STM32G0C1CEU6N, STM32G0C1KCT6, STM32G0C1NEY6TR, STM32G0C1RCI6N, STM32G0C1RCT6N, STM32G0C1REI6N, STM32G0C1RET6N, STM32G0C1VCI6, STM32G0C1VEI6, STM32G471CCT6, STM32G471CCU6, STM32G471CET3, STM32G471CET6, STM32G471CEU3, STM32G471CEU6, STM32G471MCT6, STM32G471MET3, STM32G471MET6, STM32G471MEY6TR, STM32G471QCT6, STM32G471QET3, STM32G471RCT6, STM32G471RET3, STM32G471RET6, STM32G471VCH6, STM32G471VCI6, STM32G471VCT6, STM32G471VEH3, STM32G471VEH6, STM32G471VEI3, STM32G471VEI6, STM32G471VET3, STM32G471VET6, STM32G474CCT6, STM32H503CBT6, STM32H503CBU6, STM32H503EBY6TR, STM32H503KBU6, STM32H503RBT6, STM32H562AGI6, STM32H562AII6, STM32H562IGK6, STM32H562IGT6, STM32H562IIK6, STM32H562IIT6, STM32H562RGT6, STM32H562RGV6, STM32H562RIT6, STM32H562RIV6, STM32H562VGT6, STM32H562VIT6, STM32H562ZGT6, STM32H562ZIT6, STM32H563AGI6, STM32H563AII3Q, STM32H563AII6, STM32H563IGK6, STM32H563IGT6, STM32H563IIK3Q, STM32H563IIK6, STM32H563IIT3Q, STM32H563IIT6, STM32H563MIY3QTR, STM32H563RGT6, STM32H563RGV6, STM32H563RIT6, STM32H563RIV6, STM32H563VGT6, STM32H563VIT3Q, STM32H563VIT6, STM32H563ZGT6, STM32H563ZIT3Q, STM32H563ZIT6, STM32H573AII3Q, STM32H573AII6, STM32H573I-DK, STM32H573IIK3Q, STM32H573IIK6, STM32H573IIT3Q, STM32H573IIT6, STM32H573MIY3QTR, STM32H573RIT6, STM32H573RIV6, STM32H573VIT3Q, STM32H573VIT6, STM32H573ZIT3Q, STM32H573ZIT6, STM32L4R5QGI6STR, STM32MP131AAE3, STM32MP131AAF3, STM32MP131AAG3, STM32MP131CAE3, STM32MP131CAF3, STM32MP131CAG3, STM32MP131DAE7, STM32MP131DAF7, STM32MP131DAG7, STM32MP131FAE7, STM32MP131FAF7, STM32MP131FAG7, STM32MP133AAE3, STM32MP133AAF3, STM32MP133AAG3, STM32MP133CAE3, STM32MP133CAF3, STM32MP133CAG3, STM32MP133DAE7, STM32MP133DAF7, STM32MP133DAG7, STM32MP133FAE7, STM32MP133FAF7, STM32MP133FAG7, STM32MP135AAE3, STM32MP135AAF3, STM32MP135AAG3, STM32MP135CAE3, STM32MP135CAF3, STM32MP135CAG3, STM32MP135DAE7, STM32MP135DAF7, STM32MP135DAG7, STM32MP135F-DK, STM32MP135FAE7, STM32MP135FAF7, STM32MP135FAF7T, STM32MP135FAF7U, STM32MP135FAG7, STM32U535CBT6, STM32U535CBT6Q, STM32U535CBU6, STM32U535CBU6Q, STM32U535CCT6, STM32U535CCT6Q, STM32U535CCU6, STM32U535CCU6Q, STM32U535CET6, STM32U535CET6Q, STM32U535CEU6, STM32U535CEU6Q, STM32U535JEY6QTR, STM32U535NCY6QTR, STM32U535NEY6QTR, STM32U535RBI6, STM32U535RBI6Q, STM32U535RBT6, STM32U535RBT6Q, STM32U535RCI6, STM32U535RCI6Q, STM32U535RCT6, STM32U535RCT6Q, STM32U535REI6, STM32U535REI6Q, STM32U535RET6, STM32U535RET6Q, STM32U535VCI6, STM32U535VCI6Q, STM32U535VCT6, STM32U535VCT6Q, STM32U535VEI6, STM32U535VEI6Q, STM32U535VET6, STM32U535VET6Q, STM32U545CET6, STM32U545CET6Q, STM32U545CEU6, STM32U545CEU6Q, STM32U545JEY6QTR, STM32U545NEY6QTR, STM32U545REI6, STM32U545REI6Q, STM32U545RET6, STM32U545RET6Q, STM32U545VEI6, STM32U545VEI6Q, STM32U545VET6, STM32U545VET6Q, STM32U595AIH6, STM32U595AIH6Q, STM32U595AJH6, STM32U595AJH6Q, STM32U595QII6, STM32U595QII6Q, STM32U595QJI6, STM32U595QJI6Q, STM32U595RIT6, STM32U595RIT6Q, STM32U595RJT6, STM32U595RJT6Q, STM32U595VIT6, STM32U595VIT6Q, STM32U595VJT6, STM32U595VJT6Q, STM32U595ZIT6, STM32U595ZIT6Q, STM32U595ZIY6QTR, STM32U595ZJT6, STM32U595ZJT6Q, STM32U595ZJY6QTR, STM32U599BJY6QTR, STM32U599NIH6Q, STM32U599NJH6Q, STM32U599VIT6Q, STM32U599VJT6, STM32U599VJT6Q, STM32U599ZIT6Q, STM32U599ZIY6QTR, STM32U599ZJT6Q, STM32U599ZJY6QTR, STM32U5A5AJH6, STM32U5A5AJH6Q, STM32U5A5QJI6, STM32U5A5QJI6Q, STM32U5A5RJT6, STM32U5A5RJT6Q, STM32U5A5VJT6, STM32U5A5VJT6Q, STM32U5A5ZJT6, STM32U5A5ZJT6Q, STM32U5A5ZJY6QTR, STM32U5A9BJY6QTR, STM32U5A9J-DK, STM32U5A9NJH6Q, STM32U5A9VJT6Q, STM32U5A9ZJT6Q, STM32U5A9ZJY6QTR, STM32U5F7VIT6, STM32U5F7VIT6Q, STM32U5F7VJT6, STM32U5F7VJT6Q, STM32U5F9BJY6QTR, STM32U5F9NJH6Q, STM32U5F9VIT6Q, STM32U5F9VJT6Q, STM32U5F9ZIJ6QTR, STM32U5F9ZIT6Q, STM32U5F9ZJJ6QTR, STM32U5F9ZJT6Q, STM32U5G7VJT6, STM32U5G7VJT6Q, STM32U5G9BJY6QTR, STM32U5G9J-DK1, STM32U5G9J-DK2, STM32U5G9NJH6Q, STM32U5G9VJT6Q, STM32U5G9ZJJ6QTR, STM32U5G9ZJT6Q, STM32WB1MMCH6, STM32WBA50KEU6, STM32WBA50KEU6TR, STM32WBA50KGU6, STM32WBA50KGU6TR, STM32WBA52CEU6, STM32WBA52CEU6TR, STM32WBA52CEU7, STM32WBA52CEU7TR, STM32WBA52CGU6, STM32WBA52CGU6TR, STM32WBA52CGU6U, STM32WBA52CGU7, STM32WBA52CGU7TR, STM32WBA52KEU6, STM32WBA52KEU6TR, STM32WBA52KGU6, STM32WBA52KGU6TR, STM32WBA54CEU6, STM32WBA54CEU6TR, STM32WBA54CEU7, STM32WBA54CEU7TR, STM32WBA54CGU6, STM32WBA54CGU6TR, STM32WBA54CGU7, STM32WBA54CGU7TR, STM32WBA54KEU6, STM32WBA54KEU6TR, STM32WBA54KEU7, STM32WBA54KEU7TR, STM32WBA54KGU6, STM32WBA54KGU6TR, STM32WBA54KGU7, STM32WBA54KGU7TR, STM32WBA55CEU6, STM32WBA55CEU6TR, STM32WBA55CEU7, STM32WBA55CEU7TR, STM32WBA55CGU6, STM32WBA55CGU6TR, STM32WBA55CGU6U, STM32WBA55CGU7, STM32WBA55CGU7TR, STM32WBA55G-DK1, STM32WBA55HEF6, STM32WBA55HEF7, STM32WBA55HGF6, STM32WBA55HGF7, STM32WBA55UEI6, STM32WBA55UEI6TR, STM32WBA55UEI7, STM32WBA55UEI7TR, STM32WBA55UGI6, STM32WBA55UGI6TR, STM32WBA55UGI7, STM32WBA55UGI7TR, STM32WL5MOCH6, STM32WL5MOCH6TR]
2024-06-21 16:34:17,084 [INFO] DbMcus:218 - Found 3930 MCUs, 3930 are supported
2024-06-21 16:34:17,086 [INFO] ApiDb:423 - Load user favorites file C:\Users\QUDUS/.stm32cubeide/favorites.mcus.txt: 0 item(s)
2024-06-21 16:34:17,087 [INFO] ApiDb:427 - User favorites MCUs=[]
2024-06-21 16:34:17,087 [INFO] DbMcus:224 - Set 0 / 0 favorites MCUs
2024-06-21 16:34:18,369 [INFO] MicroXplorer:468 - Change Database Path : 
2024-06-21 16:34:18,369 [INFO] MicroXplorer:498 - Change Database Version : DB.6.0.100
2024-06-21 16:34:18,370 [WARN] ThirdParty:833 - waiting for thirdparty lock release [change project]
2024-06-21 16:34:18,370 [INFO] ThirdParty:835 - entering critical section [change project]
2024-06-21 16:34:18,370 [INFO] ThirdParty:1030 - CMSIS Pack Vendor :STMicroelectronics USBPD 4.1
2024-06-21 16:34:18,370 [INFO] ThirdParty:1030 - CMSIS Pack Vendor :STMicroelectronics X-CUBE-GNSS1 6.0.0
2024-06-21 16:34:18,370 [INFO] ThirdParty:1030 - CMSIS Pack Vendor :STMicroelectronics USB_HOST 2.0.0
2024-06-21 16:34:18,371 [INFO] ThirdParty:1030 - CMSIS Pack Vendor :STMicroelectronics FP-SNS-MOTENVWB1 1.4.0
2024-06-21 16:34:18,371 [INFO] ThirdParty:1030 - CMSIS Pack Vendor :STMicroelectronics X-CUBE-AZRTOS-F4 1.1.0
2024-06-21 16:34:18,371 [INFO] ThirdParty:1030 - CMSIS Pack Vendor :STMicroelectronics LIBJPEG 8.0.0
2024-06-21 16:34:18,371 [INFO] ThirdParty:1030 - CMSIS Pack Vendor :wolfSSL I-CUBE-wolfSSL 5.6.4
2024-06-21 16:34:18,371 [INFO] ThirdParty:1030 - CMSIS Pack Vendor :STMicroelectronics X-CUBE-SMBUS 2.1.0
2024-06-21 16:34:18,371 [INFO] ThirdParty:1030 - CMSIS Pack Vendor :STMicroelectronics USB_DEVICE 3.0.0
2024-06-21 16:34:18,371 [INFO] ThirdParty:1030 - CMSIS Pack Vendor :STMicroelectronics X-CUBE-TCPP 4.1.0
2024-06-21 16:34:18,371 [INFO] ThirdParty:1030 - CMSIS Pack Vendor :STMicroelectronics X-CUBE-FREERTOS 1.2.0
2024-06-21 16:34:18,371 [INFO] ThirdParty:1030 - CMSIS Pack Vendor :STMicroelectronics X-CUBE-AZRTOS-WB 2.0.0
2024-06-21 16:34:18,372 [INFO] ThirdParty:1030 - CMSIS Pack Vendor :STMicroelectronics X-CUBE-TOUCHGFX 4.23.0
2024-06-21 16:34:18,372 [INFO] ThirdParty:1030 - CMSIS Pack Vendor :STMicroelectronics X-CUBE-TOUCHGFX 4.23.2
2024-06-21 16:34:18,372 [INFO] ThirdParty:1030 - CMSIS Pack Vendor :STMicroelectronics X-CUBE-AZRTOS-F7 1.1.0
2024-06-21 16:34:18,372 [INFO] ThirdParty:1030 - CMSIS Pack Vendor :STMicroelectronics X-CUBE-AZRTOS-L5 2.0.0
2024-06-21 16:34:18,372 [INFO] ThirdParty:1030 - CMSIS Pack Vendor :STMicroelectronics USB_DEVICE 2.0.0
2024-06-21 16:34:18,372 [INFO] ThirdParty:1030 - CMSIS Pack Vendor :STMicroelectronics X-CUBE-EEPRMA1 4.2.0
2024-06-21 16:34:18,372 [INFO] ThirdParty:1030 - CMSIS Pack Vendor :STMicroelectronics X-CUBE-NFC6 3.1.0
2024-06-21 16:34:18,373 [INFO] ThirdParty:1030 - CMSIS Pack Vendor :ITTIA_DB I-CUBE-ITTIADB 8.8.0
2024-06-21 16:34:18,373 [INFO] ThirdParty:1030 - CMSIS Pack Vendor :STMicroelectronics FP-SNS-MOTENV1 4.3.2
2024-06-21 16:34:18,373 [INFO] ThirdParty:1030 - CMSIS Pack Vendor :STMicroelectronics X-CUBE-ALGOBUILD 1.3.0
2024-06-21 16:34:18,373 [INFO] ThirdParty:1030 - CMSIS Pack Vendor :STMicroelectronics FreeRTOS 0.0.1
2024-06-21 16:34:18,373 [INFO] ThirdParty:1030 - CMSIS Pack Vendor :STMicroelectronics X-CUBE-AZRTOS-G0 1.1.0
2024-06-21 16:34:18,373 [INFO] ThirdParty:1030 - CMSIS Pack Vendor :STMicroelectronics X-CUBE-SAFEA1 1.2.2
2024-06-21 16:34:18,373 [INFO] ThirdParty:1030 - CMSIS Pack Vendor :STMicroelectronics X-CUBE-NFC4 3.0.0
2024-06-21 16:34:18,374 [INFO] ThirdParty:1030 - CMSIS Pack Vendor :STMicroelectronics X-CUBE-SUBG2 5.0.0
2024-06-21 16:34:18,374 [INFO] ThirdParty:1030 - CMSIS Pack Vendor :STMicroelectronics STM32_WPAN 1.0.0
2024-06-21 16:34:18,374 [INFO] ThirdParty:1030 - CMSIS Pack Vendor :STMicroelectronics lwIP 2.0.3
2024-06-21 16:34:18,374 [INFO] ThirdParty:1030 - CMSIS Pack Vendor :STMicroelectronics FP-SNS-FLIGHT1 5.0.2
2024-06-21 16:34:18,374 [INFO] ThirdParty:1030 - CMSIS Pack Vendor :Cesanta I-CUBE-Mongoose 7.13.0
2024-06-21 16:34:18,374 [INFO] ThirdParty:1030 - CMSIS Pack Vendor :STMicroelectronics USB_HOST 1.0.0
2024-06-21 16:34:18,374 [INFO] ThirdParty:1030 - CMSIS Pack Vendor :STMicroelectronics X-CUBE-AI 9.0.0
2024-06-21 16:34:18,374 [INFO] ThirdParty:1030 - CMSIS Pack Vendor :STMicroelectronics X-CUBE-AZRTOS-G4 2.0.0
2024-06-21 16:34:18,374 [INFO] ThirdParty:1030 - CMSIS Pack Vendor :STMicroelectronics PDM2PCM 3.1.0
2024-06-21 16:34:18,375 [INFO] ThirdParty:1030 - CMSIS Pack Vendor :Infineon AIROC-Wi-Fi-Bluetooth-STM32 1.5.1
2024-06-21 16:34:18,375 [INFO] ThirdParty:1030 - CMSIS Pack Vendor :STMicroelectronics X-CUBE-BLEMGR 3.0.0
2024-06-21 16:34:18,375 [INFO] ThirdParty:1030 - CMSIS Pack Vendor :STMicroelectronics PDM2PCM 3.3.0
2024-06-21 16:34:18,375 [INFO] ThirdParty:1030 - CMSIS Pack Vendor :STMicroelectronics X-CUBE-DISPLAY 3.0.0
2024-06-21 16:34:18,375 [INFO] ThirdParty:1030 - CMSIS Pack Vendor :STMicroelectronics FP-SNS-MOTENVWB1 1.3.1
2024-06-21 16:34:18,375 [INFO] ThirdParty:1030 - CMSIS Pack Vendor :STMicroelectronics X-CUBE-BLE1 7.0.0
2024-06-21 16:34:18,375 [INFO] ThirdParty:1030 - CMSIS Pack Vendor :STMicroelectronics FP-ATR-SIGFOX1 3.2.0
2024-06-21 16:34:18,375 [INFO] ThirdParty:1030 - CMSIS Pack Vendor :STMicroelectronics X-CUBE-ISPU 2.0.0
2024-06-21 16:34:18,376 [INFO] ThirdParty:1030 - CMSIS Pack Vendor :STMicroelectronics X-CUBE-EEPRMA1 5.1.0
2024-06-21 16:34:18,376 [INFO] ThirdParty:1030 - CMSIS Pack Vendor :STMicroelectronics HAL Drivers 0.0.0
2024-06-21 16:34:18,376 [INFO] ThirdParty:1030 - CMSIS Pack Vendor :STMicroelectronics MBEDTLS 2.16.2
2024-06-21 16:34:18,376 [INFO] ThirdParty:1030 - CMSIS Pack Vendor :STMicroelectronics X-CUBE-ALS 1.0.2
2024-06-21 16:34:18,376 [INFO] ThirdParty:1030 - CMSIS Pack Vendor :emotas I-CUBE-CANOPEN 1.3.0
2024-06-21 16:34:18,376 [INFO] ThirdParty:1030 - CMSIS Pack Vendor :STMicroelectronics X-CUBE-MEMS1 10.0.0
2024-06-21 16:34:18,376 [INFO] ThirdParty:1030 - CMSIS Pack Vendor :STMicroelectronics X-CUBE-FREERTOS 1.1.0
2024-06-21 16:34:18,376 [INFO] ThirdParty:1030 - CMSIS Pack Vendor :STMicroelectronics X-CUBE-NFC7 1.0.1
2024-06-21 16:34:18,376 [INFO] ThirdParty:1030 - CMSIS Pack Vendor :STMicroelectronics MBEDTLS 2.14.1
2024-06-21 16:34:18,377 [INFO] ThirdParty:1030 - CMSIS Pack Vendor :STMicroelectronics X-CUBE-TOUCHGFX 4.22.1
2024-06-21 16:34:18,377 [INFO] ThirdParty:1030 - CMSIS Pack Vendor :STMicroelectronics X-CUBE-NFC6 3.0.0
2024-06-21 16:34:18,377 [INFO] ThirdParty:1030 - CMSIS Pack Vendor :portGmbH I-Cube-SoM-uGOAL 1.1.0
2024-06-21 16:34:18,377 [INFO] ThirdParty:1030 - CMSIS Pack Vendor :STMicroelectronics X-CUBE-ALS 1.0.1
2024-06-21 16:34:18,377 [INFO] ThirdParty:1030 - CMSIS Pack Vendor :STMicroelectronics X-CUBE-BLEMGR 3.1.0
2024-06-21 16:34:18,377 [INFO] ThirdParty:1030 - CMSIS Pack Vendor :STMicroelectronics ThreadX 1.0.0
2024-06-21 16:34:18,377 [INFO] ThirdParty:1030 - CMSIS Pack Vendor :STMicroelectronics FP-SNS-SMARTAG2 1.2.0
2024-06-21 16:34:18,377 [INFO] ThirdParty:1030 - CMSIS Pack Vendor :STMicroelectronics X-CUBE-AZRTOS-WL 2.0.0
2024-06-21 16:34:18,377 [INFO] ThirdParty:1030 - CMSIS Pack Vendor :SEGGER I-CUBE-embOS 1.3.1
2024-06-21 16:34:18,378 [INFO] ThirdParty:1030 - CMSIS Pack Vendor :STMicroelectronics X-CUBE-ALGOBUILD 1.4.0
2024-06-21 16:34:18,378 [INFO] ThirdParty:1030 - CMSIS Pack Vendor :STMicroelectronics FP-SNS-MOTENV1 5.0.0
2024-06-21 16:34:18,378 [INFO] ThirdParty:1030 - CMSIS Pack Vendor :STMicroelectronics USB_DEVICE 1.0.0
2024-06-21 16:34:18,378 [INFO] ThirdParty:1030 - CMSIS Pack Vendor :STMicroelectronics X-CUBE-AI 8.1.0
2024-06-21 16:34:18,378 [INFO] ThirdParty:1030 - CMSIS Pack Vendor :STMicroelectronics X-CUBE-AZRTOS-H7RS 1.0.0
2024-06-21 16:34:18,378 [INFO] ThirdParty:1030 - CMSIS Pack Vendor :wolfSSL I-CUBE-wolfMQTT 1.19.0
2024-06-21 16:34:18,378 [INFO] ThirdParty:1030 - CMSIS Pack Vendor :STMicroelectronics X-CUBE-AZRTOS-L4 2.0.0
2024-06-21 16:34:18,378 [INFO] ThirdParty:1030 - CMSIS Pack Vendor :STMicroelectronics ThreadX 0.0.2
2024-06-21 16:34:18,378 [INFO] ThirdParty:1030 - CMSIS Pack Vendor :WES I-CUBE-Cesium 1.3.0
2024-06-21 16:34:18,378 [INFO] ThirdParty:1030 - CMSIS Pack Vendor :STMicroelectronics FP-ATR-ASTRA1 2.0.0
2024-06-21 16:34:18,378 [INFO] ThirdParty:1030 - CMSIS Pack Vendor :STMicroelectronics lwIP 2.1.2
2024-06-21 16:34:18,379 [INFO] ThirdParty:1030 - CMSIS Pack Vendor :STMicroelectronics X-CUBE-SFXS2LP1 4.0.0
2024-06-21 16:34:18,379 [INFO] ThirdParty:1030 - CMSIS Pack Vendor :STMicroelectronics X-CUBE-BLE2 3.3.0
2024-06-21 16:34:18,379 [INFO] ThirdParty:1030 - CMSIS Pack Vendor :STMicroelectronics X-CUBE-TOF1 3.4.0
2024-06-21 16:34:18,379 [INFO] ThirdParty:1030 - CMSIS Pack Vendor :STMicroelectronics X-CUBE-TOF1 3.4.1
2024-06-21 16:34:18,379 [INFO] ThirdParty:1030 - CMSIS Pack Vendor :STMicroelectronics X-CUBE-AZRTOS-H7 3.2.0
2024-06-21 16:34:18,379 [INFO] ThirdParty:1030 - CMSIS Pack Vendor :STMicroelectronics PDM2PCM 3.2.0
2024-06-21 16:34:18,379 [INFO] ThirdParty:841 - exiting critical section [change project]
2024-06-21 16:34:19,083 [INFO] PinOutPanel:1499 - setPackage(No Configuration,No Configuration)
2024-06-21 16:34:19,086 [INFO] PinOutPanel:1499 - setPackage(STM32F303K8Tx,LQFP32)
2024-06-21 16:34:22,159 [INFO] UtilMem:75 - Before build in PCC Used Memory: 238812160 Bytes (558891008)
2024-06-21 16:34:23,918 [INFO] UtilMem:75 - After build in PCC Used Memory: 299949528 Bytes (558891008)
2024-06-21 16:34:23,989 [INFO] IPUIPlugin:80 - create IPUIPlugin
2024-06-21 16:34:23,989 [INFO] IPUIPlugin:80 - create IPUIPlugin
2024-06-21 16:34:23,989 [INFO] IPUIPlugin:80 - create IPUIPlugin
2024-06-21 16:34:23,989 [INFO] IPUIPlugin:80 - create IPUIPlugin
2024-06-21 16:34:23,989 [INFO] IPUIPlugin:80 - create IPUIPlugin
2024-06-21 16:34:23,989 [INFO] IPUIPlugin:80 - create IPUIPlugin
2024-06-21 16:34:23,989 [INFO] IPUIPlugin:80 - create IPUIPlugin
2024-06-21 16:34:23,989 [INFO] IPUIPlugin:80 - create IPUIPlugin
2024-06-21 16:34:23,989 [INFO] IPUIPlugin:80 - create IPUIPlugin
2024-06-21 16:34:23,989 [INFO] IPUIPlugin:80 - create IPUIPlugin
2024-06-21 16:34:23,989 [INFO] IPUIPlugin:80 - create IPUIPlugin
2024-06-21 16:34:23,989 [INFO] IPUIPlugin:80 - create IPUIPlugin
2024-06-21 16:34:23,989 [INFO] IPUIPlugin:80 - create IPUIPlugin
2024-06-21 16:34:23,989 [INFO] IPUIPlugin:80 - create IPUIPlugin
2024-06-21 16:34:23,989 [INFO] IPUIPlugin:80 - create IPUIPlugin
2024-06-21 16:34:23,989 [INFO] IPUIPlugin:80 - create IPUIPlugin
2024-06-21 16:34:23,989 [INFO] IPUIPlugin:80 - create IPUIPlugin
2024-06-21 16:34:23,989 [INFO] IPUIPlugin:80 - create IPUIPlugin
2024-06-21 16:34:23,989 [INFO] IPUIPlugin:80 - create IPUIPlugin
2024-06-21 16:34:23,989 [INFO] IPUIPlugin:80 - create IPUIPlugin
2024-06-21 16:34:23,989 [INFO] IPUIPlugin:80 - create IPUIPlugin
2024-06-21 16:34:23,989 [INFO] IPUIPlugin:80 - create IPUIPlugin
2024-06-21 16:34:24,000 [INFO] IPUIPlugin:80 - create IPUIPlugin
2024-06-21 16:34:24,000 [INFO] IPUIPlugin:80 - create IPUIPlugin
2024-06-21 16:34:24,000 [INFO] IPUIPlugin:80 - create IPUIPlugin
2024-06-21 16:34:24,000 [INFO] IPUIPlugin:80 - create IPUIPlugin
2024-06-21 16:34:24,000 [INFO] IPUIPlugin:80 - create IPUIPlugin
2024-06-21 16:34:24,000 [INFO] IPUIPlugin:80 - create IPUIPlugin
2024-06-21 16:34:24,000 [INFO] IPUIPlugin:80 - create IPUIPlugin
2024-06-21 16:34:24,000 [INFO] IPUIPlugin:80 - create IPUIPlugin
2024-06-21 16:34:24,000 [INFO] IPUIPlugin:80 - create IPUIPlugin
2024-06-21 16:34:24,000 [INFO] IPUIPlugin:80 - create IPUIPlugin
2024-06-21 16:34:24,000 [INFO] IPUIPlugin:80 - create IPUIPlugin
2024-06-21 16:34:24,000 [INFO] IPUIPlugin:80 - create IPUIPlugin
2024-06-21 16:34:24,449 [INFO] CADModel:165 - CPN selected for project levelSTM32F303K8T6
2024-06-21 16:34:24,449 [INFO] CADModel:114 - Register for checkConnection events
2024-06-21 16:34:24,500 [INFO] OpenFileManager:343 - Restore cursor
