2023-12-30 14:24:40,759 [INFO] MainUpdater:2873 - connection check result : 10
2023-12-30 14:24:41,160 [INFO] McuFinderGlobals:76 - Set McuFinderConnectedMode to true
2023-12-30 14:24:41,731 [INFO] ServerAccessManage:473 - Download File mcusAds.json._tmp_
2023-12-30 14:24:42,063 [INFO] LoadUrlFilesThread:156 - End of LoadUrlFiles Thread
2023-12-30 14:24:42,320 [INFO] ServerAccessManage:473 - Download File cube-finder-db.zip
2023-12-30 14:24:44,791 [INFO] FileExtend:240 - Unzip File : cube-finder-db.zip
2023-12-30 14:24:44,792 [INFO] FileExtend:255 - Standard Zip Deflate
2023-12-30 14:24:46,589 [INFO] LoadUrlFilesThread:156 - End of LoadUrlFiles Thread
2023-12-30 14:24:47,218 [INFO] ServerAccessManage:473 - Download File crdb.zip
2023-12-30 14:24:47,389 [INFO] FileExtend:240 - Unzip File : crdb.zip
2023-12-30 14:24:47,390 [INFO] FileExtend:255 - Standard Zip Deflate
2023-12-30 14:24:47,715 [INFO] LoadUrlFilesThread:156 - End of LoadUrlFiles Thread
2023-12-30 14:24:48,222 [INFO] ServerAccessManage:473 - Download File tutoVideoDB.zip
2023-12-30 14:24:48,290 [INFO] FileExtend:240 - Unzip File : tutoVideoDB.zip
2023-12-30 14:24:48,290 [INFO] FileExtend:255 - Standard Zip Deflate
2023-12-30 14:24:48,459 [INFO] LoadUrlFilesThread:156 - End of LoadUrlFiles Thread
2023-12-30 14:24:48,653 [WARN] DbFile:41 - Overriding database path with different value: C:\Users\QUDUS\.stmcufinder\plugins\mcufinder/ => C:\Users\QUDUS\.stmcufinder\plugins\mcufinder
2023-12-30 14:24:48,779 [INFO] ServerAccessManage:473 - Download File api_config.json
2023-12-30 14:24:49,072 [INFO] LoadUrlFilesThread:156 - End of LoadUrlFiles Thread
2023-12-30 14:24:49,237 [INFO] DbMcusAds:53 - JSON generation date=Wed Nov 29 11:52:27 CET 2023 (1701255147349)
2023-12-30 14:24:49,243 [INFO] ApiDb:448 - Save user favorites file C:\Users\QUDUS/.stm32cubeide/favorites.mcus.txt: 0 item(s)
2023-12-30 14:24:49,243 [INFO] ApiDb:452 - User favorites MCUs=[]
2023-12-30 14:24:49,258 [INFO] ApiDb:581 - Connected to CubeFinder SQLite database (C:\Users\QUDUS\.stmcufinder\plugins\mcufinder\mcu\cube-finder-db.db)
2023-12-30 14:24:49,441 [INFO] ApiDb:668 - CubeFinder database Data Model version=2.1
2023-12-30 14:24:49,441 [INFO] ApiDb:669 - CubeFinder database Configuration version=3.0.39
2023-12-30 14:24:49,441 [INFO] ApiDb:670 - CubeFinder database generation date=2023-12-08 (1702028721)
2023-12-30 14:24:49,441 [INFO] ApiDb:671 - CubeFinder database FW Pack versions=[FP-ATR-ASTRA1_V2.0.0, FP-SNS-FLIGHT1_V5.0.1, FP-SNS-FLIGHT1_V5.0.2, FP-SNS-MOTENV1_V4.3.1, FP-SNS-MOTENV1_V4.3.2, FP-SNS-MOTENVWB1_V1.3.1, FP-SNS-SMARTAG2_V1.2.0, STM32Cube_FW_C0_V1.1.0, STM32Cube_FW_F4_V1.28.0, STM32Cube_FW_F7_V1.17.0, STM32Cube_FW_G0_V1.6.1, STM32Cube_FW_G4_V1.5.1, STM32Cube_FW_H5_V0.5.1, STM32Cube_FW_H5_V1.1.1, STM32Cube_FW_H5_V1.2.0RC2, STM32Cube_FW_H7_V1.11.0, STM32Cube_FW_L0_V1.12.2, STM32Cube_FW_L5_V1.5.0, STM32Cube_FW_U5_V1.3.0RC4, STM32Cube_FW_U5_V1.4.0, STM32Cube_FW_WBA_V1.0.0RC1, STM32Cube_FW_WBA_V1.1.0RC1, STM32Cube_FW_WBA_V1.2.0, STM32Cube_FW_WBA_V1.2.0RC2, STM32Cube_FW_WB_V1.15.0RC1, STM32Cube_FW_WB_V1.16.0, STM32Cube_FW_WB_V1.16.0RC2, STM32Cube_FW_WB_V1.18.0, STM32Cube_FW_WL_V1.3.0, X-CUBE-ALGOBUILD_V1.3.0, X-CUBE-ALS_V1.0.1, X-CUBE-AZRTOS-F4_V1.1.0, X-CUBE-AZRTOS-F7_V1.1.0, X-CUBE-AZRTOS-G0_V1.1.0, X-CUBE-AZRTOS-G4_V2.0.0, X-CUBE-AZRTOS-H7_V3.1.0, X-CUBE-AZRTOS-L4_V1.0.0, X-CUBE-AZRTOS-L4_V2.0.0, X-CUBE-AZRTOS-L5_V1.1.0, X-CUBE-AZRTOS-WB_V2.0.0, X-CUBE-AZRTOS-WL_V2.0.0, X-CUBE-BLE1_V7.0.0, X-CUBE-BLE2_V3.3.0, X-CUBE-BLEMGR_V3.0.0, X-CUBE-EEPRMA1_V4.1.0, X-CUBE-EEPRMA1_V4.2.0, X-CUBE-FREERTOS_V1.1.0, X-CUBE-GNSS1_V6.0.0, X-CUBE-MEMS1_V10.0.0, X-CUBE-MEMS1_V9.1.0, X-CUBE-MEMS1_V9.4.0, X-CUBE-MEMS1_V9.6.0, X-CUBE-NFC4_V3.0.0, X-CUBE-NFC7_V1.0.1, X-CUBE-SFXS2LP1_V4.0.0, X-CUBE-SUBG2_V5.0.0, X-CUBE-TOF1_V3.4.0]
2023-12-30 14:24:56,279 [INFO] ApiDb:240 - Found 371 in-development CPN: [B-G473E-ZEST1S, B-WB1M-WPAN1, B-WL5M-SUBG1, NUCLEO-C031C6, NUCLEO-H503RB, NUCLEO-H563ZI, NUCLEO-U545RE-Q, NUCLEO-U5A5ZJ-Q, NUCLEO-WBA52CG, NUCLEO-WBA55CG, STEVAL-MKBOXPRO, STEVAL-PROTEUS1, STEVAL-STWINBX1, STM320518-EVAL, STM32C0116-DK, STM32C011D6Y3TR, STM32C011D6Y6TR, STM32C011F4P3, STM32C011F4P6, STM32C011F4U3, STM32C011F4U6TR, STM32C011F6P3, STM32C011F6P6, STM32C011F6U3, STM32C011F6U6TR, STM32C011J4M3, STM32C011J4M6, STM32C011J6M3, STM32C011J6M6, STM32C0316-DK, STM32C031C4T3, STM32C031C4T6, STM32C031C4U3, STM32C031C4U6, STM32C031C6T3, STM32C031C6T6, STM32C031C6U3, STM32C031C6U6, STM32C031F4P3, STM32C031F4P6, STM32C031F6P3, STM32C031F6P6, STM32C031G4U3, STM32C031G4U6, STM32C031G6U3, STM32C031G6U6, STM32C031K4T3, STM32C031K4T6, STM32C031K4U3, STM32C031K4U6, STM32C031K6T3, STM32C031K6T6, STM32C031K6U3, STM32C031K6U6, STM32G071K8TXN, STM32G071K8UXN, STM32G081GBU6N, STM32G081KBT6N, STM32G081KBUXN, STM32G0B1CCT6N, STM32G0B1KCT6, STM32G0B1NEY6TR, STM32G0B1RCT6N, STM32G0C1CCT6, STM32G0C1CCT6N, STM32G0C1CCU6N, STM32G0C1CET6N, STM32G0C1CEU6N, STM32G0C1KCT6, STM32G0C1NEY6TR, STM32G0C1RCI6N, STM32G0C1RCT6N, STM32G0C1REI6N, STM32G0C1RET6N, STM32G0C1VCI6, STM32G0C1VEI6, STM32G471CCT6, STM32G471CCU6, STM32G471CET3, STM32G471CET6, STM32G471CEU3, STM32G471CEU6, STM32G471MCT6, STM32G471MET3, STM32G471MET6, STM32G471MEY6TR, STM32G471QCT6, STM32G471QET3, STM32G471RCT6, STM32G471RET3, STM32G471RET6, STM32G471VCH6, STM32G471VCI6, STM32G471VCT6, STM32G471VEH3, STM32G471VEH6, STM32G471VEI3, STM32G471VEI6, STM32G471VET3, STM32G471VET6, STM32G474CCT6, STM32H503CBT6, STM32H503CBU6, STM32H503EBY6TR, STM32H503KBU6, STM32H503RBT6, STM32H562AGI6, STM32H562AII6, STM32H562IGK6, STM32H562IGT6, STM32H562IIK6, STM32H562IIT6, STM32H562RGT6, STM32H562RGV6, STM32H562RIT6, STM32H562RIV6, STM32H562VGT6, STM32H562VIT6, STM32H562ZGT6, STM32H562ZIT6, STM32H563AGI6, STM32H563AII3Q, STM32H563AII6, STM32H563IGK6, STM32H563IGT6, STM32H563IIK3Q, STM32H563IIK6, STM32H563IIT3Q, STM32H563IIT6, STM32H563MIY3QTR, STM32H563RGT6, STM32H563RGV6, STM32H563RIT6, STM32H563RIV6, STM32H563VGT6, STM32H563VIT3Q, STM32H563VIT6, STM32H563ZGT6, STM32H563ZIT3Q, STM32H563ZIT6, STM32H573AII3Q, STM32H573AII6, STM32H573I-DK, STM32H573IIK3Q, STM32H573IIK6, STM32H573IIT3Q, STM32H573IIT6, STM32H573MIY3QTR, STM32H573RIT6, STM32H573RIV6, STM32H573VIT3Q, STM32H573VIT6, STM32H573ZIT3Q, STM32H573ZIT6, STM32L4R5QGI6STR, STM32MP131AAE3, STM32MP131AAF3, STM32MP131AAG3, STM32MP131CAE3, STM32MP131CAF3, STM32MP131CAG3, STM32MP131DAE7, STM32MP131DAF7, STM32MP131DAG7, STM32MP131FAE7, STM32MP131FAF7, STM32MP131FAG7, STM32MP133AAE3, STM32MP133AAF3, STM32MP133AAG3, STM32MP133CAE3, STM32MP133CAF3, STM32MP133CAG3, STM32MP133DAE7, STM32MP133DAF7, STM32MP133DAG7, STM32MP133FAE7, STM32MP133FAF7, STM32MP133FAG7, STM32MP135AAE3, STM32MP135AAF3, STM32MP135AAG3, STM32MP135CAE3, STM32MP135CAF3, STM32MP135CAG3, STM32MP135DAE7, STM32MP135DAF7, STM32MP135DAG7, STM32MP135F-DK, STM32MP135FAE7, STM32MP135FAF7, STM32MP135FAF7T, STM32MP135FAF7U, STM32MP135FAG7, STM32U535CBT6, STM32U535CBT6Q, STM32U535CBU6, STM32U535CBU6Q, STM32U535CCT6, STM32U535CCT6Q, STM32U535CCU6, STM32U535CCU6Q, STM32U535CET6, STM32U535CET6Q, STM32U535CEU6, STM32U535CEU6Q, STM32U535JEY6QTR, STM32U535NCY6QTR, STM32U535NEY6QTR, STM32U535RBI6, STM32U535RBI6Q, STM32U535RBT6, STM32U535RBT6Q, STM32U535RCI6, STM32U535RCI6Q, STM32U535RCT6, STM32U535RCT6Q, STM32U535REI6, STM32U535REI6Q, STM32U535RET6, STM32U535RET6Q, STM32U535VCI6, STM32U535VCI6Q, STM32U535VCT6, STM32U535VCT6Q, STM32U535VEI6, STM32U535VEI6Q, STM32U535VET6, STM32U535VET6Q, STM32U545CET6, STM32U545CET6Q, STM32U545CEU6, STM32U545CEU6Q, STM32U545JEY6QTR, STM32U545NEY6QTR, STM32U545REI6, STM32U545REI6Q, STM32U545RET6, STM32U545RET6Q, STM32U545VEI6, STM32U545VEI6Q, STM32U545VET6, STM32U545VET6Q, STM32U595AIH6, STM32U595AIH6Q, STM32U595AJH6, STM32U595AJH6Q, STM32U595QII6, STM32U595QII6Q, STM32U595QJI6, STM32U595QJI6Q, STM32U595RIT6, STM32U595RIT6Q, STM32U595RJT6, STM32U595RJT6Q, STM32U595VIT6, STM32U595VIT6Q, STM32U595VJT6, STM32U595VJT6Q, STM32U595ZIT6, STM32U595ZIT6Q, STM32U595ZIY6QTR, STM32U595ZJT6, STM32U595ZJT6Q, STM32U595ZJY6QTR, STM32U599BJY6QTR, STM32U599NIH6Q, STM32U599NJH6Q, STM32U599VIT6Q, STM32U599VJT6, STM32U599VJT6Q, STM32U599ZIT6Q, STM32U599ZIY6QTR, STM32U599ZJT6Q, STM32U599ZJY6QTR, STM32U5A5AJH6, STM32U5A5AJH6Q, STM32U5A5QJI6, STM32U5A5QJI6Q, STM32U5A5RJT6, STM32U5A5RJT6Q, STM32U5A5VJT6, STM32U5A5VJT6Q, STM32U5A5ZJT6, STM32U5A5ZJT6Q, STM32U5A5ZJY6QTR, STM32U5A9BJY6QTR, STM32U5A9J-DK, STM32U5A9NJH6Q, STM32U5A9VJT6Q, STM32U5A9ZJT6Q, STM32U5A9ZJY6QTR, STM32U5F7VIT6, STM32U5F7VIT6Q, STM32U5F7VJT6, STM32U5F7VJT6Q, STM32U5F9BJY6QTR, STM32U5F9NJH6Q, STM32U5F9VIT6Q, STM32U5F9VJT6Q, STM32U5F9ZIJ6QTR, STM32U5F9ZIT6Q, STM32U5F9ZJJ6QTR, STM32U5F9ZJT6Q, STM32U5G7VJT6, STM32U5G7VJT6Q, STM32U5G9BJY6QTR, STM32U5G9J-DK1, STM32U5G9J-DK2, STM32U5G9NJH6Q, STM32U5G9VJT6Q, STM32U5G9ZJJ6QTR, STM32U5G9ZJT6Q, STM32WB1MMCH6, STM32WBA50KEU6, STM32WBA50KEU6TR, STM32WBA50KGU6, STM32WBA50KGU6TR, STM32WBA52CEU6, STM32WBA52CEU6TR, STM32WBA52CEU7, STM32WBA52CEU7TR, STM32WBA52CGU6, STM32WBA52CGU6TR, STM32WBA52CGU6U, STM32WBA52CGU7, STM32WBA52CGU7TR, STM32WBA52KEU6, STM32WBA52KEU6TR, STM32WBA52KGU6, STM32WBA52KGU6TR, STM32WBA54CEU6, STM32WBA54CEU6TR, STM32WBA54CEU7, STM32WBA54CEU7TR, STM32WBA54CGU6, STM32WBA54CGU6TR, STM32WBA54CGU7, STM32WBA54CGU7TR, STM32WBA54KEU6, STM32WBA54KEU6TR, STM32WBA54KEU7, STM32WBA54KEU7TR, STM32WBA54KGU6, STM32WBA54KGU6TR, STM32WBA54KGU7, STM32WBA54KGU7TR, STM32WBA55CEU6, STM32WBA55CEU6TR, STM32WBA55CEU7, STM32WBA55CEU7TR, STM32WBA55CGU6, STM32WBA55CGU6TR, STM32WBA55CGU6U, STM32WBA55CGU7, STM32WBA55CGU7TR, STM32WBA55G-DK1, STM32WBA55HEF6, STM32WBA55HEF7, STM32WBA55HGF6, STM32WBA55HGF7, STM32WBA55UEI6, STM32WBA55UEI6TR, STM32WBA55UEI7, STM32WBA55UEI7TR, STM32WBA55UGI6, STM32WBA55UGI6TR, STM32WBA55UGI7, STM32WBA55UGI7TR, STM32WL5MOCH6, STM32WL5MOCH6TR]
2023-12-30 14:24:56,286 [INFO] DbMcus:218 - Found 3930 MCUs, 3930 are supported
2023-12-30 14:24:56,287 [INFO] ApiDb:423 - Load user favorites file C:\Users\QUDUS/.stm32cubeide/favorites.mcus.txt: 0 item(s)
2023-12-30 14:24:56,287 [INFO] ApiDb:427 - User favorites MCUs=[]
2023-12-30 14:24:56,287 [INFO] DbMcus:224 - Set 0 / 0 favorites MCUs
2023-12-30 14:24:56,983 [INFO] ApiDb:448 - Save user favorites file C:\Users\QUDUS/.stm32cubeide/favorites.boards.txt: 0 item(s)
2023-12-30 14:24:56,983 [INFO] ApiDb:452 - User favorites Boards=[]
2023-12-30 14:24:56,989 [INFO] ApiDb:581 - Connected to CubeFinder SQLite database (C:\Users\QUDUS\.stmcufinder\plugins\mcufinder\mcu\cube-finder-db.db)
2023-12-30 14:24:57,333 [INFO] ApiDb:668 - CubeFinder database Data Model version=2.1
2023-12-30 14:24:57,333 [INFO] ApiDb:669 - CubeFinder database Configuration version=3.0.39
2023-12-30 14:24:57,333 [INFO] ApiDb:670 - CubeFinder database generation date=2023-12-08 (1702028721)
2023-12-30 14:24:57,333 [INFO] ApiDb:671 - CubeFinder database FW Pack versions=[FP-ATR-ASTRA1_V2.0.0, FP-SNS-FLIGHT1_V5.0.1, FP-SNS-FLIGHT1_V5.0.2, FP-SNS-MOTENV1_V4.3.1, FP-SNS-MOTENV1_V4.3.2, FP-SNS-MOTENVWB1_V1.3.1, FP-SNS-SMARTAG2_V1.2.0, STM32Cube_FW_C0_V1.1.0, STM32Cube_FW_F4_V1.28.0, STM32Cube_FW_F7_V1.17.0, STM32Cube_FW_G0_V1.6.1, STM32Cube_FW_G4_V1.5.1, STM32Cube_FW_H5_V0.5.1, STM32Cube_FW_H5_V1.1.1, STM32Cube_FW_H5_V1.2.0RC2, STM32Cube_FW_H7_V1.11.0, STM32Cube_FW_L0_V1.12.2, STM32Cube_FW_L5_V1.5.0, STM32Cube_FW_U5_V1.3.0RC4, STM32Cube_FW_U5_V1.4.0, STM32Cube_FW_WBA_V1.0.0RC1, STM32Cube_FW_WBA_V1.1.0RC1, STM32Cube_FW_WBA_V1.2.0, STM32Cube_FW_WBA_V1.2.0RC2, STM32Cube_FW_WB_V1.15.0RC1, STM32Cube_FW_WB_V1.16.0, STM32Cube_FW_WB_V1.16.0RC2, STM32Cube_FW_WB_V1.18.0, STM32Cube_FW_WL_V1.3.0, X-CUBE-ALGOBUILD_V1.3.0, X-CUBE-ALS_V1.0.1, X-CUBE-AZRTOS-F4_V1.1.0, X-CUBE-AZRTOS-F7_V1.1.0, X-CUBE-AZRTOS-G0_V1.1.0, X-CUBE-AZRTOS-G4_V2.0.0, X-CUBE-AZRTOS-H7_V3.1.0, X-CUBE-AZRTOS-L4_V1.0.0, X-CUBE-AZRTOS-L4_V2.0.0, X-CUBE-AZRTOS-L5_V1.1.0, X-CUBE-AZRTOS-WB_V2.0.0, X-CUBE-AZRTOS-WL_V2.0.0, X-CUBE-BLE1_V7.0.0, X-CUBE-BLE2_V3.3.0, X-CUBE-BLEMGR_V3.0.0, X-CUBE-EEPRMA1_V4.1.0, X-CUBE-EEPRMA1_V4.2.0, X-CUBE-FREERTOS_V1.1.0, X-CUBE-GNSS1_V6.0.0, X-CUBE-MEMS1_V10.0.0, X-CUBE-MEMS1_V9.1.0, X-CUBE-MEMS1_V9.4.0, X-CUBE-MEMS1_V9.6.0, X-CUBE-NFC4_V3.0.0, X-CUBE-NFC7_V1.0.1, X-CUBE-SFXS2LP1_V4.0.0, X-CUBE-SUBG2_V5.0.0, X-CUBE-TOF1_V3.4.0]
2023-12-30 14:24:57,554 [INFO] DbBoardsSqlite:226 - include board P-NUCLEO-WB55-NUCLEO as a kit item of type 'Nucleo-64'
2023-12-30 14:24:57,555 [INFO] DbBoardsSqlite:226 - include board P-NUCLEO-WB55-USBDONGLE as a kit item of type 'Nucleo USB Dongle'
2023-12-30 14:24:57,555 [INFO] DbBoardsSqlite:226 - include board STEVAL-IDP005V1 as a kit item of type 'Evaluation Board'
2023-12-30 14:24:57,555 [INFO] DbBoardsSqlite:226 - include board STEVAL-IDP005V2 as a kit item of type 'Evaluation Board'
2023-12-30 14:24:57,659 [INFO] ApiDb:240 - Found 371 in-development CPN: [B-G473E-ZEST1S, B-WB1M-WPAN1, B-WL5M-SUBG1, NUCLEO-C031C6, NUCLEO-H503RB, NUCLEO-H563ZI, NUCLEO-U545RE-Q, NUCLEO-U5A5ZJ-Q, NUCLEO-WBA52CG, NUCLEO-WBA55CG, STEVAL-MKBOXPRO, STEVAL-PROTEUS1, STEVAL-STWINBX1, STM320518-EVAL, STM32C0116-DK, STM32C011D6Y3TR, STM32C011D6Y6TR, STM32C011F4P3, STM32C011F4P6, STM32C011F4U3, STM32C011F4U6TR, STM32C011F6P3, STM32C011F6P6, STM32C011F6U3, STM32C011F6U6TR, STM32C011J4M3, STM32C011J4M6, STM32C011J6M3, STM32C011J6M6, STM32C0316-DK, STM32C031C4T3, STM32C031C4T6, STM32C031C4U3, STM32C031C4U6, STM32C031C6T3, STM32C031C6T6, STM32C031C6U3, STM32C031C6U6, STM32C031F4P3, STM32C031F4P6, STM32C031F6P3, STM32C031F6P6, STM32C031G4U3, STM32C031G4U6, STM32C031G6U3, STM32C031G6U6, STM32C031K4T3, STM32C031K4T6, STM32C031K4U3, STM32C031K4U6, STM32C031K6T3, STM32C031K6T6, STM32C031K6U3, STM32C031K6U6, STM32G071K8TXN, STM32G071K8UXN, STM32G081GBU6N, STM32G081KBT6N, STM32G081KBUXN, STM32G0B1CCT6N, STM32G0B1KCT6, STM32G0B1NEY6TR, STM32G0B1RCT6N, STM32G0C1CCT6, STM32G0C1CCT6N, STM32G0C1CCU6N, STM32G0C1CET6N, STM32G0C1CEU6N, STM32G0C1KCT6, STM32G0C1NEY6TR, STM32G0C1RCI6N, STM32G0C1RCT6N, STM32G0C1REI6N, STM32G0C1RET6N, STM32G0C1VCI6, STM32G0C1VEI6, STM32G471CCT6, STM32G471CCU6, STM32G471CET3, STM32G471CET6, STM32G471CEU3, STM32G471CEU6, STM32G471MCT6, STM32G471MET3, STM32G471MET6, STM32G471MEY6TR, STM32G471QCT6, STM32G471QET3, STM32G471RCT6, STM32G471RET3, STM32G471RET6, STM32G471VCH6, STM32G471VCI6, STM32G471VCT6, STM32G471VEH3, STM32G471VEH6, STM32G471VEI3, STM32G471VEI6, STM32G471VET3, STM32G471VET6, STM32G474CCT6, STM32H503CBT6, STM32H503CBU6, STM32H503EBY6TR, STM32H503KBU6, STM32H503RBT6, STM32H562AGI6, STM32H562AII6, STM32H562IGK6, STM32H562IGT6, STM32H562IIK6, STM32H562IIT6, STM32H562RGT6, STM32H562RGV6, STM32H562RIT6, STM32H562RIV6, STM32H562VGT6, STM32H562VIT6, STM32H562ZGT6, STM32H562ZIT6, STM32H563AGI6, STM32H563AII3Q, STM32H563AII6, STM32H563IGK6, STM32H563IGT6, STM32H563IIK3Q, STM32H563IIK6, STM32H563IIT3Q, STM32H563IIT6, STM32H563MIY3QTR, STM32H563RGT6, STM32H563RGV6, STM32H563RIT6, STM32H563RIV6, STM32H563VGT6, STM32H563VIT3Q, STM32H563VIT6, STM32H563ZGT6, STM32H563ZIT3Q, STM32H563ZIT6, STM32H573AII3Q, STM32H573AII6, STM32H573I-DK, STM32H573IIK3Q, STM32H573IIK6, STM32H573IIT3Q, STM32H573IIT6, STM32H573MIY3QTR, STM32H573RIT6, STM32H573RIV6, STM32H573VIT3Q, STM32H573VIT6, STM32H573ZIT3Q, STM32H573ZIT6, STM32L4R5QGI6STR, STM32MP131AAE3, STM32MP131AAF3, STM32MP131AAG3, STM32MP131CAE3, STM32MP131CAF3, STM32MP131CAG3, STM32MP131DAE7, STM32MP131DAF7, STM32MP131DAG7, STM32MP131FAE7, STM32MP131FAF7, STM32MP131FAG7, STM32MP133AAE3, STM32MP133AAF3, STM32MP133AAG3, STM32MP133CAE3, STM32MP133CAF3, STM32MP133CAG3, STM32MP133DAE7, STM32MP133DAF7, STM32MP133DAG7, STM32MP133FAE7, STM32MP133FAF7, STM32MP133FAG7, STM32MP135AAE3, STM32MP135AAF3, STM32MP135AAG3, STM32MP135CAE3, STM32MP135CAF3, STM32MP135CAG3, STM32MP135DAE7, STM32MP135DAF7, STM32MP135DAG7, STM32MP135F-DK, STM32MP135FAE7, STM32MP135FAF7, STM32MP135FAF7T, STM32MP135FAF7U, STM32MP135FAG7, STM32U535CBT6, STM32U535CBT6Q, STM32U535CBU6, STM32U535CBU6Q, STM32U535CCT6, STM32U535CCT6Q, STM32U535CCU6, STM32U535CCU6Q, STM32U535CET6, STM32U535CET6Q, STM32U535CEU6, STM32U535CEU6Q, STM32U535JEY6QTR, STM32U535NCY6QTR, STM32U535NEY6QTR, STM32U535RBI6, STM32U535RBI6Q, STM32U535RBT6, STM32U535RBT6Q, STM32U535RCI6, STM32U535RCI6Q, STM32U535RCT6, STM32U535RCT6Q, STM32U535REI6, STM32U535REI6Q, STM32U535RET6, STM32U535RET6Q, STM32U535VCI6, STM32U535VCI6Q, STM32U535VCT6, STM32U535VCT6Q, STM32U535VEI6, STM32U535VEI6Q, STM32U535VET6, STM32U535VET6Q, STM32U545CET6, STM32U545CET6Q, STM32U545CEU6, STM32U545CEU6Q, STM32U545JEY6QTR, STM32U545NEY6QTR, STM32U545REI6, STM32U545REI6Q, STM32U545RET6, STM32U545RET6Q, STM32U545VEI6, STM32U545VEI6Q, STM32U545VET6, STM32U545VET6Q, STM32U595AIH6, STM32U595AIH6Q, STM32U595AJH6, STM32U595AJH6Q, STM32U595QII6, STM32U595QII6Q, STM32U595QJI6, STM32U595QJI6Q, STM32U595RIT6, STM32U595RIT6Q, STM32U595RJT6, STM32U595RJT6Q, STM32U595VIT6, STM32U595VIT6Q, STM32U595VJT6, STM32U595VJT6Q, STM32U595ZIT6, STM32U595ZIT6Q, STM32U595ZIY6QTR, STM32U595ZJT6, STM32U595ZJT6Q, STM32U595ZJY6QTR, STM32U599BJY6QTR, STM32U599NIH6Q, STM32U599NJH6Q, STM32U599VIT6Q, STM32U599VJT6, STM32U599VJT6Q, STM32U599ZIT6Q, STM32U599ZIY6QTR, STM32U599ZJT6Q, STM32U599ZJY6QTR, STM32U5A5AJH6, STM32U5A5AJH6Q, STM32U5A5QJI6, STM32U5A5QJI6Q, STM32U5A5RJT6, STM32U5A5RJT6Q, STM32U5A5VJT6, STM32U5A5VJT6Q, STM32U5A5ZJT6, STM32U5A5ZJT6Q, STM32U5A5ZJY6QTR, STM32U5A9BJY6QTR, STM32U5A9J-DK, STM32U5A9NJH6Q, STM32U5A9VJT6Q, STM32U5A9ZJT6Q, STM32U5A9ZJY6QTR, STM32U5F7VIT6, STM32U5F7VIT6Q, STM32U5F7VJT6, STM32U5F7VJT6Q, STM32U5F9BJY6QTR, STM32U5F9NJH6Q, STM32U5F9VIT6Q, STM32U5F9VJT6Q, STM32U5F9ZIJ6QTR, STM32U5F9ZIT6Q, STM32U5F9ZJJ6QTR, STM32U5F9ZJT6Q, STM32U5G7VJT6, STM32U5G7VJT6Q, STM32U5G9BJY6QTR, STM32U5G9J-DK1, STM32U5G9J-DK2, STM32U5G9NJH6Q, STM32U5G9VJT6Q, STM32U5G9ZJJ6QTR, STM32U5G9ZJT6Q, STM32WB1MMCH6, STM32WBA50KEU6, STM32WBA50KEU6TR, STM32WBA50KGU6, STM32WBA50KGU6TR, STM32WBA52CEU6, STM32WBA52CEU6TR, STM32WBA52CEU7, STM32WBA52CEU7TR, STM32WBA52CGU6, STM32WBA52CGU6TR, STM32WBA52CGU6U, STM32WBA52CGU7, STM32WBA52CGU7TR, STM32WBA52KEU6, STM32WBA52KEU6TR, STM32WBA52KGU6, STM32WBA52KGU6TR, STM32WBA54CEU6, STM32WBA54CEU6TR, STM32WBA54CEU7, STM32WBA54CEU7TR, STM32WBA54CGU6, STM32WBA54CGU6TR, STM32WBA54CGU7, STM32WBA54CGU7TR, STM32WBA54KEU6, STM32WBA54KEU6TR, STM32WBA54KEU7, STM32WBA54KEU7TR, STM32WBA54KGU6, STM32WBA54KGU6TR, STM32WBA54KGU7, STM32WBA54KGU7TR, STM32WBA55CEU6, STM32WBA55CEU6TR, STM32WBA55CEU7, STM32WBA55CEU7TR, STM32WBA55CGU6, STM32WBA55CGU6TR, STM32WBA55CGU6U, STM32WBA55CGU7, STM32WBA55CGU7TR, STM32WBA55G-DK1, STM32WBA55HEF6, STM32WBA55HEF7, STM32WBA55HGF6, STM32WBA55HGF7, STM32WBA55UEI6, STM32WBA55UEI6TR, STM32WBA55UEI7, STM32WBA55UEI7TR, STM32WBA55UGI6, STM32WBA55UGI6TR, STM32WBA55UGI7, STM32WBA55UGI7TR, STM32WL5MOCH6, STM32WL5MOCH6TR]
2023-12-30 14:24:58,169 [INFO] BoardInfo:889 - No configuration file found for board P-NUCLEO-WB55
2023-12-30 14:24:58,170 [INFO] DbBoards:161 - Kit is not supported: P-NUCLEO-WB55
2023-12-30 14:24:58,185 [INFO] BoardInfo:889 - No configuration file found for board STEVAL-BFA001V1B
2023-12-30 14:24:58,187 [INFO] DbBoards:161 - Kit is not supported: STEVAL-BFA001V1B
2023-12-30 14:24:58,189 [INFO] BoardInfo:889 - No configuration file found for board STEVAL-BFA001V2B
2023-12-30 14:24:58,190 [INFO] DbBoards:161 - Kit is not supported: STEVAL-BFA001V2B
2023-12-30 14:24:58,567 [INFO] DbBoards:168 - Found 193 boards, 190 are supported
2023-12-30 14:24:58,567 [INFO] DbBoards:169 - Found 193 boards, 3 of them is supported for  Bsp
2023-12-30 14:24:58,570 [INFO] ApiDb:423 - Load user favorites file C:\Users\QUDUS/.stm32cubeide/favorites.boards.txt: 0 item(s)
2023-12-30 14:24:58,570 [INFO] ApiDb:427 - User favorites Boards=[]
2023-12-30 14:24:58,570 [INFO] DbBoards:198 - Set 0 / 0 favorites Boards
2023-12-30 14:24:58,720 [INFO] LoadUrlFilesThread:185 - End of LoadServerUrlFiles without Thread
2023-12-30 14:24:58,721 [INFO] TargetSelectorAdapter:259 - Refresh data is successful
2023-12-30 14:24:58,742 [INFO] ApiDb:668 - CubeFinder database Data Model version=2.1
2023-12-30 14:24:58,742 [INFO] ApiDb:669 - CubeFinder database Configuration version=3.0.39
2023-12-30 14:24:58,744 [INFO] ApiDb:670 - CubeFinder database generation date=2023-12-08 (1702028721)
2023-12-30 14:24:58,744 [INFO] ApiDb:671 - CubeFinder database FW Pack versions=[FP-ATR-ASTRA1_V2.0.0, FP-SNS-FLIGHT1_V5.0.1, FP-SNS-FLIGHT1_V5.0.2, FP-SNS-MOTENV1_V4.3.1, FP-SNS-MOTENV1_V4.3.2, FP-SNS-MOTENVWB1_V1.3.1, FP-SNS-SMARTAG2_V1.2.0, STM32Cube_FW_C0_V1.1.0, STM32Cube_FW_F4_V1.28.0, STM32Cube_FW_F7_V1.17.0, STM32Cube_FW_G0_V1.6.1, STM32Cube_FW_G4_V1.5.1, STM32Cube_FW_H5_V0.5.1, STM32Cube_FW_H5_V1.1.1, STM32Cube_FW_H5_V1.2.0RC2, STM32Cube_FW_H7_V1.11.0, STM32Cube_FW_L0_V1.12.2, STM32Cube_FW_L5_V1.5.0, STM32Cube_FW_U5_V1.3.0RC4, STM32Cube_FW_U5_V1.4.0, STM32Cube_FW_WBA_V1.0.0RC1, STM32Cube_FW_WBA_V1.1.0RC1, STM32Cube_FW_WBA_V1.2.0, STM32Cube_FW_WBA_V1.2.0RC2, STM32Cube_FW_WB_V1.15.0RC1, STM32Cube_FW_WB_V1.16.0, STM32Cube_FW_WB_V1.16.0RC2, STM32Cube_FW_WB_V1.18.0, STM32Cube_FW_WL_V1.3.0, X-CUBE-ALGOBUILD_V1.3.0, X-CUBE-ALS_V1.0.1, X-CUBE-AZRTOS-F4_V1.1.0, X-CUBE-AZRTOS-F7_V1.1.0, X-CUBE-AZRTOS-G0_V1.1.0, X-CUBE-AZRTOS-G4_V2.0.0, X-CUBE-AZRTOS-H7_V3.1.0, X-CUBE-AZRTOS-L4_V1.0.0, X-CUBE-AZRTOS-L4_V2.0.0, X-CUBE-AZRTOS-L5_V1.1.0, X-CUBE-AZRTOS-WB_V2.0.0, X-CUBE-AZRTOS-WL_V2.0.0, X-CUBE-BLE1_V7.0.0, X-CUBE-BLE2_V3.3.0, X-CUBE-BLEMGR_V3.0.0, X-CUBE-EEPRMA1_V4.1.0, X-CUBE-EEPRMA1_V4.2.0, X-CUBE-FREERTOS_V1.1.0, X-CUBE-GNSS1_V6.0.0, X-CUBE-MEMS1_V10.0.0, X-CUBE-MEMS1_V9.1.0, X-CUBE-MEMS1_V9.4.0, X-CUBE-MEMS1_V9.6.0, X-CUBE-NFC4_V3.0.0, X-CUBE-NFC7_V1.0.1, X-CUBE-SFXS2LP1_V4.0.0, X-CUBE-SUBG2_V5.0.0, X-CUBE-TOF1_V3.4.0]
2023-12-30 14:25:01,170 [ERROR] DbExamplesSqlite:437 - Missing JSON key: board_cpn
2023-12-30 14:25:01,170 [ERROR] DbExamplesSqlite:437 - Missing JSON key: board_cpn
2023-12-30 14:25:01,170 [ERROR] DbExamplesSqlite:437 - Missing JSON key: board_cpn
2023-12-30 14:25:01,171 [ERROR] DbExamplesSqlite:437 - Missing JSON key: board_cpn
2023-12-30 14:25:01,264 [INFO] DbExamplesSqlite:395 - Ignored 55 examples not supported by CubeIDE
2023-12-30 14:25:01,264 [INFO] DbExamplesSqlite:396 - Found 7560 examples active
2023-12-30 14:25:01,265 [INFO] DbExamplesSqlite:397 - Found 844 examples obsolete
2023-12-30 14:25:01,265 [INFO] DbExamplesSqlite:398 - Found 0 examples under development
2023-12-30 14:25:01,265 [INFO] DbExamplesSqlite:399 - Found 8 examples not building
2023-12-30 14:25:01,267 [INFO] DbExamples:125 - Found 7513 examples
2023-12-30 14:25:01,289 [INFO] DbExamples:222 - Found 95 boards with related examples
2023-12-30 14:25:01,292 [INFO] DbExamples:235 - Found 80 MCUs with related examples
2023-12-30 14:25:01,332 [INFO] ApiDb:414 - User favorites file not found: C:\Users\QUDUS/.stm32cubeide/favorites.examples.txt
2023-12-30 14:25:01,332 [INFO] DbExamples:250 - Set 0 / 0 favorites Examples
2023-12-30 14:25:02,287 [INFO] McuFinderGlobals:76 - Set McuFinderConnectedMode to true
2023-12-30 14:25:02,289 [INFO] MultiScanPanel:200 - Auto-refresh data requested => check proxy status ongoing
2023-12-30 14:25:02,290 [INFO] FinderPluginLoader:95 - Searching for filters in installed packs
2023-12-30 14:25:03,815 [INFO] LoadUrlFilesThread:185 - End of LoadServerUrlFiles without Thread
2023-12-30 14:25:03,815 [INFO] DetailPanel:341 - Set advertising image to C:/Users/QUDUS/STM32Cube/Repository/\en.prom-stm32wl3-mcu-finder.jpg
2023-12-30 14:25:37,320 [INFO] McuFinderGlobals:76 - Set McuFinderConnectedMode to true
2023-12-30 14:25:37,706 [INFO] ApiDb:448 - Save user favorites file C:\Users\QUDUS/.stm32cubeide/favorites.mcus.txt: 0 item(s)
2023-12-30 14:25:37,706 [INFO] ApiDb:452 - User favorites MCUs=[]
2023-12-30 14:25:48,019 [INFO] MainUpdater:2873 - connection check result : 10
2023-12-30 14:25:49,018 [INFO] McuFinderGlobals:76 - Set McuFinderConnectedMode to true
2023-12-30 14:25:49,019 [INFO] MultiScanPanel:200 - Auto-refresh data requested => check proxy status ongoing
2023-12-30 14:25:49,020 [INFO] FinderPluginLoader:95 - Searching for filters in installed packs
2023-12-30 14:25:50,961 [INFO] LoadUrlFilesThread:185 - End of LoadServerUrlFiles without Thread
2023-12-30 14:25:50,962 [INFO] DetailPanel:341 - Set advertising image to C:/Users/QUDUS/STM32Cube/Repository/\en.prom-stm32wl3-mcu-finder.jpg
2023-12-30 14:25:52,523 [INFO] MultiScanPanel:728 - adjusting invalid saved split location: -0.12
2023-12-30 14:25:53,040 [INFO] MultiScanPanel:728 - adjusting invalid saved split location: -0.12
2023-12-30 14:27:20,410 [INFO] McuFinderGlobals:76 - Set McuFinderConnectedMode to true
2023-12-30 14:27:20,607 [INFO] ApiDb:448 - Save user favorites file C:\Users\QUDUS/.stm32cubeide/favorites.mcus.txt: 0 item(s)
2023-12-30 14:27:20,607 [INFO] ApiDb:452 - User favorites MCUs=[]
2023-12-30 14:27:29,613 [INFO] UtilMem:75 - End SaveConfig() Used Memory: 515916912 Bytes (864026624)
2023-12-30 14:27:30,078 [INFO] UtilMem:75 - End SaveConfig() Used Memory: 415042488 Bytes (864026624)
2023-12-30 14:27:30,910 [INFO] UtilMem:75 - End SaveConfig() Used Memory: 635765688 Bytes (864026624)
2023-12-30 14:27:31,435 [INFO] BlockDiagram:2759 - set Specific Code input for plugin: NVIC
2023-12-30 14:27:31,435 [INFO] BlockDiagram:2759 - set Specific Code input for plugin: USART
2023-12-30 14:27:31,435 [INFO] BlockDiagram:2759 - set Specific Code input for plugin: SYS
2023-12-30 14:27:31,435 [INFO] BlockDiagram:2759 - set Specific Code input for plugin: GPIO
2023-12-30 14:27:31,435 [INFO] BlockDiagram:2759 - set Specific Code input for plugin: RCC
2023-12-30 14:27:31,438 [INFO] CodeGenerator:807 - code generatio: config db path: C:\ST\STM32CubeIDE_1.14.0\STM32CubeIDE\plugins\com.st.stm32cube.common.mx_6.10.0.202311202037\\db\
2023-12-30 14:27:32,211 [INFO] CodeEngine:255 - oldGeneratedFile, C:\Users\QUDUS\STM32CubeIDE\workspace_1.14.0\Lab 3\MXTmpFiles\license.tmp_save
2023-12-30 14:27:32,604 [INFO] CodeEngine:279 - Generated code: C:\Users\QUDUS\STM32CubeIDE\workspace_1.14.0\Lab 3\MXTmpFiles\license.tmp
2023-12-30 14:27:32,813 [INFO] CodeEngine:255 - oldGeneratedFile, C:\Users\QUDUS\STM32CubeIDE\workspace_1.14.0\Lab 3\MXTmpFiles\gpio.tmp_save
2023-12-30 14:27:33,373 [INFO] CodeEngine:279 - Generated code: C:\Users\QUDUS\STM32CubeIDE\workspace_1.14.0\Lab 3\MXTmpFiles\gpio.tmp
2023-12-30 14:27:33,914 [INFO] CodeEngine:255 - oldGeneratedFile, C:\Users\QUDUS\STM32CubeIDE\workspace_1.14.0\Lab 3\Core\Src\stm32f3xx_it.c_save
2023-12-30 14:27:34,710 [INFO] CodeEngine:279 - Generated code: C:\Users\QUDUS\STM32CubeIDE\workspace_1.14.0\Lab 3\Core\Src\stm32f3xx_it.c
2023-12-30 14:27:34,847 [INFO] CodeEngine:255 - oldGeneratedFile, C:\Users\QUDUS\STM32CubeIDE\workspace_1.14.0\Lab 3\Core\Inc\stm32f3xx_it.h_save
2023-12-30 14:27:35,243 [INFO] CodeEngine:279 - Generated code: C:\Users\QUDUS\STM32CubeIDE\workspace_1.14.0\Lab 3\Core\Inc\stm32f3xx_it.h
2023-12-30 14:27:35,417 [INFO] CodeEngine:255 - oldGeneratedFile, C:\Users\QUDUS\STM32CubeIDE\workspace_1.14.0\Lab 3\Core\Src\stm32f3xx_hal_msp.c_save
2023-12-30 14:27:35,727 [INFO] CodeEngine:279 - Generated code: C:\Users\QUDUS\STM32CubeIDE\workspace_1.14.0\Lab 3\Core\Src\stm32f3xx_hal_msp.c
2023-12-30 14:27:35,756 [INFO] CodeEngine:255 - oldGeneratedFile, C:\Users\QUDUS\STM32CubeIDE\workspace_1.14.0\Lab 3\MXTmpFiles\system.tmp_save
2023-12-30 14:27:36,163 [INFO] CodeEngine:279 - Generated code: C:\Users\QUDUS\STM32CubeIDE\workspace_1.14.0\Lab 3\MXTmpFiles\system.tmp
2023-12-30 14:27:36,320 [INFO] CodeEngine:311 - oldGeneratedFile, C:\Users\QUDUS\STM32CubeIDE\workspace_1.14.0\Lab 3\Core\Inc\stm32f3xx_hal_conf.h_save
2023-12-30 14:27:36,762 [INFO] CodeEngine:335 - Generated code: C:\Users\QUDUS\STM32CubeIDE\workspace_1.14.0\Lab 3\Core\Inc\stm32f3xx_hal_conf.h
2023-12-30 14:27:36,997 [INFO] CodeEngine:255 - oldGeneratedFile, C:\Users\QUDUS\STM32CubeIDE\workspace_1.14.0\Lab 3\Core\Inc\main.h_save
2023-12-30 14:27:37,452 [INFO] CodeEngine:279 - Generated code: C:\Users\QUDUS\STM32CubeIDE\workspace_1.14.0\Lab 3\Core\Inc\main.h
2023-12-30 14:27:37,608 [INFO] CodeEngine:255 - oldGeneratedFile, C:\Users\QUDUS\STM32CubeIDE\workspace_1.14.0\Lab 3\Core\Src\main.c_save
2023-12-30 14:27:38,270 [INFO] CodeEngine:279 - Generated code: C:\Users\QUDUS\STM32CubeIDE\workspace_1.14.0\Lab 3\Core\Src\main.c
2023-12-30 14:27:40,087 [INFO] ProjectBuilder:3076 - Time for Copy HAL[1] : 878mS.
2023-12-30 14:27:40,093 [INFO] ProjectBuilder:4485 - Project Generator version: 4.2.0-B44
2023-12-30 14:27:40,831 [INFO] ConfigFileManager:1495 - The Die is : DIE438
2023-12-30 14:27:44,547 [INFO] ProjectBuilder:4747 - Time for Generating toolchain IDE Files: 4453mS.
2023-12-30 14:27:44,548 [INFO] ProjectBuilder:2947 - Time for Copy CMSIS : 1mS.
2023-12-30 14:27:44,553 [INFO] ProjectBuilder:2947 - Time for Copy CMSIS : 0mS.
