2023-12-19 11:58:23,580 [ERROR] ConfigurationRetriever:142 - IOException on connection: Connect timed out
2023-12-19 11:58:25,649 [ERROR] ConfigurationRetriever:142 - IOException on connection: Connect timed out
2023-12-19 11:58:27,761 [ERROR] ConfigurationRetriever:142 - IOException on connection: Connect timed out
2023-12-19 11:58:27,901 [ERROR] ConfigurationRetriever:142 - IOException on connection: No subject alternative DNS name matching sw-center.st.com found.
2023-12-19 11:58:29,904 [ERROR] ConfigurationRetriever:142 - IOException on connection: Connect timed out
2023-12-19 11:58:29,962 [ERROR] ConfigurationRetriever:142 - IOException on connection: No subject alternative DNS name matching sw-center.st.com found.
2023-12-19 12:01:43,910 [ERROR] ConfigurationRetriever:142 - IOException on connection: No subject alternative DNS name matching sw-center.st.com found.
2023-12-19 12:01:43,950 [ERROR] ConfigurationRetriever:142 - IOException on connection: No subject alternative DNS name matching sw-center.st.com found.
2023-12-19 12:01:45,952 [ERROR] ConfigurationRetriever:142 - IOException on connection: Connect timed out
2023-12-19 12:03:13,017 [ERROR] ConfigurationRetriever:142 - IOException on connection: Connect timed out
2023-12-19 12:03:14,047 [ERROR] ConfigurationRetriever:142 - IOException on connection: No subject alternative DNS name matching sw-center.st.com found.
2023-12-19 12:03:16,049 [ERROR] ConfigurationRetriever:142 - IOException on connection: Connect timed out
2023-12-19 12:03:17,119 [ERROR] ConfigurationRetriever:142 - IOException on connection: No subject alternative DNS name matching sw-center.st.com found.
2023-12-19 12:03:18,161 [ERROR] ConfigurationRetriever:142 - IOException on connection: No subject alternative DNS name matching sw-center.st.com found.
2023-12-19 12:03:19,190 [ERROR] ConfigurationRetriever:142 - IOException on connection: No subject alternative DNS name matching sw-center.st.com found.
2023-12-19 12:04:38,575 [ERROR] ConfigurationRetriever:142 - IOException on connection: No subject alternative DNS name matching sw-center.st.com found.
2023-12-19 12:04:40,576 [ERROR] ConfigurationRetriever:142 - IOException on connection: Connect timed out
2023-12-19 12:04:41,609 [ERROR] ConfigurationRetriever:142 - IOException on connection: No subject alternative DNS name matching sw-center.st.com found.
2023-12-19 12:04:43,655 [ERROR] ConfigurationRetriever:142 - IOException on connection: Connect timed out
2023-12-19 12:04:45,656 [ERROR] ConfigurationRetriever:142 - IOException on connection: Connect timed out
2023-12-19 12:04:47,658 [ERROR] ConfigurationRetriever:142 - IOException on connection: Connect timed out
2023-12-19 12:05:09,464 [ERROR] ConfigurationRetriever:142 - IOException on connection: No subject alternative DNS name matching sw-center.st.com found.
2023-12-19 12:05:11,490 [ERROR] ConfigurationRetriever:142 - IOException on connection: Connect timed out
2023-12-19 12:05:12,515 [ERROR] ConfigurationRetriever:142 - IOException on connection: No subject alternative DNS name matching sw-center.st.com found.
2023-12-19 12:05:14,544 [ERROR] ConfigurationRetriever:142 - IOException on connection: Connect timed out
2023-12-19 12:05:16,546 [ERROR] ConfigurationRetriever:142 - IOException on connection: Connect timed out
2023-12-19 12:05:16,676 [ERROR] ConfigurationRetriever:142 - IOException on connection: No subject alternative DNS name matching sw-center.st.com found.
2023-12-19 12:08:26,740 [ERROR] ConfigurationRetriever:142 - IOException on connection: No subject alternative DNS name matching sw-center.st.com found.
2023-12-19 12:08:27,774 [ERROR] ConfigurationRetriever:142 - IOException on connection: No subject alternative DNS name matching sw-center.st.com found.
2023-12-19 12:08:28,804 [ERROR] ConfigurationRetriever:142 - IOException on connection: No subject alternative DNS name matching sw-center.st.com found.
2023-12-19 12:08:29,904 [ERROR] ConfigurationRetriever:142 - IOException on connection: No subject alternative DNS name matching sw-center.st.com found.
2023-12-19 12:08:31,906 [ERROR] ConfigurationRetriever:142 - IOException on connection: Connect timed out
2023-12-19 12:08:33,908 [ERROR] ConfigurationRetriever:142 - IOException on connection: Connect timed out
2023-12-19 12:09:35,208 [ERROR] ConfigurationRetriever:142 - IOException on connection: No subject alternative DNS name matching sw-center.st.com found.
2023-12-19 12:09:36,250 [ERROR] ConfigurationRetriever:142 - IOException on connection: No subject alternative DNS name matching sw-center.st.com found.
2023-12-19 12:09:37,317 [ERROR] ConfigurationRetriever:142 - IOException on connection: No subject alternative DNS name matching sw-center.st.com found.
2023-12-19 12:09:38,416 [ERROR] ConfigurationRetriever:142 - IOException on connection: No subject alternative DNS name matching sw-center.st.com found.
2023-12-19 12:09:39,449 [ERROR] ConfigurationRetriever:142 - IOException on connection: No subject alternative DNS name matching sw-center.st.com found.
2023-12-19 12:09:41,451 [ERROR] ConfigurationRetriever:142 - IOException on connection: Connect timed out
2023-12-19 17:13:08,899 [ERROR] LogOutputStream:75 - [STDERR_REDIRECT] 
2023-12-19 17:31:59,505 [INFO] Activator:176 - 


2023-12-19 17:31:59,509 [INFO] Activator:177 - !SESSION log4j initialized
2023-12-19 17:32:12,404 [INFO] LogOutputStream:77 - [STDOUT_REDIRECT] 
2023-12-19 17:32:15,211 [INFO] ApplicationProperties:184 - Using Application install path: C:\ST\STM32CubeIDE_1.14.0\STM32CubeIDE\plugins\com.st.stm32cube.common.mx_6.10.0.202311202037
2023-12-19 17:32:15,246 [INFO] DbMcusXml:78 - Set database path to: C:\ST\STM32CubeIDE_1.14.0\STM32CubeIDE\plugins\com.st.stm32cube.common.mx_6.10.0.202311202037\\db\/mcu/
2023-12-19 17:32:15,246 [INFO] ApiDb:274 - Set plugin database path to: C:\ST\STM32CubeIDE_1.14.0\STM32CubeIDE\plugins\com.st.stm32cube.common.mx_6.10.0.202311202037\\db\/plugins/boardmanager/
2023-12-19 17:32:15,246 [WARN] ApiDb:259 - Overriding images path with different value:  => C:\ST\STM32CubeIDE_1.14.0\STM32CubeIDE\plugins\com.st.stm32cube.common.mx_6.10.0.202311202037\\db\/plugins/mcufinder/images/
2023-12-19 17:32:15,260 [INFO] ApiDb:250 - Set database path to: C:\Users\QUDUS\.stmcufinder\plugins\mcufinder//mcu/
2023-12-19 17:32:15,262 [INFO] DbMcusAds:125 - Set database path to: C:\Users\QUDUS\.stmcufinder\plugins\mcufinder//mcu/
2023-12-19 17:32:15,266 [INFO] CrossReferenceDbSqlite:203 - Set database path to: C:\Users\QUDUS\.stmcufinder\plugins\mcufinder//mcu/cs/
2023-12-19 17:32:15,379 [ERROR] ConfigurationRetriever:142 - IOException on connection: Connect timed out
2023-12-19 17:32:15,662 [INFO] RulesReader:64 - Compatibility file has been processed (297 Rules)
2023-12-19 17:32:15,848 [INFO] DbMcusXml:78 - Set database path to: C:\ST\STM32CubeIDE_1.14.0\STM32CubeIDE\plugins\com.st.stm32cube.common.mx_6.10.0.202311202037\\db\/mcu/
2023-12-19 17:32:15,848 [INFO] ApiDb:274 - Set plugin database path to: C:\ST\STM32CubeIDE_1.14.0\STM32CubeIDE\plugins\com.st.stm32cube.common.mx_6.10.0.202311202037\\db\/plugins/boardmanager/
2023-12-19 17:32:15,849 [INFO] ApiDb:261 - Set plugin images path to: C:\ST\STM32CubeIDE_1.14.0\STM32CubeIDE\plugins\com.st.stm32cube.common.mx_6.10.0.202311202037\\db\/plugins/mcufinder/images/
2023-12-19 17:32:15,849 [WARN] DbFile:41 - Overriding database path with different value: C:\Users\QUDUS\.stmcufinder\plugins\mcufinder/ => C:\Users\QUDUS\.stmcufinder\plugins\mcufinder
2023-12-19 17:32:15,849 [INFO] ApiDb:250 - Set database path to: C:\Users\QUDUS\.stmcufinder\plugins\mcufinder//mcu/
2023-12-19 17:32:15,850 [WARN] DbFile:41 - Overriding database path with different value: C:\Users\QUDUS\.stmcufinder\plugins\mcufinder/ => C:\Users\QUDUS\.stmcufinder\plugins\mcufinder
2023-12-19 17:32:15,850 [INFO] DbMcusAds:125 - Set database path to: C:\Users\QUDUS\.stmcufinder\plugins\mcufinder//mcu/
2023-12-19 17:32:15,850 [WARN] DbFile:41 - Overriding database path with different value: C:\Users\QUDUS\.stmcufinder\plugins\mcufinder/ => C:\Users\QUDUS\.stmcufinder\plugins\mcufinder
2023-12-19 17:32:15,850 [WARN] DbFile:41 - Overriding database path with different value: C:\Users\QUDUS\.stmcufinder\plugins\mcufinder/ => C:\Users\QUDUS\.stmcufinder\plugins\mcufinder
2023-12-19 17:32:15,851 [INFO] CrossReferenceDbSqlite:203 - Set database path to: C:\Users\QUDUS\.stmcufinder\plugins\mcufinder//mcu/cs/
2023-12-19 17:32:16,026 [INFO] MainPanel:264 - HeapMemory: 268435456
2023-12-19 17:32:16,214 [INFO] DbMcusXml:78 - Set database path to: C:\ST\STM32CubeIDE_1.14.0\STM32CubeIDE\plugins\com.st.stm32cube.common.mx_6.10.0.202311202037\\db\/mcu/
2023-12-19 17:32:16,214 [INFO] ApiDb:274 - Set plugin database path to: C:\ST\STM32CubeIDE_1.14.0\STM32CubeIDE\plugins\com.st.stm32cube.common.mx_6.10.0.202311202037\\db\/plugins/boardmanager/
2023-12-19 17:32:16,215 [INFO] ApiDb:261 - Set plugin images path to: C:\ST\STM32CubeIDE_1.14.0\STM32CubeIDE\plugins\com.st.stm32cube.common.mx_6.10.0.202311202037\\db\/plugins/mcufinder/images/
2023-12-19 17:32:16,216 [WARN] DbFile:41 - Overriding database path with different value: C:\Users\QUDUS\.stmcufinder\plugins\mcufinder/ => C:\Users\QUDUS\.stmcufinder\plugins\mcufinder
2023-12-19 17:32:16,216 [INFO] ApiDb:250 - Set database path to: C:\Users\QUDUS\.stmcufinder\plugins\mcufinder//mcu/
2023-12-19 17:32:16,217 [WARN] DbFile:41 - Overriding database path with different value: C:\Users\QUDUS\.stmcufinder\plugins\mcufinder/ => C:\Users\QUDUS\.stmcufinder\plugins\mcufinder
2023-12-19 17:32:16,217 [INFO] DbMcusAds:125 - Set database path to: C:\Users\QUDUS\.stmcufinder\plugins\mcufinder//mcu/
2023-12-19 17:32:16,217 [WARN] DbFile:41 - Overriding database path with different value: C:\Users\QUDUS\.stmcufinder\plugins\mcufinder/ => C:\Users\QUDUS\.stmcufinder\plugins\mcufinder
2023-12-19 17:32:16,218 [WARN] DbFile:41 - Overriding database path with different value: C:\Users\QUDUS\.stmcufinder\plugins\mcufinder/ => C:\Users\QUDUS\.stmcufinder\plugins\mcufinder
2023-12-19 17:32:16,218 [INFO] CrossReferenceDbSqlite:203 - Set database path to: C:\Users\QUDUS\.stmcufinder\plugins\mcufinder//mcu/cs/
2023-12-19 17:32:16,295 [INFO] ApplicationProperties:184 - Using Application install path: C:\ST\STM32CubeIDE_1.14.0\STM32CubeIDE\plugins\com.st.stm32cube.common.mx_6.10.0.202311202037
2023-12-19 17:32:16,301 [INFO] PluginManage:196 - Search for loadable plugins [exclusion list=, ]
2023-12-19 17:32:16,307 [INFO] PluginManage:310 - Check plugin analytics
2023-12-19 17:32:17,065 [INFO] AnalyticsPlugin:253 - Accepted Software Licenses: 
2023-12-19 17:32:17,065 [INFO] AnalyticsPlugin:255 - Accepted CMSIS Pack Licenses: 
2023-12-19 17:32:17,065 [INFO] AnalyticsPlugin:257 - Accepted Firmware Licenses: 
2023-12-19 17:32:17,073 [INFO] PluginManage:359 - Loaded plugin analytics (category:tool,tabindex:-1)
2023-12-19 17:32:17,074 [INFO] PluginManage:310 - Check plugin cadmodel
2023-12-19 17:32:17,142 [INFO] CADModel:105 - Init CAD model plugin
2023-12-19 17:32:17,143 [INFO] PluginManage:359 - Loaded plugin cadmodel (category:power,tabindex:5)
2023-12-19 17:32:17,143 [INFO] PluginManage:310 - Check plugin clock
2023-12-19 17:32:17,171 [INFO] PluginManage:359 - Loaded plugin clock (category:base,tabindex:2)
2023-12-19 17:32:17,172 [INFO] PluginManage:310 - Check plugin ddr
2023-12-19 17:32:17,175 [INFO] PluginManage:359 - Loaded plugin ddr (category:tool,tabindex:6)
2023-12-19 17:32:17,176 [INFO] PluginManage:310 - Check plugin filemanager
2023-12-19 17:32:17,382 [ERROR] ConfigurationRetriever:142 - IOException on connection: Connect timed out
2023-12-19 17:32:17,569 [INFO] PluginManage:359 - Loaded plugin filemanager (category:base,tabindex:10)
2023-12-19 17:32:17,569 [INFO] PluginManage:310 - Check plugin ipmanager
2023-12-19 17:32:17,594 [INFO] PluginManage:359 - Loaded plugin ipmanager (category:base,tabindex:5)
2023-12-19 17:32:17,595 [INFO] PluginManage:310 - Check plugin lpbam
2023-12-19 17:32:17,654 [INFO] PluginManage:359 - Loaded plugin lpbam (category:base,tabindex:0)
2023-12-19 17:32:17,654 [INFO] PluginManage:310 - Check plugin memorymap
2023-12-19 17:32:17,736 [INFO] PluginManage:359 - Loaded plugin memorymap (category:base,tabindex:4)
2023-12-19 17:32:17,737 [INFO] PluginManage:310 - Check plugin pinoutandconfiguration
2023-12-19 17:32:17,792 [INFO] PluginManage:359 - Loaded plugin pinoutandconfiguration (category:base,tabindex:1)
2023-12-19 17:32:17,793 [INFO] PluginManage:310 - Check plugin pinoutconfig
2023-12-19 17:32:18,173 [WARN] SupportedApi:132 - Cannot load RTOS API schema: s4s-elt-must-match.1: The content of 'definitions' must match (annotation?, (simpleType | complexType)?, (unique | key | keyref)*)). A problem was found starting at: attribute.
2023-12-19 17:32:18,617 [INFO] PluginManage:359 - Loaded plugin pinoutconfig (category:base,tabindex:0)
2023-12-19 17:32:18,617 [INFO] PluginManage:310 - Check plugin power
2023-12-19 17:32:18,681 [INFO] PluginManage:359 - Loaded plugin power (category:power,tabindex:4)
2023-12-19 17:32:18,682 [INFO] PluginManage:310 - Check plugin projectmanager
2023-12-19 17:32:18,713 [INFO] PluginManage:359 - Loaded plugin projectmanager (category:projectmanager,tabindex:3)
2023-12-19 17:32:18,714 [INFO] PluginManage:310 - Check plugin thirdparty
2023-12-19 17:32:19,210 [WARN] IntegrityCheckThread:84 - waiting for thirdparty lock release [integrity check]
2023-12-19 17:32:19,210 [INFO] PluginManage:359 - Loaded plugin thirdparty (category:base,tabindex:-1)
2023-12-19 17:32:19,211 [INFO] IntegrityCheckThread:86 - entering critical section [integrity check]
2023-12-19 17:32:19,211 [INFO] PluginManage:310 - Check plugin tools
2023-12-19 17:32:19,211 [INFO] ThirdPartyUpdaterWithRetryManager:70 - Updater plugin not ready yet. [1/15]
2023-12-19 17:32:19,296 [INFO] PluginManage:359 - Loaded plugin tools (category:base,tabindex:7)
2023-12-19 17:32:19,296 [INFO] PluginManage:310 - Check plugin tutovideos
2023-12-19 17:32:19,386 [ERROR] ConfigurationRetriever:142 - IOException on connection: Connect timed out
2023-12-19 17:32:19,881 [INFO] PluginManage:359 - Loaded plugin tutovideos (category:base,tabindex:-1)
2023-12-19 17:32:19,881 [INFO] PluginManage:310 - Check plugin updater
2023-12-19 17:32:19,899 [INFO] PluginManage:359 - Loaded plugin updater (category:base,tabindex:12)
2023-12-19 17:32:19,899 [INFO] PluginManage:310 - Check plugin userauth
2023-12-19 17:32:19,907 [INFO] UserAuth:114 - Init User Auth plugin
2023-12-19 17:32:19,907 [INFO] PluginManage:359 - Loaded plugin userauth (category:base,tabindex:14)
2023-12-19 17:32:19,908 [INFO] PluginManage:283 - PluginManage : Loaded plugins [17]
2023-12-19 17:32:20,370 [INFO] PinOutPanel:1499 - setPackage(No Configuration,No Configuration)
2023-12-19 17:32:20,499 [INFO] CADModel:165 - CPN selected for project level
2023-12-19 17:32:20,499 [INFO] CADModel:114 - Register for checkConnection events
2023-12-19 17:32:20,543 [INFO] IPUIPlugin:80 - create IPUIPlugin
2023-12-19 17:32:20,543 [INFO] PluginManager:220 - loadIPPluginJar : add adc
2023-12-19 17:32:20,613 [INFO] IPUIPlugin:80 - create IPUIPlugin
2023-12-19 17:32:20,613 [INFO] PluginManager:220 - loadIPPluginJar : add aes
2023-12-19 17:32:20,700 [INFO] IPUIPlugin:80 - create IPUIPlugin
2023-12-19 17:32:20,700 [INFO] PluginManager:220 - loadIPPluginJar : add can
2023-12-19 17:32:20,746 [INFO] IPUIPlugin:80 - create IPUIPlugin
2023-12-19 17:32:20,746 [INFO] PluginManager:220 - loadIPPluginJar : add comp
2023-12-19 17:32:20,810 [INFO] IPUIPlugin:80 - create IPUIPlugin
2023-12-19 17:32:20,810 [INFO] PluginManager:220 - loadIPPluginJar : add cryp
2023-12-19 17:32:20,855 [INFO] IPUIPlugin:80 - create IPUIPlugin
2023-12-19 17:32:20,856 [INFO] PluginManager:220 - loadIPPluginJar : add dfsdm
2023-12-19 17:32:20,928 [INFO] IPUIPlugin:80 - create IPUIPlugin
2023-12-19 17:32:20,930 [INFO] PluginManager:220 - loadIPPluginJar : add dma
2023-12-19 17:32:21,047 [INFO] IPUIPlugin:80 - create IPUIPlugin
2023-12-19 17:32:21,047 [INFO] PluginManager:220 - loadIPPluginJar : add dma3
2023-12-19 17:32:21,088 [INFO] IPUIPlugin:80 - create IPUIPlugin
2023-12-19 17:32:21,088 [INFO] PluginManager:220 - loadIPPluginJar : add fatfs
2023-12-19 17:32:21,185 [INFO] IPUIPlugin:80 - create IPUIPlugin
2023-12-19 17:32:21,186 [INFO] PluginManager:220 - loadIPPluginJar : add fmc
2023-12-19 17:32:21,275 [INFO] IPUIPlugin:80 - create IPUIPlugin
2023-12-19 17:32:21,276 [INFO] PluginManager:220 - loadIPPluginJar : add freertos
2023-12-19 17:32:21,346 [INFO] IPUIPlugin:80 - create IPUIPlugin
2023-12-19 17:32:21,346 [INFO] PluginManager:220 - loadIPPluginJar : add genericplugin
2023-12-19 17:32:21,619 [INFO] IPUIPlugin:80 - create IPUIPlugin
2023-12-19 17:32:21,620 [INFO] PluginManager:220 - loadIPPluginJar : add gfxmmu
2023-12-19 17:32:21,809 [INFO] IPUIPlugin:80 - create IPUIPlugin
2023-12-19 17:32:21,809 [INFO] PluginManager:220 - loadIPPluginJar : add gic
2023-12-19 17:32:21,878 [INFO] IPUIPlugin:80 - create IPUIPlugin
2023-12-19 17:32:21,878 [INFO] PluginManager:220 - loadIPPluginJar : add gpio
2023-12-19 17:32:22,017 [INFO] IPUIPlugin:80 - create IPUIPlugin
2023-12-19 17:32:22,017 [INFO] PluginManager:220 - loadIPPluginJar : add gtzc
2023-12-19 17:32:22,062 [INFO] IPUIPlugin:80 - create IPUIPlugin
2023-12-19 17:32:22,062 [INFO] PluginManager:220 - loadIPPluginJar : add hash
2023-12-19 17:32:22,074 [ERROR] ConfigurationRetriever:142 - IOException on connection: Connect timed out
2023-12-19 17:32:22,135 [INFO] IPUIPlugin:80 - create IPUIPlugin
2023-12-19 17:32:22,135 [INFO] PluginManager:220 - loadIPPluginJar : add i2c
2023-12-19 17:32:22,212 [INFO] IPUIPlugin:80 - create IPUIPlugin
2023-12-19 17:32:22,212 [INFO] PluginManager:220 - loadIPPluginJar : add i2s
2023-12-19 17:32:22,213 [INFO] ThirdPartyUpdaterWithRetryManager:70 - Updater plugin not ready yet. [2/15]
2023-12-19 17:32:22,297 [INFO] IPUIPlugin:80 - create IPUIPlugin
2023-12-19 17:32:22,297 [INFO] PluginManager:220 - loadIPPluginJar : add i3c
2023-12-19 17:32:22,529 [INFO] IPUIPlugin:80 - create IPUIPlugin
2023-12-19 17:32:22,529 [INFO] PluginManager:220 - loadIPPluginJar : add ipddr
2023-12-19 17:32:22,770 [INFO] IPUIPlugin:80 - create IPUIPlugin
2023-12-19 17:32:22,770 [INFO] PluginManager:220 - loadIPPluginJar : add linkedlist
2023-12-19 17:32:22,884 [INFO] IPUIPlugin:80 - create IPUIPlugin
2023-12-19 17:32:22,884 [INFO] PluginManager:220 - loadIPPluginJar : add lorawan
2023-12-19 17:32:23,037 [INFO] IPUIPlugin:80 - create IPUIPlugin
2023-12-19 17:32:23,037 [INFO] PluginManager:220 - loadIPPluginJar : add ltdc
2023-12-19 17:32:23,057 [INFO] IPUIPlugin:80 - create IPUIPlugin
2023-12-19 17:32:23,057 [INFO] PluginManager:220 - loadIPPluginJar : add mdma
2023-12-19 17:32:23,081 [INFO] IPUIPlugin:80 - create IPUIPlugin
2023-12-19 17:32:23,081 [INFO] PluginManager:220 - loadIPPluginJar : add nvic
2023-12-19 17:32:23,155 [INFO] IPUIPlugin:80 - create IPUIPlugin
2023-12-19 17:32:23,155 [INFO] PluginManager:220 - loadIPPluginJar : add opamp
2023-12-19 17:32:23,269 [INFO] IPUIPlugin:80 - create IPUIPlugin
2023-12-19 17:32:23,269 [INFO] PluginManager:220 - loadIPPluginJar : add openamp
2023-12-19 17:32:23,305 [ERROR] ConfigurationRetriever:142 - IOException on connection: No subject alternative DNS name matching sw-center.st.com found.
2023-12-19 17:32:23,342 [INFO] IPUIPlugin:80 - create IPUIPlugin
2023-12-19 17:32:23,342 [INFO] PluginManager:220 - loadIPPluginJar : add pdm2pcm
2023-12-19 17:32:23,366 [INFO] IPUIPlugin:80 - create IPUIPlugin
2023-12-19 17:32:23,370 [INFO] PluginManager:220 - loadIPPluginJar : add plateformsettings
2023-12-19 17:32:23,414 [INFO] IPUIPlugin:80 - create IPUIPlugin
2023-12-19 17:32:23,414 [INFO] PluginManager:220 - loadIPPluginJar : add quadspi
2023-12-19 17:32:23,440 [INFO] IPUIPlugin:80 - create IPUIPlugin
2023-12-19 17:32:23,440 [INFO] PluginManager:220 - loadIPPluginJar : add resmgrutility
2023-12-19 17:32:23,533 [INFO] IPUIPlugin:80 - create IPUIPlugin
2023-12-19 17:32:23,533 [INFO] PluginManager:220 - loadIPPluginJar : add sai
2023-12-19 17:32:23,601 [INFO] IPUIPlugin:80 - create IPUIPlugin
2023-12-19 17:32:23,602 [INFO] PluginManager:220 - loadIPPluginJar : add spi
2023-12-19 17:32:23,725 [INFO] IPUIPlugin:80 - create IPUIPlugin
2023-12-19 17:32:23,725 [INFO] PluginManager:220 - loadIPPluginJar : add stm32_wpan
2023-12-19 17:32:23,779 [INFO] IPUIPlugin:80 - create IPUIPlugin
2023-12-19 17:32:23,779 [INFO] PluginManager:220 - loadIPPluginJar : add tim
2023-12-19 17:32:23,880 [INFO] IPUIPlugin:80 - create IPUIPlugin
2023-12-19 17:32:23,880 [INFO] PluginManager:220 - loadIPPluginJar : add touchsensing
2023-12-19 17:32:23,910 [INFO] IPUIPlugin:80 - create IPUIPlugin
2023-12-19 17:32:23,910 [INFO] PluginManager:220 - loadIPPluginJar : add tracer_emb
2023-12-19 17:32:23,941 [INFO] IPUIPlugin:80 - create IPUIPlugin
2023-12-19 17:32:23,941 [INFO] PluginManager:220 - loadIPPluginJar : add ts
2023-12-19 17:32:23,970 [INFO] IPUIPlugin:80 - create IPUIPlugin
2023-12-19 17:32:23,970 [INFO] PluginManager:220 - loadIPPluginJar : add tsc
2023-12-19 17:32:23,998 [INFO] IPUIPlugin:80 - create IPUIPlugin
2023-12-19 17:32:23,999 [INFO] PluginManager:220 - loadIPPluginJar : add ucpd
2023-12-19 17:32:24,058 [INFO] IPUIPlugin:80 - create IPUIPlugin
2023-12-19 17:32:24,058 [INFO] PluginManager:220 - loadIPPluginJar : add usart
2023-12-19 17:32:24,114 [INFO] IPUIPlugin:80 - create IPUIPlugin
2023-12-19 17:32:24,115 [INFO] PluginManager:220 - loadIPPluginJar : add usbx
2023-12-19 17:32:24,331 [ERROR] ConfigurationRetriever:142 - IOException on connection: No subject alternative DNS name matching sw-center.st.com found.
2023-12-19 17:32:24,406 [INFO] CADModel:165 - CPN selected for project level
2023-12-19 17:32:24,406 [INFO] CADModel:114 - Register for checkConnection events
2023-12-19 17:32:24,407 [FATAL] Updater:308 - Updater called before beeing initialized
2023-12-19 17:32:24,407 [ERROR] CADModel:125 - Updater not yet initialized, retry later 
2023-12-19 17:32:24,858 [INFO] CADModel:165 - CPN selected for project level
2023-12-19 17:32:24,858 [INFO] CADModel:114 - Register for checkConnection events
2023-12-19 17:32:24,858 [FATAL] Updater:308 - Updater called before beeing initialized
2023-12-19 17:32:24,859 [ERROR] CADModel:125 - Updater not yet initialized, retry later 
2023-12-19 17:32:24,864 [FATAL] Updater:308 - Updater called before beeing initialized
2023-12-19 17:32:25,077 [FATAL] Updater:308 - Updater called before beeing initialized
2023-12-19 17:32:25,094 [INFO] DbMcusAds:53 - JSON generation date=Wed Nov 29 11:52:27 CET 2023 (1701255147349)
2023-12-19 17:32:25,095 [FATAL] Updater:308 - Updater called before beeing initialized
2023-12-19 17:32:25,215 [INFO] ThirdPartyUpdaterWithRetryManager:70 - Updater plugin not ready yet. [3/15]
2023-12-19 17:32:25,292 [WARN] DetailPanel:346 - Failed to get advertising image, set to default
2023-12-19 17:32:25,513 [FATAL] Updater:308 - Updater called before beeing initialized
2023-12-19 17:32:25,517 [FATAL] Updater:308 - Updater called before beeing initialized
2023-12-19 17:32:25,518 [FATAL] Updater:308 - Updater called before beeing initialized
2023-12-19 17:32:25,518 [WARN] DetailPanel:346 - Failed to get advertising image, set to default
2023-12-19 17:32:25,519 [FATAL] Updater:308 - Updater called before beeing initialized
2023-12-19 17:32:25,663 [ERROR] Updater:1120 - MainUpdater not yet initialized. External WinMGr cannot be set.
2023-12-19 17:32:25,684 [INFO] Updater:1056 - Updater Version found : 6.10.0
2023-12-19 17:32:25,717 [INFO] ApplicationProperties:184 - Using Application install path: C:\ST\STM32CubeIDE_1.14.0\STM32CubeIDE\plugins\com.st.stm32cube.common.mx_6.10.0.202311202037
2023-12-19 17:32:27,324 [ERROR] LogOutputStream:75 - [STDERR_REDIRECT] Dec 19, 2023 5:32:27 PM java.util.prefs.WindowsPreferences <init>
2023-12-19 17:32:27,328 [ERROR] LogOutputStream:75 - [STDERR_REDIRECT] WARNING: Could not open/create prefs root node Software\JavaSoft\Prefs at root 0xffffffff80000002. Windows RegCreateKeyEx(...) returned error code 5.
2023-12-19 17:32:27,328 [ERROR] LogOutputStream:75 - [STDERR_REDIRECT] 
2023-12-19 17:32:28,217 [FATAL] Updater:308 - Updater called before beeing initialized
2023-12-19 17:32:28,218 [ERROR] IntegrityCheckThread:130 - Cannot retrieve database content from updater: error 21
2023-12-19 17:32:28,219 [INFO] ThirdParty:978 - Integrity check success = false
2023-12-19 17:32:28,219 [INFO] IntegrityCheckThread:100 - exiting critical section [integrity check]
2023-12-19 17:32:28,219 [INFO] IntegrityCheckThread:103 - End integrity checks thread
2023-12-19 17:32:28,408 [INFO] MainUpdater:2873 - connection check result : 22
2023-12-19 17:32:28,410 [INFO] MainUpdater:290 - Updater Check For Update Now.
2023-12-19 17:32:28,410 [INFO] MicroXplorer:498 - Change Database Version : DB.6.0.100
2023-12-19 17:32:28,466 [INFO] McuFinderGlobals:63 - Set McuFinder mode to 2 (CubeIDE integrated)
2023-12-19 17:32:28,646 [INFO] UserAuth:404 - Internet connection configuration mode: 2
2023-12-19 17:32:28,782 [INFO] CheckServerUpdateThread:120 - End of CheckServer Thread
2023-12-19 17:32:50,312 [ERROR] LogOutputStream:75 - [STDERR_REDIRECT] SLF4J: Failed to load class "org.slf4j.impl.StaticLoggerBinder".
2023-12-19 17:32:50,315 [ERROR] LogOutputStream:75 - [STDERR_REDIRECT] SLF4J: Defaulting to no-operation (NOP) logger implementation
2023-12-19 17:32:50,318 [ERROR] LogOutputStream:75 - [STDERR_REDIRECT] SLF4J: See http://www.slf4j.org/codes.html#StaticLoggerBinder for further details.
