2023-12-18 14:58:52,238 [INFO] Activator:176 - 


2023-12-18 14:58:52,243 [INFO] Activator:177 - !SESSION log4j initialized
2023-12-18 14:59:00,101 [INFO] LogOutputStream:77 - [STDOUT_REDIRECT] 
2023-12-18 14:59:02,611 [ERROR] ConfigurationRetriever:142 - IOException on connection: Connect timed out
2023-12-18 14:59:02,741 [INFO] ApplicationProperties:184 - Using Application install path: C:\ST\STM32CubeIDE_1.14.0\STM32CubeIDE\plugins\com.st.stm32cube.common.mx_6.10.0.202311202037
2023-12-18 14:59:02,769 [INFO] DbMcusXml:78 - Set database path to: C:\ST\STM32CubeIDE_1.14.0\STM32CubeIDE\plugins\com.st.stm32cube.common.mx_6.10.0.202311202037\\db\/mcu/
2023-12-18 14:59:02,770 [INFO] ApiDb:274 - Set plugin database path to: C:\ST\STM32CubeIDE_1.14.0\STM32CubeIDE\plugins\com.st.stm32cube.common.mx_6.10.0.202311202037\\db\/plugins/boardmanager/
2023-12-18 14:59:02,770 [WARN] ApiDb:259 - Overriding images path with different value:  => C:\ST\STM32CubeIDE_1.14.0\STM32CubeIDE\plugins\com.st.stm32cube.common.mx_6.10.0.202311202037\\db\/plugins/mcufinder/images/
2023-12-18 14:59:02,787 [INFO] ApiDb:250 - Set database path to: C:\Users\QUDUS\.stmcufinder\plugins\mcufinder//mcu/
2023-12-18 14:59:02,788 [INFO] DbMcusAds:125 - Set database path to: C:\Users\QUDUS\.stmcufinder\plugins\mcufinder//mcu/
2023-12-18 14:59:02,791 [INFO] CrossReferenceDbSqlite:203 - Set database path to: C:\Users\QUDUS\.stmcufinder\plugins\mcufinder//mcu/cs/
2023-12-18 14:59:02,974 [INFO] RulesReader:64 - Compatibility file has been processed (297 Rules)
2023-12-18 14:59:03,119 [INFO] DbMcusXml:78 - Set database path to: C:\ST\STM32CubeIDE_1.14.0\STM32CubeIDE\plugins\com.st.stm32cube.common.mx_6.10.0.202311202037\\db\/mcu/
2023-12-18 14:59:03,119 [INFO] ApiDb:274 - Set plugin database path to: C:\ST\STM32CubeIDE_1.14.0\STM32CubeIDE\plugins\com.st.stm32cube.common.mx_6.10.0.202311202037\\db\/plugins/boardmanager/
2023-12-18 14:59:03,119 [INFO] ApiDb:261 - Set plugin images path to: C:\ST\STM32CubeIDE_1.14.0\STM32CubeIDE\plugins\com.st.stm32cube.common.mx_6.10.0.202311202037\\db\/plugins/mcufinder/images/
2023-12-18 14:59:03,120 [WARN] DbFile:41 - Overriding database path with different value: C:\Users\QUDUS\.stmcufinder\plugins\mcufinder/ => C:\Users\QUDUS\.stmcufinder\plugins\mcufinder
2023-12-18 14:59:03,120 [INFO] ApiDb:250 - Set database path to: C:\Users\QUDUS\.stmcufinder\plugins\mcufinder//mcu/
2023-12-18 14:59:03,120 [WARN] DbFile:41 - Overriding database path with different value: C:\Users\QUDUS\.stmcufinder\plugins\mcufinder/ => C:\Users\QUDUS\.stmcufinder\plugins\mcufinder
2023-12-18 14:59:03,120 [INFO] DbMcusAds:125 - Set database path to: C:\Users\QUDUS\.stmcufinder\plugins\mcufinder//mcu/
2023-12-18 14:59:03,120 [WARN] DbFile:41 - Overriding database path with different value: C:\Users\QUDUS\.stmcufinder\plugins\mcufinder/ => C:\Users\QUDUS\.stmcufinder\plugins\mcufinder
2023-12-18 14:59:03,120 [WARN] DbFile:41 - Overriding database path with different value: C:\Users\QUDUS\.stmcufinder\plugins\mcufinder/ => C:\Users\QUDUS\.stmcufinder\plugins\mcufinder
2023-12-18 14:59:03,120 [INFO] CrossReferenceDbSqlite:203 - Set database path to: C:\Users\QUDUS\.stmcufinder\plugins\mcufinder//mcu/cs/
2023-12-18 14:59:03,246 [INFO] MainPanel:264 - HeapMemory: 268435456
2023-12-18 14:59:03,370 [INFO] DbMcusXml:78 - Set database path to: C:\ST\STM32CubeIDE_1.14.0\STM32CubeIDE\plugins\com.st.stm32cube.common.mx_6.10.0.202311202037\\db\/mcu/
2023-12-18 14:59:03,370 [INFO] ApiDb:274 - Set plugin database path to: C:\ST\STM32CubeIDE_1.14.0\STM32CubeIDE\plugins\com.st.stm32cube.common.mx_6.10.0.202311202037\\db\/plugins/boardmanager/
2023-12-18 14:59:03,370 [INFO] ApiDb:261 - Set plugin images path to: C:\ST\STM32CubeIDE_1.14.0\STM32CubeIDE\plugins\com.st.stm32cube.common.mx_6.10.0.202311202037\\db\/plugins/mcufinder/images/
2023-12-18 14:59:03,370 [WARN] DbFile:41 - Overriding database path with different value: C:\Users\QUDUS\.stmcufinder\plugins\mcufinder/ => C:\Users\QUDUS\.stmcufinder\plugins\mcufinder
2023-12-18 14:59:03,371 [INFO] ApiDb:250 - Set database path to: C:\Users\QUDUS\.stmcufinder\plugins\mcufinder//mcu/
2023-12-18 14:59:03,371 [WARN] DbFile:41 - Overriding database path with different value: C:\Users\QUDUS\.stmcufinder\plugins\mcufinder/ => C:\Users\QUDUS\.stmcufinder\plugins\mcufinder
2023-12-18 14:59:03,371 [INFO] DbMcusAds:125 - Set database path to: C:\Users\QUDUS\.stmcufinder\plugins\mcufinder//mcu/
2023-12-18 14:59:03,371 [WARN] DbFile:41 - Overriding database path with different value: C:\Users\QUDUS\.stmcufinder\plugins\mcufinder/ => C:\Users\QUDUS\.stmcufinder\plugins\mcufinder
2023-12-18 14:59:03,371 [WARN] DbFile:41 - Overriding database path with different value: C:\Users\QUDUS\.stmcufinder\plugins\mcufinder/ => C:\Users\QUDUS\.stmcufinder\plugins\mcufinder
2023-12-18 14:59:03,371 [INFO] CrossReferenceDbSqlite:203 - Set database path to: C:\Users\QUDUS\.stmcufinder\plugins\mcufinder//mcu/cs/
2023-12-18 14:59:03,398 [INFO] ApplicationProperties:184 - Using Application install path: C:\ST\STM32CubeIDE_1.14.0\STM32CubeIDE\plugins\com.st.stm32cube.common.mx_6.10.0.202311202037
2023-12-18 14:59:03,401 [INFO] PluginManage:196 - Search for loadable plugins [exclusion list=, ]
2023-12-18 14:59:03,403 [INFO] PluginManage:310 - Check plugin analytics
2023-12-18 14:59:03,695 [INFO] AnalyticsPlugin:253 - Accepted Software Licenses: 
2023-12-18 14:59:03,695 [INFO] AnalyticsPlugin:255 - Accepted CMSIS Pack Licenses: 
2023-12-18 14:59:03,696 [INFO] AnalyticsPlugin:257 - Accepted Firmware Licenses: 
2023-12-18 14:59:03,699 [INFO] PluginManage:359 - Loaded plugin analytics (category:tool,tabindex:-1)
2023-12-18 14:59:03,700 [INFO] PluginManage:310 - Check plugin cadmodel
2023-12-18 14:59:03,719 [INFO] CADModel:105 - Init CAD model plugin
2023-12-18 14:59:03,719 [INFO] PluginManage:359 - Loaded plugin cadmodel (category:power,tabindex:5)
2023-12-18 14:59:03,720 [INFO] PluginManage:310 - Check plugin clock
2023-12-18 14:59:03,742 [INFO] PluginManage:359 - Loaded plugin clock (category:base,tabindex:2)
2023-12-18 14:59:03,742 [INFO] PluginManage:310 - Check plugin ddr
2023-12-18 14:59:03,745 [INFO] PluginManage:359 - Loaded plugin ddr (category:tool,tabindex:6)
2023-12-18 14:59:03,745 [INFO] PluginManage:310 - Check plugin filemanager
2023-12-18 14:59:03,950 [INFO] PluginManage:359 - Loaded plugin filemanager (category:base,tabindex:10)
2023-12-18 14:59:03,950 [INFO] PluginManage:310 - Check plugin ipmanager
2023-12-18 14:59:03,960 [INFO] PluginManage:359 - Loaded plugin ipmanager (category:base,tabindex:5)
2023-12-18 14:59:03,961 [INFO] PluginManage:310 - Check plugin lpbam
2023-12-18 14:59:03,985 [INFO] PluginManage:359 - Loaded plugin lpbam (category:base,tabindex:0)
2023-12-18 14:59:03,985 [INFO] PluginManage:310 - Check plugin memorymap
2023-12-18 14:59:04,017 [INFO] PluginManage:359 - Loaded plugin memorymap (category:base,tabindex:4)
2023-12-18 14:59:04,017 [INFO] PluginManage:310 - Check plugin pinoutandconfiguration
2023-12-18 14:59:04,043 [INFO] PluginManage:359 - Loaded plugin pinoutandconfiguration (category:base,tabindex:1)
2023-12-18 14:59:04,043 [INFO] PluginManage:310 - Check plugin pinoutconfig
2023-12-18 14:59:04,193 [WARN] SupportedApi:132 - Cannot load RTOS API schema: s4s-elt-must-match.1: The content of 'definitions' must match (annotation?, (simpleType | complexType)?, (unique | key | keyref)*)). A problem was found starting at: attribute.
2023-12-18 14:59:04,368 [INFO] PluginManage:359 - Loaded plugin pinoutconfig (category:base,tabindex:0)
2023-12-18 14:59:04,370 [INFO] PluginManage:310 - Check plugin power
2023-12-18 14:59:04,400 [INFO] PluginManage:359 - Loaded plugin power (category:power,tabindex:4)
2023-12-18 14:59:04,401 [INFO] PluginManage:310 - Check plugin projectmanager
2023-12-18 14:59:04,425 [INFO] PluginManage:359 - Loaded plugin projectmanager (category:projectmanager,tabindex:3)
2023-12-18 14:59:04,425 [INFO] PluginManage:310 - Check plugin thirdparty
2023-12-18 14:59:04,614 [ERROR] ConfigurationRetriever:142 - IOException on connection: Connect timed out
2023-12-18 14:59:04,752 [INFO] PluginManage:359 - Loaded plugin thirdparty (category:base,tabindex:-1)
2023-12-18 14:59:04,752 [WARN] IntegrityCheckThread:84 - waiting for thirdparty lock release [integrity check]
2023-12-18 14:59:04,752 [INFO] IntegrityCheckThread:86 - entering critical section [integrity check]
2023-12-18 14:59:04,752 [INFO] PluginManage:310 - Check plugin tools
2023-12-18 14:59:04,752 [INFO] ThirdPartyUpdaterWithRetryManager:70 - Updater plugin not ready yet. [1/15]
2023-12-18 14:59:04,787 [INFO] PluginManage:359 - Loaded plugin tools (category:base,tabindex:7)
2023-12-18 14:59:04,787 [INFO] PluginManage:310 - Check plugin tutovideos
2023-12-18 14:59:05,013 [INFO] PluginManage:359 - Loaded plugin tutovideos (category:base,tabindex:-1)
2023-12-18 14:59:05,013 [INFO] PluginManage:310 - Check plugin updater
2023-12-18 14:59:05,028 [INFO] PluginManage:359 - Loaded plugin updater (category:base,tabindex:12)
2023-12-18 14:59:05,028 [INFO] PluginManage:310 - Check plugin userauth
2023-12-18 14:59:05,035 [INFO] UserAuth:114 - Init User Auth plugin
2023-12-18 14:59:05,035 [INFO] PluginManage:359 - Loaded plugin userauth (category:base,tabindex:14)
2023-12-18 14:59:05,035 [INFO] PluginManage:283 - PluginManage : Loaded plugins [17]
2023-12-18 14:59:05,309 [INFO] PinOutPanel:1499 - setPackage(No Configuration,No Configuration)
2023-12-18 14:59:05,417 [INFO] CADModel:165 - CPN selected for project level
2023-12-18 14:59:05,417 [INFO] CADModel:114 - Register for checkConnection events
2023-12-18 14:59:05,445 [INFO] IPUIPlugin:80 - create IPUIPlugin
2023-12-18 14:59:05,446 [INFO] PluginManager:220 - loadIPPluginJar : add adc
2023-12-18 14:59:05,482 [INFO] IPUIPlugin:80 - create IPUIPlugin
2023-12-18 14:59:05,482 [INFO] PluginManager:220 - loadIPPluginJar : add aes
2023-12-18 14:59:05,525 [INFO] IPUIPlugin:80 - create IPUIPlugin
2023-12-18 14:59:05,525 [INFO] PluginManager:220 - loadIPPluginJar : add can
2023-12-18 14:59:05,546 [INFO] IPUIPlugin:80 - create IPUIPlugin
2023-12-18 14:59:05,546 [INFO] PluginManager:220 - loadIPPluginJar : add comp
2023-12-18 14:59:05,578 [INFO] IPUIPlugin:80 - create IPUIPlugin
2023-12-18 14:59:05,578 [INFO] PluginManager:220 - loadIPPluginJar : add cryp
2023-12-18 14:59:05,612 [INFO] IPUIPlugin:80 - create IPUIPlugin
2023-12-18 14:59:05,612 [INFO] PluginManager:220 - loadIPPluginJar : add dfsdm
2023-12-18 14:59:05,627 [INFO] IPUIPlugin:80 - create IPUIPlugin
2023-12-18 14:59:05,627 [INFO] PluginManager:220 - loadIPPluginJar : add dma
2023-12-18 14:59:05,668 [INFO] IPUIPlugin:80 - create IPUIPlugin
2023-12-18 14:59:05,668 [INFO] PluginManager:220 - loadIPPluginJar : add dma3
2023-12-18 14:59:05,686 [INFO] IPUIPlugin:80 - create IPUIPlugin
2023-12-18 14:59:05,687 [INFO] PluginManager:220 - loadIPPluginJar : add fatfs
2023-12-18 14:59:05,731 [INFO] IPUIPlugin:80 - create IPUIPlugin
2023-12-18 14:59:05,732 [INFO] PluginManager:220 - loadIPPluginJar : add fmc
2023-12-18 14:59:05,747 [INFO] IPUIPlugin:80 - create IPUIPlugin
2023-12-18 14:59:05,748 [INFO] PluginManager:220 - loadIPPluginJar : add freertos
2023-12-18 14:59:05,766 [INFO] IPUIPlugin:80 - create IPUIPlugin
2023-12-18 14:59:05,766 [INFO] PluginManager:220 - loadIPPluginJar : add genericplugin
2023-12-18 14:59:05,849 [INFO] IPUIPlugin:80 - create IPUIPlugin
2023-12-18 14:59:05,849 [INFO] PluginManager:220 - loadIPPluginJar : add gfxmmu
2023-12-18 14:59:05,971 [INFO] IPUIPlugin:80 - create IPUIPlugin
2023-12-18 14:59:05,971 [INFO] PluginManager:220 - loadIPPluginJar : add gic
2023-12-18 14:59:05,983 [INFO] IPUIPlugin:80 - create IPUIPlugin
2023-12-18 14:59:05,983 [INFO] PluginManager:220 - loadIPPluginJar : add gpio
2023-12-18 14:59:06,068 [INFO] IPUIPlugin:80 - create IPUIPlugin
2023-12-18 14:59:06,068 [INFO] PluginManager:220 - loadIPPluginJar : add gtzc
2023-12-18 14:59:06,096 [INFO] IPUIPlugin:80 - create IPUIPlugin
2023-12-18 14:59:06,096 [INFO] PluginManager:220 - loadIPPluginJar : add hash
2023-12-18 14:59:06,146 [INFO] IPUIPlugin:80 - create IPUIPlugin
2023-12-18 14:59:06,146 [INFO] PluginManager:220 - loadIPPluginJar : add i2c
2023-12-18 14:59:06,181 [INFO] IPUIPlugin:80 - create IPUIPlugin
2023-12-18 14:59:06,181 [INFO] PluginManager:220 - loadIPPluginJar : add i2s
2023-12-18 14:59:06,216 [INFO] IPUIPlugin:80 - create IPUIPlugin
2023-12-18 14:59:06,217 [INFO] PluginManager:220 - loadIPPluginJar : add i3c
2023-12-18 14:59:06,321 [INFO] IPUIPlugin:80 - create IPUIPlugin
2023-12-18 14:59:06,322 [INFO] PluginManager:220 - loadIPPluginJar : add ipddr
2023-12-18 14:59:06,404 [INFO] IPUIPlugin:80 - create IPUIPlugin
2023-12-18 14:59:06,404 [INFO] PluginManager:220 - loadIPPluginJar : add linkedlist
2023-12-18 14:59:06,435 [INFO] IPUIPlugin:80 - create IPUIPlugin
2023-12-18 14:59:06,435 [INFO] PluginManager:220 - loadIPPluginJar : add lorawan
2023-12-18 14:59:06,467 [INFO] IPUIPlugin:80 - create IPUIPlugin
2023-12-18 14:59:06,467 [INFO] PluginManager:220 - loadIPPluginJar : add ltdc
2023-12-18 14:59:06,480 [INFO] IPUIPlugin:80 - create IPUIPlugin
2023-12-18 14:59:06,480 [INFO] PluginManager:220 - loadIPPluginJar : add mdma
2023-12-18 14:59:06,491 [INFO] IPUIPlugin:80 - create IPUIPlugin
2023-12-18 14:59:06,492 [INFO] PluginManager:220 - loadIPPluginJar : add nvic
2023-12-18 14:59:06,524 [INFO] IPUIPlugin:80 - create IPUIPlugin
2023-12-18 14:59:06,524 [INFO] PluginManager:220 - loadIPPluginJar : add opamp
2023-12-18 14:59:06,577 [INFO] IPUIPlugin:80 - create IPUIPlugin
2023-12-18 14:59:06,577 [INFO] PluginManager:220 - loadIPPluginJar : add openamp
2023-12-18 14:59:06,614 [INFO] IPUIPlugin:80 - create IPUIPlugin
2023-12-18 14:59:06,614 [INFO] PluginManager:220 - loadIPPluginJar : add pdm2pcm
2023-12-18 14:59:06,616 [ERROR] ConfigurationRetriever:142 - IOException on connection: Connect timed out
2023-12-18 14:59:06,628 [INFO] IPUIPlugin:80 - create IPUIPlugin
2023-12-18 14:59:06,630 [INFO] PluginManager:220 - loadIPPluginJar : add plateformsettings
2023-12-18 14:59:06,649 [INFO] IPUIPlugin:80 - create IPUIPlugin
2023-12-18 14:59:06,650 [INFO] PluginManager:220 - loadIPPluginJar : add quadspi
2023-12-18 14:59:06,661 [INFO] IPUIPlugin:80 - create IPUIPlugin
2023-12-18 14:59:06,661 [INFO] PluginManager:220 - loadIPPluginJar : add resmgrutility
2023-12-18 14:59:06,707 [INFO] IPUIPlugin:80 - create IPUIPlugin
2023-12-18 14:59:06,708 [INFO] PluginManager:220 - loadIPPluginJar : add sai
2023-12-18 14:59:06,741 [INFO] IPUIPlugin:80 - create IPUIPlugin
2023-12-18 14:59:06,741 [INFO] PluginManager:220 - loadIPPluginJar : add spi
2023-12-18 14:59:06,808 [INFO] IPUIPlugin:80 - create IPUIPlugin
2023-12-18 14:59:06,808 [INFO] PluginManager:220 - loadIPPluginJar : add stm32_wpan
2023-12-18 14:59:06,829 [INFO] IPUIPlugin:80 - create IPUIPlugin
2023-12-18 14:59:06,829 [INFO] PluginManager:220 - loadIPPluginJar : add tim
2023-12-18 14:59:06,881 [INFO] IPUIPlugin:80 - create IPUIPlugin
2023-12-18 14:59:06,881 [INFO] PluginManager:220 - loadIPPluginJar : add touchsensing
2023-12-18 14:59:06,902 [INFO] IPUIPlugin:80 - create IPUIPlugin
2023-12-18 14:59:06,902 [INFO] PluginManager:220 - loadIPPluginJar : add tracer_emb
2023-12-18 14:59:06,922 [INFO] IPUIPlugin:80 - create IPUIPlugin
2023-12-18 14:59:06,923 [INFO] PluginManager:220 - loadIPPluginJar : add ts
2023-12-18 14:59:06,941 [INFO] IPUIPlugin:80 - create IPUIPlugin
2023-12-18 14:59:06,941 [INFO] PluginManager:220 - loadIPPluginJar : add tsc
2023-12-18 14:59:06,963 [INFO] IPUIPlugin:80 - create IPUIPlugin
2023-12-18 14:59:06,964 [INFO] PluginManager:220 - loadIPPluginJar : add ucpd
2023-12-18 14:59:07,005 [INFO] IPUIPlugin:80 - create IPUIPlugin
2023-12-18 14:59:07,005 [INFO] PluginManager:220 - loadIPPluginJar : add usart
2023-12-18 14:59:07,045 [INFO] IPUIPlugin:80 - create IPUIPlugin
2023-12-18 14:59:07,045 [INFO] PluginManager:220 - loadIPPluginJar : add usbx
2023-12-18 14:59:07,194 [INFO] CADModel:165 - CPN selected for project level
2023-12-18 14:59:07,194 [INFO] CADModel:114 - Register for checkConnection events
2023-12-18 14:59:07,194 [FATAL] Updater:308 - Updater called before beeing initialized
2023-12-18 14:59:07,194 [ERROR] CADModel:125 - Updater not yet initialized, retry later 
2023-12-18 14:59:07,368 [INFO] CADModel:165 - CPN selected for project level
2023-12-18 14:59:07,368 [INFO] CADModel:114 - Register for checkConnection events
2023-12-18 14:59:07,368 [FATAL] Updater:308 - Updater called before beeing initialized
2023-12-18 14:59:07,368 [ERROR] CADModel:125 - Updater not yet initialized, retry later 
2023-12-18 14:59:07,372 [FATAL] Updater:308 - Updater called before beeing initialized
2023-12-18 14:59:07,527 [FATAL] Updater:308 - Updater called before beeing initialized
2023-12-18 14:59:07,541 [INFO] DbMcusAds:53 - JSON generation date=Wed Nov 29 11:52:27 CET 2023 (1701255147349)
2023-12-18 14:59:07,542 [FATAL] Updater:308 - Updater called before beeing initialized
2023-12-18 14:59:07,630 [WARN] DetailPanel:346 - Failed to get advertising image, set to default
2023-12-18 14:59:07,755 [INFO] ThirdPartyUpdaterWithRetryManager:70 - Updater plugin not ready yet. [2/15]
2023-12-18 14:59:07,772 [FATAL] Updater:308 - Updater called before beeing initialized
2023-12-18 14:59:07,774 [FATAL] Updater:308 - Updater called before beeing initialized
2023-12-18 14:59:07,774 [FATAL] Updater:308 - Updater called before beeing initialized
2023-12-18 14:59:07,775 [WARN] DetailPanel:346 - Failed to get advertising image, set to default
2023-12-18 14:59:07,775 [FATAL] Updater:308 - Updater called before beeing initialized
2023-12-18 14:59:07,855 [ERROR] Updater:1120 - MainUpdater not yet initialized. External WinMGr cannot be set.
2023-12-18 14:59:07,868 [INFO] Updater:1056 - Updater Version found : 6.10.0
2023-12-18 14:59:07,899 [INFO] ApplicationProperties:184 - Using Application install path: C:\ST\STM32CubeIDE_1.14.0\STM32CubeIDE\plugins\com.st.stm32cube.common.mx_6.10.0.202311202037
2023-12-18 14:59:08,702 [ERROR] ConfigurationRetriever:142 - IOException on connection: Connect timed out
2023-12-18 14:59:09,487 [ERROR] LogOutputStream:75 - [STDERR_REDIRECT] Dec 18, 2023 2:59:09 PM java.util.prefs.WindowsPreferences <init>
2023-12-18 14:59:09,489 [ERROR] LogOutputStream:75 - [STDERR_REDIRECT] WARNING: Could not open/create prefs root node Software\JavaSoft\Prefs at root 0xffffffff80000002. Windows RegCreateKeyEx(...) returned error code 5.
2023-12-18 14:59:09,489 [ERROR] LogOutputStream:75 - [STDERR_REDIRECT] 
2023-12-18 14:59:10,757 [FATAL] Updater:308 - Updater called before beeing initialized
2023-12-18 14:59:10,757 [ERROR] IntegrityCheckThread:130 - Cannot retrieve database content from updater: error 21
2023-12-18 14:59:10,757 [INFO] ThirdParty:978 - Integrity check success = false
2023-12-18 14:59:10,758 [INFO] IntegrityCheckThread:100 - exiting critical section [integrity check]
2023-12-18 14:59:10,758 [INFO] IntegrityCheckThread:103 - End integrity checks thread
2023-12-18 14:59:13,704 [ERROR] ConfigurationRetriever:142 - IOException on connection: Connect timed out
2023-12-18 14:59:13,759 [WARN] CheckConnectionManager:291 - Warning during Server Connection :  timeout Connect to sw-center.st.com:443 [sw-center.st.com/23.200.86.242, sw-center.st.com/23.200.86.240] failed: Connect timed out
2023-12-18 14:59:17,762 [WARN] CheckConnectionManager:291 - Warning during Server Connection :  timeout Connect to sw-center.st.com:443 [sw-center.st.com/23.200.86.242, sw-center.st.com/23.200.86.240] failed: Connect timed out
2023-12-18 14:59:17,765 [INFO] MainUpdater:2873 - connection check result : 22
2023-12-18 14:59:17,765 [INFO] MainUpdater:290 - Updater Check For Update Now.
2023-12-18 14:59:17,765 [INFO] MicroXplorer:498 - Change Database Version : DB.6.0.100
2023-12-18 14:59:17,782 [INFO] McuFinderGlobals:63 - Set McuFinder mode to 2 (CubeIDE integrated)
2023-12-18 14:59:17,855 [INFO] UserAuth:404 - Internet connection configuration mode: 2
2023-12-18 14:59:18,004 [INFO] CheckServerUpdateThread:120 - End of CheckServer Thread
2023-12-18 14:59:18,706 [ERROR] ConfigurationRetriever:142 - IOException on connection: Connect timed out
2023-12-18 14:59:38,697 [ERROR] LogOutputStream:75 - [STDERR_REDIRECT] SLF4J: Failed to load class "org.slf4j.impl.StaticLoggerBinder".
2023-12-18 14:59:38,698 [ERROR] LogOutputStream:75 - [STDERR_REDIRECT] SLF4J: Defaulting to no-operation (NOP) logger implementation
2023-12-18 14:59:38,701 [ERROR] LogOutputStream:75 - [STDERR_REDIRECT] SLF4J: See http://www.slf4j.org/codes.html#StaticLoggerBinder for further details.
2023-12-18 15:04:55,230 [ERROR] ConfigurationRetriever:142 - IOException on connection: No subject alternative DNS name matching sw-center.st.com found.
2023-12-18 15:04:56,277 [ERROR] ConfigurationRetriever:142 - IOException on connection: No subject alternative DNS name matching sw-center.st.com found.
2023-12-18 15:04:57,320 [ERROR] ConfigurationRetriever:142 - IOException on connection: No subject alternative DNS name matching sw-center.st.com found.
2023-12-18 15:56:12,582 [ERROR] ConfigurationRetriever:142 - IOException on connection: No subject alternative DNS name matching sw-center.st.com found.
2023-12-18 15:56:14,583 [ERROR] ConfigurationRetriever:142 - IOException on connection: Connect timed out
2023-12-18 15:56:14,607 [ERROR] ConfigurationRetriever:142 - IOException on connection: No subject alternative DNS name matching sw-center.st.com found.
2023-12-18 15:56:16,645 [ERROR] ConfigurationRetriever:142 - IOException on connection: Connect timed out
2023-12-18 15:56:18,646 [ERROR] ConfigurationRetriever:142 - IOException on connection: Connect timed out
2023-12-18 15:56:20,647 [ERROR] ConfigurationRetriever:142 - IOException on connection: Connect timed out
2023-12-18 15:57:37,822 [ERROR] ConfigurationRetriever:142 - IOException on connection: No subject alternative DNS name matching sw-center.st.com found.
2023-12-18 15:57:38,855 [ERROR] ConfigurationRetriever:142 - IOException on connection: No subject alternative DNS name matching sw-center.st.com found.
2023-12-18 15:57:40,856 [ERROR] ConfigurationRetriever:142 - IOException on connection: Connect timed out
2023-12-18 15:57:42,889 [ERROR] ConfigurationRetriever:142 - IOException on connection: Connect timed out
2023-12-18 15:57:44,894 [ERROR] ConfigurationRetriever:142 - IOException on connection: Connect timed out
2023-12-18 15:57:45,919 [ERROR] ConfigurationRetriever:142 - IOException on connection: No subject alternative DNS name matching sw-center.st.com found.
2023-12-18 16:04:49,386 [ERROR] ConfigurationRetriever:142 - IOException on connection: No subject alternative DNS name matching sw-center.st.com found.
2023-12-18 16:04:51,388 [ERROR] ConfigurationRetriever:142 - IOException on connection: Connect timed out
2023-12-18 16:04:51,412 [ERROR] ConfigurationRetriever:142 - IOException on connection: No subject alternative DNS name matching sw-center.st.com found.
2023-12-18 16:04:52,463 [ERROR] ConfigurationRetriever:142 - IOException on connection: No subject alternative DNS name matching sw-center.st.com found.
2023-12-18 16:04:53,499 [ERROR] ConfigurationRetriever:142 - IOException on connection: No subject alternative DNS name matching sw-center.st.com found.
2023-12-18 16:04:54,526 [ERROR] ConfigurationRetriever:142 - IOException on connection: No subject alternative DNS name matching sw-center.st.com found.
2023-12-18 16:08:35,642 [ERROR] ConfigurationRetriever:142 - IOException on connection: No subject alternative DNS name matching sw-center.st.com found.
2023-12-18 16:08:37,648 [ERROR] ConfigurationRetriever:142 - IOException on connection: Connect timed out
2023-12-18 16:08:37,672 [ERROR] ConfigurationRetriever:142 - IOException on connection: No subject alternative DNS name matching sw-center.st.com found.
2023-12-18 16:08:38,723 [ERROR] ConfigurationRetriever:142 - IOException on connection: No subject alternative DNS name matching sw-center.st.com found.
2023-12-18 16:08:40,725 [ERROR] ConfigurationRetriever:142 - IOException on connection: Connect timed out
2023-12-18 16:08:40,739 [ERROR] ConfigurationRetriever:142 - IOException on connection: No subject alternative DNS name matching sw-center.st.com found.
2023-12-18 16:13:20,119 [ERROR] ConfigurationRetriever:142 - IOException on connection: No subject alternative DNS name matching sw-center.st.com found.
2023-12-18 16:13:21,149 [ERROR] ConfigurationRetriever:142 - IOException on connection: No subject alternative DNS name matching sw-center.st.com found.
2023-12-18 16:13:22,181 [ERROR] ConfigurationRetriever:142 - IOException on connection: No subject alternative DNS name matching sw-center.st.com found.
2023-12-18 16:13:23,222 [ERROR] ConfigurationRetriever:142 - IOException on connection: No subject alternative DNS name matching sw-center.st.com found.
2023-12-18 16:13:24,252 [ERROR] ConfigurationRetriever:142 - IOException on connection: No subject alternative DNS name matching sw-center.st.com found.
2023-12-18 16:13:25,284 [ERROR] ConfigurationRetriever:142 - IOException on connection: No subject alternative DNS name matching sw-center.st.com found.
2023-12-18 16:14:51,224 [ERROR] ConfigurationRetriever:142 - IOException on connection: No subject alternative DNS name matching sw-center.st.com found.
2023-12-18 16:14:52,247 [ERROR] ConfigurationRetriever:142 - IOException on connection: No subject alternative DNS name matching sw-center.st.com found.
2023-12-18 16:14:53,267 [ERROR] ConfigurationRetriever:142 - IOException on connection: No subject alternative DNS name matching sw-center.st.com found.
2023-12-18 16:14:55,298 [ERROR] ConfigurationRetriever:142 - IOException on connection: Connect timed out
2023-12-18 16:14:55,322 [ERROR] ConfigurationRetriever:142 - IOException on connection: No subject alternative DNS name matching sw-center.st.com found.
2023-12-18 16:14:56,367 [ERROR] ConfigurationRetriever:142 - IOException on connection: No subject alternative DNS name matching sw-center.st.com found.
2023-12-18 16:15:21,656 [ERROR] ConfigurationRetriever:142 - IOException on connection: Connect timed out
2023-12-18 16:15:23,677 [ERROR] ConfigurationRetriever:142 - IOException on connection: Connect timed out
2023-12-18 16:15:25,679 [ERROR] ConfigurationRetriever:142 - IOException on connection: Connect timed out
2023-12-18 16:15:27,727 [ERROR] ConfigurationRetriever:142 - IOException on connection: Connect timed out
2023-12-18 16:15:28,750 [ERROR] ConfigurationRetriever:142 - IOException on connection: No subject alternative DNS name matching sw-center.st.com found.
2023-12-18 16:15:30,751 [ERROR] ConfigurationRetriever:142 - IOException on connection: Connect timed out
2023-12-18 16:15:32,855 [ERROR] ConfigurationRetriever:142 - IOException on connection: Connect timed out
2023-12-18 16:15:34,857 [ERROR] ConfigurationRetriever:142 - IOException on connection: Connect timed out
2023-12-18 16:15:36,860 [ERROR] ConfigurationRetriever:142 - IOException on connection: Connect timed out
2023-12-18 16:20:45,634 [INFO] McuFinderGlobals:63 - Set McuFinder mode to 2 (CubeIDE integrated)
2023-12-18 16:20:47,705 [WARN] CheckConnectionManager:291 - Warning during Server Connection :  timeout Connect to sw-center.st.com:443 [sw-center.st.com/88.221.134.67, sw-center.st.com/88.221.134.18] failed: Connect timed out
2023-12-18 16:20:49,721 [WARN] CheckConnectionManager:291 - Warning during Server Connection :  timeout Connect to sw-center.st.com:443 [sw-center.st.com/88.221.134.67, sw-center.st.com/88.221.134.18] failed: Connect timed out
2023-12-18 16:20:49,721 [INFO] MainUpdater:2873 - connection check result : 22
2023-12-18 16:20:51,737 [WARN] CheckConnectionManager:291 - Warning during Server Connection :  timeout Connect to sw-center.st.com:443 [sw-center.st.com/88.221.134.67, sw-center.st.com/88.221.134.18] failed: Connect timed out
2023-12-18 16:20:53,745 [WARN] CheckConnectionManager:291 - Warning during Server Connection :  timeout Connect to sw-center.st.com:443 [sw-center.st.com/88.221.134.67, sw-center.st.com/88.221.134.18] failed: Connect timed out
2023-12-18 16:20:53,749 [INFO] MainUpdater:2873 - connection check result : 22
2023-12-18 16:21:00,363 [INFO] MainUpdater:2873 - connection check result : 22
2023-12-18 16:21:14,809 [WARN] CheckConnectionManager:291 - Warning during Server Connection :  timeout Connect to sw-center.st.com:443 [sw-center.st.com/88.221.134.67, sw-center.st.com/88.221.134.18] failed: Connect timed out
2023-12-18 16:21:16,816 [WARN] CheckConnectionManager:291 - Warning during Server Connection :  timeout Connect to sw-center.st.com:443 [sw-center.st.com/88.221.134.67, sw-center.st.com/88.221.134.18] failed: Connect timed out
2023-12-18 16:21:16,819 [INFO] MainUpdater:2873 - connection check result : 22
2023-12-18 16:21:24,053 [INFO] MainUpdater:2873 - connection check result : 22
2023-12-18 16:21:29,615 [INFO] MicroXplorer:468 - Change Database Path : 
2023-12-18 16:21:29,615 [INFO] MicroXplorer:498 - Change Database Version : DB.6.0.100
2023-12-18 16:21:29,615 [WARN] ThirdParty:871 - waiting for thirdparty lock release [close project]
2023-12-18 16:21:29,615 [INFO] ThirdParty:873 - entering critical section [close project]
2023-12-18 16:21:29,623 [INFO] ThirdParty:883 - exiting critical section [close project]
2023-12-18 16:21:29,623 [INFO] PinOutPanel:1499 - setPackage(No Configuration,No Configuration)
2023-12-18 16:21:29,623 [INFO] UtilMem:75 - Begin LoadConfig() Used Memory: 336785024 Bytes (465567744)
2023-12-18 16:21:29,623 [INFO] MicroXplorer:468 - Change Database Path : 
2023-12-18 16:21:29,623 [INFO] MicroXplorer:498 - Change Database Version : DB.6.0.100
2023-12-18 16:21:29,623 [INFO] OpenFileManager:312 - Change cursor
2023-12-18 16:21:29,638 [WARN] IntegrityCheckThread:84 - waiting for thirdparty lock release [integrity check]
2023-12-18 16:21:29,638 [INFO] IntegrityCheckThread:86 - entering critical section [integrity check]
2023-12-18 16:21:29,827 [WARN] PackLoader:240 - Cannot read IP mode file for STMicroelectronics.X-CUBE-SMBUS.2.1.0
2023-12-18 16:21:29,842 [WARN] PackLoader:240 - Cannot read IP mode file for STMicroelectronics.X-CUBE-TOUCHGFX.4.23.0
2023-12-18 16:21:29,889 [WARN] PackLoader:240 - Cannot read IP mode file for STMicroelectronics.X-CUBE-AZRTOS-F7.1.1.0
2023-12-18 16:21:29,905 [WARN] PackLoader:240 - Cannot read IP mode file for STMicroelectronics.FP-SNS-MOTENV1.4.3.2
2023-12-18 16:21:29,921 [WARN] PackLoader:240 - Cannot read IP mode file for STMicroelectronics.FP-SNS-FLIGHT1.5.0.2
2023-12-18 16:21:29,944 [WARN] PackLoader:240 - Cannot read IP mode file for STMicroelectronics.X-CUBE-DISPLAY.3.0.0
2023-12-18 16:21:29,968 [WARN] PackLoader:240 - Cannot read IP mode file for STMicroelectronics.X-CUBE-BLE1.7.0.0
2023-12-18 16:21:29,981 [WARN] PackLoader:240 - Cannot read IP mode file for emotas.I-CUBE-CANOPEN.1.3.0
2023-12-18 16:21:29,994 [WARN] PackLoader:240 - Cannot read IP mode file for STMicroelectronics.X-CUBE-TOUCHGFX.4.22.1
2023-12-18 16:21:30,007 [WARN] PackLoader:240 - Cannot read IP mode file for STMicroelectronics.FP-SNS-SMARTAG2.1.2.0
2023-12-18 16:21:30,030 [INFO] LogOutputStream:77 - [STDOUT_REDIRECT] 1 : Invalid condition id : UX_CORESTACK_Condition cause : null
2023-12-18 16:21:30,031 [INFO] LogOutputStream:77 - [STDOUT_REDIRECT] 1 : Invalid condition id : UX_CORESTACK_Condition cause : null
2023-12-18 16:21:30,033 [INFO] LogOutputStream:77 - [STDOUT_REDIRECT] 1 : Invalid condition id : UX_CORESTACK_Condition cause : null
2023-12-18 16:21:30,035 [INFO] LogOutputStream:77 - [STDOUT_REDIRECT] 1 : Invalid condition id : UX_CORESTACK_Condition cause : null
2023-12-18 16:21:30,038 [INFO] LogOutputStream:77 - [STDOUT_REDIRECT] 1 : Invalid condition id : UX_CORESTACK_Condition cause : null
2023-12-18 16:21:30,043 [WARN] PackLoader:240 - Cannot read IP mode file for STMicroelectronics.X-CUBE-AZRTOS-WL.2.0.0
2023-12-18 16:21:30,062 [WARN] PackLoader:240 - Cannot read IP mode file for WES.I-CUBE-Cesium.1.3.0
2023-12-18 16:21:30,075 [WARN] PackLoader:240 - Cannot read IP mode file for STMicroelectronics.X-CUBE-BLE2.3.3.0
2023-12-18 16:21:30,089 [WARN] PackLoader:240 - Cannot read IP mode file for STMicroelectronics.X-CUBE-ALGOBUILD.1.3.0
2023-12-18 16:21:30,118 [WARN] PackLoader:240 - Cannot read IP mode file for STMicroelectronics.X-CUBE-AZRTOS-G0.1.1.0
2023-12-18 16:21:30,134 [WARN] PackLoader:240 - Cannot read IP mode file for STMicroelectronics.X-CUBE-NFC4.3.0.0
2023-12-18 16:21:30,154 [WARN] PackLoader:240 - Cannot read IP mode file for STMicroelectronics.X-CUBE-BLEMGR.3.0.0
2023-12-18 16:21:30,167 [WARN] PackLoader:240 - Cannot read IP mode file for STMicroelectronics.FP-ATR-SIGFOX1.3.2.0
2023-12-18 16:21:30,179 [WARN] PackLoader:240 - Cannot read IP mode file for STMicroelectronics.X-CUBE-GNSS1.6.0.0
2023-12-18 16:21:30,224 [WARN] PackLoader:240 - Cannot read IP mode file for STMicroelectronics.X-CUBE-AZRTOS-F4.1.1.0
2023-12-18 16:21:30,245 [WARN] PackLoader:240 - Cannot read IP mode file for wolfSSL.I-CUBE-wolfSSL.5.6.4
2023-12-18 16:21:30,285 [WARN] PackLoader:240 - Cannot read IP mode file for STMicroelectronics.X-CUBE-AZRTOS-L5.2.0.0
2023-12-18 16:21:30,304 [WARN] PackLoader:240 - Cannot read IP mode file for STMicroelectronics.X-CUBE-EEPRMA1.4.2.0
2023-12-18 16:21:30,319 [WARN] PackLoader:240 - Cannot read IP mode file for ITTIA_DB.I-CUBE-ITTIADB.8.8.0
2023-12-18 16:21:30,333 [WARN] PackLoader:240 - Cannot read IP mode file for STMicroelectronics.X-CUBE-NFC7.1.0.1
2023-12-18 16:21:30,349 [WARN] PackLoader:240 - Cannot read IP mode file for STMicroelectronics.X-CUBE-NFC6.3.0.0
2023-12-18 16:21:30,365 [WARN] PackLoader:240 - Cannot read IP mode file for STMicroelectronics.X-CUBE-AI.8.1.0
2023-12-18 16:21:30,396 [WARN] ConditionMgr:438 - getConditionDescription Invalid condition id : LAN8742 Phy interface Condition cause : null
2023-12-18 16:21:30,397 [WARN] PackLoader:240 - Cannot read IP mode file for STMicroelectronics.X-CUBE-AZRTOS-L4.2.0.0
2023-12-18 16:21:30,399 [WARN] ConditionMgr:1039 - genDependencies : Invalid condition id : LAN8742 Phy interface Condition cause : null
2023-12-18 16:21:30,399 [WARN] ConditionMgr:1039 - genDependencies : Invalid condition id : LAN8742 Phy interface Condition cause : null
2023-12-18 16:21:30,401 [WARN] ConditionMgr:1039 - genDependencies : Invalid condition id : LAN8742 Phy interface Condition cause : null
2023-12-18 16:21:30,416 [WARN] PackLoader:240 - Cannot read IP mode file for STMicroelectronics.X-CUBE-SFXS2LP1.4.0.0
2023-12-18 16:21:30,443 [WARN] ConditionMgr:438 - getConditionDescription Invalid condition id : UX DEVICE CLASS RTOS Condition cause : null
2023-12-18 16:21:30,443 [WARN] ConditionMgr:438 - getConditionDescription Invalid condition id : UX DEVICE CLASS RTOS Condition cause : null
2023-12-18 16:21:30,445 [WARN] PackLoader:240 - Cannot read IP mode file for STMicroelectronics.X-CUBE-AZRTOS-WB.2.0.0
2023-12-18 16:21:30,445 [WARN] ConditionMgr:1039 - genDependencies : Invalid condition id : UX DEVICE CLASS RTOS Condition cause : null
2023-12-18 16:21:30,445 [WARN] ConditionMgr:1039 - genDependencies : Invalid condition id : UX DEVICE CLASS RTOS Condition cause : null
2023-12-18 16:21:30,445 [WARN] ConditionMgr:1039 - genDependencies : Invalid condition id : UX DEVICE CLASS RTOS Condition cause : null
2023-12-18 16:21:30,446 [WARN] ConditionMgr:1039 - genDependencies : Invalid condition id : UX DEVICE CLASS RTOS Condition cause : null
2023-12-18 16:21:30,446 [WARN] ConditionMgr:1039 - genDependencies : Invalid condition id : UX DEVICE CLASS RTOS Condition cause : null
2023-12-18 16:21:30,465 [WARN] PackLoader:240 - Cannot read IP mode file for STMicroelectronics.X-CUBE-SUBG2.5.0.0
2023-12-18 16:21:30,493 [WARN] PackLoader:240 - Cannot read IP mode file for STMicroelectronics.X-CUBE-AZRTOS-G4.2.0.0
2023-12-18 16:21:30,524 [WARN] PackLoader:240 - Cannot read IP mode file for Infineon.AIROC-Wi-Fi-Bluetooth-STM32.1.5.1
2023-12-18 16:21:30,542 [WARN] PackLoader:240 - Cannot read IP mode file for STMicroelectronics.FP-SNS-MOTENVWB1.1.3.1
2023-12-18 16:21:30,555 [WARN] PackLoader:240 - Cannot read IP mode file for STMicroelectronics.X-CUBE-ISPU.2.0.0
2023-12-18 16:21:30,600 [WARN] PackLoader:240 - Cannot read IP mode file for STMicroelectronics.X-CUBE-MEMS1.10.0.0
2023-12-18 16:21:30,762 [WARN] PackLoader:240 - Cannot read IP mode file for STMicroelectronics.X-CUBE-FREERTOS.1.1.0
2023-12-18 16:21:30,774 [WARN] PackLoader:240 - Cannot read IP mode file for portGmbH.I-Cube-SoM-uGOAL.1.1.0
2023-12-18 16:21:30,786 [WARN] PackLoader:240 - Cannot read IP mode file for STMicroelectronics.X-CUBE-ALS.1.0.1
2023-12-18 16:21:30,797 [WARN] PackLoader:240 - Cannot read IP mode file for STMicroelectronics.FP-ATR-ASTRA1.2.0.0
2023-12-18 16:21:30,818 [WARN] PackLoader:240 - Cannot read IP mode file for STMicroelectronics.X-CUBE-TOF1.3.4.0
2023-12-18 16:21:30,857 [WARN] PackLoader:240 - Cannot read IP mode file for STMicroelectronics.X-CUBE-AZRTOS-H7.3.2.0
2023-12-18 16:21:30,860 [INFO] ThirdParty:978 - Integrity check success = true
2023-12-18 16:21:30,860 [INFO] IntegrityCheckThread:100 - exiting critical section [integrity check]
2023-12-18 16:21:30,860 [INFO] IntegrityCheckThread:103 - End integrity checks thread
2023-12-18 16:21:30,886 [INFO] Mcu:2016 - Initializing MCU STM32F303K(6-8)Tx STM32F303K8Tx STM32F303K8T6
2023-12-18 16:21:32,623 [INFO] Context:659 - Trying to add GPIOservice into a context  which must be forbidden
2023-12-18 16:21:33,143 [INFO] RtosManager:555 - Registered RTOS mode: class=CMSIS, group=RTOS, mode=CMSIS_V1, owner=FREERTOS
2023-12-18 16:21:33,143 [INFO] RtosManager:555 - Registered RTOS mode: class=CMSIS, group=RTOS2, mode=CMSIS_V2, owner=FREERTOS
2023-12-18 16:21:33,143 [INFO] RtosManager:555 - Registered RTOS mode: class=RTOS, group=Core, mode=CMSIS_V1, owner=FREERTOS
2023-12-18 16:21:33,143 [INFO] RtosManager:555 - Registered RTOS mode: class=RTOS, group=Core, mode=CMSIS_V2, owner=FREERTOS
2023-12-18 16:21:33,143 [WARN] ModelIntegratedComponent:184 - Missing modes for component STMicroelectronics:FreeRTOS:0.0.1:STMicroelectronics:RTOS:FreeRTOS:Core:::10.2.0:
2023-12-18 16:21:33,158 [WARN] ModelIntegratedComponent:63 - No mode defined for component null
2023-12-18 16:21:33,158 [WARN] ModelIntegratedComponent:63 - No mode defined for component null
2023-12-18 16:21:33,158 [WARN] ModelIntegratedComponent:63 - No mode defined for component null
2023-12-18 16:21:33,158 [WARN] ModelIntegratedComponent:63 - No mode defined for component null
2023-12-18 16:21:33,158 [WARN] ModelIntegratedComponent:63 - No mode defined for component null
2023-12-18 16:21:33,158 [WARN] ModelIntegratedComponent:63 - No mode defined for component null
2023-12-18 16:21:33,158 [WARN] ModelIntegratedComponent:63 - No mode defined for component null
2023-12-18 16:21:33,158 [WARN] ModelIntegratedComponent:63 - No mode defined for component null
2023-12-18 16:21:33,158 [WARN] ModelIntegratedComponent:63 - No mode defined for component null
2023-12-18 16:21:33,158 [WARN] ModelIntegratedComponent:63 - No mode defined for component null
2023-12-18 16:21:33,158 [WARN] ModelIntegratedComponent:63 - No mode defined for component null
2023-12-18 16:21:33,158 [WARN] ModelIntegratedComponent:63 - No mode defined for component null
2023-12-18 16:21:33,158 [WARN] ModelIntegratedComponent:63 - No mode defined for component null
2023-12-18 16:21:33,158 [WARN] ModelIntegratedComponent:63 - No mode defined for component null
2023-12-18 16:21:33,158 [WARN] ModelIntegratedComponent:63 - No mode defined for component null
2023-12-18 16:21:33,158 [WARN] ModelIntegratedComponent:63 - No mode defined for component null
2023-12-18 16:21:33,158 [WARN] ModelIntegratedComponent:63 - No mode defined for component null
2023-12-18 16:21:33,158 [WARN] ModelIntegratedComponent:63 - No mode defined for component null
2023-12-18 16:21:33,158 [WARN] ModelIntegratedComponent:63 - No mode defined for component null
2023-12-18 16:21:33,158 [WARN] ModelIntegratedComponent:63 - No mode defined for component null
2023-12-18 16:21:33,158 [WARN] ModelIntegratedComponent:63 - No mode defined for component null
2023-12-18 16:21:33,158 [WARN] ModelIntegratedComponent:63 - No mode defined for component null
2023-12-18 16:21:33,158 [WARN] ModelIntegratedComponent:63 - No mode defined for component null
2023-12-18 16:21:33,158 [WARN] ModelIntegratedComponent:63 - No mode defined for component null
2023-12-18 16:21:33,158 [WARN] ModelIntegratedComponent:63 - No mode defined for component null
2023-12-18 16:21:33,158 [WARN] ModelIntegratedComponent:63 - No mode defined for component null
2023-12-18 16:21:33,158 [WARN] ModelIntegratedComponent:63 - No mode defined for component null
2023-12-18 16:21:33,158 [WARN] ModelIntegratedComponent:63 - No mode defined for component null
2023-12-18 16:21:33,158 [WARN] ModelIntegratedComponent:63 - No mode defined for component null
2023-12-18 16:21:33,158 [WARN] ModelIntegratedComponent:63 - No mode defined for component null
2023-12-18 16:21:33,158 [WARN] ModelIntegratedComponent:63 - No mode defined for component null
2023-12-18 16:21:33,158 [WARN] ModelIntegratedComponent:63 - No mode defined for component null
2023-12-18 16:21:33,158 [WARN] ModelIntegratedComponent:63 - No mode defined for component null
2023-12-18 16:21:33,238 [INFO] ThirdPartyModel:298 - Start build external matchings
2023-12-18 16:21:33,523 [INFO] ThirdPartyModel:316 - End build external matchings
2023-12-18 16:21:33,523 [INFO] ImportTextPane:194 - (OptionalMessage_ERROR) IP (RCC) : Invalid parameter (CECFreq_Value)
2023-12-18 16:21:33,523 [INFO] ImportTextPane:194 - (OptionalMessage_ERROR) IP (RCC) : Invalid parameter (FamilyName)
2023-12-18 16:21:33,523 [INFO] ImportTextPane:194 - (OptionalMessage_ERROR) IP (RCC) : Invalid parameter (HSICECFreq_Value)
2023-12-18 16:21:33,523 [INFO] ImportTextPane:194 - (OptionalMessage_ERROR) IP (RCC) : Invalid parameter (TIM2Freq_Value)
2023-12-18 16:21:33,523 [INFO] ImportTextPane:194 - (OptionalMessage_ERROR) IP (RCC) : Invalid parameter (TimSysFreq_Value)
2023-12-18 16:21:33,523 [INFO] ImportTextPane:194 - (OptionalMessage_ERROR) IP (RCC) : Parameter (USART2Freq_Value) has invalid value (8000000)
2023-12-18 16:21:33,814 [INFO] UtilMem:75 - End LoadConfig() Used Memory: 218255504 Bytes (465567744)
2023-12-18 16:21:33,969 [INFO] ApiDb:581 - Connected to CubeFinder SQLite database (C:\Users\QUDUS\.stmcufinder\plugins\mcufinder\mcu\cube-finder-db.db)
2023-12-18 16:21:34,074 [INFO] ApiDb:668 - CubeFinder database Data Model version=2.1
2023-12-18 16:21:34,074 [INFO] ApiDb:669 - CubeFinder database Configuration version=3.0.39
2023-12-18 16:21:34,074 [INFO] ApiDb:670 - CubeFinder database generation date=2023-11-06 (1699269565)
2023-12-18 16:21:34,075 [INFO] ApiDb:671 - CubeFinder database FW Pack versions=[FP-ATR-ASTRA1_V2.0.0, FP-SNS-FLIGHT1_V5.0.1, FP-SNS-FLIGHT1_V5.0.2, FP-SNS-MOTENV1_V4.3.1, FP-SNS-MOTENV1_V4.3.2, FP-SNS-MOTENVWB1_V1.3.0, FP-SNS-SMARTAG2_V1.2.0, STM32Cube_FW_C0_V1.1.0, STM32Cube_FW_F4_V1.28.0, STM32Cube_FW_F7_V1.17.0, STM32Cube_FW_G0_V1.6.1, STM32Cube_FW_G4_V1.5.1, STM32Cube_FW_H5_V0.5.1, STM32Cube_FW_H5_V1.1.1, STM32Cube_FW_H5_V1.2.0RC2, STM32Cube_FW_H7_V1.11.0, STM32Cube_FW_L0_V1.12.2, STM32Cube_FW_L5_V1.5.0, STM32Cube_FW_U5_V1.3.0RC4, STM32Cube_FW_U5_V1.4.0, STM32Cube_FW_WBA_V1.0.0RC1, STM32Cube_FW_WBA_V1.1.0RC1, STM32Cube_FW_WBA_V1.2.0, STM32Cube_FW_WBA_V1.2.0RC2, STM32Cube_FW_WB_V1.15.0RC1, STM32Cube_FW_WB_V1.16.0, STM32Cube_FW_WB_V1.16.0RC2, STM32Cube_FW_WB_V1.18.0, STM32Cube_FW_WL_V1.3.0, X-CUBE-ALGOBUILD_V1.3.0, X-CUBE-ALS_V1.0.1, X-CUBE-AZRTOS-F4_V1.1.0, X-CUBE-AZRTOS-F7_V1.1.0, X-CUBE-AZRTOS-G0_V1.1.0, X-CUBE-AZRTOS-G4_V2.0.0, X-CUBE-AZRTOS-H7_V3.1.0, X-CUBE-AZRTOS-L4_V1.0.0, X-CUBE-AZRTOS-L4_V2.0.0, X-CUBE-AZRTOS-L5_V1.1.0, X-CUBE-AZRTOS-WB_V2.0.0, X-CUBE-AZRTOS-WL_V2.0.0, X-CUBE-BLE1_V7.0.0, X-CUBE-BLE2_V3.3.0, X-CUBE-BLEMGR_V2.0.0, X-CUBE-EEPRMA1_V4.1.0, X-CUBE-EEPRMA1_V4.2.0, X-CUBE-FREERTOS_V1.1.0, X-CUBE-GNSS1_V6.0.0, X-CUBE-MEMS1_V10.0.0, X-CUBE-MEMS1_V9.1.0, X-CUBE-MEMS1_V9.4.0, X-CUBE-MEMS1_V9.6.0, X-CUBE-NFC4_V3.0.0, X-CUBE-NFC7_V1.0.1, X-CUBE-SFXS2LP1_V4.0.0, X-CUBE-SUBG2_V5.0.0, X-CUBE-TOF1_V3.3.1]
2023-12-18 16:21:36,779 [INFO] ApiDb:240 - Found 371 in-development CPN: [B-G473E-ZEST1S, B-WB1M-WPAN1, B-WL5M-SUBG1, NUCLEO-C031C6, NUCLEO-H503RB, NUCLEO-H563ZI, NUCLEO-U545RE-Q, NUCLEO-U5A5ZJ-Q, NUCLEO-WBA52CG, NUCLEO-WBA55CG, STEVAL-MKBOXPRO, STEVAL-PROTEUS1, STEVAL-STWINBX1, STM320518-EVAL, STM32C0116-DK, STM32C011D6Y3TR, STM32C011D6Y6TR, STM32C011F4P3, STM32C011F4P6, STM32C011F4U3, STM32C011F4U6TR, STM32C011F6P3, STM32C011F6P6, STM32C011F6U3, STM32C011F6U6TR, STM32C011J4M3, STM32C011J4M6, STM32C011J6M3, STM32C011J6M6, STM32C0316-DK, STM32C031C4T3, STM32C031C4T6, STM32C031C4U3, STM32C031C4U6, STM32C031C6T3, STM32C031C6T6, STM32C031C6U3, STM32C031C6U6, STM32C031F4P3, STM32C031F4P6, STM32C031F6P3, STM32C031F6P6, STM32C031G4U3, STM32C031G4U6, STM32C031G6U3, STM32C031G6U6, STM32C031K4T3, STM32C031K4T6, STM32C031K4U3, STM32C031K4U6, STM32C031K6T3, STM32C031K6T6, STM32C031K6U3, STM32C031K6U6, STM32G071K8TXN, STM32G071K8UXN, STM32G081GBU6N, STM32G081KBT6N, STM32G081KBUXN, STM32G0B1CCT6N, STM32G0B1KCT6, STM32G0B1NEY6TR, STM32G0B1RCT6N, STM32G0C1CCT6, STM32G0C1CCT6N, STM32G0C1CCU6N, STM32G0C1CET6N, STM32G0C1CEU6N, STM32G0C1KCT6, STM32G0C1NEY6TR, STM32G0C1RCI6N, STM32G0C1RCT6N, STM32G0C1REI6N, STM32G0C1RET6N, STM32G0C1VCI6, STM32G0C1VEI6, STM32G471CCT6, STM32G471CCU6, STM32G471CET3, STM32G471CET6, STM32G471CEU3, STM32G471CEU6, STM32G471MCT6, STM32G471MET3, STM32G471MET6, STM32G471MEY6TR, STM32G471QCT6, STM32G471QET3, STM32G471RCT6, STM32G471RET3, STM32G471RET6, STM32G471VCH6, STM32G471VCI6, STM32G471VCT6, STM32G471VEH3, STM32G471VEH6, STM32G471VEI3, STM32G471VEI6, STM32G471VET3, STM32G471VET6, STM32G474CCT6, STM32H503CBT6, STM32H503CBU6, STM32H503EBY6TR, STM32H503KBU6, STM32H503RBT6, STM32H562AGI6, STM32H562AII6, STM32H562IGK6, STM32H562IGT6, STM32H562IIK6, STM32H562IIT6, STM32H562RGT6, STM32H562RGV6, STM32H562RIT6, STM32H562RIV6, STM32H562VGT6, STM32H562VIT6, STM32H562ZGT6, STM32H562ZIT6, STM32H563AGI6, STM32H563AII3Q, STM32H563AII6, STM32H563IGK6, STM32H563IGT6, STM32H563IIK3Q, STM32H563IIK6, STM32H563IIT3Q, STM32H563IIT6, STM32H563MIY3QTR, STM32H563RGT6, STM32H563RGV6, STM32H563RIT6, STM32H563RIV6, STM32H563VGT6, STM32H563VIT3Q, STM32H563VIT6, STM32H563ZGT6, STM32H563ZIT3Q, STM32H563ZIT6, STM32H573AII3Q, STM32H573AII6, STM32H573I-DK, STM32H573IIK3Q, STM32H573IIK6, STM32H573IIT3Q, STM32H573IIT6, STM32H573MIY3QTR, STM32H573RIT6, STM32H573RIV6, STM32H573VIT3Q, STM32H573VIT6, STM32H573ZIT3Q, STM32H573ZIT6, STM32L4R5QGI6STR, STM32MP131AAE3, STM32MP131AAF3, STM32MP131AAG3, STM32MP131CAE3, STM32MP131CAF3, STM32MP131CAG3, STM32MP131DAE7, STM32MP131DAF7, STM32MP131DAG7, STM32MP131FAE7, STM32MP131FAF7, STM32MP131FAG7, STM32MP133AAE3, STM32MP133AAF3, STM32MP133AAG3, STM32MP133CAE3, STM32MP133CAF3, STM32MP133CAG3, STM32MP133DAE7, STM32MP133DAF7, STM32MP133DAG7, STM32MP133FAE7, STM32MP133FAF7, STM32MP133FAG7, STM32MP135AAE3, STM32MP135AAF3, STM32MP135AAG3, STM32MP135CAE3, STM32MP135CAF3, STM32MP135CAG3, STM32MP135DAE7, STM32MP135DAF7, STM32MP135DAG7, STM32MP135F-DK, STM32MP135FAE7, STM32MP135FAF7, STM32MP135FAF7T, STM32MP135FAF7U, STM32MP135FAG7, STM32U535CBT6, STM32U535CBT6Q, STM32U535CBU6, STM32U535CBU6Q, STM32U535CCT6, STM32U535CCT6Q, STM32U535CCU6, STM32U535CCU6Q, STM32U535CET6, STM32U535CET6Q, STM32U535CEU6, STM32U535CEU6Q, STM32U535JEY6QTR, STM32U535NCY6QTR, STM32U535NEY6QTR, STM32U535RBI6, STM32U535RBI6Q, STM32U535RBT6, STM32U535RBT6Q, STM32U535RCI6, STM32U535RCI6Q, STM32U535RCT6, STM32U535RCT6Q, STM32U535REI6, STM32U535REI6Q, STM32U535RET6, STM32U535RET6Q, STM32U535VCI6, STM32U535VCI6Q, STM32U535VCT6, STM32U535VCT6Q, STM32U535VEI6, STM32U535VEI6Q, STM32U535VET6, STM32U535VET6Q, STM32U545CET6, STM32U545CET6Q, STM32U545CEU6, STM32U545CEU6Q, STM32U545JEY6QTR, STM32U545NEY6QTR, STM32U545REI6, STM32U545REI6Q, STM32U545RET6, STM32U545RET6Q, STM32U545VEI6, STM32U545VEI6Q, STM32U545VET6, STM32U545VET6Q, STM32U595AIH6, STM32U595AIH6Q, STM32U595AJH6, STM32U595AJH6Q, STM32U595QII6, STM32U595QII6Q, STM32U595QJI6, STM32U595QJI6Q, STM32U595RIT6, STM32U595RIT6Q, STM32U595RJT6, STM32U595RJT6Q, STM32U595VIT6, STM32U595VIT6Q, STM32U595VJT6, STM32U595VJT6Q, STM32U595ZIT6, STM32U595ZIT6Q, STM32U595ZIY6QTR, STM32U595ZJT6, STM32U595ZJT6Q, STM32U595ZJY6QTR, STM32U599BJY6QTR, STM32U599NIH6Q, STM32U599NJH6Q, STM32U599VIT6Q, STM32U599VJT6, STM32U599VJT6Q, STM32U599ZIT6Q, STM32U599ZIY6QTR, STM32U599ZJT6Q, STM32U599ZJY6QTR, STM32U5A5AJH6, STM32U5A5AJH6Q, STM32U5A5QJI6, STM32U5A5QJI6Q, STM32U5A5RJT6, STM32U5A5RJT6Q, STM32U5A5VJT6, STM32U5A5VJT6Q, STM32U5A5ZJT6, STM32U5A5ZJT6Q, STM32U5A5ZJY6QTR, STM32U5A9BJY6QTR, STM32U5A9J-DK, STM32U5A9NJH6Q, STM32U5A9VJT6Q, STM32U5A9ZJT6Q, STM32U5A9ZJY6QTR, STM32U5F7VIT6, STM32U5F7VIT6Q, STM32U5F7VJT6, STM32U5F7VJT6Q, STM32U5F9BJY6QTR, STM32U5F9NJH6Q, STM32U5F9VIT6Q, STM32U5F9VJT6Q, STM32U5F9ZIJ6QTR, STM32U5F9ZIT6Q, STM32U5F9ZJJ6QTR, STM32U5F9ZJT6Q, STM32U5G7VJT6, STM32U5G7VJT6Q, STM32U5G9BJY6QTR, STM32U5G9J-DK1, STM32U5G9J-DK2, STM32U5G9NJH6Q, STM32U5G9VJT6Q, STM32U5G9ZJJ6QTR, STM32U5G9ZJT6Q, STM32WB1MMCH6, STM32WBA50KEU6, STM32WBA50KEU6TR, STM32WBA50KGU6, STM32WBA50KGU6TR, STM32WBA52CEU6, STM32WBA52CEU6TR, STM32WBA52CEU7, STM32WBA52CEU7TR, STM32WBA52CGU6, STM32WBA52CGU6TR, STM32WBA52CGU6U, STM32WBA52CGU7, STM32WBA52CGU7TR, STM32WBA52KEU6, STM32WBA52KEU6TR, STM32WBA52KGU6, STM32WBA52KGU6TR, STM32WBA54CEU6, STM32WBA54CEU6TR, STM32WBA54CEU7, STM32WBA54CEU7TR, STM32WBA54CGU6, STM32WBA54CGU6TR, STM32WBA54CGU7, STM32WBA54CGU7TR, STM32WBA54KEU6, STM32WBA54KEU6TR, STM32WBA54KEU7, STM32WBA54KEU7TR, STM32WBA54KGU6, STM32WBA54KGU6TR, STM32WBA54KGU7, STM32WBA54KGU7TR, STM32WBA55CEU6, STM32WBA55CEU6TR, STM32WBA55CEU7, STM32WBA55CEU7TR, STM32WBA55CGU6, STM32WBA55CGU6TR, STM32WBA55CGU6U, STM32WBA55CGU7, STM32WBA55CGU7TR, STM32WBA55G-DK1, STM32WBA55HEF6, STM32WBA55HEF7, STM32WBA55HGF6, STM32WBA55HGF7, STM32WBA55UEI6, STM32WBA55UEI6TR, STM32WBA55UEI7, STM32WBA55UEI7TR, STM32WBA55UGI6, STM32WBA55UGI6TR, STM32WBA55UGI7, STM32WBA55UGI7TR, STM32WL5MOCH6, STM32WL5MOCH6TR]
2023-12-18 16:21:36,782 [INFO] DbMcus:218 - Found 3930 MCUs, 3930 are supported
2023-12-18 16:21:36,782 [INFO] ApiDb:423 - Load user favorites file C:\Users\QUDUS/.stm32cubeide/favorites.mcus.txt: 0 item(s)
2023-12-18 16:21:36,782 [INFO] ApiDb:427 - User favorites MCUs=[]
2023-12-18 16:21:36,782 [INFO] DbMcus:224 - Set 0 / 0 favorites MCUs
2023-12-18 16:21:37,145 [INFO] MicroXplorer:468 - Change Database Path : 
2023-12-18 16:21:37,145 [INFO] MicroXplorer:498 - Change Database Version : DB.6.0.100
2023-12-18 16:21:37,145 [WARN] ThirdParty:833 - waiting for thirdparty lock release [change project]
2023-12-18 16:21:37,146 [INFO] ThirdParty:835 - entering critical section [change project]
2023-12-18 16:21:37,146 [INFO] ThirdParty:1030 - CMSIS Pack Vendor :STMicroelectronics USBPD 4.1
2023-12-18 16:21:37,146 [INFO] ThirdParty:1030 - CMSIS Pack Vendor :STMicroelectronics X-CUBE-GNSS1 6.0.0
2023-12-18 16:21:37,146 [INFO] ThirdParty:1030 - CMSIS Pack Vendor :STMicroelectronics USB_HOST 2.0.0
2023-12-18 16:21:37,146 [INFO] ThirdParty:1030 - CMSIS Pack Vendor :STMicroelectronics X-CUBE-AZRTOS-F4 1.1.0
2023-12-18 16:21:37,146 [INFO] ThirdParty:1030 - CMSIS Pack Vendor :STMicroelectronics LIBJPEG 8.0.0
2023-12-18 16:21:37,146 [INFO] ThirdParty:1030 - CMSIS Pack Vendor :wolfSSL I-CUBE-wolfSSL 5.6.4
2023-12-18 16:21:37,146 [INFO] ThirdParty:1030 - CMSIS Pack Vendor :STMicroelectronics X-CUBE-SMBUS 2.1.0
2023-12-18 16:21:37,146 [INFO] ThirdParty:1030 - CMSIS Pack Vendor :STMicroelectronics USB_DEVICE 3.0.0
2023-12-18 16:21:37,146 [INFO] ThirdParty:1030 - CMSIS Pack Vendor :STMicroelectronics X-CUBE-AZRTOS-WB 2.0.0
2023-12-18 16:21:37,146 [INFO] ThirdParty:1030 - CMSIS Pack Vendor :STMicroelectronics X-CUBE-TOUCHGFX 4.23.0
2023-12-18 16:21:37,146 [INFO] ThirdParty:1030 - CMSIS Pack Vendor :STMicroelectronics X-CUBE-AZRTOS-F7 1.1.0
2023-12-18 16:21:37,146 [INFO] ThirdParty:1030 - CMSIS Pack Vendor :STMicroelectronics X-CUBE-AZRTOS-L5 2.0.0
2023-12-18 16:21:37,146 [INFO] ThirdParty:1030 - CMSIS Pack Vendor :STMicroelectronics USB_DEVICE 2.0.0
2023-12-18 16:21:37,146 [INFO] ThirdParty:1030 - CMSIS Pack Vendor :STMicroelectronics X-CUBE-EEPRMA1 4.2.0
2023-12-18 16:21:37,146 [INFO] ThirdParty:1030 - CMSIS Pack Vendor :ITTIA_DB I-CUBE-ITTIADB 8.8.0
2023-12-18 16:21:37,146 [INFO] ThirdParty:1030 - CMSIS Pack Vendor :STMicroelectronics FP-SNS-MOTENV1 4.3.2
2023-12-18 16:21:37,146 [INFO] ThirdParty:1030 - CMSIS Pack Vendor :STMicroelectronics X-CUBE-ALGOBUILD 1.3.0
2023-12-18 16:21:37,146 [INFO] ThirdParty:1030 - CMSIS Pack Vendor :STMicroelectronics FreeRTOS 0.0.1
2023-12-18 16:21:37,146 [INFO] ThirdParty:1030 - CMSIS Pack Vendor :STMicroelectronics X-CUBE-AZRTOS-G0 1.1.0
2023-12-18 16:21:37,146 [INFO] ThirdParty:1030 - CMSIS Pack Vendor :STMicroelectronics X-CUBE-NFC4 3.0.0
2023-12-18 16:21:37,146 [INFO] ThirdParty:1030 - CMSIS Pack Vendor :STMicroelectronics X-CUBE-SUBG2 5.0.0
2023-12-18 16:21:37,147 [INFO] ThirdParty:1030 - CMSIS Pack Vendor :STMicroelectronics STM32_WPAN 1.0.0
2023-12-18 16:21:37,147 [INFO] ThirdParty:1030 - CMSIS Pack Vendor :STMicroelectronics lwIP 2.0.3
2023-12-18 16:21:37,147 [INFO] ThirdParty:1030 - CMSIS Pack Vendor :STMicroelectronics FP-SNS-FLIGHT1 5.0.2
2023-12-18 16:21:37,147 [INFO] ThirdParty:1030 - CMSIS Pack Vendor :STMicroelectronics USB_HOST 1.0.0
2023-12-18 16:21:37,147 [INFO] ThirdParty:1030 - CMSIS Pack Vendor :STMicroelectronics X-CUBE-AZRTOS-G4 2.0.0
2023-12-18 16:21:37,147 [INFO] ThirdParty:1030 - CMSIS Pack Vendor :STMicroelectronics PDM2PCM 3.1.0
2023-12-18 16:21:37,147 [INFO] ThirdParty:1030 - CMSIS Pack Vendor :Infineon AIROC-Wi-Fi-Bluetooth-STM32 1.5.1
2023-12-18 16:21:37,147 [INFO] ThirdParty:1030 - CMSIS Pack Vendor :STMicroelectronics X-CUBE-BLEMGR 3.0.0
2023-12-18 16:21:37,147 [INFO] ThirdParty:1030 - CMSIS Pack Vendor :STMicroelectronics PDM2PCM 3.3.0
2023-12-18 16:21:37,147 [INFO] ThirdParty:1030 - CMSIS Pack Vendor :STMicroelectronics X-CUBE-DISPLAY 3.0.0
2023-12-18 16:21:37,147 [INFO] ThirdParty:1030 - CMSIS Pack Vendor :STMicroelectronics FP-SNS-MOTENVWB1 1.3.1
2023-12-18 16:21:37,147 [INFO] ThirdParty:1030 - CMSIS Pack Vendor :STMicroelectronics X-CUBE-BLE1 7.0.0
2023-12-18 16:21:37,147 [INFO] ThirdParty:1030 - CMSIS Pack Vendor :STMicroelectronics FP-ATR-SIGFOX1 3.2.0
2023-12-18 16:21:37,147 [INFO] ThirdParty:1030 - CMSIS Pack Vendor :STMicroelectronics X-CUBE-ISPU 2.0.0
2023-12-18 16:21:37,147 [INFO] ThirdParty:1030 - CMSIS Pack Vendor :STMicroelectronics HAL Drivers 0.0.0
2023-12-18 16:21:37,147 [INFO] ThirdParty:1030 - CMSIS Pack Vendor :STMicroelectronics MBEDTLS 2.16.2
2023-12-18 16:21:37,147 [INFO] ThirdParty:1030 - CMSIS Pack Vendor :emotas I-CUBE-CANOPEN 1.3.0
2023-12-18 16:21:37,148 [INFO] ThirdParty:1030 - CMSIS Pack Vendor :STMicroelectronics X-CUBE-MEMS1 10.0.0
2023-12-18 16:21:37,148 [INFO] ThirdParty:1030 - CMSIS Pack Vendor :STMicroelectronics X-CUBE-FREERTOS 1.1.0
2023-12-18 16:21:37,148 [INFO] ThirdParty:1030 - CMSIS Pack Vendor :STMicroelectronics X-CUBE-NFC7 1.0.1
2023-12-18 16:21:37,148 [INFO] ThirdParty:1030 - CMSIS Pack Vendor :STMicroelectronics MBEDTLS 2.14.1
2023-12-18 16:21:37,148 [INFO] ThirdParty:1030 - CMSIS Pack Vendor :STMicroelectronics X-CUBE-TOUCHGFX 4.22.1
2023-12-18 16:21:37,148 [INFO] ThirdParty:1030 - CMSIS Pack Vendor :STMicroelectronics X-CUBE-NFC6 3.0.0
2023-12-18 16:21:37,148 [INFO] ThirdParty:1030 - CMSIS Pack Vendor :portGmbH I-Cube-SoM-uGOAL 1.1.0
2023-12-18 16:21:37,148 [INFO] ThirdParty:1030 - CMSIS Pack Vendor :STMicroelectronics X-CUBE-ALS 1.0.1
2023-12-18 16:21:37,148 [INFO] ThirdParty:1030 - CMSIS Pack Vendor :STMicroelectronics ThreadX 1.0.0
2023-12-18 16:21:37,148 [INFO] ThirdParty:1030 - CMSIS Pack Vendor :STMicroelectronics FP-SNS-SMARTAG2 1.2.0
2023-12-18 16:21:37,148 [INFO] ThirdParty:1030 - CMSIS Pack Vendor :STMicroelectronics X-CUBE-AZRTOS-WL 2.0.0
2023-12-18 16:21:37,148 [INFO] ThirdParty:1030 - CMSIS Pack Vendor :STMicroelectronics USB_DEVICE 1.0.0
2023-12-18 16:21:37,148 [INFO] ThirdParty:1030 - CMSIS Pack Vendor :STMicroelectronics X-CUBE-AI 8.1.0
2023-12-18 16:21:37,148 [INFO] ThirdParty:1030 - CMSIS Pack Vendor :STMicroelectronics X-CUBE-AZRTOS-L4 2.0.0
2023-12-18 16:21:37,148 [INFO] ThirdParty:1030 - CMSIS Pack Vendor :STMicroelectronics ThreadX 0.0.2
2023-12-18 16:21:37,148 [INFO] ThirdParty:1030 - CMSIS Pack Vendor :WES I-CUBE-Cesium 1.3.0
2023-12-18 16:21:37,148 [INFO] ThirdParty:1030 - CMSIS Pack Vendor :STMicroelectronics FP-ATR-ASTRA1 2.0.0
2023-12-18 16:21:37,148 [INFO] ThirdParty:1030 - CMSIS Pack Vendor :STMicroelectronics lwIP 2.1.2
2023-12-18 16:21:37,148 [INFO] ThirdParty:1030 - CMSIS Pack Vendor :STMicroelectronics X-CUBE-SFXS2LP1 4.0.0
2023-12-18 16:21:37,148 [INFO] ThirdParty:1030 - CMSIS Pack Vendor :STMicroelectronics X-CUBE-BLE2 3.3.0
2023-12-18 16:21:37,148 [INFO] ThirdParty:1030 - CMSIS Pack Vendor :STMicroelectronics X-CUBE-TOF1 3.4.0
2023-12-18 16:21:37,148 [INFO] ThirdParty:1030 - CMSIS Pack Vendor :STMicroelectronics X-CUBE-AZRTOS-H7 3.2.0
2023-12-18 16:21:37,149 [INFO] ThirdParty:1030 - CMSIS Pack Vendor :STMicroelectronics PDM2PCM 3.2.0
2023-12-18 16:21:37,149 [INFO] ThirdParty:841 - exiting critical section [change project]
2023-12-18 16:21:37,530 [INFO] PinOutPanel:1499 - setPackage(No Configuration,No Configuration)
2023-12-18 16:21:37,533 [INFO] PinOutPanel:1499 - setPackage(STM32F303K8Tx,LQFP32)
2023-12-18 16:21:38,852 [INFO] UtilMem:75 - Before build in PCC Used Memory: 257315416 Bytes (465567744)
2023-12-18 16:21:40,030 [INFO] UtilMem:75 - After build in PCC Used Memory: 323897944 Bytes (465567744)
2023-12-18 16:21:40,069 [INFO] IPUIPlugin:80 - create IPUIPlugin
2023-12-18 16:21:40,070 [INFO] IPUIPlugin:80 - create IPUIPlugin
2023-12-18 16:21:40,070 [INFO] IPUIPlugin:80 - create IPUIPlugin
2023-12-18 16:21:40,070 [INFO] IPUIPlugin:80 - create IPUIPlugin
2023-12-18 16:21:40,070 [INFO] IPUIPlugin:80 - create IPUIPlugin
2023-12-18 16:21:40,070 [INFO] IPUIPlugin:80 - create IPUIPlugin
2023-12-18 16:21:40,071 [INFO] IPUIPlugin:80 - create IPUIPlugin
2023-12-18 16:21:40,071 [INFO] IPUIPlugin:80 - create IPUIPlugin
2023-12-18 16:21:40,071 [INFO] IPUIPlugin:80 - create IPUIPlugin
2023-12-18 16:21:40,071 [INFO] IPUIPlugin:80 - create IPUIPlugin
2023-12-18 16:21:40,071 [INFO] IPUIPlugin:80 - create IPUIPlugin
2023-12-18 16:21:40,072 [INFO] IPUIPlugin:80 - create IPUIPlugin
2023-12-18 16:21:40,072 [INFO] IPUIPlugin:80 - create IPUIPlugin
2023-12-18 16:21:40,072 [INFO] IPUIPlugin:80 - create IPUIPlugin
2023-12-18 16:21:40,072 [INFO] IPUIPlugin:80 - create IPUIPlugin
2023-12-18 16:21:40,073 [INFO] IPUIPlugin:80 - create IPUIPlugin
2023-12-18 16:21:40,073 [INFO] IPUIPlugin:80 - create IPUIPlugin
2023-12-18 16:21:40,073 [INFO] IPUIPlugin:80 - create IPUIPlugin
2023-12-18 16:21:40,074 [INFO] IPUIPlugin:80 - create IPUIPlugin
2023-12-18 16:21:40,074 [INFO] IPUIPlugin:80 - create IPUIPlugin
2023-12-18 16:21:40,074 [INFO] IPUIPlugin:80 - create IPUIPlugin
2023-12-18 16:21:40,076 [INFO] IPUIPlugin:80 - create IPUIPlugin
2023-12-18 16:21:40,076 [INFO] IPUIPlugin:80 - create IPUIPlugin
2023-12-18 16:21:40,077 [INFO] IPUIPlugin:80 - create IPUIPlugin
2023-12-18 16:21:40,077 [INFO] IPUIPlugin:80 - create IPUIPlugin
2023-12-18 16:21:40,077 [INFO] IPUIPlugin:80 - create IPUIPlugin
2023-12-18 16:21:40,077 [INFO] IPUIPlugin:80 - create IPUIPlugin
2023-12-18 16:21:40,078 [INFO] IPUIPlugin:80 - create IPUIPlugin
2023-12-18 16:21:40,078 [INFO] IPUIPlugin:80 - create IPUIPlugin
2023-12-18 16:21:40,078 [INFO] IPUIPlugin:80 - create IPUIPlugin
2023-12-18 16:21:40,079 [INFO] IPUIPlugin:80 - create IPUIPlugin
2023-12-18 16:21:40,079 [INFO] IPUIPlugin:80 - create IPUIPlugin
2023-12-18 16:21:40,079 [INFO] IPUIPlugin:80 - create IPUIPlugin
2023-12-18 16:21:40,080 [INFO] IPUIPlugin:80 - create IPUIPlugin
2023-12-18 16:21:40,406 [INFO] CADModel:165 - CPN selected for project levelSTM32F303K8T6
2023-12-18 16:21:40,406 [INFO] CADModel:114 - Register for checkConnection events
2023-12-18 16:21:40,467 [INFO] OpenFileManager:343 - Restore cursor
2023-12-18 16:25:58,287 [INFO] UtilMem:75 - End SaveConfig() Used Memory: 424411104 Bytes (950009856)
2023-12-18 16:26:01,258 [INFO] UtilMem:75 - End SaveConfig() Used Memory: 375142152 Bytes (950009856)
2023-12-18 16:26:01,335 [ERROR] ConfigurationRetriever:142 - IOException on connection: No subject alternative DNS name matching sw-center.st.com found.
2023-12-18 16:26:03,335 [ERROR] ConfigurationRetriever:142 - IOException on connection: Connect timed out
2023-12-18 16:26:03,354 [ERROR] ConfigurationRetriever:142 - IOException on connection: No subject alternative DNS name matching sw-center.st.com found.
2023-12-18 16:26:03,538 [INFO] UtilMem:75 - End SaveConfig() Used Memory: 772912920 Bytes (995098624)
2023-12-18 16:26:04,185 [INFO] BlockDiagram:2759 - set Specific Code input for plugin: NVIC
2023-12-18 16:26:04,185 [INFO] BlockDiagram:2759 - set Specific Code input for plugin: USART
2023-12-18 16:26:04,185 [INFO] BlockDiagram:2759 - set Specific Code input for plugin: SYS
2023-12-18 16:26:04,185 [INFO] BlockDiagram:2759 - set Specific Code input for plugin: GPIO
2023-12-18 16:26:04,185 [INFO] BlockDiagram:2759 - set Specific Code input for plugin: RCC
2023-12-18 16:26:04,187 [INFO] CodeGenerator:807 - code generatio: config db path: C:\ST\STM32CubeIDE_1.14.0\STM32CubeIDE\plugins\com.st.stm32cube.common.mx_6.10.0.202311202037\\db\
2023-12-18 16:26:04,378 [ERROR] ConfigurationRetriever:142 - IOException on connection: No subject alternative DNS name matching sw-center.st.com found.
2023-12-18 16:26:04,504 [INFO] CodeEngine:255 - oldGeneratedFile, C:\Users\QUDUS\STM32CubeIDE\workspace_1.14.0\Lab_4\MXTmpFiles\license.tmp_save
2023-12-18 16:26:04,984 [INFO] CodeEngine:279 - Generated code: C:\Users\QUDUS\STM32CubeIDE\workspace_1.14.0\Lab_4\MXTmpFiles\license.tmp
2023-12-18 16:26:05,131 [INFO] CodeEngine:255 - oldGeneratedFile, C:\Users\QUDUS\STM32CubeIDE\workspace_1.14.0\Lab_4\MXTmpFiles\gpio.tmp_save
2023-12-18 16:26:05,456 [INFO] CodeEngine:279 - Generated code: C:\Users\QUDUS\STM32CubeIDE\workspace_1.14.0\Lab_4\MXTmpFiles\gpio.tmp
2023-12-18 16:26:05,675 [INFO] CodeEngine:255 - oldGeneratedFile, C:\Users\QUDUS\STM32CubeIDE\workspace_1.14.0\Lab_4\Core\Src\stm32f3xx_it.c_save
2023-12-18 16:26:05,868 [INFO] CodeEngine:279 - Generated code: C:\Users\QUDUS\STM32CubeIDE\workspace_1.14.0\Lab_4\Core\Src\stm32f3xx_it.c
2023-12-18 16:26:05,891 [INFO] CodeEngine:255 - oldGeneratedFile, C:\Users\QUDUS\STM32CubeIDE\workspace_1.14.0\Lab_4\Core\Inc\stm32f3xx_it.h_save
2023-12-18 16:26:05,989 [INFO] CodeEngine:279 - Generated code: C:\Users\QUDUS\STM32CubeIDE\workspace_1.14.0\Lab_4\Core\Inc\stm32f3xx_it.h
2023-12-18 16:26:06,024 [INFO] CodeEngine:255 - oldGeneratedFile, C:\Users\QUDUS\STM32CubeIDE\workspace_1.14.0\Lab_4\Core\Src\stm32f3xx_hal_msp.c_save
2023-12-18 16:26:06,176 [INFO] CodeEngine:279 - Generated code: C:\Users\QUDUS\STM32CubeIDE\workspace_1.14.0\Lab_4\Core\Src\stm32f3xx_hal_msp.c
2023-12-18 16:26:06,190 [INFO] CodeEngine:255 - oldGeneratedFile, C:\Users\QUDUS\STM32CubeIDE\workspace_1.14.0\Lab_4\MXTmpFiles\system.tmp_save
2023-12-18 16:26:06,290 [INFO] CodeEngine:279 - Generated code: C:\Users\QUDUS\STM32CubeIDE\workspace_1.14.0\Lab_4\MXTmpFiles\system.tmp
2023-12-18 16:26:06,323 [INFO] CodeEngine:311 - oldGeneratedFile, C:\Users\QUDUS\STM32CubeIDE\workspace_1.14.0\Lab_4\Core\Inc\stm32f3xx_hal_conf.h_save
2023-12-18 16:26:06,338 [ERROR] ConfigurationRetriever:142 - IOException on connection: Connect timed out
2023-12-18 16:26:06,373 [ERROR] ConfigurationRetriever:142 - IOException on connection: No subject alternative DNS name matching sw-center.st.com found.
2023-12-18 16:26:06,439 [INFO] CodeEngine:335 - Generated code: C:\Users\QUDUS\STM32CubeIDE\workspace_1.14.0\Lab_4\Core\Inc\stm32f3xx_hal_conf.h
2023-12-18 16:26:06,514 [INFO] CodeEngine:255 - oldGeneratedFile, C:\Users\QUDUS\STM32CubeIDE\workspace_1.14.0\Lab_4\Core\Inc\main.h_save
2023-12-18 16:26:06,685 [INFO] CodeEngine:279 - Generated code: C:\Users\QUDUS\STM32CubeIDE\workspace_1.14.0\Lab_4\Core\Inc\main.h
2023-12-18 16:26:06,708 [INFO] CodeEngine:255 - oldGeneratedFile, C:\Users\QUDUS\STM32CubeIDE\workspace_1.14.0\Lab_4\Core\Src\main.c_save
2023-12-18 16:26:06,904 [INFO] CodeEngine:279 - Generated code: C:\Users\QUDUS\STM32CubeIDE\workspace_1.14.0\Lab_4\Core\Src\main.c
2023-12-18 16:26:07,572 [INFO] ProjectBuilder:3076 - Time for Copy HAL[1] : 204mS.
2023-12-18 16:26:07,588 [INFO] ProjectBuilder:4485 - Project Generator version: 4.2.0-B44
2023-12-18 16:26:07,840 [INFO] ConfigFileManager:1495 - The Die is : DIE438
2023-12-18 16:26:07,856 [INFO] ApiDbMcu:508 - Load IP Config File for FATFS
2023-12-18 16:26:07,872 [INFO] ApiDbMcu:508 - Load IP Config File for FREERTOS
2023-12-18 16:26:07,903 [INFO] ApiDbMcu:508 - Load IP Config File for TOUCHSENSING
2023-12-18 16:26:08,567 [ERROR] ConfigurationRetriever:142 - IOException on connection: Connect timed out
2023-12-18 16:26:08,585 [ERROR] ConfigurationRetriever:142 - IOException on connection: No subject alternative DNS name matching sw-center.st.com found.
2023-12-18 16:26:09,191 [INFO] LogOutputStream:77 - [STDOUT_REDIRECT] 
2023-12-18 16:26:10,935 [INFO] ProjectBuilder:4747 - Time for Generating toolchain IDE Files: 3346mS.
2023-12-18 16:26:10,936 [INFO] ProjectBuilder:2947 - Time for Copy CMSIS : 1mS.
2023-12-18 16:26:10,938 [INFO] ProjectBuilder:2947 - Time for Copy CMSIS : 0mS.
2023-12-18 16:26:13,587 [ERROR] ConfigurationRetriever:142 - IOException on connection: Connect timed out
2023-12-18 16:27:22,703 [ERROR] ConfigurationRetriever:142 - IOException on connection: Connect timed out
2023-12-18 16:27:24,705 [ERROR] ConfigurationRetriever:142 - IOException on connection: Connect timed out
2023-12-18 16:27:26,708 [ERROR] ConfigurationRetriever:142 - IOException on connection: Connect timed out
2023-12-18 16:27:28,760 [ERROR] ConfigurationRetriever:142 - IOException on connection: Connect timed out
2023-12-18 16:27:30,763 [ERROR] ConfigurationRetriever:142 - IOException on connection: Connect timed out
2023-12-18 16:27:32,765 [ERROR] ConfigurationRetriever:142 - IOException on connection: Connect timed out
2023-12-18 16:30:39,777 [ERROR] ConfigurationRetriever:142 - IOException on connection: Connect timed out
2023-12-18 16:30:41,779 [ERROR] ConfigurationRetriever:142 - IOException on connection: Connect timed out
2023-12-18 16:30:43,782 [ERROR] ConfigurationRetriever:142 - IOException on connection: Connect timed out
2023-12-18 16:30:45,818 [ERROR] ConfigurationRetriever:142 - IOException on connection: Connect timed out
2023-12-18 16:30:47,820 [ERROR] ConfigurationRetriever:142 - IOException on connection: Connect timed out
2023-12-18 16:30:49,823 [ERROR] ConfigurationRetriever:142 - IOException on connection: Connect timed out
2023-12-18 16:34:12,325 [ERROR] ConfigurationRetriever:142 - IOException on connection: No subject alternative DNS name matching sw-center.st.com found.
2023-12-18 16:34:13,363 [ERROR] ConfigurationRetriever:142 - IOException on connection: No subject alternative DNS name matching sw-center.st.com found.
2023-12-18 16:34:14,391 [ERROR] ConfigurationRetriever:142 - IOException on connection: No subject alternative DNS name matching sw-center.st.com found.
2023-12-18 16:34:15,463 [ERROR] ConfigurationRetriever:142 - IOException on connection: No subject alternative DNS name matching sw-center.st.com found.
2023-12-18 16:34:17,464 [ERROR] ConfigurationRetriever:142 - IOException on connection: Connect timed out
2023-12-18 16:34:17,516 [ERROR] ConfigurationRetriever:142 - IOException on connection: No subject alternative DNS name matching sw-center.st.com found.
