2023-12-16 07:27:28,834 [INFO] Activator:176 - 


2023-12-16 07:27:28,846 [INFO] Activator:177 - !SESSION log4j initialized
2023-12-16 07:27:43,829 [INFO] LogOutputStream:77 - [STDOUT_REDIRECT] 
2023-12-16 07:27:47,252 [INFO] ApplicationProperties:184 - Using Application install path: C:\ST\STM32CubeIDE_1.14.0\STM32CubeIDE\plugins\com.st.stm32cube.common.mx_6.10.0.202311202037
2023-12-16 07:27:47,294 [INFO] DbMcusXml:78 - Set database path to: C:\ST\STM32CubeIDE_1.14.0\STM32CubeIDE\plugins\com.st.stm32cube.common.mx_6.10.0.202311202037\\db\/mcu/
2023-12-16 07:27:47,294 [INFO] ApiDb:274 - Set plugin database path to: C:\ST\STM32CubeIDE_1.14.0\STM32CubeIDE\plugins\com.st.stm32cube.common.mx_6.10.0.202311202037\\db\/plugins/boardmanager/
2023-12-16 07:27:47,295 [WARN] ApiDb:259 - Overriding images path with different value:  => C:\ST\STM32CubeIDE_1.14.0\STM32CubeIDE\plugins\com.st.stm32cube.common.mx_6.10.0.202311202037\\db\/plugins/mcufinder/images/
2023-12-16 07:27:47,306 [INFO] ApiDb:250 - Set database path to: C:\Users\QUDUS\.stmcufinder\plugins\mcufinder//mcu/
2023-12-16 07:27:47,308 [INFO] DbMcusAds:125 - Set database path to: C:\Users\QUDUS\.stmcufinder\plugins\mcufinder//mcu/
2023-12-16 07:27:47,312 [INFO] CrossReferenceDbSqlite:203 - Set database path to: C:\Users\QUDUS\.stmcufinder\plugins\mcufinder//mcu/cs/
2023-12-16 07:27:47,567 [INFO] RulesReader:64 - Compatibility file has been processed (297 Rules)
2023-12-16 07:27:47,805 [INFO] DbMcusXml:78 - Set database path to: C:\ST\STM32CubeIDE_1.14.0\STM32CubeIDE\plugins\com.st.stm32cube.common.mx_6.10.0.202311202037\\db\/mcu/
2023-12-16 07:27:47,805 [INFO] ApiDb:274 - Set plugin database path to: C:\ST\STM32CubeIDE_1.14.0\STM32CubeIDE\plugins\com.st.stm32cube.common.mx_6.10.0.202311202037\\db\/plugins/boardmanager/
2023-12-16 07:27:47,805 [INFO] ApiDb:261 - Set plugin images path to: C:\ST\STM32CubeIDE_1.14.0\STM32CubeIDE\plugins\com.st.stm32cube.common.mx_6.10.0.202311202037\\db\/plugins/mcufinder/images/
2023-12-16 07:27:47,805 [WARN] DbFile:41 - Overriding database path with different value: C:\Users\QUDUS\.stmcufinder\plugins\mcufinder/ => C:\Users\QUDUS\.stmcufinder\plugins\mcufinder
2023-12-16 07:27:47,806 [INFO] ApiDb:250 - Set database path to: C:\Users\QUDUS\.stmcufinder\plugins\mcufinder//mcu/
2023-12-16 07:27:47,806 [WARN] DbFile:41 - Overriding database path with different value: C:\Users\QUDUS\.stmcufinder\plugins\mcufinder/ => C:\Users\QUDUS\.stmcufinder\plugins\mcufinder
2023-12-16 07:27:47,806 [INFO] DbMcusAds:125 - Set database path to: C:\Users\QUDUS\.stmcufinder\plugins\mcufinder//mcu/
2023-12-16 07:27:47,806 [WARN] DbFile:41 - Overriding database path with different value: C:\Users\QUDUS\.stmcufinder\plugins\mcufinder/ => C:\Users\QUDUS\.stmcufinder\plugins\mcufinder
2023-12-16 07:27:47,806 [WARN] DbFile:41 - Overriding database path with different value: C:\Users\QUDUS\.stmcufinder\plugins\mcufinder/ => C:\Users\QUDUS\.stmcufinder\plugins\mcufinder
2023-12-16 07:27:47,806 [INFO] CrossReferenceDbSqlite:203 - Set database path to: C:\Users\QUDUS\.stmcufinder\plugins\mcufinder//mcu/cs/
2023-12-16 07:27:47,970 [INFO] MainPanel:264 - HeapMemory: 268435456
2023-12-16 07:27:48,232 [INFO] DbMcusXml:78 - Set database path to: C:\ST\STM32CubeIDE_1.14.0\STM32CubeIDE\plugins\com.st.stm32cube.common.mx_6.10.0.202311202037\\db\/mcu/
2023-12-16 07:27:48,233 [INFO] ApiDb:274 - Set plugin database path to: C:\ST\STM32CubeIDE_1.14.0\STM32CubeIDE\plugins\com.st.stm32cube.common.mx_6.10.0.202311202037\\db\/plugins/boardmanager/
2023-12-16 07:27:48,234 [INFO] ApiDb:261 - Set plugin images path to: C:\ST\STM32CubeIDE_1.14.0\STM32CubeIDE\plugins\com.st.stm32cube.common.mx_6.10.0.202311202037\\db\/plugins/mcufinder/images/
2023-12-16 07:27:48,236 [WARN] DbFile:41 - Overriding database path with different value: C:\Users\QUDUS\.stmcufinder\plugins\mcufinder/ => C:\Users\QUDUS\.stmcufinder\plugins\mcufinder
2023-12-16 07:27:48,237 [INFO] ApiDb:250 - Set database path to: C:\Users\QUDUS\.stmcufinder\plugins\mcufinder//mcu/
2023-12-16 07:27:48,238 [WARN] DbFile:41 - Overriding database path with different value: C:\Users\QUDUS\.stmcufinder\plugins\mcufinder/ => C:\Users\QUDUS\.stmcufinder\plugins\mcufinder
2023-12-16 07:27:48,238 [INFO] DbMcusAds:125 - Set database path to: C:\Users\QUDUS\.stmcufinder\plugins\mcufinder//mcu/
2023-12-16 07:27:48,239 [WARN] DbFile:41 - Overriding database path with different value: C:\Users\QUDUS\.stmcufinder\plugins\mcufinder/ => C:\Users\QUDUS\.stmcufinder\plugins\mcufinder
2023-12-16 07:27:48,239 [WARN] DbFile:41 - Overriding database path with different value: C:\Users\QUDUS\.stmcufinder\plugins\mcufinder/ => C:\Users\QUDUS\.stmcufinder\plugins\mcufinder
2023-12-16 07:27:48,240 [INFO] CrossReferenceDbSqlite:203 - Set database path to: C:\Users\QUDUS\.stmcufinder\plugins\mcufinder//mcu/cs/
2023-12-16 07:27:48,328 [INFO] ApplicationProperties:184 - Using Application install path: C:\ST\STM32CubeIDE_1.14.0\STM32CubeIDE\plugins\com.st.stm32cube.common.mx_6.10.0.202311202037
2023-12-16 07:27:48,334 [INFO] PluginManage:196 - Search for loadable plugins [exclusion list=, ]
2023-12-16 07:27:48,340 [INFO] PluginManage:310 - Check plugin analytics
2023-12-16 07:27:48,997 [INFO] AnalyticsPlugin:253 - Accepted Software Licenses: 
2023-12-16 07:27:48,998 [INFO] AnalyticsPlugin:255 - Accepted CMSIS Pack Licenses: 
2023-12-16 07:27:48,998 [INFO] AnalyticsPlugin:257 - Accepted Firmware Licenses: 
2023-12-16 07:27:49,006 [INFO] PluginManage:359 - Loaded plugin analytics (category:tool,tabindex:-1)
2023-12-16 07:27:49,008 [INFO] PluginManage:310 - Check plugin cadmodel
2023-12-16 07:27:49,045 [INFO] CADModel:105 - Init CAD model plugin
2023-12-16 07:27:49,045 [INFO] PluginManage:359 - Loaded plugin cadmodel (category:power,tabindex:5)
2023-12-16 07:27:49,046 [INFO] PluginManage:310 - Check plugin clock
2023-12-16 07:27:49,095 [INFO] PluginManage:359 - Loaded plugin clock (category:base,tabindex:2)
2023-12-16 07:27:49,095 [INFO] PluginManage:310 - Check plugin ddr
2023-12-16 07:27:49,099 [INFO] PluginManage:359 - Loaded plugin ddr (category:tool,tabindex:6)
2023-12-16 07:27:49,099 [INFO] PluginManage:310 - Check plugin filemanager
2023-12-16 07:27:49,511 [INFO] PluginManage:359 - Loaded plugin filemanager (category:base,tabindex:10)
2023-12-16 07:27:49,511 [INFO] PluginManage:310 - Check plugin ipmanager
2023-12-16 07:27:49,532 [INFO] PluginManage:359 - Loaded plugin ipmanager (category:base,tabindex:5)
2023-12-16 07:27:49,533 [INFO] PluginManage:310 - Check plugin lpbam
2023-12-16 07:27:49,580 [INFO] PluginManage:359 - Loaded plugin lpbam (category:base,tabindex:0)
2023-12-16 07:27:49,580 [INFO] PluginManage:310 - Check plugin memorymap
2023-12-16 07:27:49,655 [INFO] PluginManage:359 - Loaded plugin memorymap (category:base,tabindex:4)
2023-12-16 07:27:49,656 [INFO] PluginManage:310 - Check plugin pinoutandconfiguration
2023-12-16 07:27:49,718 [INFO] PluginManage:359 - Loaded plugin pinoutandconfiguration (category:base,tabindex:1)
2023-12-16 07:27:49,719 [INFO] PluginManage:310 - Check plugin pinoutconfig
2023-12-16 07:27:50,175 [WARN] SupportedApi:132 - Cannot load RTOS API schema: s4s-elt-must-match.1: The content of 'definitions' must match (annotation?, (simpleType | complexType)?, (unique | key | keyref)*)). A problem was found starting at: attribute.
2023-12-16 07:27:50,822 [INFO] PluginManage:359 - Loaded plugin pinoutconfig (category:base,tabindex:0)
2023-12-16 07:27:50,823 [INFO] PluginManage:310 - Check plugin power
2023-12-16 07:27:50,873 [INFO] PluginManage:359 - Loaded plugin power (category:power,tabindex:4)
2023-12-16 07:27:50,873 [INFO] PluginManage:310 - Check plugin projectmanager
2023-12-16 07:27:50,922 [INFO] PluginManage:359 - Loaded plugin projectmanager (category:projectmanager,tabindex:3)
2023-12-16 07:27:50,922 [INFO] PluginManage:310 - Check plugin thirdparty
2023-12-16 07:27:51,664 [INFO] PluginManage:359 - Loaded plugin thirdparty (category:base,tabindex:-1)
2023-12-16 07:27:51,664 [WARN] IntegrityCheckThread:84 - waiting for thirdparty lock release [integrity check]
2023-12-16 07:27:51,665 [INFO] PluginManage:310 - Check plugin tools
2023-12-16 07:27:51,665 [INFO] IntegrityCheckThread:86 - entering critical section [integrity check]
2023-12-16 07:27:51,666 [INFO] ThirdPartyUpdaterWithRetryManager:70 - Updater plugin not ready yet. [1/15]
2023-12-16 07:27:51,768 [INFO] PluginManage:359 - Loaded plugin tools (category:base,tabindex:7)
2023-12-16 07:27:51,769 [INFO] PluginManage:310 - Check plugin tutovideos
2023-12-16 07:27:52,492 [INFO] PluginManage:359 - Loaded plugin tutovideos (category:base,tabindex:-1)
2023-12-16 07:27:52,492 [INFO] PluginManage:310 - Check plugin updater
2023-12-16 07:27:52,519 [INFO] PluginManage:359 - Loaded plugin updater (category:base,tabindex:12)
2023-12-16 07:27:52,520 [INFO] PluginManage:310 - Check plugin userauth
2023-12-16 07:27:52,534 [INFO] UserAuth:114 - Init User Auth plugin
2023-12-16 07:27:52,535 [INFO] PluginManage:359 - Loaded plugin userauth (category:base,tabindex:14)
2023-12-16 07:27:52,536 [INFO] PluginManage:283 - PluginManage : Loaded plugins [17]
2023-12-16 07:27:53,134 [INFO] PinOutPanel:1499 - setPackage(No Configuration,No Configuration)
2023-12-16 07:27:53,339 [INFO] CADModel:165 - CPN selected for project level
2023-12-16 07:27:53,339 [INFO] CADModel:114 - Register for checkConnection events
2023-12-16 07:27:53,399 [INFO] IPUIPlugin:80 - create IPUIPlugin
2023-12-16 07:27:53,399 [INFO] PluginManager:220 - loadIPPluginJar : add adc
2023-12-16 07:27:53,504 [INFO] IPUIPlugin:80 - create IPUIPlugin
2023-12-16 07:27:53,505 [INFO] PluginManager:220 - loadIPPluginJar : add aes
2023-12-16 07:27:53,608 [INFO] IPUIPlugin:80 - create IPUIPlugin
2023-12-16 07:27:53,608 [INFO] PluginManager:220 - loadIPPluginJar : add can
2023-12-16 07:27:53,667 [INFO] IPUIPlugin:80 - create IPUIPlugin
2023-12-16 07:27:53,668 [INFO] PluginManager:220 - loadIPPluginJar : add comp
2023-12-16 07:27:53,772 [INFO] IPUIPlugin:80 - create IPUIPlugin
2023-12-16 07:27:53,772 [INFO] PluginManager:220 - loadIPPluginJar : add cryp
2023-12-16 07:27:53,845 [INFO] IPUIPlugin:80 - create IPUIPlugin
2023-12-16 07:27:53,846 [INFO] PluginManager:220 - loadIPPluginJar : add dfsdm
2023-12-16 07:27:53,887 [INFO] IPUIPlugin:80 - create IPUIPlugin
2023-12-16 07:27:53,888 [INFO] PluginManager:220 - loadIPPluginJar : add dma
2023-12-16 07:27:53,998 [INFO] IPUIPlugin:80 - create IPUIPlugin
2023-12-16 07:27:53,998 [INFO] PluginManager:220 - loadIPPluginJar : add dma3
2023-12-16 07:27:54,074 [INFO] IPUIPlugin:80 - create IPUIPlugin
2023-12-16 07:27:54,075 [INFO] PluginManager:220 - loadIPPluginJar : add fatfs
2023-12-16 07:27:54,272 [INFO] IPUIPlugin:80 - create IPUIPlugin
2023-12-16 07:27:54,273 [INFO] PluginManager:220 - loadIPPluginJar : add fmc
2023-12-16 07:27:54,315 [INFO] IPUIPlugin:80 - create IPUIPlugin
2023-12-16 07:27:54,317 [INFO] PluginManager:220 - loadIPPluginJar : add freertos
2023-12-16 07:27:54,321 [INFO] IPUIPlugin:80 - create IPUIPlugin
2023-12-16 07:27:54,322 [INFO] PluginManager:220 - loadIPPluginJar : add genericplugin
2023-12-16 07:27:54,588 [INFO] IPUIPlugin:80 - create IPUIPlugin
2023-12-16 07:27:54,589 [INFO] PluginManager:220 - loadIPPluginJar : add gfxmmu
2023-12-16 07:27:54,667 [INFO] ThirdPartyUpdaterWithRetryManager:70 - Updater plugin not ready yet. [2/15]
2023-12-16 07:27:54,858 [INFO] IPUIPlugin:80 - create IPUIPlugin
2023-12-16 07:27:54,859 [INFO] PluginManager:220 - loadIPPluginJar : add gic
2023-12-16 07:27:54,882 [INFO] IPUIPlugin:80 - create IPUIPlugin
2023-12-16 07:27:54,882 [INFO] PluginManager:220 - loadIPPluginJar : add gpio
2023-12-16 07:27:55,166 [INFO] IPUIPlugin:80 - create IPUIPlugin
2023-12-16 07:27:55,166 [INFO] PluginManager:220 - loadIPPluginJar : add gtzc
2023-12-16 07:27:55,265 [INFO] IPUIPlugin:80 - create IPUIPlugin
2023-12-16 07:27:55,265 [INFO] PluginManager:220 - loadIPPluginJar : add hash
2023-12-16 07:27:55,396 [INFO] IPUIPlugin:80 - create IPUIPlugin
2023-12-16 07:27:55,396 [INFO] PluginManager:220 - loadIPPluginJar : add i2c
2023-12-16 07:27:55,517 [INFO] IPUIPlugin:80 - create IPUIPlugin
2023-12-16 07:27:55,518 [INFO] PluginManager:220 - loadIPPluginJar : add i2s
2023-12-16 07:27:55,616 [INFO] IPUIPlugin:80 - create IPUIPlugin
2023-12-16 07:27:55,616 [INFO] PluginManager:220 - loadIPPluginJar : add i3c
2023-12-16 07:27:55,928 [INFO] IPUIPlugin:80 - create IPUIPlugin
2023-12-16 07:27:55,929 [INFO] PluginManager:220 - loadIPPluginJar : add ipddr
2023-12-16 07:27:56,069 [INFO] IPUIPlugin:80 - create IPUIPlugin
2023-12-16 07:27:56,070 [INFO] PluginManager:220 - loadIPPluginJar : add linkedlist
2023-12-16 07:27:56,082 [INFO] IPUIPlugin:80 - create IPUIPlugin
2023-12-16 07:27:56,083 [INFO] PluginManager:220 - loadIPPluginJar : add lorawan
2023-12-16 07:27:56,183 [INFO] IPUIPlugin:80 - create IPUIPlugin
2023-12-16 07:27:56,183 [INFO] PluginManager:220 - loadIPPluginJar : add ltdc
2023-12-16 07:27:56,214 [INFO] IPUIPlugin:80 - create IPUIPlugin
2023-12-16 07:27:56,214 [INFO] PluginManager:220 - loadIPPluginJar : add mdma
2023-12-16 07:27:56,234 [INFO] IPUIPlugin:80 - create IPUIPlugin
2023-12-16 07:27:56,234 [INFO] PluginManager:220 - loadIPPluginJar : add nvic
2023-12-16 07:27:56,365 [INFO] IPUIPlugin:80 - create IPUIPlugin
2023-12-16 07:27:56,366 [INFO] PluginManager:220 - loadIPPluginJar : add opamp
2023-12-16 07:27:56,650 [INFO] IPUIPlugin:80 - create IPUIPlugin
2023-12-16 07:27:56,651 [INFO] PluginManager:220 - loadIPPluginJar : add openamp
2023-12-16 07:27:56,756 [INFO] IPUIPlugin:80 - create IPUIPlugin
2023-12-16 07:27:56,757 [INFO] PluginManager:220 - loadIPPluginJar : add pdm2pcm
2023-12-16 07:27:56,781 [INFO] IPUIPlugin:80 - create IPUIPlugin
2023-12-16 07:27:56,784 [INFO] PluginManager:220 - loadIPPluginJar : add plateformsettings
2023-12-16 07:27:56,813 [INFO] IPUIPlugin:80 - create IPUIPlugin
2023-12-16 07:27:56,813 [INFO] PluginManager:220 - loadIPPluginJar : add quadspi
2023-12-16 07:27:56,831 [INFO] IPUIPlugin:80 - create IPUIPlugin
2023-12-16 07:27:56,831 [INFO] PluginManager:220 - loadIPPluginJar : add resmgrutility
2023-12-16 07:27:56,906 [INFO] IPUIPlugin:80 - create IPUIPlugin
2023-12-16 07:27:56,906 [INFO] PluginManager:220 - loadIPPluginJar : add sai
2023-12-16 07:27:56,956 [INFO] IPUIPlugin:80 - create IPUIPlugin
2023-12-16 07:27:56,957 [INFO] PluginManager:220 - loadIPPluginJar : add spi
2023-12-16 07:27:57,151 [INFO] IPUIPlugin:80 - create IPUIPlugin
2023-12-16 07:27:57,152 [INFO] PluginManager:220 - loadIPPluginJar : add stm32_wpan
2023-12-16 07:27:57,223 [INFO] IPUIPlugin:80 - create IPUIPlugin
2023-12-16 07:27:57,224 [INFO] PluginManager:220 - loadIPPluginJar : add tim
2023-12-16 07:27:57,349 [INFO] IPUIPlugin:80 - create IPUIPlugin
2023-12-16 07:27:57,350 [INFO] PluginManager:220 - loadIPPluginJar : add touchsensing
2023-12-16 07:27:57,404 [INFO] IPUIPlugin:80 - create IPUIPlugin
2023-12-16 07:27:57,404 [INFO] PluginManager:220 - loadIPPluginJar : add tracer_emb
2023-12-16 07:27:57,437 [INFO] IPUIPlugin:80 - create IPUIPlugin
2023-12-16 07:27:57,438 [INFO] PluginManager:220 - loadIPPluginJar : add ts
2023-12-16 07:27:57,477 [INFO] IPUIPlugin:80 - create IPUIPlugin
2023-12-16 07:27:57,477 [INFO] PluginManager:220 - loadIPPluginJar : add tsc
2023-12-16 07:27:57,521 [INFO] IPUIPlugin:80 - create IPUIPlugin
2023-12-16 07:27:57,521 [INFO] PluginManager:220 - loadIPPluginJar : add ucpd
2023-12-16 07:27:57,613 [INFO] IPUIPlugin:80 - create IPUIPlugin
2023-12-16 07:27:57,613 [INFO] PluginManager:220 - loadIPPluginJar : add usart
2023-12-16 07:27:57,668 [INFO] ThirdPartyUpdaterWithRetryManager:70 - Updater plugin not ready yet. [3/15]
2023-12-16 07:27:57,718 [INFO] IPUIPlugin:80 - create IPUIPlugin
2023-12-16 07:27:57,718 [INFO] PluginManager:220 - loadIPPluginJar : add usbx
2023-12-16 07:27:57,936 [INFO] CADModel:165 - CPN selected for project level
2023-12-16 07:27:57,936 [INFO] CADModel:114 - Register for checkConnection events
2023-12-16 07:27:57,937 [FATAL] Updater:308 - Updater called before beeing initialized
2023-12-16 07:27:57,937 [ERROR] CADModel:125 - Updater not yet initialized, retry later 
2023-12-16 07:27:58,272 [INFO] CADModel:165 - CPN selected for project level
2023-12-16 07:27:58,272 [INFO] CADModel:114 - Register for checkConnection events
2023-12-16 07:27:58,274 [FATAL] Updater:308 - Updater called before beeing initialized
2023-12-16 07:27:58,274 [ERROR] CADModel:125 - Updater not yet initialized, retry later 
2023-12-16 07:27:58,280 [FATAL] Updater:308 - Updater called before beeing initialized
2023-12-16 07:27:58,533 [FATAL] Updater:308 - Updater called before beeing initialized
2023-12-16 07:27:58,548 [INFO] DbMcusAds:53 - JSON generation date=Wed Nov 29 11:52:27 CET 2023 (1701255147349)
2023-12-16 07:27:58,548 [FATAL] Updater:308 - Updater called before beeing initialized
2023-12-16 07:27:58,669 [WARN] DetailPanel:346 - Failed to get advertising image, set to default
2023-12-16 07:27:58,949 [FATAL] Updater:308 - Updater called before beeing initialized
2023-12-16 07:27:58,955 [FATAL] Updater:308 - Updater called before beeing initialized
2023-12-16 07:27:58,955 [FATAL] Updater:308 - Updater called before beeing initialized
2023-12-16 07:27:58,955 [WARN] DetailPanel:346 - Failed to get advertising image, set to default
2023-12-16 07:27:58,957 [FATAL] Updater:308 - Updater called before beeing initialized
2023-12-16 07:27:59,162 [ERROR] Updater:1120 - MainUpdater not yet initialized. External WinMGr cannot be set.
2023-12-16 07:27:59,188 [INFO] Updater:1056 - Updater Version found : 6.10.0
2023-12-16 07:27:59,241 [INFO] ApplicationProperties:184 - Using Application install path: C:\ST\STM32CubeIDE_1.14.0\STM32CubeIDE\plugins\com.st.stm32cube.common.mx_6.10.0.202311202037
2023-12-16 07:28:00,670 [INFO] ThirdPartyUpdaterWithRetryManager:70 - Updater plugin not ready yet. [4/15]
2023-12-16 07:28:00,868 [ERROR] LogOutputStream:75 - [STDERR_REDIRECT] Dec 16, 2023 7:28:00 AM java.util.prefs.WindowsPreferences <init>
2023-12-16 07:28:00,880 [ERROR] LogOutputStream:75 - [STDERR_REDIRECT] WARNING: Could not open/create prefs root node Software\JavaSoft\Prefs at root 0xffffffff80000002. Windows RegCreateKeyEx(...) returned error code 5.
2023-12-16 07:28:00,881 [ERROR] LogOutputStream:75 - [STDERR_REDIRECT] 
2023-12-16 07:28:01,744 [INFO] MainUpdater:2873 - connection check result : 10
2023-12-16 07:28:01,745 [INFO] MainUpdater:290 - Updater Check For Update Now.
2023-12-16 07:28:01,746 [INFO] MicroXplorer:498 - Change Database Version : DB.6.0.100
2023-12-16 07:28:01,814 [INFO] McuFinderGlobals:63 - Set McuFinder mode to 2 (CubeIDE integrated)
2023-12-16 07:28:02,133 [INFO] CheckServerUpdateThread:120 - End of CheckServer Thread
2023-12-16 07:28:02,147 [INFO] UserAuth:404 - Internet connection configuration mode: 1
2023-12-16 07:28:02,187 [INFO] JxBrowserEngine:152 - Initiate JxBrowser Engine with user profile folder
2023-12-16 07:28:04,423 [WARN] PackLoader:240 - Cannot read IP mode file for STMicroelectronics.X-CUBE-SMBUS.2.1.0
2023-12-16 07:28:04,869 [WARN] PackLoader:240 - Cannot read IP mode file for STMicroelectronics.X-CUBE-TOUCHGFX.4.23.0
2023-12-16 07:28:05,571 [WARN] PackLoader:240 - Cannot read IP mode file for STMicroelectronics.X-CUBE-AZRTOS-F7.1.1.0
2023-12-16 07:28:06,146 [WARN] PackLoader:240 - Cannot read IP mode file for STMicroelectronics.FP-SNS-MOTENV1.4.3.2
2023-12-16 07:28:06,383 [WARN] PackLoader:240 - Cannot read IP mode file for STMicroelectronics.FP-SNS-FLIGHT1.5.0.2
2023-12-16 07:28:06,542 [WARN] PackLoader:240 - Cannot read IP mode file for STMicroelectronics.X-CUBE-DISPLAY.3.0.0
2023-12-16 07:28:06,713 [WARN] PackLoader:240 - Cannot read IP mode file for STMicroelectronics.X-CUBE-BLE1.7.0.0
2023-12-16 07:28:06,792 [WARN] PackLoader:240 - Cannot read IP mode file for emotas.I-CUBE-CANOPEN.1.3.0
2023-12-16 07:28:06,845 [WARN] PackLoader:240 - Cannot read IP mode file for STMicroelectronics.X-CUBE-TOUCHGFX.4.22.1
2023-12-16 07:28:06,936 [WARN] PackLoader:240 - Cannot read IP mode file for STMicroelectronics.FP-SNS-SMARTAG2.1.2.0
2023-12-16 07:28:07,015 [INFO] LogOutputStream:77 - [STDOUT_REDIRECT] 1 : Invalid condition id : UX_CORESTACK_Condition cause : null
2023-12-16 07:28:07,017 [INFO] LogOutputStream:77 - [STDOUT_REDIRECT] 1 : Invalid condition id : UX_CORESTACK_Condition cause : null
2023-12-16 07:28:07,028 [INFO] LogOutputStream:77 - [STDOUT_REDIRECT] 1 : Invalid condition id : UX_CORESTACK_Condition cause : null
2023-12-16 07:28:07,036 [INFO] LogOutputStream:77 - [STDOUT_REDIRECT] 1 : Invalid condition id : UX_CORESTACK_Condition cause : null
2023-12-16 07:28:07,041 [INFO] LogOutputStream:77 - [STDOUT_REDIRECT] 1 : Invalid condition id : UX_CORESTACK_Condition cause : null
2023-12-16 07:28:07,064 [WARN] PackLoader:240 - Cannot read IP mode file for STMicroelectronics.X-CUBE-AZRTOS-WL.2.0.0
2023-12-16 07:28:07,109 [WARN] PackLoader:240 - Cannot read IP mode file for WES.I-CUBE-Cesium.1.3.0
2023-12-16 07:28:07,141 [WARN] PackLoader:240 - Cannot read IP mode file for STMicroelectronics.X-CUBE-BLE2.3.3.0
2023-12-16 07:28:07,192 [WARN] PackLoader:240 - Cannot read IP mode file for STMicroelectronics.X-CUBE-ALGOBUILD.1.3.0
2023-12-16 07:28:07,307 [WARN] PackLoader:240 - Cannot read IP mode file for STMicroelectronics.X-CUBE-AZRTOS-G0.1.1.0
2023-12-16 07:28:07,341 [WARN] PackLoader:240 - Cannot read IP mode file for STMicroelectronics.X-CUBE-NFC4.3.0.0
2023-12-16 07:28:07,446 [WARN] PackLoader:240 - Cannot read IP mode file for STMicroelectronics.X-CUBE-BLEMGR.3.0.0
2023-12-16 07:28:07,564 [WARN] PackLoader:240 - Cannot read IP mode file for STMicroelectronics.FP-ATR-SIGFOX1.3.2.0
2023-12-16 07:28:07,603 [WARN] PackLoader:240 - Cannot read IP mode file for STMicroelectronics.X-CUBE-GNSS1.6.0.0
2023-12-16 07:28:07,689 [WARN] PackLoader:240 - Cannot read IP mode file for STMicroelectronics.X-CUBE-AZRTOS-F4.1.1.0
2023-12-16 07:28:07,727 [WARN] PackLoader:240 - Cannot read IP mode file for wolfSSL.I-CUBE-wolfSSL.5.6.4
2023-12-16 07:28:07,830 [WARN] PackLoader:240 - Cannot read IP mode file for STMicroelectronics.X-CUBE-AZRTOS-L5.2.0.0
2023-12-16 07:28:07,896 [WARN] PackLoader:240 - Cannot read IP mode file for STMicroelectronics.X-CUBE-EEPRMA1.4.2.0
2023-12-16 07:28:07,920 [WARN] PackLoader:240 - Cannot read IP mode file for ITTIA_DB.I-CUBE-ITTIADB.8.8.0
2023-12-16 07:28:07,944 [WARN] PackLoader:240 - Cannot read IP mode file for STMicroelectronics.X-CUBE-NFC7.1.0.1
2023-12-16 07:28:07,981 [WARN] PackLoader:240 - Cannot read IP mode file for STMicroelectronics.X-CUBE-NFC6.3.0.0
2023-12-16 07:28:08,047 [WARN] PackLoader:240 - Cannot read IP mode file for STMicroelectronics.X-CUBE-AI.8.1.0
2023-12-16 07:28:08,120 [WARN] ConditionMgr:438 - getConditionDescription Invalid condition id : LAN8742 Phy interface Condition cause : null
2023-12-16 07:28:08,120 [WARN] PackLoader:240 - Cannot read IP mode file for STMicroelectronics.X-CUBE-AZRTOS-L4.2.0.0
2023-12-16 07:28:08,120 [WARN] ConditionMgr:1039 - genDependencies : Invalid condition id : LAN8742 Phy interface Condition cause : null
2023-12-16 07:28:08,120 [WARN] ConditionMgr:1039 - genDependencies : Invalid condition id : LAN8742 Phy interface Condition cause : null
2023-12-16 07:28:08,134 [WARN] ConditionMgr:1039 - genDependencies : Invalid condition id : LAN8742 Phy interface Condition cause : null
2023-12-16 07:28:08,168 [WARN] PackLoader:240 - Cannot read IP mode file for STMicroelectronics.X-CUBE-SFXS2LP1.4.0.0
2023-12-16 07:28:08,339 [WARN] ConditionMgr:438 - getConditionDescription Invalid condition id : UX DEVICE CLASS RTOS Condition cause : null
2023-12-16 07:28:08,339 [WARN] ConditionMgr:438 - getConditionDescription Invalid condition id : UX DEVICE CLASS RTOS Condition cause : null
2023-12-16 07:28:08,348 [WARN] PackLoader:240 - Cannot read IP mode file for STMicroelectronics.X-CUBE-AZRTOS-WB.2.0.0
2023-12-16 07:28:08,357 [WARN] ConditionMgr:1039 - genDependencies : Invalid condition id : UX DEVICE CLASS RTOS Condition cause : null
2023-12-16 07:28:08,357 [WARN] ConditionMgr:1039 - genDependencies : Invalid condition id : UX DEVICE CLASS RTOS Condition cause : null
2023-12-16 07:28:08,357 [WARN] ConditionMgr:1039 - genDependencies : Invalid condition id : UX DEVICE CLASS RTOS Condition cause : null
2023-12-16 07:28:08,357 [WARN] ConditionMgr:1039 - genDependencies : Invalid condition id : UX DEVICE CLASS RTOS Condition cause : null
2023-12-16 07:28:08,357 [WARN] ConditionMgr:1039 - genDependencies : Invalid condition id : UX DEVICE CLASS RTOS Condition cause : null
2023-12-16 07:28:08,408 [WARN] PackLoader:240 - Cannot read IP mode file for STMicroelectronics.X-CUBE-SUBG2.5.0.0
2023-12-16 07:28:08,589 [WARN] PackLoader:240 - Cannot read IP mode file for STMicroelectronics.X-CUBE-AZRTOS-G4.2.0.0
2023-12-16 07:28:08,664 [WARN] PackLoader:240 - Cannot read IP mode file for Infineon.AIROC-Wi-Fi-Bluetooth-STM32.1.5.1
2023-12-16 07:28:08,829 [WARN] PackLoader:240 - Cannot read IP mode file for STMicroelectronics.FP-SNS-MOTENVWB1.1.3.1
2023-12-16 07:28:08,973 [WARN] PackLoader:240 - Cannot read IP mode file for STMicroelectronics.X-CUBE-ISPU.2.0.0
2023-12-16 07:28:09,258 [WARN] PackLoader:240 - Cannot read IP mode file for STMicroelectronics.X-CUBE-MEMS1.10.0.0
2023-12-16 07:28:09,959 [WARN] PackLoader:240 - Cannot read IP mode file for STMicroelectronics.X-CUBE-FREERTOS.1.1.0
2023-12-16 07:28:10,038 [WARN] PackLoader:240 - Cannot read IP mode file for portGmbH.I-Cube-SoM-uGOAL.1.1.0
2023-12-16 07:28:10,177 [WARN] PackLoader:240 - Cannot read IP mode file for STMicroelectronics.X-CUBE-ALS.1.0.1
2023-12-16 07:28:10,215 [WARN] PackLoader:240 - Cannot read IP mode file for STMicroelectronics.FP-ATR-ASTRA1.2.0.0
2023-12-16 07:28:10,334 [WARN] PackLoader:240 - Cannot read IP mode file for STMicroelectronics.X-CUBE-TOF1.3.4.0
2023-12-16 07:28:10,771 [WARN] PackLoader:240 - Cannot read IP mode file for STMicroelectronics.X-CUBE-AZRTOS-H7.3.2.0
2023-12-16 07:28:10,855 [INFO] ThirdParty:978 - Integrity check success = true
2023-12-16 07:28:10,855 [INFO] IntegrityCheckThread:100 - exiting critical section [integrity check]
2023-12-16 07:28:10,855 [INFO] IntegrityCheckThread:103 - End integrity checks thread
2023-12-16 07:28:15,082 [INFO] WebApp:161 - Instantiating new browser for Auth
2023-12-16 07:28:17,099 [INFO] WebApp:780 - Register for checkConnection events
2023-12-16 07:28:17,101 [INFO] WebApp:414 - Apply proxy settings
2023-12-16 07:28:17,101 [INFO] WebApp:499 - Chromium requires no authentication
2023-12-16 07:28:17,130 [INFO] WebApp:442 - Direct internet connection detected
2023-12-16 07:28:18,016 [INFO] WebApp:192 - Starting web application
2023-12-16 07:28:18,016 [INFO] WebApp:544 - Web application path used C:\ST\STM32CubeIDE_1.14.0\STM32CubeIDE\plugins\com.st.stm32cube.common.mx_6.10.0.202311202037\db\plugins\mcufinder\reactClient1\index.html
2023-12-16 07:28:41,356 [ERROR] LogOutputStream:75 - [STDERR_REDIRECT] SLF4J: Failed to load class "org.slf4j.impl.StaticLoggerBinder".
2023-12-16 07:28:41,356 [ERROR] LogOutputStream:75 - [STDERR_REDIRECT] SLF4J: Defaulting to no-operation (NOP) logger implementation
2023-12-16 07:28:41,370 [ERROR] LogOutputStream:75 - [STDERR_REDIRECT] SLF4J: See http://www.slf4j.org/codes.html#StaticLoggerBinder for further details.
2023-12-16 07:29:51,658 [ERROR] LogOutputStream:75 - [STDERR_REDIRECT] 
2023-12-16 07:29:51,660 [ERROR] LogOutputStream:75 - [STDERR_REDIRECT] 
2023-12-16 20:50:59,706 [INFO] Activator:176 - 


2023-12-16 20:50:59,712 [INFO] Activator:177 - !SESSION log4j initialized
2023-12-16 20:51:14,883 [INFO] LogOutputStream:77 - [STDOUT_REDIRECT] 
2023-12-16 20:51:19,996 [INFO] ApplicationProperties:184 - Using Application install path: C:\ST\STM32CubeIDE_1.14.0\STM32CubeIDE\plugins\com.st.stm32cube.common.mx_6.10.0.202311202037
2023-12-16 20:51:20,065 [INFO] DbMcusXml:78 - Set database path to: C:\ST\STM32CubeIDE_1.14.0\STM32CubeIDE\plugins\com.st.stm32cube.common.mx_6.10.0.202311202037\\db\/mcu/
2023-12-16 20:51:20,066 [INFO] ApiDb:274 - Set plugin database path to: C:\ST\STM32CubeIDE_1.14.0\STM32CubeIDE\plugins\com.st.stm32cube.common.mx_6.10.0.202311202037\\db\/plugins/boardmanager/
2023-12-16 20:51:20,067 [WARN] ApiDb:259 - Overriding images path with different value:  => C:\ST\STM32CubeIDE_1.14.0\STM32CubeIDE\plugins\com.st.stm32cube.common.mx_6.10.0.202311202037\\db\/plugins/mcufinder/images/
2023-12-16 20:51:20,097 [INFO] ApiDb:250 - Set database path to: C:\Users\QUDUS\.stmcufinder\plugins\mcufinder//mcu/
2023-12-16 20:51:20,101 [INFO] DbMcusAds:125 - Set database path to: C:\Users\QUDUS\.stmcufinder\plugins\mcufinder//mcu/
2023-12-16 20:51:20,109 [INFO] CrossReferenceDbSqlite:203 - Set database path to: C:\Users\QUDUS\.stmcufinder\plugins\mcufinder//mcu/cs/
2023-12-16 20:51:20,400 [INFO] RulesReader:64 - Compatibility file has been processed (297 Rules)
2023-12-16 20:51:20,733 [INFO] DbMcusXml:78 - Set database path to: C:\ST\STM32CubeIDE_1.14.0\STM32CubeIDE\plugins\com.st.stm32cube.common.mx_6.10.0.202311202037\\db\/mcu/
2023-12-16 20:51:20,734 [INFO] ApiDb:274 - Set plugin database path to: C:\ST\STM32CubeIDE_1.14.0\STM32CubeIDE\plugins\com.st.stm32cube.common.mx_6.10.0.202311202037\\db\/plugins/boardmanager/
2023-12-16 20:51:20,734 [INFO] ApiDb:261 - Set plugin images path to: C:\ST\STM32CubeIDE_1.14.0\STM32CubeIDE\plugins\com.st.stm32cube.common.mx_6.10.0.202311202037\\db\/plugins/mcufinder/images/
2023-12-16 20:51:20,735 [WARN] DbFile:41 - Overriding database path with different value: C:\Users\QUDUS\.stmcufinder\plugins\mcufinder/ => C:\Users\QUDUS\.stmcufinder\plugins\mcufinder
2023-12-16 20:51:20,735 [INFO] ApiDb:250 - Set database path to: C:\Users\QUDUS\.stmcufinder\plugins\mcufinder//mcu/
2023-12-16 20:51:20,736 [WARN] DbFile:41 - Overriding database path with different value: C:\Users\QUDUS\.stmcufinder\plugins\mcufinder/ => C:\Users\QUDUS\.stmcufinder\plugins\mcufinder
2023-12-16 20:51:20,736 [INFO] DbMcusAds:125 - Set database path to: C:\Users\QUDUS\.stmcufinder\plugins\mcufinder//mcu/
2023-12-16 20:51:20,736 [WARN] DbFile:41 - Overriding database path with different value: C:\Users\QUDUS\.stmcufinder\plugins\mcufinder/ => C:\Users\QUDUS\.stmcufinder\plugins\mcufinder
2023-12-16 20:51:20,736 [WARN] DbFile:41 - Overriding database path with different value: C:\Users\QUDUS\.stmcufinder\plugins\mcufinder/ => C:\Users\QUDUS\.stmcufinder\plugins\mcufinder
2023-12-16 20:51:20,737 [INFO] CrossReferenceDbSqlite:203 - Set database path to: C:\Users\QUDUS\.stmcufinder\plugins\mcufinder//mcu/cs/
2023-12-16 20:51:21,012 [INFO] MainPanel:264 - HeapMemory: 268435456
2023-12-16 20:51:21,426 [INFO] DbMcusXml:78 - Set database path to: C:\ST\STM32CubeIDE_1.14.0\STM32CubeIDE\plugins\com.st.stm32cube.common.mx_6.10.0.202311202037\\db\/mcu/
2023-12-16 20:51:21,426 [INFO] ApiDb:274 - Set plugin database path to: C:\ST\STM32CubeIDE_1.14.0\STM32CubeIDE\plugins\com.st.stm32cube.common.mx_6.10.0.202311202037\\db\/plugins/boardmanager/
2023-12-16 20:51:21,427 [INFO] ApiDb:261 - Set plugin images path to: C:\ST\STM32CubeIDE_1.14.0\STM32CubeIDE\plugins\com.st.stm32cube.common.mx_6.10.0.202311202037\\db\/plugins/mcufinder/images/
2023-12-16 20:51:21,428 [WARN] DbFile:41 - Overriding database path with different value: C:\Users\QUDUS\.stmcufinder\plugins\mcufinder/ => C:\Users\QUDUS\.stmcufinder\plugins\mcufinder
2023-12-16 20:51:21,428 [INFO] ApiDb:250 - Set database path to: C:\Users\QUDUS\.stmcufinder\plugins\mcufinder//mcu/
2023-12-16 20:51:21,428 [WARN] DbFile:41 - Overriding database path with different value: C:\Users\QUDUS\.stmcufinder\plugins\mcufinder/ => C:\Users\QUDUS\.stmcufinder\plugins\mcufinder
2023-12-16 20:51:21,429 [INFO] DbMcusAds:125 - Set database path to: C:\Users\QUDUS\.stmcufinder\plugins\mcufinder//mcu/
2023-12-16 20:51:21,429 [WARN] DbFile:41 - Overriding database path with different value: C:\Users\QUDUS\.stmcufinder\plugins\mcufinder/ => C:\Users\QUDUS\.stmcufinder\plugins\mcufinder
2023-12-16 20:51:21,429 [WARN] DbFile:41 - Overriding database path with different value: C:\Users\QUDUS\.stmcufinder\plugins\mcufinder/ => C:\Users\QUDUS\.stmcufinder\plugins\mcufinder
2023-12-16 20:51:21,430 [INFO] CrossReferenceDbSqlite:203 - Set database path to: C:\Users\QUDUS\.stmcufinder\plugins\mcufinder//mcu/cs/
2023-12-16 20:51:21,492 [INFO] ApplicationProperties:184 - Using Application install path: C:\ST\STM32CubeIDE_1.14.0\STM32CubeIDE\plugins\com.st.stm32cube.common.mx_6.10.0.202311202037
2023-12-16 20:51:21,498 [INFO] PluginManage:196 - Search for loadable plugins [exclusion list=, ]
2023-12-16 20:51:21,504 [INFO] PluginManage:310 - Check plugin analytics
2023-12-16 20:51:22,246 [INFO] AnalyticsPlugin:253 - Accepted Software Licenses: 
2023-12-16 20:51:22,246 [INFO] AnalyticsPlugin:255 - Accepted CMSIS Pack Licenses: 
2023-12-16 20:51:22,246 [INFO] AnalyticsPlugin:257 - Accepted Firmware Licenses: 
2023-12-16 20:51:22,252 [INFO] PluginManage:359 - Loaded plugin analytics (category:tool,tabindex:-1)
2023-12-16 20:51:22,252 [INFO] PluginManage:310 - Check plugin cadmodel
2023-12-16 20:51:22,287 [INFO] CADModel:105 - Init CAD model plugin
2023-12-16 20:51:22,288 [INFO] PluginManage:359 - Loaded plugin cadmodel (category:power,tabindex:5)
2023-12-16 20:51:22,288 [INFO] PluginManage:310 - Check plugin clock
2023-12-16 20:51:22,328 [INFO] PluginManage:359 - Loaded plugin clock (category:base,tabindex:2)
2023-12-16 20:51:22,328 [INFO] PluginManage:310 - Check plugin ddr
2023-12-16 20:51:22,335 [INFO] PluginManage:359 - Loaded plugin ddr (category:tool,tabindex:6)
2023-12-16 20:51:22,336 [INFO] PluginManage:310 - Check plugin filemanager
2023-12-16 20:51:22,634 [INFO] PluginManage:359 - Loaded plugin filemanager (category:base,tabindex:10)
2023-12-16 20:51:22,635 [INFO] PluginManage:310 - Check plugin ipmanager
2023-12-16 20:51:22,650 [INFO] PluginManage:359 - Loaded plugin ipmanager (category:base,tabindex:5)
2023-12-16 20:51:22,651 [INFO] PluginManage:310 - Check plugin lpbam
2023-12-16 20:51:22,703 [INFO] PluginManage:359 - Loaded plugin lpbam (category:base,tabindex:0)
2023-12-16 20:51:22,704 [INFO] PluginManage:310 - Check plugin memorymap
2023-12-16 20:51:22,793 [INFO] PluginManage:359 - Loaded plugin memorymap (category:base,tabindex:4)
2023-12-16 20:51:22,793 [INFO] PluginManage:310 - Check plugin pinoutandconfiguration
2023-12-16 20:51:22,848 [INFO] PluginManage:359 - Loaded plugin pinoutandconfiguration (category:base,tabindex:1)
2023-12-16 20:51:22,849 [INFO] PluginManage:310 - Check plugin pinoutconfig
2023-12-16 20:51:23,217 [WARN] SupportedApi:132 - Cannot load RTOS API schema: s4s-elt-must-match.1: The content of 'definitions' must match (annotation?, (simpleType | complexType)?, (unique | key | keyref)*)). A problem was found starting at: attribute.
2023-12-16 20:51:23,738 [INFO] PluginManage:359 - Loaded plugin pinoutconfig (category:base,tabindex:0)
2023-12-16 20:51:23,738 [INFO] PluginManage:310 - Check plugin power
2023-12-16 20:51:23,820 [INFO] PluginManage:359 - Loaded plugin power (category:power,tabindex:4)
2023-12-16 20:51:23,821 [INFO] PluginManage:310 - Check plugin projectmanager
2023-12-16 20:51:23,874 [INFO] PluginManage:359 - Loaded plugin projectmanager (category:projectmanager,tabindex:3)
2023-12-16 20:51:23,874 [INFO] PluginManage:310 - Check plugin thirdparty
2023-12-16 20:51:24,541 [INFO] PluginManage:359 - Loaded plugin thirdparty (category:base,tabindex:-1)
2023-12-16 20:51:24,541 [INFO] PluginManage:310 - Check plugin tools
2023-12-16 20:51:24,541 [WARN] IntegrityCheckThread:84 - waiting for thirdparty lock release [integrity check]
2023-12-16 20:51:24,541 [INFO] IntegrityCheckThread:86 - entering critical section [integrity check]
2023-12-16 20:51:24,543 [INFO] ThirdPartyUpdaterWithRetryManager:70 - Updater plugin not ready yet. [1/15]
2023-12-16 20:51:24,612 [INFO] PluginManage:359 - Loaded plugin tools (category:base,tabindex:7)
2023-12-16 20:51:24,613 [INFO] PluginManage:310 - Check plugin tutovideos
2023-12-16 20:51:25,012 [INFO] PluginManage:359 - Loaded plugin tutovideos (category:base,tabindex:-1)
2023-12-16 20:51:25,012 [INFO] PluginManage:310 - Check plugin updater
2023-12-16 20:51:25,045 [INFO] PluginManage:359 - Loaded plugin updater (category:base,tabindex:12)
2023-12-16 20:51:25,045 [INFO] PluginManage:310 - Check plugin userauth
2023-12-16 20:51:25,058 [INFO] UserAuth:114 - Init User Auth plugin
2023-12-16 20:51:25,058 [INFO] PluginManage:359 - Loaded plugin userauth (category:base,tabindex:14)
2023-12-16 20:51:25,060 [INFO] PluginManage:283 - PluginManage : Loaded plugins [17]
2023-12-16 20:51:25,890 [INFO] PinOutPanel:1499 - setPackage(No Configuration,No Configuration)
2023-12-16 20:51:26,155 [INFO] CADModel:165 - CPN selected for project level
2023-12-16 20:51:26,155 [INFO] CADModel:114 - Register for checkConnection events
2023-12-16 20:51:26,238 [INFO] IPUIPlugin:80 - create IPUIPlugin
2023-12-16 20:51:26,239 [INFO] PluginManager:220 - loadIPPluginJar : add adc
2023-12-16 20:51:26,349 [INFO] IPUIPlugin:80 - create IPUIPlugin
2023-12-16 20:51:26,349 [INFO] PluginManager:220 - loadIPPluginJar : add aes
2023-12-16 20:51:26,418 [INFO] IPUIPlugin:80 - create IPUIPlugin
2023-12-16 20:51:26,419 [INFO] PluginManager:220 - loadIPPluginJar : add can
2023-12-16 20:51:26,464 [INFO] IPUIPlugin:80 - create IPUIPlugin
2023-12-16 20:51:26,465 [INFO] PluginManager:220 - loadIPPluginJar : add comp
2023-12-16 20:51:26,517 [INFO] IPUIPlugin:80 - create IPUIPlugin
2023-12-16 20:51:26,517 [INFO] PluginManager:220 - loadIPPluginJar : add cryp
2023-12-16 20:51:26,561 [INFO] IPUIPlugin:80 - create IPUIPlugin
2023-12-16 20:51:26,561 [INFO] PluginManager:220 - loadIPPluginJar : add dfsdm
2023-12-16 20:51:26,582 [INFO] IPUIPlugin:80 - create IPUIPlugin
2023-12-16 20:51:26,583 [INFO] PluginManager:220 - loadIPPluginJar : add dma
2023-12-16 20:51:26,654 [INFO] IPUIPlugin:80 - create IPUIPlugin
2023-12-16 20:51:26,654 [INFO] PluginManager:220 - loadIPPluginJar : add dma3
2023-12-16 20:51:26,683 [INFO] IPUIPlugin:80 - create IPUIPlugin
2023-12-16 20:51:26,683 [INFO] PluginManager:220 - loadIPPluginJar : add fatfs
2023-12-16 20:51:26,773 [INFO] IPUIPlugin:80 - create IPUIPlugin
2023-12-16 20:51:26,773 [INFO] PluginManager:220 - loadIPPluginJar : add fmc
2023-12-16 20:51:26,795 [INFO] IPUIPlugin:80 - create IPUIPlugin
2023-12-16 20:51:26,796 [INFO] PluginManager:220 - loadIPPluginJar : add freertos
2023-12-16 20:51:26,824 [INFO] IPUIPlugin:80 - create IPUIPlugin
2023-12-16 20:51:26,824 [INFO] PluginManager:220 - loadIPPluginJar : add genericplugin
2023-12-16 20:51:26,953 [INFO] IPUIPlugin:80 - create IPUIPlugin
2023-12-16 20:51:26,953 [INFO] PluginManager:220 - loadIPPluginJar : add gfxmmu
2023-12-16 20:51:27,264 [INFO] IPUIPlugin:80 - create IPUIPlugin
2023-12-16 20:51:27,264 [INFO] PluginManager:220 - loadIPPluginJar : add gic
2023-12-16 20:51:27,343 [INFO] IPUIPlugin:80 - create IPUIPlugin
2023-12-16 20:51:27,343 [INFO] PluginManager:220 - loadIPPluginJar : add gpio
2023-12-16 20:51:27,545 [INFO] ThirdPartyUpdaterWithRetryManager:70 - Updater plugin not ready yet. [2/15]
2023-12-16 20:51:27,589 [INFO] IPUIPlugin:80 - create IPUIPlugin
2023-12-16 20:51:27,590 [INFO] PluginManager:220 - loadIPPluginJar : add gtzc
2023-12-16 20:51:27,643 [INFO] IPUIPlugin:80 - create IPUIPlugin
2023-12-16 20:51:27,643 [INFO] PluginManager:220 - loadIPPluginJar : add hash
2023-12-16 20:51:27,728 [INFO] IPUIPlugin:80 - create IPUIPlugin
2023-12-16 20:51:27,728 [INFO] PluginManager:220 - loadIPPluginJar : add i2c
2023-12-16 20:51:27,777 [INFO] IPUIPlugin:80 - create IPUIPlugin
2023-12-16 20:51:27,777 [INFO] PluginManager:220 - loadIPPluginJar : add i2s
2023-12-16 20:51:27,857 [INFO] IPUIPlugin:80 - create IPUIPlugin
2023-12-16 20:51:27,858 [INFO] PluginManager:220 - loadIPPluginJar : add i3c
2023-12-16 20:51:28,100 [INFO] IPUIPlugin:80 - create IPUIPlugin
2023-12-16 20:51:28,100 [INFO] PluginManager:220 - loadIPPluginJar : add ipddr
2023-12-16 20:51:28,375 [INFO] IPUIPlugin:80 - create IPUIPlugin
2023-12-16 20:51:28,375 [INFO] PluginManager:220 - loadIPPluginJar : add linkedlist
2023-12-16 20:51:28,483 [INFO] IPUIPlugin:80 - create IPUIPlugin
2023-12-16 20:51:28,484 [INFO] PluginManager:220 - loadIPPluginJar : add lorawan
2023-12-16 20:51:28,591 [INFO] IPUIPlugin:80 - create IPUIPlugin
2023-12-16 20:51:28,592 [INFO] PluginManager:220 - loadIPPluginJar : add ltdc
2023-12-16 20:51:28,633 [INFO] IPUIPlugin:80 - create IPUIPlugin
2023-12-16 20:51:28,633 [INFO] PluginManager:220 - loadIPPluginJar : add mdma
2023-12-16 20:51:28,673 [INFO] IPUIPlugin:80 - create IPUIPlugin
2023-12-16 20:51:28,673 [INFO] PluginManager:220 - loadIPPluginJar : add nvic
2023-12-16 20:51:28,780 [INFO] IPUIPlugin:80 - create IPUIPlugin
2023-12-16 20:51:28,780 [INFO] PluginManager:220 - loadIPPluginJar : add opamp
2023-12-16 20:51:28,863 [INFO] IPUIPlugin:80 - create IPUIPlugin
2023-12-16 20:51:28,863 [INFO] PluginManager:220 - loadIPPluginJar : add openamp
2023-12-16 20:51:28,936 [INFO] IPUIPlugin:80 - create IPUIPlugin
2023-12-16 20:51:28,936 [INFO] PluginManager:220 - loadIPPluginJar : add pdm2pcm
2023-12-16 20:51:28,964 [INFO] IPUIPlugin:80 - create IPUIPlugin
2023-12-16 20:51:28,969 [INFO] PluginManager:220 - loadIPPluginJar : add plateformsettings
2023-12-16 20:51:29,034 [INFO] IPUIPlugin:80 - create IPUIPlugin
2023-12-16 20:51:29,034 [INFO] PluginManager:220 - loadIPPluginJar : add quadspi
2023-12-16 20:51:29,074 [INFO] IPUIPlugin:80 - create IPUIPlugin
2023-12-16 20:51:29,074 [INFO] PluginManager:220 - loadIPPluginJar : add resmgrutility
2023-12-16 20:51:29,197 [INFO] IPUIPlugin:80 - create IPUIPlugin
2023-12-16 20:51:29,197 [INFO] PluginManager:220 - loadIPPluginJar : add sai
2023-12-16 20:51:29,323 [INFO] IPUIPlugin:80 - create IPUIPlugin
2023-12-16 20:51:29,323 [INFO] PluginManager:220 - loadIPPluginJar : add spi
2023-12-16 20:51:29,446 [INFO] IPUIPlugin:80 - create IPUIPlugin
2023-12-16 20:51:29,447 [INFO] PluginManager:220 - loadIPPluginJar : add stm32_wpan
2023-12-16 20:51:29,490 [INFO] IPUIPlugin:80 - create IPUIPlugin
2023-12-16 20:51:29,490 [INFO] PluginManager:220 - loadIPPluginJar : add tim
2023-12-16 20:51:29,625 [INFO] IPUIPlugin:80 - create IPUIPlugin
2023-12-16 20:51:29,625 [INFO] PluginManager:220 - loadIPPluginJar : add touchsensing
2023-12-16 20:51:29,744 [INFO] IPUIPlugin:80 - create IPUIPlugin
2023-12-16 20:51:29,745 [INFO] PluginManager:220 - loadIPPluginJar : add tracer_emb
2023-12-16 20:51:29,820 [INFO] IPUIPlugin:80 - create IPUIPlugin
2023-12-16 20:51:29,821 [INFO] PluginManager:220 - loadIPPluginJar : add ts
2023-12-16 20:51:29,887 [INFO] IPUIPlugin:80 - create IPUIPlugin
2023-12-16 20:51:29,888 [INFO] PluginManager:220 - loadIPPluginJar : add tsc
2023-12-16 20:51:29,959 [INFO] IPUIPlugin:80 - create IPUIPlugin
2023-12-16 20:51:29,960 [INFO] PluginManager:220 - loadIPPluginJar : add ucpd
2023-12-16 20:51:30,076 [INFO] IPUIPlugin:80 - create IPUIPlugin
2023-12-16 20:51:30,077 [INFO] PluginManager:220 - loadIPPluginJar : add usart
2023-12-16 20:51:30,259 [INFO] IPUIPlugin:80 - create IPUIPlugin
2023-12-16 20:51:30,259 [INFO] PluginManager:220 - loadIPPluginJar : add usbx
2023-12-16 20:51:30,500 [INFO] CADModel:165 - CPN selected for project level
2023-12-16 20:51:30,500 [INFO] CADModel:114 - Register for checkConnection events
2023-12-16 20:51:30,502 [FATAL] Updater:308 - Updater called before beeing initialized
2023-12-16 20:51:30,502 [ERROR] CADModel:125 - Updater not yet initialized, retry later 
2023-12-16 20:51:30,546 [INFO] ThirdPartyUpdaterWithRetryManager:70 - Updater plugin not ready yet. [3/15]
2023-12-16 20:51:31,063 [INFO] CADModel:165 - CPN selected for project level
2023-12-16 20:51:31,064 [INFO] CADModel:114 - Register for checkConnection events
2023-12-16 20:51:31,064 [FATAL] Updater:308 - Updater called before beeing initialized
2023-12-16 20:51:31,064 [ERROR] CADModel:125 - Updater not yet initialized, retry later 
2023-12-16 20:51:31,077 [FATAL] Updater:308 - Updater called before beeing initialized
2023-12-16 20:51:31,480 [FATAL] Updater:308 - Updater called before beeing initialized
2023-12-16 20:51:31,502 [INFO] DbMcusAds:53 - JSON generation date=Wed Nov 29 11:52:27 CET 2023 (1701255147349)
2023-12-16 20:51:31,503 [FATAL] Updater:308 - Updater called before beeing initialized
2023-12-16 20:51:31,761 [WARN] DetailPanel:346 - Failed to get advertising image, set to default
2023-12-16 20:51:31,988 [FATAL] Updater:308 - Updater called before beeing initialized
2023-12-16 20:51:31,992 [FATAL] Updater:308 - Updater called before beeing initialized
2023-12-16 20:51:31,993 [FATAL] Updater:308 - Updater called before beeing initialized
2023-12-16 20:51:31,993 [WARN] DetailPanel:346 - Failed to get advertising image, set to default
2023-12-16 20:51:31,994 [FATAL] Updater:308 - Updater called before beeing initialized
2023-12-16 20:51:32,188 [ERROR] Updater:1120 - MainUpdater not yet initialized. External WinMGr cannot be set.
2023-12-16 20:51:32,217 [INFO] Updater:1056 - Updater Version found : 6.10.0
2023-12-16 20:51:32,257 [INFO] ApplicationProperties:184 - Using Application install path: C:\ST\STM32CubeIDE_1.14.0\STM32CubeIDE\plugins\com.st.stm32cube.common.mx_6.10.0.202311202037
2023-12-16 20:51:33,548 [FATAL] Updater:308 - Updater called before beeing initialized
2023-12-16 20:51:33,550 [ERROR] IntegrityCheckThread:130 - Cannot retrieve database content from updater: error 21
2023-12-16 20:51:33,550 [INFO] ThirdParty:978 - Integrity check success = false
2023-12-16 20:51:33,551 [INFO] IntegrityCheckThread:100 - exiting critical section [integrity check]
2023-12-16 20:51:33,551 [INFO] IntegrityCheckThread:103 - End integrity checks thread
2023-12-16 20:51:33,924 [ERROR] LogOutputStream:75 - [STDERR_REDIRECT] Dec 16, 2023 8:51:33 PM java.util.prefs.WindowsPreferences <init>
2023-12-16 20:51:33,930 [ERROR] LogOutputStream:75 - [STDERR_REDIRECT] WARNING: Could not open/create prefs root node Software\JavaSoft\Prefs at root 0xffffffff80000002. Windows RegCreateKeyEx(...) returned error code 5.
2023-12-16 20:51:33,931 [ERROR] LogOutputStream:75 - [STDERR_REDIRECT] 
2023-12-16 20:51:35,276 [INFO] MainUpdater:2873 - connection check result : 10
2023-12-16 20:51:35,278 [INFO] MainUpdater:290 - Updater Check For Update Now.
2023-12-16 20:51:35,278 [INFO] MicroXplorer:498 - Change Database Version : DB.6.0.100
2023-12-16 20:51:35,375 [INFO] McuFinderGlobals:63 - Set McuFinder mode to 2 (CubeIDE integrated)
2023-12-16 20:51:35,681 [INFO] CheckServerUpdateThread:120 - End of CheckServer Thread
2023-12-16 20:51:35,718 [INFO] UserAuth:404 - Internet connection configuration mode: 1
2023-12-16 20:51:35,755 [INFO] JxBrowserEngine:152 - Initiate JxBrowser Engine with user profile folder
2023-12-16 20:51:43,130 [INFO] WebApp:161 - Instantiating new browser for Auth
2023-12-16 20:51:44,688 [INFO] WebApp:780 - Register for checkConnection events
2023-12-16 20:51:44,688 [INFO] WebApp:414 - Apply proxy settings
2023-12-16 20:51:44,689 [INFO] WebApp:499 - Chromium requires no authentication
2023-12-16 20:51:44,708 [INFO] WebApp:442 - Direct internet connection detected
2023-12-16 20:51:45,200 [INFO] WebApp:192 - Starting web application
2023-12-16 20:51:45,201 [INFO] WebApp:544 - Web application path used C:\ST\STM32CubeIDE_1.14.0\STM32CubeIDE\plugins\com.st.stm32cube.common.mx_6.10.0.202311202037\db\plugins\mcufinder\reactClient1\index.html
2023-12-16 20:52:07,593 [ERROR] LogOutputStream:75 - [STDERR_REDIRECT] SLF4J: Failed to load class "org.slf4j.impl.StaticLoggerBinder".
2023-12-16 20:52:07,600 [ERROR] LogOutputStream:75 - [STDERR_REDIRECT] SLF4J: Defaulting to no-operation (NOP) logger implementation
2023-12-16 20:52:07,607 [ERROR] LogOutputStream:75 - [STDERR_REDIRECT] SLF4J: See http://www.slf4j.org/codes.html#StaticLoggerBinder for further details.
2023-12-16 20:53:31,411 [ERROR] LogOutputStream:75 - [STDERR_REDIRECT] 
