2023-12-28 11:49:29,177 [INFO] MainUpdater:2873 - connection check result : 10
2023-12-28 11:49:29,316 [INFO] McuFinderGlobals:76 - Set McuFinderConnectedMode to true
2023-12-28 11:49:29,316 [INFO] MultiScanPanel:200 - Auto-refresh data requested => check proxy status ongoing
2023-12-28 11:49:29,316 [INFO] FinderPluginLoader:95 - Searching for filters in installed packs
2023-12-28 11:49:30,135 [INFO] LoadUrlFilesThread:185 - End of LoadServerUrlFiles without Thread
2023-12-28 11:49:30,135 [INFO] DetailPanel:341 - Set advertising image to C:/Users/QUDUS/STM32Cube/Repository/\en.prom-stm32wl3-mcu-finder.jpg
2023-12-28 11:49:33,715 [INFO] MultiScanPanel:200 - Auto-refresh data requested => check proxy status ongoing
2023-12-28 11:49:33,789 [INFO] LoadUrlFilesThread:185 - End of LoadServerUrlFiles without Thread
2023-12-28 11:49:33,789 [INFO] DetailPanel:341 - Set advertising image to C:/Users/QUDUS/STM32Cube/Repository/\en.prom-stm32wl3-mcu-finder.jpg
2023-12-28 11:50:14,175 [INFO] UtilMem:75 - End SaveConfig() Used Memory: 314770320 Bytes (780140544)
2023-12-28 11:50:14,298 [INFO] UtilMem:75 - End SaveConfig() Used Memory: 331021200 Bytes (780140544)
2023-12-28 11:50:14,533 [INFO] UtilMem:75 - End SaveConfig() Used Memory: 385024912 Bytes (780140544)
2023-12-28 11:50:14,920 [INFO] BlockDiagram:2759 - set Specific Code input for plugin: NVIC
2023-12-28 11:50:14,920 [INFO] BlockDiagram:2759 - set Specific Code input for plugin: USART
2023-12-28 11:50:14,920 [INFO] BlockDiagram:2759 - set Specific Code input for plugin: SYS
2023-12-28 11:50:14,921 [INFO] BlockDiagram:2759 - set Specific Code input for plugin: GPIO
2023-12-28 11:50:14,921 [INFO] BlockDiagram:2759 - set Specific Code input for plugin: RCC
2023-12-28 11:50:14,922 [INFO] CodeGenerator:807 - code generatio: config db path: C:\ST\STM32CubeIDE_1.14.0\STM32CubeIDE\plugins\com.st.stm32cube.common.mx_6.10.0.202311202037\\db\
2023-12-28 11:50:15,290 [INFO] CodeEngine:255 - oldGeneratedFile, C:\Users\QUDUS\STM32CubeIDE\workspace_1.14.0\Lab2\MXTmpFiles\license.tmp_save
2023-12-28 11:50:15,447 [INFO] CodeEngine:279 - Generated code: C:\Users\QUDUS\STM32CubeIDE\workspace_1.14.0\Lab2\MXTmpFiles\license.tmp
2023-12-28 11:50:15,491 [INFO] CodeEngine:255 - oldGeneratedFile, C:\Users\QUDUS\STM32CubeIDE\workspace_1.14.0\Lab2\MXTmpFiles\gpio.tmp_save
2023-12-28 11:50:15,588 [INFO] CodeEngine:279 - Generated code: C:\Users\QUDUS\STM32CubeIDE\workspace_1.14.0\Lab2\MXTmpFiles\gpio.tmp
2023-12-28 11:50:15,675 [INFO] CodeEngine:255 - oldGeneratedFile, C:\Users\QUDUS\STM32CubeIDE\workspace_1.14.0\Lab2\Core\Src\stm32f3xx_it.c_save
2023-12-28 11:50:16,061 [INFO] CodeEngine:279 - Generated code: C:\Users\QUDUS\STM32CubeIDE\workspace_1.14.0\Lab2\Core\Src\stm32f3xx_it.c
2023-12-28 11:50:16,084 [INFO] CodeEngine:255 - oldGeneratedFile, C:\Users\QUDUS\STM32CubeIDE\workspace_1.14.0\Lab2\Core\Inc\stm32f3xx_it.h_save
2023-12-28 11:50:16,179 [INFO] CodeEngine:279 - Generated code: C:\Users\QUDUS\STM32CubeIDE\workspace_1.14.0\Lab2\Core\Inc\stm32f3xx_it.h
2023-12-28 11:50:16,211 [INFO] CodeEngine:255 - oldGeneratedFile, C:\Users\QUDUS\STM32CubeIDE\workspace_1.14.0\Lab2\Core\Src\stm32f3xx_hal_msp.c_save
2023-12-28 11:50:16,348 [INFO] CodeEngine:279 - Generated code: C:\Users\QUDUS\STM32CubeIDE\workspace_1.14.0\Lab2\Core\Src\stm32f3xx_hal_msp.c
2023-12-28 11:50:16,358 [INFO] CodeEngine:255 - oldGeneratedFile, C:\Users\QUDUS\STM32CubeIDE\workspace_1.14.0\Lab2\MXTmpFiles\system.tmp_save
2023-12-28 11:50:16,421 [INFO] CodeEngine:279 - Generated code: C:\Users\QUDUS\STM32CubeIDE\workspace_1.14.0\Lab2\MXTmpFiles\system.tmp
2023-12-28 11:50:16,447 [INFO] CodeEngine:311 - oldGeneratedFile, C:\Users\QUDUS\STM32CubeIDE\workspace_1.14.0\Lab2\Core\Inc\stm32f3xx_hal_conf.h_save
2023-12-28 11:50:16,555 [INFO] CodeEngine:335 - Generated code: C:\Users\QUDUS\STM32CubeIDE\workspace_1.14.0\Lab2\Core\Inc\stm32f3xx_hal_conf.h
2023-12-28 11:50:16,604 [INFO] CodeEngine:255 - oldGeneratedFile, C:\Users\QUDUS\STM32CubeIDE\workspace_1.14.0\Lab2\Core\Inc\main.h_save
2023-12-28 11:50:16,699 [INFO] CodeEngine:279 - Generated code: C:\Users\QUDUS\STM32CubeIDE\workspace_1.14.0\Lab2\Core\Inc\main.h
2023-12-28 11:50:16,719 [INFO] CodeEngine:255 - oldGeneratedFile, C:\Users\QUDUS\STM32CubeIDE\workspace_1.14.0\Lab2\Core\Src\main.c_save
2023-12-28 11:50:16,838 [INFO] CodeEngine:279 - Generated code: C:\Users\QUDUS\STM32CubeIDE\workspace_1.14.0\Lab2\Core\Src\main.c
2023-12-28 11:50:17,596 [INFO] ProjectBuilder:3076 - Time for Copy HAL[1] : 199mS.
2023-12-28 11:50:17,599 [INFO] ProjectBuilder:4485 - Project Generator version: 4.2.0-B44
2023-12-28 11:50:17,997 [INFO] ConfigFileManager:1495 - The Die is : DIE438
2023-12-28 11:50:19,753 [INFO] ProjectBuilder:4747 - Time for Generating toolchain IDE Files: 2154mS.
2023-12-28 11:50:19,754 [INFO] ProjectBuilder:2947 - Time for Copy CMSIS : 1mS.
2023-12-28 11:50:19,757 [INFO] ProjectBuilder:2947 - Time for Copy CMSIS : 0mS.
2023-12-28 11:50:20,469 [INFO] MainUpdater:2873 - connection check result : 10
2023-12-28 11:50:20,469 [INFO] MainUpdater:2873 - connection check result : 10
2023-12-28 11:50:20,570 [INFO] MicroXplorer:468 - Change Database Path : 
2023-12-28 11:50:20,570 [INFO] MicroXplorer:498 - Change Database Version : DB.6.0.100
2023-12-28 11:50:20,588 [ERROR] ProjectManagerView:394 - 
java.lang.NullPointerException: Cannot invoke "javax.swing.JTextField.getText()" because the return value of "java.util.List.get(int)" is null
	at com.st.microxplorer.plugins.projectmanager.gui.ProjectChoiceTab$10.caretUpdate(ProjectChoiceTab.java:2493) ~[filemanager.jar:?]
	at javax.swing.text.JTextComponent.fireCaretUpdate(JTextComponent.java:412) ~[?:?]
	at javax.swing.text.JTextComponent$MutableCaretEvent.fire(JTextComponent.java:4491) ~[?:?]
	at javax.swing.text.JTextComponent$MutableCaretEvent.stateChanged(JTextComponent.java:4513) ~[?:?]
	at javax.swing.text.DefaultCaret.fireStateChanged(DefaultCaret.java:842) ~[?:?]
	at javax.swing.text.DefaultCaret.changeCaretPosition(DefaultCaret.java:1313) ~[?:?]
	at javax.swing.text.DefaultCaret.handleSetDot(DefaultCaret.java:1212) ~[?:?]
	at javax.swing.text.DefaultCaret.setDot(DefaultCaret.java:1193) ~[?:?]
	at javax.swing.text.DefaultCaret$Handler.insertUpdate(DefaultCaret.java:1789) ~[?:?]
	at javax.swing.text.AbstractDocument.fireInsertUpdate(AbstractDocument.java:226) ~[?:?]
	at javax.swing.text.AbstractDocument.handleInsertString(AbstractDocument.java:780) ~[?:?]
	at javax.swing.text.AbstractDocument.insertString(AbstractDocument.java:739) ~[?:?]
	at javax.swing.text.PlainDocument.insertString(PlainDocument.java:131) ~[?:?]
	at javax.swing.text.AbstractDocument.replace(AbstractDocument.java:698) ~[?:?]
	at javax.swing.text.JTextComponent.setText(JTextComponent.java:1729) ~[?:?]
	at com.st.microxplorer.plugins.projectmanager.gui.ProjectChoiceTab.createHeapStackFields(ProjectChoiceTab.java:933) ~[filemanager.jar:?]
	at com.st.microxplorer.plugins.projectmanager.gui.ProjectChoiceTab.buildLinkSettingsPanel(ProjectChoiceTab.java:3426) ~[filemanager.jar:?]
	at com.st.microxplorer.plugins.projectmanager.gui.ProjectChoiceTab.defineWindowsFields(ProjectChoiceTab.java:1813) ~[filemanager.jar:?]
	at com.st.microxplorer.plugins.projectmanager.gui.ProjectChoiceTab.updateSettings(ProjectChoiceTab.java:533) ~[filemanager.jar:?]
	at com.st.microxplorer.plugins.projectmanager.gui.ProjectSettingsPanel.UpdateDialog(ProjectSettingsPanel.java:244) ~[filemanager.jar:?]
	at com.st.microxplorer.plugins.projectmanager.ProjectManagerView.propertyChange(ProjectManagerView.java:391) ~[filemanager.jar:?]
	at java.beans.PropertyChangeSupport.fire(PropertyChangeSupport.java:343) ~[?:?]
	at java.beans.PropertyChangeSupport.firePropertyChange(PropertyChangeSupport.java:335) ~[?:?]
	at java.beans.PropertyChangeSupport.firePropertyChange(PropertyChangeSupport.java:268) ~[?:?]
	at com.st.microxplorer.util.MXPropertyChangeSupport.firePropertyChange(MXPropertyChangeSupport.java:54) ~[STM32CubeMX.jar:?]
	at com.st.microxplorer.mxsystem.MxSystem.closeConfig(MxSystem.java:900) ~[STM32CubeMX.jar:?]
	at com.st.microxplorer.maingui.MainPanel.closeConfig(MainPanel.java:776) ~[STM32CubeMX.jar:?]
	at com.st.microxplorer.plugins.filemanager.engine.OpenFileManager.loadConfigurationFile(OpenFileManager.java:245) ~[filemanager.jar:?]
	at com.st.microxplorer.plugins.filemanager.engine.MainFileManager.userLoadConfig(MainFileManager.java:290) ~[filemanager.jar:?]
	at com.st.microxplorer.plugins.filemanager.FileManagerView.getSpecificTask(FileManagerView.java:247) ~[filemanager.jar:?]
	at com.st.stm32cube.common.mx.editor.CubeMxEditor.getMxTabbedPaneInstance(CubeMxEditor.java:1184) ~[com.st.stm32cube.common.mx_6.10.0.202311202037/:?]
	at com.st.stm32cube.common.mx.editor.CubeMxEditor$12$1.createSwingComponent(CubeMxEditor.java:1065) ~[com.st.stm32cube.common.mx_6.10.0.202311202037/:?]
	at com.st.stm32cube.common.mx.oss.core.awtswtbridge.EmbeddedSwingComposite.doComponentCreation(EmbeddedSwingComposite.java:492) ~[com.st.stm32cube.common.mx.oss_6.10.0.202311202037/:?]
	at com.st.stm32cube.common.mx.oss.core.awtswtbridge.EmbeddedSwingComposite$4.run(EmbeddedSwingComposite.java:291) ~[com.st.stm32cube.common.mx.oss_6.10.0.202311202037/:?]
	at com.st.stm32cube.common.mx.oss.core.awtswtbridge.AwtEnvironment$2.run(AwtEnvironment.java:166) ~[com.st.stm32cube.common.mx.oss_6.10.0.202311202037/:?]
	at java.awt.event.InvocationEvent.dispatch(InvocationEvent.java:318) ~[?:?]
	at java.awt.EventQueue.dispatchEventImpl(EventQueue.java:773) ~[?:?]
	at java.awt.EventQueue$4.run(EventQueue.java:720) ~[?:?]
	at java.awt.EventQueue$4.run(EventQueue.java:714) ~[?:?]
	at java.security.AccessController.doPrivileged(AccessController.java:399) ~[?:?]
	at java.security.ProtectionDomain$JavaSecurityAccessImpl.doIntersectionPrivilege(ProtectionDomain.java:86) ~[?:?]
	at java.awt.EventQueue.dispatchEvent(EventQueue.java:742) ~[?:?]
	at java.awt.EventDispatchThread.pumpOneEventForFilters(EventDispatchThread.java:203) ~[?:?]
	at java.awt.EventDispatchThread.pumpEventsForFilter(EventDispatchThread.java:124) ~[?:?]
	at java.awt.EventDispatchThread.pumpEventsForHierarchy(EventDispatchThread.java:113) ~[?:?]
	at java.awt.EventDispatchThread.pumpEvents(EventDispatchThread.java:109) ~[?:?]
	at java.awt.EventDispatchThread.pumpEvents(EventDispatchThread.java:101) ~[?:?]
	at java.awt.EventDispatchThread.run(EventDispatchThread.java:90) ~[?:?]
2023-12-28 11:50:20,590 [WARN] ThirdParty:871 - waiting for thirdparty lock release [close project]
2023-12-28 11:50:20,590 [INFO] ThirdParty:873 - entering critical section [close project]
2023-12-28 11:50:20,590 [INFO] ThirdParty:883 - exiting critical section [close project]
2023-12-28 11:50:20,592 [INFO] PinOutPanel:1499 - setPackage(No Configuration,No Configuration)
2023-12-28 11:50:20,595 [INFO] UtilMem:75 - Begin LoadConfig() Used Memory: 390060048 Bytes (968884224)
2023-12-28 11:50:20,596 [INFO] OpenFileManager:312 - Change cursor
2023-12-28 11:50:20,626 [INFO] RulesReader:64 - Compatibility file has been processed (297 Rules)
2023-12-28 11:50:20,638 [INFO] ProjectFactory:440 - No CPN specified for board NUCLEO-F303K8 => set CPN to STM32F303K8T6
2023-12-28 11:50:20,639 [INFO] Mcu:2016 - Initializing MCU STM32F303K(6-8)Tx STM32F303K8Tx STM32F303K8T6
2023-12-28 11:50:22,034 [INFO] Context:659 - Trying to add GPIOservice into a context  which must be forbidden
2023-12-28 11:50:22,259 [INFO] Rule:228 - rule 117617 - U5Cobra4M][GTZC] default value MPCBB3 and MPCBB5 - Not Secured memory - MPCBB1 is applicable
2023-12-28 11:50:22,259 [INFO] Rule:228 - rule 117617 - U5Cobra4M][GTZC] default value MPCBB3 and MPCBB5 - Not Secured memory - MPCBB1 is applicable
2023-12-28 11:50:22,259 [INFO] Rule:228 - rule 117617 - U5Cobra4M][GTZC] default value MPCBB3 and MPCBB5 - Not Secured memory - MPCBB2 is applicable
2023-12-28 11:50:22,259 [INFO] Rule:228 - rule 117617 - U5Cobra4M][GTZC] default value MPCBB3 and MPCBB5 - Not Secured memory - MPCBB2 is applicable
2023-12-28 11:50:22,259 [INFO] Rule:228 - rule 117617 - U5Cobra4M][GTZC] default value MPCBB3 and MPCBB5 - Not Secured memory - MPCBB3 is applicable
2023-12-28 11:50:22,259 [INFO] Rule:228 - rule 117617 - U5Cobra4M][GTZC] default value MPCBB3 and MPCBB5 - Not Secured memory - MPCBB3 is applicable
2023-12-28 11:50:22,259 [INFO] Rule:228 - rule 117617 - U5Cobra4M][GTZC] default value MPCBB3 and MPCBB5 - Not Secured memory - MPCBB4 is applicable
2023-12-28 11:50:22,259 [INFO] Rule:228 - rule 117617 - U5Cobra4M][GTZC] default value MPCBB3 and MPCBB5 - Not Secured memory - MPCBB4 is applicable
2023-12-28 11:50:22,259 [INFO] Rule:228 - rule 117617 - U5Cobra4M][GTZC] default value MPCBB3 and MPCBB5 - Secured memory - MPCBB1 is applicable
2023-12-28 11:50:22,259 [INFO] Rule:228 - rule 117617 - U5Cobra4M][GTZC] default value MPCBB3 and MPCBB5 - Secured memory - MPCBB2 is applicable
2023-12-28 11:50:22,259 [INFO] Rule:228 - rule 117617 - U5Cobra4M][GTZC] default value MPCBB3 and MPCBB5 - Secured memory - MPCBB3 is applicable
2023-12-28 11:50:22,259 [INFO] Rule:228 - rule 117617 - U5Cobra4M][GTZC] default value MPCBB3 and MPCBB5 - Secured memory - MPCBB4 is applicable
2023-12-28 11:50:22,259 [INFO] Rule:228 - rule 117617 - U5Cobra4M][GTZC] default value MPCBB3 and MPCBB5 - Privileged memory - MPCBB1 is applicable
2023-12-28 11:50:22,259 [INFO] Rule:228 - rule 117617 - U5Cobra4M][GTZC] default value MPCBB3 and MPCBB5 - Privileged memory - MPCBB2 is applicable
2023-12-28 11:50:22,259 [INFO] Rule:228 - rule 117617 - U5Cobra4M][GTZC] default value MPCBB3 and MPCBB5 - Privileged memory - MPCBB3 is applicable
2023-12-28 11:50:22,259 [INFO] Rule:228 - rule 117617 - U5Cobra4M][GTZC] default value MPCBB3 and MPCBB5 - Privileged memory - MPCBB4 is applicable
2023-12-28 11:50:22,259 [INFO] Rule:228 - rule 117617 - U5Cobra4M][GTZC] default value MPCBB3 and MPCBB5 - Not Privileged memory - MPCBB1 is applicable
2023-12-28 11:50:22,259 [INFO] Rule:228 - rule 117617 - U5Cobra4M][GTZC] default value MPCBB3 and MPCBB5 - Not Privileged memory - MPCBB2 is applicable
2023-12-28 11:50:22,259 [INFO] Rule:228 - rule 117617 - U5Cobra4M][GTZC] default value MPCBB3 and MPCBB5 - Not Privileged memory - MPCBB3 is applicable
2023-12-28 11:50:22,259 [INFO] Rule:228 - rule 117617 - U5Cobra4M][GTZC] default value MPCBB3 and MPCBB5 - Not Privileged memory - MPCBB4 is applicable
2023-12-28 11:50:22,259 [INFO] Rule:228 - rule 117617 - U5Cobra4M][GTZC] default value MPCBB3 and MPCBB5 - Privileged memory - MPCBB1 is applicable
2023-12-28 11:50:22,259 [INFO] Rule:228 - rule 117617 - U5Cobra4M][GTZC] default value MPCBB3 and MPCBB5 - Privileged memory - MPCBB2 is applicable
2023-12-28 11:50:22,259 [INFO] Rule:228 - rule 117617 - U5Cobra4M][GTZC] default value MPCBB3 and MPCBB5 - Privileged memory - MPCBB3 is applicable
2023-12-28 11:50:22,259 [INFO] Rule:228 - rule 117617 - U5Cobra4M][GTZC] default value MPCBB3 and MPCBB5 - Privileged memory - MPCBB4 is applicable
2023-12-28 11:50:22,259 [INFO] Rule:228 - rule 117617 - U5Cobra4M][GTZC] default value MPCBB3 and MPCBB5 - Privileged memory - MPCBB1 is applicable
2023-12-28 11:50:22,260 [INFO] Rule:228 - rule 117617 - U5Cobra4M][GTZC] default value MPCBB3 and MPCBB5 - Privileged memory - MPCBB2 is applicable
2023-12-28 11:50:22,260 [INFO] Rule:228 - rule 117617 - U5Cobra4M][GTZC] default value MPCBB3 and MPCBB5 - Privileged memory - MPCBB3 is applicable
2023-12-28 11:50:22,260 [INFO] Rule:228 - rule 117617 - U5Cobra4M][GTZC] default value MPCBB3 and MPCBB5 - Privileged memory - MPCBB4 is applicable
2023-12-28 11:50:22,260 [INFO] Rule:228 - rule 117617 - U5Cobra4M][GTZC] default value MPCBB3 and MPCBB5 - Not Privileged memory - MPCBB1 is applicable
2023-12-28 11:50:22,260 [INFO] Rule:228 - rule 117617 - U5Cobra4M][GTZC] default value MPCBB3 and MPCBB5 - Not Privileged memory - MPCBB2 is applicable
2023-12-28 11:50:22,260 [INFO] Rule:228 - rule 117617 - U5Cobra4M][GTZC] default value MPCBB3 and MPCBB5 - Not Privileged memory - MPCBB3 is applicable
2023-12-28 11:50:22,260 [INFO] Rule:228 - rule 117617 - U5Cobra4M][GTZC] default value MPCBB3 and MPCBB5 - Not Privileged memory - MPCBB4 is applicable
2023-12-28 11:50:22,260 [INFO] Rule:228 - rule 117617 - U5Cobra4M][GTZC] default value MPCBB3 and MPCBB5 - Privileged memory - MPCBB1 is applicable
2023-12-28 11:50:22,260 [INFO] Rule:228 - rule 117617 - U5Cobra4M][GTZC] default value MPCBB3 and MPCBB5 - Privileged memory - MPCBB2 is applicable
2023-12-28 11:50:22,260 [INFO] Rule:228 - rule 117617 - U5Cobra4M][GTZC] default value MPCBB3 and MPCBB5 - Privileged memory - MPCBB3 is applicable
2023-12-28 11:50:22,260 [INFO] Rule:228 - rule 117617 - U5Cobra4M][GTZC] default value MPCBB3 and MPCBB5 - Privileged memory - MPCBB4 is applicable
2023-12-28 11:50:22,260 [INFO] Rule:228 - rule Rename SubGHz_Phy SUBGHZ_APPLICATION SUBGHZ_PINGPONG to SUBGHZ_ADV_APPLICATION is applicable
2023-12-28 11:50:22,260 [INFO] Rule:228 - rule Rename Enabled to IBEACON is applicable
2023-12-28 11:50:22,260 [INFO] Rule:228 - rule GTZC_S instance for project manager is applicable
2023-12-28 11:50:22,260 [INFO] Rule:228 - rule GTZC_S instance for context M33S is applicable
2023-12-28 11:50:22,260 [INFO] Rule:228 - rule GTZC_S instance value for IP GTZC is applicable
2023-12-28 11:50:22,260 [INFO] Rule:228 - rule GTZC_S instance for mcu.IP is applicable
2023-12-28 11:50:22,260 [INFO] Rule:228 - rule GTZC_S instance for VP is applicable
2023-12-28 11:50:22,260 [INFO] Rule:228 - rule GTZC_S instance for signal is applicable
2023-12-28 11:50:22,260 [INFO] Rule:228 - rule GTZC_S instance for mcu.Pin is applicable
2023-12-28 11:50:22,260 [INFO] Rule:228 - rule GTZC_S instance for VP is applicable
2023-12-28 11:50:22,260 [INFO] Rule:228 - rule GTZC_S instance for signal is applicable
2023-12-28 11:50:22,260 [INFO] Rule:228 - rule GTZC_S instance for mcu is applicable
2023-12-28 11:50:22,260 [INFO] Rule:228 - rule GTZC_S instance for mcu.Pin is applicable
2023-12-28 11:50:22,260 [INFO] Rule:228 - rule GTZC_S instance value for IP GTZC is applicable
2023-12-28 11:50:22,260 [INFO] Rule:228 - rule GTZC_S instance for project manager is applicable
2023-12-28 11:50:22,260 [INFO] Rule:228 - rule GTZC_S instance for context M33S is applicable
2023-12-28 11:50:22,260 [INFO] Rule:228 - rule GTZC_S instance for VP is applicable
2023-12-28 11:50:22,260 [INFO] Rule:228 - rule GTZC_S instance for signal is applicable
2023-12-28 11:50:22,260 [INFO] Rule:228 - rule SPDIFRX instance for mcu is applicable
2023-12-28 11:50:22,260 [INFO] Rule:228 - rule Rename Tracer Mode is applicable
2023-12-28 11:50:22,260 [INFO] Rule:228 - rule SPDIFRX instance value for IP SPDIFRX is applicable
2023-12-28 11:50:22,260 [INFO] Rule:228 - rule SPDIFRX instance for signal is applicable
2023-12-28 11:50:22,260 [INFO] Rule:228 - rule SPDIFRX instance for project manager is applicable
2023-12-28 11:50:22,260 [INFO] Rule:228 - rule SPDIFRX instance for project manager is applicable
2023-12-28 11:50:22,261 [INFO] Rule:228 - rule ADC Scan  fix with FW F7 is applicable
2023-12-28 11:50:22,261 [INFO] Rule:228 - rule ADC Scan  fix with FW F7 is applicable
2023-12-28 11:50:22,261 [INFO] Rule:228 - rule DMA-DAC mode for DIE422 is applicable
2023-12-28 11:50:22,261 [INFO] Rule:228 - rule DMA-DAC mode for DIE438 is applicable
2023-12-28 11:50:22,261 [INFO] Rule:228 - rule DMA-DAC mode for DIE432 or DIE446 is applicable
2023-12-28 11:50:22,261 [INFO] Rule:228 - rule DFSDM instance value for IP DFSDM is applicable
2023-12-28 11:50:22,261 [INFO] Rule:228 - rule DFSDM instance for mcu is applicable
2023-12-28 11:50:22,261 [INFO] Rule:228 - rule DFSDM instance for VP is applicable
2023-12-28 11:50:22,261 [INFO] Rule:228 - rule DFSDM instance for signal is applicable
2023-12-28 11:50:22,261 [INFO] Rule:228 - rule DFSDM instance for shared is applicable
2023-12-28 11:50:22,261 [INFO] Rule:228 - rule BreakInputSource parameter for IP Timer is applicable
2023-12-28 11:50:22,261 [INFO] Rule:228 - rule Sourcebreak parameter for IP Timer is applicable
2023-12-28 11:50:22,261 [INFO] Rule:228 - rule Sourcebreak parameter for IP Timer is applicable
2023-12-28 11:50:22,261 [INFO] Rule:228 - rule DFSDM for PCC is applicable
2023-12-28 11:50:22,261 [INFO] Rule:228 - rule Serial_Wire Mode is applicable
2023-12-28 11:50:22,261 [INFO] Rule:228 - rule JTAG_4_pins Mode is applicable
2023-12-28 11:50:22,261 [INFO] Rule:228 - rule JTAG_5_pins Mode is applicable
2023-12-28 11:50:22,261 [INFO] Rule:228 - rule Trace_Asynchronous_SW Mode is applicable
2023-12-28 11:50:22,261 [INFO] Rule:228 - rule Trace_Synchro_1bit_JTAG Mode is applicable
2023-12-28 11:50:22,261 [INFO] Rule:228 - rule Trace_Synchro_2bits_JTAG Mode is applicable
2023-12-28 11:50:22,261 [INFO] Rule:228 - rule Trace_Synchro_4bits_JTAG Mode is applicable
2023-12-28 11:50:22,261 [INFO] Rule:228 - rule Trace_Synchro_1bit_SW Mode is applicable
2023-12-28 11:50:22,261 [INFO] Rule:228 - rule Trace_Synchro_2bits_SW Mode is applicable
2023-12-28 11:50:22,261 [INFO] Rule:228 - rule Trace_Synchro_4bits_SW Mode is applicable
2023-12-28 11:50:22,261 [INFO] Rule:228 - rule SYS_WakeUp0 Mode is applicable
2023-12-28 11:50:22,261 [INFO] Rule:228 - rule SYS_WakeUp0 Mode for STM32F446 is applicable
2023-12-28 11:50:22,261 [INFO] Rule:228 - rule SYS_WakeUp1 Mode is applicable
2023-12-28 11:50:22,261 [INFO] Rule:228 - rule SYS_WakeUp1 Mode for STM32F446 is applicable
2023-12-28 11:50:22,261 [INFO] Rule:228 - rule SYS_WakeUp2 Mode is applicable
2023-12-28 11:50:22,261 [INFO] Rule:228 - rule SYS_WakeUp3 Mode is applicable
2023-12-28 11:50:22,261 [INFO] Rule:228 - rule SYS_WakeUp4 Mode is applicable
2023-12-28 11:50:22,261 [INFO] Rule:228 - rule SYS_WakeUp5 Mode is applicable
2023-12-28 11:50:22,261 [INFO] Rule:228 - rule SYS_WakeUp6 Mode is applicable
2023-12-28 11:50:22,261 [INFO] Rule:228 - rule SYS_WakeUp7 Mode is applicable
2023-12-28 11:50:22,261 [INFO] Rule:228 - rule WakeUp0 Mode is applicable
2023-12-28 11:50:22,261 [INFO] Rule:228 - rule WakeUp0 SIGNAL is applicable
2023-12-28 11:50:22,261 [INFO] Rule:228 - rule WakeUp1 Mode is applicable
2023-12-28 11:50:22,261 [INFO] Rule:228 - rule WakeUp1 SIGNAL is applicable
2023-12-28 11:50:22,262 [INFO] Rule:228 - rule WakeUp2 Mode is applicable
2023-12-28 11:50:22,262 [INFO] Rule:228 - rule WakeUp2 SIGNAL is applicable
2023-12-28 11:50:22,262 [INFO] Rule:228 - rule WakeUp4 Mode is applicable
2023-12-28 11:50:22,262 [INFO] Rule:228 - rule WakeUp4 SIGNAL is applicable
2023-12-28 11:50:22,262 [INFO] Rule:228 - rule WakeUp5 Mode is applicable
2023-12-28 11:50:22,262 [INFO] Rule:228 - rule WakeUp5 SIGNAL is applicable
2023-12-28 11:50:22,262 [INFO] Rule:228 - rule Mode_PVD_Ext is applicable
2023-12-28 11:50:22,262 [INFO] Rule:228 - rule Mode_PVD_Int is applicable
2023-12-28 11:50:22,262 [INFO] Rule:228 - rule Add RTC Activate Clock Source is applicable
2023-12-28 11:50:22,262 [INFO] Rule:228 - rule Add RTC Activate Calendar 1 is applicable
2023-12-28 11:50:22,262 [INFO] Rule:228 - rule Add RTC Activate Calendar 2 is applicable
2023-12-28 11:50:22,262 [INFO] Rule:228 - rule Add RTC Activate Calendar 3 is applicable
2023-12-28 11:50:22,262 [INFO] Rule:228 - rule UART/USART TX Mode is applicable
2023-12-28 11:50:22,262 [INFO] Rule:228 - rule UART/USART RX Mode is applicable
2023-12-28 11:50:22,262 [INFO] Rule:228 - rule UART/USART RX TX Mode is applicable
2023-12-28 11:50:22,262 [INFO] Rule:228 - rule UART/USART PARITY NONE is applicable
2023-12-28 11:50:22,262 [INFO] Rule:228 - rule UART/USART PARITY EVEN is applicable
2023-12-28 11:50:22,262 [INFO] Rule:228 - rule UART/USART PARITY ODD is applicable
2023-12-28 11:50:22,262 [INFO] Rule:228 - rule USART StopBits 1 is applicable
2023-12-28 11:50:22,262 [INFO] Rule:228 - rule USART StopBits 2 is applicable
2023-12-28 11:50:22,262 [INFO] Rule:228 - rule USART StopBits 1.5 is applicable
2023-12-28 11:50:22,262 [INFO] Rule:228 - rule USART StopBits 0.5 is applicable
2023-12-28 11:50:22,262 [INFO] Rule:228 - rule UART/USART WORD LENGTH 7 is applicable
2023-12-28 11:50:22,262 [INFO] Rule:228 - rule UART/USART WORD LENGTH 8 is applicable
2023-12-28 11:50:22,262 [INFO] Rule:228 - rule UART/USART WORD LENGTH 9 is applicable
2023-12-28 11:50:22,262 [INFO] Rule:228 - rule Rename FMC NAND NCE signal is applicable
2023-12-28 11:50:22,262 [INFO] Rule:228 - rule Rename FMC NAND INT signal is applicable
2023-12-28 11:50:22,262 [INFO] Rule:228 - rule Change Default Value for LSE Drive Capability for WB family is applicable
2023-12-28 11:50:22,262 [INFO] Rule:228 - rule Change Default Value for ADC Clock Prescaler G0 family is applicable
2023-12-28 11:50:22,262 [INFO] Rule:228 - rule Change Default Value for ADC ExternalTrigConv L4 family is applicable
2023-12-28 11:50:22,262 [INFO] Rule:228 - rule Change Default Value for ADC ExternalTrigInjecConv L4 family is applicable
2023-12-28 11:50:22,262 [INFO] Rule:228 - rule Change Default Value for ADC ExternalTrigConv F3 family is applicable
2023-12-28 11:50:22,262 [INFO] Rule:228 - rule Change Default Value for ADC ExternalTrigInjecConv F3 family is applicable
2023-12-28 11:50:22,262 [INFO] Rule:228 - rule Change Default Value for ADC ExternalTrigConv Goldfish serie is applicable
2023-12-28 11:50:22,263 [INFO] Rule:228 - rule Change Default Value for ADC ExternalTrigInjecConv Goldfish serie is applicable
2023-12-28 11:50:22,263 [INFO] Rule:228 - rule Change Default Value for ADC ExternalTrigConv L0 family is applicable
2023-12-28 11:50:22,263 [INFO] Rule:228 - rule Change Default Value for ADC ExternalTrigConv F0 family is applicable
2023-12-28 11:50:22,263 [INFO] Rule:228 - rule Change Default Value for ADC ExternalTrigConvn L1 family is applicable
2023-12-28 11:50:22,263 [INFO] Rule:228 - rule Change Default Value for ADC ExternalTrigInjecConv L1 family is applicable
2023-12-28 11:50:22,263 [INFO] Rule:228 - rule Change Default Value for ADC ExternalTrigConv F1 family is applicable
2023-12-28 11:50:22,263 [INFO] Rule:228 - rule Change Default Value for ADC ExternalTrigInjecConv F1 family is applicable
2023-12-28 11:50:22,263 [INFO] Rule:228 - rule Change Default Value for ADC ExternalTrigConv F7 family is applicable
2023-12-28 11:50:22,263 [INFO] Rule:228 - rule Change Default Value for ADC ExternalTrigInjecConv F7 family is applicable
2023-12-28 11:50:22,263 [INFO] Rule:228 - rule Change Default Value for ADC ExternalTrigConv F4 and F2 family is applicable
2023-12-28 11:50:22,263 [INFO] Rule:228 - rule Change Default Value for ADC ExternalTrigInjecConv F4 and F2 family is applicable
2023-12-28 11:50:22,263 [INFO] Rule:228 - rule ADC SamplingTime fix with FW L0  is applicable
2023-12-28 11:50:22,263 [INFO] Rule:228 - rule ADC SamplingTime fix with FW L0  is applicable
2023-12-28 11:50:22,263 [INFO] Rule:228 - rule ADC SamplingTime fix with FW L0 is applicable
2023-12-28 11:50:22,263 [INFO] Rule:228 - rule ADC SamplingTime fix with FW L0 is applicable
2023-12-28 11:50:22,263 [INFO] Rule:228 - rule ADC SamplingTime fix with FW L0  is applicable
2023-12-28 11:50:22,263 [INFO] Rule:228 - rule ADC SamplingTime fix with FW L0 is applicable
2023-12-28 11:50:22,263 [INFO] Rule:228 - rule Rename USB_OE Signal is applicable
2023-12-28 11:50:22,263 [INFO] Rule:228 - rule Rename Activate_OE Mode is applicable
2023-12-28 11:50:22,263 [INFO] Rule:228 - rule Rename DIE462/DIE415 pin PC14/OSC32_IN -> PC14-OSC32_IN (PC14) is applicable
2023-12-28 11:50:22,263 [INFO] Rule:228 - rule Rename DIE462/DIE415 pin PC15/OSC32_OUT -> PC15-OSC32_OUT (PC15) is applicable
2023-12-28 11:50:22,263 [INFO] Rule:228 - rule Rename DIE462/DIE415 pin PH0/OSC_IN -> PH0-OSC_IN (PH0) is applicable
2023-12-28 11:50:22,263 [INFO] Rule:228 - rule Rename DIE462/DIE415 pin PH1/OSC_OUT -> PH1-OSC_OUT (PH1) is applicable
2023-12-28 11:50:22,263 [INFO] Rule:228 - rule Rename DIE462 pin PA13 -> PA13 (JTMS/SWDIO) is applicable
2023-12-28 11:50:22,263 [INFO] Rule:228 - rule Rename DIE415 pin PA13 -> PA13 (JTMS/SWDIO) is applicable
2023-12-28 11:50:22,263 [INFO] Rule:228 - rule Rename DIE462 pin PA14 -> PA14 (JTCK/SWCLK) is applicable
2023-12-28 11:50:22,263 [INFO] Rule:228 - rule Rename DIE415 pin PA14 -> PA14 (JTCK/SWCLK) is applicable
2023-12-28 11:50:22,263 [INFO] Rule:228 - rule Rename DIE462/DIE415 pin PA15 -> PA15 (JTDI) is applicable
2023-12-28 11:50:22,263 [INFO] Rule:228 - rule Rename DIE462 pin PB3 -> PB3 (JTD0/TRACESWO) is applicable
2023-12-28 11:50:22,263 [INFO] Rule:228 - rule Rename DIE415 pin PB3 -> PB3 (JTD0-TRACESWO) is applicable
2023-12-28 11:50:22,263 [INFO] Rule:228 - rule Rename DIE462/DIE415 pin PB4 -> PB4 (NJTRST) is applicable
2023-12-28 11:50:22,263 [INFO] Rule:228 - rule Rename DIE462 pin PH3/BOOT0 -> PH3-BOOT0 (BOOT0) is applicable
2023-12-28 11:50:22,263 [INFO] Rule:228 - rule Rename CRYP DataEncryptionTypesList to Algorithm is applicable
2023-12-28 11:50:22,263 [INFO] Rule:228 - rule Rename AES DataEncryptionTypesList to Algorithm is applicable
2023-12-28 11:50:22,263 [INFO] Rule:228 - rule Rename TDESECB to CRYP_TDES_ECB is applicable
2023-12-28 11:50:22,263 [INFO] Rule:228 - rule Rename TDESCBC to CRYP_TDES_CBC is applicable
2023-12-28 11:50:22,263 [INFO] Rule:228 - rule Rename DESECB to CRYP_DES_ECB is applicable
2023-12-28 11:50:22,263 [INFO] Rule:228 - rule Rename DESCBC to CRYP_DES_CBC is applicable
2023-12-28 11:50:22,263 [INFO] Rule:228 - rule Rename AESECB to CRYP_AES_ECB is applicable
2023-12-28 11:50:22,264 [INFO] Rule:228 - rule Rename AESCBC to CRYP_AES_CBC is applicable
2023-12-28 11:50:22,264 [INFO] Rule:228 - rule Rename AESCTR to CRYP_AES_CTR is applicable
2023-12-28 11:50:22,264 [INFO] Rule:228 - rule Rename AESGCM to CRYP_AES_GCM is applicable
2023-12-28 11:50:22,264 [INFO] Rule:228 - rule Rename AESCCM to CRYP_AES_CCM is applicable
2023-12-28 11:50:22,264 [INFO] Rule:228 - rule Rename CAN TimeSeg1 to BS1 is applicable
2023-12-28 11:50:22,264 [INFO] Rule:228 - rule Rename CAN TimeSeg2 to BS2 is applicable
2023-12-28 11:50:22,264 [INFO] Rule:228 - rule Rename CAN SyncJumpWidth to SJW is applicable
2023-12-28 11:50:22,264 [INFO] Rule:228 - rule TimeTriggeredMode to TTCM is applicable
2023-12-28 11:50:22,264 [INFO] Rule:228 - rule Rename CAN AutoBusOff to ABOM is applicable
2023-12-28 11:50:22,264 [INFO] Rule:228 - rule Rename CAN AutoWakeUp to AWUM is applicable
2023-12-28 11:50:22,264 [INFO] Rule:228 - rule Rename CAN AutoRetransmission to NART is applicable
2023-12-28 11:50:22,264 [INFO] Rule:228 - rule Rename CAN ReceiveFifoLocked to RFLM is applicable
2023-12-28 11:50:22,264 [INFO] Rule:228 - rule Rename CAN TransmitFifoPriority to TXFP is applicable
2023-12-28 11:50:22,264 [INFO] Rule:228 - rule Rename HRTIMER HRTIM_OUTPUTFAULTLEVEL_HIGH in HRTIMER HRTIM_OUTPUTFAULTLEVEL_HIGHZ is applicable
2023-12-28 11:50:22,264 [INFO] Rule:228 - rule Rename TIMER TIM_CLEARINPUTSOURCE_OCREFCLR in  TIMER TIM_CLEARINPUTSOURCE_NONE for F7 family is applicable
2023-12-28 11:50:22,264 [INFO] Rule:228 - rule FDCAN_R1 - Rename FDCAN mode Master into Classic is applicable
2023-12-28 11:50:22,264 [INFO] Rule:228 - rule FDCAN_R2 - Rename FDCAN mode Slave into Classic is applicable
2023-12-28 11:50:22,264 [INFO] Rule:228 - rule FDCAN1_R3 - if PA10.Mode=FullDuplex, add Pin PA12 is applicable
2023-12-28 11:50:22,264 [INFO] Rule:228 - rule FDCAN1_R3 - if PA9.Mode=FullDuplex, add Pin PA11 is applicable
2023-12-28 11:50:22,264 [INFO] Rule:228 - rule FDCAN1_R3 - Alternatepin_1 - if PE1.Mode=FullDuplex, add Pin PB9 is applicable
2023-12-28 11:50:22,264 [INFO] Rule:228 - rule FDCAN1_R3 - Alternatepin_1 - if PE0.Mode=FullDuplex, add Pin PB8 is applicable
2023-12-28 11:50:22,264 [INFO] Rule:228 - rule FDCAN1_R3 - Alternatepin_2 - if PD5.Mode=FullDuplex, add Pin PD1 is applicable
2023-12-28 11:50:22,264 [INFO] Rule:228 - rule FDCAN1_R3 - Alternatepin_2 - if PD4.Mode=FullDuplex, add Pin PD0 is applicable
2023-12-28 11:50:22,264 [INFO] Rule:228 - rule FDCAN1_R4 - Rename Mode FullDuplex into Enable FDCAN_TXFD for pin PA10 is applicable
2023-12-28 11:50:22,264 [INFO] Rule:228 - rule FDCAN1_R4 - Rename Mode FullDuplex into Enable FDCAN_TXFD for pin PA9 is applicable
2023-12-28 11:50:22,264 [INFO] Rule:228 - rule FDCAN1_R4 - Alternatepin_1 - Rename Mode FullDuplex into Enable FDCAN_TXFD for pin PE1 is applicable
2023-12-28 11:50:22,264 [INFO] Rule:228 - rule FDCAN1_R4 - Alternatepin_1 - Rename Mode FullDuplex into Enable FDCAN_TXFD for pin PE0 is applicable
2023-12-28 11:50:22,264 [INFO] Rule:228 - rule FDCAN1_R4 - Alternatepin_2 - Rename Mode FullDuplex into Enable FDCAN_TXFD for pin PD5 is applicable
2023-12-28 11:50:22,264 [INFO] Rule:228 - rule FDCAN1_R4 - Alternatepin_2 - Rename Mode FullDuplex into Enable FDCAN_TXFD for pin PD4 is applicable
2023-12-28 11:50:22,264 [INFO] Rule:228 - rule FDCAN2_R3 - if PD10.Mode=FullDuplex, add Pin PB13 is applicable
2023-12-28 11:50:22,264 [INFO] Rule:228 - rule FDCAN2_R3 - if PD9.Mode=FullDuplex, add Pin PB12 is applicable
2023-12-28 11:50:22,264 [INFO] Rule:228 - rule FDCAN2_R3 - Alternatepin_1 - if PB7.Mode=FullDuplex, add Pin PB6 is applicable
2023-12-28 11:50:22,264 [INFO] Rule:228 - rule FDCAN2_R3 - Alternatepin_1 - if PD9.Mode=FullDuplex, add Pin PB12 is applicable
2023-12-28 11:50:22,264 [INFO] Rule:228 - rule FDCAN2_R4 - Rename Mode FullDuplex into Enable FDCAN_TXFD for pin PD10 is applicable
2023-12-28 11:50:22,264 [INFO] Rule:228 - rule FDCAN2_R4 - Rename Mode FullDuplex into Enable FDCAN_TXFD for pin PD9 is applicable
2023-12-28 11:50:22,264 [INFO] Rule:228 - rule FDCAN2_R4 - Alternatepin_1 - Rename Mode FullDuplex into Enable FDCAN_TXFD for pin PB7 is applicable
2023-12-28 11:50:22,264 [INFO] Rule:228 - rule FDCAN2_R4 - Alternatepin_1 - Rename Mode FullDuplex into Enable FDCAN_TXFD for pin PD6 is applicable
2023-12-28 11:50:22,264 [INFO] Rule:228 - rule USART TxPinLevelInvertParam Mode is applicable
2023-12-28 11:50:22,264 [INFO] Rule:228 - rule USART RxPinLevelInvertParam Mode is applicable
2023-12-28 11:50:22,265 [INFO] Rule:228 - rule USART DataInvertParam Mode is applicable
2023-12-28 11:50:22,265 [INFO] Rule:228 - rule USART SwapParam Mode is applicable
2023-12-28 11:50:22,265 [INFO] Rule:228 - rule USART OverrunDisableParam Mode is applicable
2023-12-28 11:50:22,265 [INFO] Rule:228 - rule USART DMADisableonRxErrorParam Mode is applicable
2023-12-28 11:50:22,265 [INFO] Rule:228 - rule USART MSBFirstParam Mode is applicable
2023-12-28 11:50:22,265 [INFO] Rule:228 - rule Update MwName for USB_DEVICE is applicable
2023-12-28 11:50:22,265 [INFO] Rule:228 - rule Change PWR_Regulator_Voltage_Scale Default Value for RCC  H7 family is applicable
2023-12-28 11:50:22,265 [INFO] Rule:228 - rule UART/USART IPParameter rename Prescaler parameter to ClockPrescaler is applicable
2023-12-28 11:50:22,265 [INFO] Rule:228 - rule UART/USART Prescaler rename Prescaler parameter to ClockPrescaler is applicable
2023-12-28 11:50:22,265 [INFO] Rule:228 - rule TIM1CLockSelection is applicable
2023-12-28 11:50:22,265 [INFO] Rule:228 - rule TIM15CLockSelection is applicable
2023-12-28 11:50:22,265 [INFO] Rule:228 - rule align RCC SDMMC3CLockSelection default value on MP1 is applicable
2023-12-28 11:50:22,265 [INFO] Rule:228 - rule align RCC SDMMC12CLockSelection default value on MP1 is applicable
2023-12-28 11:50:22,265 [INFO] Rule:228 - rule align RCC QSPICLockSelection default value on MP1 is applicable
2023-12-28 11:50:22,265 [INFO] Rule:228 - rule align RCC QSPICLockSelection default value on MP1 is applicable
2023-12-28 11:50:22,265 [INFO] Rule:228 - rule align RCC SPI6CLockSelection default value on MP1 is applicable
2023-12-28 11:50:22,265 [INFO] Rule:228 - rule align RCC LPTIM23CLockSelection default value on MP1 is applicable
2023-12-28 11:50:22,265 [INFO] Rule:228 - rule align RCC LPTIM1CLockSelection default value on MP1 is applicable
2023-12-28 11:50:22,265 [INFO] Rule:228 - rule align RCC USART1CLockSelection default value on MP1 is applicable
2023-12-28 11:50:22,265 [INFO] Rule:228 - rule align RCC USART24CLockSelection default value on MP1 is applicable
2023-12-28 11:50:22,265 [INFO] Rule:228 - rule align RCC USART6CLockSelection default value on MP1 is applicable
2023-12-28 11:50:22,265 [INFO] Rule:228 - rule align RCC UART78CLockSelection default value on MP1 is applicable
2023-12-28 11:50:22,265 [INFO] Rule:228 - rule align RCC USART35CLockSelection default value on MP1 is applicable
2023-12-28 11:50:22,265 [INFO] Rule:228 - rule align RCC SPI45CLockSelection default value on MP1 is applicable
2023-12-28 11:50:22,265 [INFO] Rule:228 - rule align RCC I2C46CLockSelection BCLK value on MP1 is applicable
2023-12-28 11:50:22,265 [INFO] Rule:228 - rule align RCC SPI45CLockSelection default value on MP1 is applicable
2023-12-28 11:50:22,265 [INFO] Rule:228 - rule align RCC I2C12CLockSelection default value on MP1 is applicable
2023-12-28 11:50:22,265 [INFO] Rule:228 - rule align RCC I2C35CLockSelection default value on MP1 is applicable
2023-12-28 11:50:22,265 [INFO] Rule:228 - rule align RCC LPTIM45CLockSelection default value on MP1 is applicable
2023-12-28 11:50:22,265 [INFO] Rule:228 - rule Rename DCMI PIXCK signal is applicable
2023-12-28 11:50:22,265 [INFO] Rule:228 - rule Change Default Value for I2C46CLockSelection MP1 family is applicable
2023-12-28 11:50:22,265 [INFO] Rule:228 - rule Change Default Value for UART for G4, G0 and WB families is applicable
2023-12-28 11:50:22,265 [INFO] Rule:228 - rule Change Default Value for USART for G4, G0 and WB families is applicable
2023-12-28 11:50:22,265 [INFO] Rule:228 - rule Change Default Value for USART for G4 family is applicable
2023-12-28 11:50:22,265 [INFO] Rule:228 - rule Change USART1CLockSelection refparam name for MP1 is applicable
2023-12-28 11:50:22,265 [INFO] Rule:228 - rule Change USART2CLockSelection refparam name for MP1 is applicable
2023-12-28 11:50:22,265 [INFO] Rule:228 - rule Change USART3CLockSelection refparam name for MP1 is applicable
2023-12-28 11:50:22,265 [INFO] Rule:228 - rule Change UART4CLockSelection refparam name for MP1 is applicable
2023-12-28 11:50:22,265 [INFO] Rule:228 - rule Change UART5CLockSelection refparam name for MP1 is applicable
2023-12-28 11:50:22,265 [INFO] Rule:228 - rule Change LPUART1CLockSelection refparam name for MP1 is applicable
2023-12-28 11:50:22,265 [INFO] Rule:228 - rule Change LPTIM1CLockSelection refparam name for MP1 is applicable
2023-12-28 11:50:22,266 [INFO] Rule:228 - rule Change LPTIM2CLockSelection refparam name for MP1 is applicable
2023-12-28 11:50:22,266 [INFO] Rule:228 - rule Change RCC_MCO1Source refparam name for MP1 is applicable
2023-12-28 11:50:22,266 [INFO] Rule:228 - rule Change LSCOSource1 refparam name for MP1 is applicable
2023-12-28 11:50:22,266 [INFO] Rule:228 - rule Change SMPSCLockSelection refparam name for MP1 is applicable
2023-12-28 11:50:22,266 [INFO] Rule:228 - rule Change LPTIM3CLockSelection refparam name for MP1 is applicable
2023-12-28 11:50:22,266 [INFO] Rule:228 - rule Change MPCBB* Default Template Mode to Parameters is applicable
2023-12-28 11:50:22,266 [INFO] Rule:228 - rule Change MPCWM* or MPCBB* Secure Mode to Parameters is applicable
2023-12-28 11:50:22,266 [INFO] Rule:228 - rule Change MPCWM* or MPCBB* No Secure Mode to Parameters is applicable
2023-12-28 11:50:22,266 [INFO] Rule:228 - rule Change TZSC IP Secure Mode to Parameters is applicable
2023-12-28 11:50:22,266 [INFO] Rule:228 - rule Change TZSC IP No Secure Mode to Parameters is applicable
2023-12-28 11:50:22,266 [INFO] Rule:228 - rule Change TZSC IP Privilege Mode to Parameters is applicable
2023-12-28 11:50:22,266 [INFO] Rule:228 - rule Change TZSC IP No Privilege Mode to Parameters is applicable
2023-12-28 11:50:22,266 [INFO] Rule:228 - rule Change TZIC IT Secure Mode to Parameters is applicable
2023-12-28 11:50:22,266 [INFO] Rule:228 - rule Change TZIC IT No Secure Mode to Parameters is applicable
2023-12-28 11:50:22,266 [INFO] Rule:228 - rule Add MPCBB1_NonSecureArea_Start_Address value with referenced to MPCBB1_NonSecureArea_Start value is applicable
2023-12-28 11:50:22,266 [INFO] Rule:228 - rule Add MPCBB2_NonSecureArea_Start_Address value with referenced to MPCBB2_NonSecureArea_Start value is applicable
2023-12-28 11:50:22,266 [INFO] Rule:228 - rule Add MPCWM1_NonSecureArea*_Start_Address value with referenced to MPCWM1_NonSecureArea*_Start value is applicable
2023-12-28 11:50:22,266 [INFO] Rule:228 - rule Add MPCWM2_NonSecureArea*_Start_Address value with referenced to MPCWM2_NonSecureArea*_Start value is applicable
2023-12-28 11:50:22,266 [INFO] Rule:228 - rule Add MPCWM3_NonSecureArea_Start_Address value with referenced to MPCWM3_NonSecureArea_Start value is applicable
2023-12-28 11:50:22,266 [INFO] Rule:228 - rule Change Default Value for PLL1UserDefinedConfig is applicable
2023-12-28 11:50:22,266 [INFO] Rule:228 - rule Change GPIO_PuPd Default Value for USART in async mode is applicable
2023-12-28 11:50:22,266 [INFO] Rule:228 - rule Change SMPSDivider Default Value is applicable
2023-12-28 11:50:22,266 [INFO] Rule:228 - rule OPAMP is applicable
2023-12-28 11:50:22,266 [INFO] Rule:228 - rule LPUART IPParameter rename Prescaler parameter to ClockPrescaler for STM32H7 is applicable
2023-12-28 11:50:22,266 [INFO] Rule:228 - rule LPUART IPParameter rename Prescaler parameter to ClockPrescaler for STM32H7 is applicable
2023-12-28 11:50:22,266 [INFO] Rule:228 - rule LPUART IPParameter rename Prescaler parameter to ClockPrescaler for STM32WB is applicable
2023-12-28 11:50:22,266 [INFO] Rule:228 - rule LPUART IPParameter rename Prescaler parameter to ClockPrescaler for STM32WB is applicable
2023-12-28 11:50:22,266 [INFO] Rule:228 - rule LPUART IPParameter rename Prescaler parameter to ClockPrescaler for STM32G4 is applicable
2023-12-28 11:50:22,266 [INFO] Rule:228 - rule LPUART IPParameter rename Prescaler parameter to ClockPrescaler for STM32G4 is applicable
2023-12-28 11:50:22,266 [INFO] Rule:228 - rule LPUART IPParameter rename Prescaler parameter to ClockPrescaler for STM32L5 is applicable
2023-12-28 11:50:22,266 [INFO] Rule:228 - rule LPUART IPParameter rename Prescaler parameter to ClockPrescaler for STM32L5 is applicable
2023-12-28 11:50:22,266 [INFO] Rule:228 - rule LPUART IPParameter rename Prescaler parameter to ClockPrescaler for STM32G4 is applicable
2023-12-28 11:50:22,266 [INFO] Rule:228 - rule LPUART IPParameter rename Prescaler parameter to ClockPrescaler for STM32G4 is applicable
2023-12-28 11:50:22,266 [INFO] Rule:228 - rule USB device lib V2.5.3 for L0 rename USBD_SUPPORT_USER_STRING parameter to USBD_SUPPORT_USER_STRING_DESC4 is applicable
2023-12-28 11:50:22,266 [INFO] Rule:228 - rule I2SCLockSelection clock entry align is applicable
2023-12-28 11:50:22,266 [INFO] Rule:228 - rule Assign TIMx context if used as SYS timebase is applicable
2023-12-28 11:50:22,266 [INFO] Rule:228 - rule Change GPIO_Pu Default Value for I2C is applicable
2023-12-28 11:50:22,266 [INFO] Rule:228 - rule Change GPIO_Pu Default Value for SMBus is applicable
2023-12-28 11:50:22,266 [INFO] Rule:228 - rule change FDCAN default value is applicable
2023-12-28 11:50:22,266 [INFO] Rule:228 - rule Change mode sai is applicable
2023-12-28 11:50:22,266 [INFO] Rule:228 - rule **Change sai mode is applicable
2023-12-28 11:50:22,267 [INFO] Rule:228 - rule Rename STM32WPAN CFG_BLE_IRK to CFG_BLE_IR is applicable
2023-12-28 11:50:22,267 [INFO] Rule:228 - rule Rename STM32WPAN CFG_BLE_ERK to CFG_BLE_ER is applicable
2023-12-28 11:50:22,267 [INFO] Rule:228 - rule Rename STM32WPAN CFG_BLE_IRK_HEX to CFG_BLE_IR_HEX is applicable
2023-12-28 11:50:22,267 [INFO] Rule:228 - rule Rename STM32WPAN CFG_BLE_ERK_HEX to CFG_BLE_ER_HEX is applicable
2023-12-28 11:50:22,278 [INFO] DbConfProperties:307 - Apply Compatibility (71/296 Rules)
2023-12-28 11:50:22,300 [INFO] ImportTextPane:194 - (OptionalMessage_ERROR) Unable to find key (Mcu.ThirdPartyNb) in loaded IOC file
2023-12-28 11:50:22,301 [INFO] ImportTextPane:194 - (OptionalMessage_ERROR) Pin5 (PB14) cannot be retrieved for this MCU
2023-12-28 11:50:22,344 [INFO] RtosManager:555 - Registered RTOS mode: class=CMSIS, group=RTOS, mode=CMSIS_V1, owner=FREERTOS
2023-12-28 11:50:22,344 [INFO] RtosManager:555 - Registered RTOS mode: class=CMSIS, group=RTOS2, mode=CMSIS_V2, owner=FREERTOS
2023-12-28 11:50:22,345 [INFO] RtosManager:555 - Registered RTOS mode: class=RTOS, group=Core, mode=CMSIS_V1, owner=FREERTOS
2023-12-28 11:50:22,345 [INFO] RtosManager:555 - Registered RTOS mode: class=RTOS, group=Core, mode=CMSIS_V2, owner=FREERTOS
2023-12-28 11:50:22,345 [WARN] ModelIntegratedComponent:184 - Missing modes for component STMicroelectronics:FreeRTOS:0.0.1:STMicroelectronics:RTOS:FreeRTOS:Core:::10.2.0:
2023-12-28 11:50:22,350 [WARN] ModelIntegratedComponent:63 - No mode defined for component null
2023-12-28 11:50:22,350 [WARN] ModelIntegratedComponent:63 - No mode defined for component null
2023-12-28 11:50:22,351 [WARN] ModelIntegratedComponent:63 - No mode defined for component null
2023-12-28 11:50:22,351 [WARN] ModelIntegratedComponent:63 - No mode defined for component null
2023-12-28 11:50:22,351 [WARN] ModelIntegratedComponent:63 - No mode defined for component null
2023-12-28 11:50:22,351 [WARN] ModelIntegratedComponent:63 - No mode defined for component null
2023-12-28 11:50:22,351 [WARN] ModelIntegratedComponent:63 - No mode defined for component null
2023-12-28 11:50:22,351 [WARN] ModelIntegratedComponent:63 - No mode defined for component null
2023-12-28 11:50:22,351 [WARN] ModelIntegratedComponent:63 - No mode defined for component null
2023-12-28 11:50:22,351 [WARN] ModelIntegratedComponent:63 - No mode defined for component null
2023-12-28 11:50:22,351 [WARN] ModelIntegratedComponent:63 - No mode defined for component null
2023-12-28 11:50:22,351 [WARN] ModelIntegratedComponent:63 - No mode defined for component null
2023-12-28 11:50:22,351 [WARN] ModelIntegratedComponent:63 - No mode defined for component null
2023-12-28 11:50:22,351 [WARN] ModelIntegratedComponent:63 - No mode defined for component null
2023-12-28 11:50:22,351 [WARN] ModelIntegratedComponent:63 - No mode defined for component null
2023-12-28 11:50:22,351 [WARN] ModelIntegratedComponent:63 - No mode defined for component null
2023-12-28 11:50:22,351 [WARN] ModelIntegratedComponent:63 - No mode defined for component null
2023-12-28 11:50:22,351 [WARN] ModelIntegratedComponent:63 - No mode defined for component null
2023-12-28 11:50:22,351 [WARN] ModelIntegratedComponent:63 - No mode defined for component null
2023-12-28 11:50:22,351 [WARN] ModelIntegratedComponent:63 - No mode defined for component null
2023-12-28 11:50:22,351 [WARN] ModelIntegratedComponent:63 - No mode defined for component null
2023-12-28 11:50:22,351 [WARN] ModelIntegratedComponent:63 - No mode defined for component null
2023-12-28 11:50:22,351 [WARN] ModelIntegratedComponent:63 - No mode defined for component null
2023-12-28 11:50:22,351 [WARN] ModelIntegratedComponent:63 - No mode defined for component null
2023-12-28 11:50:22,351 [WARN] ModelIntegratedComponent:63 - No mode defined for component null
2023-12-28 11:50:22,351 [WARN] ModelIntegratedComponent:63 - No mode defined for component null
2023-12-28 11:50:22,351 [WARN] ModelIntegratedComponent:63 - No mode defined for component null
2023-12-28 11:50:22,351 [WARN] ModelIntegratedComponent:63 - No mode defined for component null
2023-12-28 11:50:22,351 [WARN] ModelIntegratedComponent:63 - No mode defined for component null
2023-12-28 11:50:22,351 [WARN] ModelIntegratedComponent:63 - No mode defined for component null
2023-12-28 11:50:22,351 [WARN] ModelIntegratedComponent:63 - No mode defined for component null
2023-12-28 11:50:22,351 [WARN] ModelIntegratedComponent:63 - No mode defined for component null
2023-12-28 11:50:22,351 [WARN] ModelIntegratedComponent:63 - No mode defined for component null
2023-12-28 11:50:22,465 [INFO] ThirdPartyModel:298 - Start build external matchings
2023-12-28 11:50:22,880 [INFO] ThirdPartyModel:316 - End build external matchings
2023-12-28 11:50:22,895 [INFO] ImportTextPane:194 - (OptionalMessage_ERROR) IP (RCC) : Invalid parameter (FamilyName)
2023-12-28 11:50:22,895 [INFO] ImportTextPane:194 - (OptionalMessage_ERROR) IP (RCC) : Invalid parameter (HSICECFreq_Value)
2023-12-28 11:50:22,895 [INFO] ImportTextPane:194 - (OptionalMessage_ERROR) IP (RCC) : Invalid parameter (CECFreq_Value)
2023-12-28 11:50:22,896 [INFO] ImportTextPane:194 - (OptionalMessage_ERROR) IP (RCC) : Invalid parameter (TimSysFreq_Value)
2023-12-28 11:50:22,896 [INFO] ImportTextPane:194 - (OptionalMessage_ERROR) IP (RCC) : Parameter (USART2Freq_Value) has invalid value (8000000)
2023-12-28 11:50:22,897 [INFO] ImportTextPane:194 - (OptionalMessage_ERROR) IP (RCC) : Invalid parameter (TIM2Freq_Value)
2023-12-28 11:50:23,129 [INFO] UtilMem:75 - End LoadConfig() Used Memory: 462158816 Bytes (985661440)
2023-12-28 11:50:23,182 [INFO] MicroXplorer:468 - Change Database Path : 
2023-12-28 11:50:23,182 [INFO] MicroXplorer:498 - Change Database Version : DB.6.0.100
2023-12-28 11:50:23,184 [WARN] ThirdParty:833 - waiting for thirdparty lock release [change project]
2023-12-28 11:50:23,184 [INFO] ThirdParty:835 - entering critical section [change project]
2023-12-28 11:50:23,184 [INFO] ThirdParty:1030 - CMSIS Pack Vendor :STMicroelectronics USBPD 4.1
2023-12-28 11:50:23,184 [INFO] ThirdParty:1030 - CMSIS Pack Vendor :STMicroelectronics X-CUBE-GNSS1 6.0.0
2023-12-28 11:50:23,184 [INFO] ThirdParty:1030 - CMSIS Pack Vendor :STMicroelectronics USB_HOST 2.0.0
2023-12-28 11:50:23,184 [INFO] ThirdParty:1030 - CMSIS Pack Vendor :STMicroelectronics X-CUBE-AZRTOS-F4 1.1.0
2023-12-28 11:50:23,184 [INFO] ThirdParty:1030 - CMSIS Pack Vendor :STMicroelectronics LIBJPEG 8.0.0
2023-12-28 11:50:23,184 [INFO] ThirdParty:1030 - CMSIS Pack Vendor :wolfSSL I-CUBE-wolfSSL 5.6.4
2023-12-28 11:50:23,184 [INFO] ThirdParty:1030 - CMSIS Pack Vendor :STMicroelectronics X-CUBE-SMBUS 2.1.0
2023-12-28 11:50:23,184 [INFO] ThirdParty:1030 - CMSIS Pack Vendor :STMicroelectronics USB_DEVICE 3.0.0
2023-12-28 11:50:23,184 [INFO] ThirdParty:1030 - CMSIS Pack Vendor :STMicroelectronics X-CUBE-AZRTOS-WB 2.0.0
2023-12-28 11:50:23,184 [INFO] ThirdParty:1030 - CMSIS Pack Vendor :STMicroelectronics X-CUBE-TOUCHGFX 4.23.0
2023-12-28 11:50:23,184 [INFO] ThirdParty:1030 - CMSIS Pack Vendor :STMicroelectronics X-CUBE-AZRTOS-F7 1.1.0
2023-12-28 11:50:23,184 [INFO] ThirdParty:1030 - CMSIS Pack Vendor :STMicroelectronics X-CUBE-AZRTOS-L5 2.0.0
2023-12-28 11:50:23,184 [INFO] ThirdParty:1030 - CMSIS Pack Vendor :STMicroelectronics USB_DEVICE 2.0.0
2023-12-28 11:50:23,184 [INFO] ThirdParty:1030 - CMSIS Pack Vendor :STMicroelectronics X-CUBE-EEPRMA1 4.2.0
2023-12-28 11:50:23,184 [INFO] ThirdParty:1030 - CMSIS Pack Vendor :ITTIA_DB I-CUBE-ITTIADB 8.8.0
2023-12-28 11:50:23,184 [INFO] ThirdParty:1030 - CMSIS Pack Vendor :STMicroelectronics FP-SNS-MOTENV1 4.3.2
2023-12-28 11:50:23,184 [INFO] ThirdParty:1030 - CMSIS Pack Vendor :STMicroelectronics X-CUBE-ALGOBUILD 1.3.0
2023-12-28 11:50:23,184 [INFO] ThirdParty:1030 - CMSIS Pack Vendor :STMicroelectronics FreeRTOS 0.0.1
2023-12-28 11:50:23,184 [INFO] ThirdParty:1030 - CMSIS Pack Vendor :STMicroelectronics X-CUBE-AZRTOS-G0 1.1.0
2023-12-28 11:50:23,184 [INFO] ThirdParty:1030 - CMSIS Pack Vendor :STMicroelectronics X-CUBE-NFC4 3.0.0
2023-12-28 11:50:23,184 [INFO] ThirdParty:1030 - CMSIS Pack Vendor :STMicroelectronics X-CUBE-SUBG2 5.0.0
2023-12-28 11:50:23,184 [INFO] ThirdParty:1030 - CMSIS Pack Vendor :STMicroelectronics STM32_WPAN 1.0.0
2023-12-28 11:50:23,184 [INFO] ThirdParty:1030 - CMSIS Pack Vendor :STMicroelectronics lwIP 2.0.3
2023-12-28 11:50:23,184 [INFO] ThirdParty:1030 - CMSIS Pack Vendor :STMicroelectronics FP-SNS-FLIGHT1 5.0.2
2023-12-28 11:50:23,184 [INFO] ThirdParty:1030 - CMSIS Pack Vendor :STMicroelectronics USB_HOST 1.0.0
2023-12-28 11:50:23,184 [INFO] ThirdParty:1030 - CMSIS Pack Vendor :STMicroelectronics X-CUBE-AZRTOS-G4 2.0.0
2023-12-28 11:50:23,184 [INFO] ThirdParty:1030 - CMSIS Pack Vendor :STMicroelectronics PDM2PCM 3.1.0
2023-12-28 11:50:23,184 [INFO] ThirdParty:1030 - CMSIS Pack Vendor :Infineon AIROC-Wi-Fi-Bluetooth-STM32 1.5.1
2023-12-28 11:50:23,184 [INFO] ThirdParty:1030 - CMSIS Pack Vendor :STMicroelectronics X-CUBE-BLEMGR 3.0.0
2023-12-28 11:50:23,184 [INFO] ThirdParty:1030 - CMSIS Pack Vendor :STMicroelectronics PDM2PCM 3.3.0
2023-12-28 11:50:23,184 [INFO] ThirdParty:1030 - CMSIS Pack Vendor :STMicroelectronics X-CUBE-DISPLAY 3.0.0
2023-12-28 11:50:23,184 [INFO] ThirdParty:1030 - CMSIS Pack Vendor :STMicroelectronics FP-SNS-MOTENVWB1 1.3.1
2023-12-28 11:50:23,184 [INFO] ThirdParty:1030 - CMSIS Pack Vendor :STMicroelectronics X-CUBE-BLE1 7.0.0
2023-12-28 11:50:23,184 [INFO] ThirdParty:1030 - CMSIS Pack Vendor :STMicroelectronics FP-ATR-SIGFOX1 3.2.0
2023-12-28 11:50:23,184 [INFO] ThirdParty:1030 - CMSIS Pack Vendor :STMicroelectronics X-CUBE-ISPU 2.0.0
2023-12-28 11:50:23,184 [INFO] ThirdParty:1030 - CMSIS Pack Vendor :STMicroelectronics HAL Drivers 0.0.0
2023-12-28 11:50:23,184 [INFO] ThirdParty:1030 - CMSIS Pack Vendor :STMicroelectronics MBEDTLS 2.16.2
2023-12-28 11:50:23,184 [INFO] ThirdParty:1030 - CMSIS Pack Vendor :emotas I-CUBE-CANOPEN 1.3.0
2023-12-28 11:50:23,184 [INFO] ThirdParty:1030 - CMSIS Pack Vendor :STMicroelectronics X-CUBE-MEMS1 10.0.0
2023-12-28 11:50:23,184 [INFO] ThirdParty:1030 - CMSIS Pack Vendor :STMicroelectronics X-CUBE-FREERTOS 1.1.0
2023-12-28 11:50:23,184 [INFO] ThirdParty:1030 - CMSIS Pack Vendor :STMicroelectronics X-CUBE-NFC7 1.0.1
2023-12-28 11:50:23,184 [INFO] ThirdParty:1030 - CMSIS Pack Vendor :STMicroelectronics MBEDTLS 2.14.1
2023-12-28 11:50:23,184 [INFO] ThirdParty:1030 - CMSIS Pack Vendor :STMicroelectronics X-CUBE-TOUCHGFX 4.22.1
2023-12-28 11:50:23,184 [INFO] ThirdParty:1030 - CMSIS Pack Vendor :STMicroelectronics X-CUBE-NFC6 3.0.0
2023-12-28 11:50:23,184 [INFO] ThirdParty:1030 - CMSIS Pack Vendor :portGmbH I-Cube-SoM-uGOAL 1.1.0
2023-12-28 11:50:23,184 [INFO] ThirdParty:1030 - CMSIS Pack Vendor :STMicroelectronics X-CUBE-ALS 1.0.1
2023-12-28 11:50:23,184 [INFO] ThirdParty:1030 - CMSIS Pack Vendor :STMicroelectronics ThreadX 1.0.0
2023-12-28 11:50:23,184 [INFO] ThirdParty:1030 - CMSIS Pack Vendor :STMicroelectronics FP-SNS-SMARTAG2 1.2.0
2023-12-28 11:50:23,184 [INFO] ThirdParty:1030 - CMSIS Pack Vendor :STMicroelectronics X-CUBE-AZRTOS-WL 2.0.0
2023-12-28 11:50:23,184 [INFO] ThirdParty:1030 - CMSIS Pack Vendor :STMicroelectronics USB_DEVICE 1.0.0
2023-12-28 11:50:23,184 [INFO] ThirdParty:1030 - CMSIS Pack Vendor :STMicroelectronics X-CUBE-AI 8.1.0
2023-12-28 11:50:23,184 [INFO] ThirdParty:1030 - CMSIS Pack Vendor :STMicroelectronics X-CUBE-AZRTOS-L4 2.0.0
2023-12-28 11:50:23,184 [INFO] ThirdParty:1030 - CMSIS Pack Vendor :STMicroelectronics ThreadX 0.0.2
2023-12-28 11:50:23,184 [INFO] ThirdParty:1030 - CMSIS Pack Vendor :WES I-CUBE-Cesium 1.3.0
2023-12-28 11:50:23,184 [INFO] ThirdParty:1030 - CMSIS Pack Vendor :STMicroelectronics FP-ATR-ASTRA1 2.0.0
2023-12-28 11:50:23,184 [INFO] ThirdParty:1030 - CMSIS Pack Vendor :STMicroelectronics lwIP 2.1.2
2023-12-28 11:50:23,184 [INFO] ThirdParty:1030 - CMSIS Pack Vendor :STMicroelectronics X-CUBE-SFXS2LP1 4.0.0
2023-12-28 11:50:23,184 [INFO] ThirdParty:1030 - CMSIS Pack Vendor :STMicroelectronics X-CUBE-BLE2 3.3.0
2023-12-28 11:50:23,184 [INFO] ThirdParty:1030 - CMSIS Pack Vendor :STMicroelectronics X-CUBE-TOF1 3.4.0
2023-12-28 11:50:23,184 [INFO] ThirdParty:1030 - CMSIS Pack Vendor :STMicroelectronics X-CUBE-AZRTOS-H7 3.2.0
2023-12-28 11:50:23,184 [INFO] ThirdParty:1030 - CMSIS Pack Vendor :STMicroelectronics PDM2PCM 3.2.0
2023-12-28 11:50:23,184 [INFO] ThirdParty:841 - exiting critical section [change project]
2023-12-28 11:50:23,342 [INFO] PinOutPanel:1499 - setPackage(No Configuration,No Configuration)
2023-12-28 11:50:23,342 [INFO] PinOutPanel:1499 - setPackage(STM32F303K8Tx,LQFP32)
2023-12-28 11:50:24,438 [INFO] UtilMem:75 - Before build in PCC Used Memory: 609458040 Bytes (985661440)
2023-12-28 11:50:24,662 [INFO] UtilMem:75 - After build in PCC Used Memory: 652971896 Bytes (985661440)
2023-12-28 11:50:24,680 [INFO] IPUIPlugin:80 - create IPUIPlugin
2023-12-28 11:50:24,681 [INFO] IPUIPlugin:80 - create IPUIPlugin
2023-12-28 11:50:24,681 [INFO] IPUIPlugin:80 - create IPUIPlugin
2023-12-28 11:50:24,681 [INFO] IPUIPlugin:80 - create IPUIPlugin
2023-12-28 11:50:24,681 [INFO] IPUIPlugin:80 - create IPUIPlugin
2023-12-28 11:50:24,681 [INFO] IPUIPlugin:80 - create IPUIPlugin
2023-12-28 11:50:24,681 [INFO] IPUIPlugin:80 - create IPUIPlugin
2023-12-28 11:50:24,681 [INFO] IPUIPlugin:80 - create IPUIPlugin
2023-12-28 11:50:24,681 [INFO] IPUIPlugin:80 - create IPUIPlugin
2023-12-28 11:50:24,681 [INFO] IPUIPlugin:80 - create IPUIPlugin
2023-12-28 11:50:24,681 [INFO] IPUIPlugin:80 - create IPUIPlugin
2023-12-28 11:50:24,682 [INFO] IPUIPlugin:80 - create IPUIPlugin
2023-12-28 11:50:24,682 [INFO] IPUIPlugin:80 - create IPUIPlugin
2023-12-28 11:50:24,682 [INFO] IPUIPlugin:80 - create IPUIPlugin
2023-12-28 11:50:24,682 [INFO] IPUIPlugin:80 - create IPUIPlugin
2023-12-28 11:50:24,682 [INFO] IPUIPlugin:80 - create IPUIPlugin
2023-12-28 11:50:24,682 [INFO] IPUIPlugin:80 - create IPUIPlugin
2023-12-28 11:50:24,683 [INFO] IPUIPlugin:80 - create IPUIPlugin
2023-12-28 11:50:24,683 [INFO] IPUIPlugin:80 - create IPUIPlugin
2023-12-28 11:50:24,683 [INFO] IPUIPlugin:80 - create IPUIPlugin
2023-12-28 11:50:24,683 [INFO] IPUIPlugin:80 - create IPUIPlugin
2023-12-28 11:50:24,683 [INFO] IPUIPlugin:80 - create IPUIPlugin
2023-12-28 11:50:24,683 [INFO] IPUIPlugin:80 - create IPUIPlugin
2023-12-28 11:50:24,683 [INFO] IPUIPlugin:80 - create IPUIPlugin
2023-12-28 11:50:24,684 [INFO] IPUIPlugin:80 - create IPUIPlugin
2023-12-28 11:50:24,684 [INFO] IPUIPlugin:80 - create IPUIPlugin
2023-12-28 11:50:24,684 [INFO] IPUIPlugin:80 - create IPUIPlugin
2023-12-28 11:50:24,684 [INFO] IPUIPlugin:80 - create IPUIPlugin
2023-12-28 11:50:24,684 [INFO] IPUIPlugin:80 - create IPUIPlugin
2023-12-28 11:50:24,684 [INFO] IPUIPlugin:80 - create IPUIPlugin
2023-12-28 11:50:24,685 [INFO] IPUIPlugin:80 - create IPUIPlugin
2023-12-28 11:50:24,685 [INFO] IPUIPlugin:80 - create IPUIPlugin
2023-12-28 11:50:24,685 [INFO] IPUIPlugin:80 - create IPUIPlugin
2023-12-28 11:50:24,685 [INFO] IPUIPlugin:80 - create IPUIPlugin
2023-12-28 11:50:24,730 [INFO] CADModel:165 - CPN selected for project levelSTM32F303K8T6
2023-12-28 11:50:24,730 [INFO] CADModel:114 - Register for checkConnection events
2023-12-28 11:50:24,767 [INFO] OpenFileManager:343 - Restore cursor
2023-12-28 11:50:25,201 [INFO] UtilMem:75 - End SaveConfig() Used Memory: 327798808 Bytes (985661440)
2023-12-28 11:50:25,265 [INFO] UtilMem:75 - End SaveConfig() Used Memory: 341284768 Bytes (985661440)
2023-12-28 11:50:25,518 [INFO] BlockDiagram:2759 - set Specific Code input for plugin: NVIC
2023-12-28 11:50:25,518 [INFO] BlockDiagram:2759 - set Specific Code input for plugin: USART
2023-12-28 11:50:25,518 [INFO] BlockDiagram:2759 - set Specific Code input for plugin: SYS
2023-12-28 11:50:25,518 [INFO] BlockDiagram:2759 - set Specific Code input for plugin: GPIO
2023-12-28 11:50:25,518 [INFO] BlockDiagram:2759 - set Specific Code input for plugin: RCC
2023-12-28 11:50:25,518 [INFO] CodeGenerator:807 - code generatio: config db path: C:\ST\STM32CubeIDE_1.14.0\STM32CubeIDE\plugins\com.st.stm32cube.common.mx_6.10.0.202311202037\\db\
2023-12-28 11:50:25,849 [INFO] CodeEngine:255 - oldGeneratedFile, C:\Users\QUDUS\STM32CubeIDE\workspace_1.14.0\Lab 3\MXTmpFiles\license.tmp_save
2023-12-28 11:50:25,960 [INFO] CodeEngine:279 - Generated code: C:\Users\QUDUS\STM32CubeIDE\workspace_1.14.0\Lab 3\MXTmpFiles\license.tmp
2023-12-28 11:50:26,007 [INFO] CodeEngine:255 - oldGeneratedFile, C:\Users\QUDUS\STM32CubeIDE\workspace_1.14.0\Lab 3\MXTmpFiles\gpio.tmp_save
2023-12-28 11:50:26,103 [INFO] CodeEngine:279 - Generated code: C:\Users\QUDUS\STM32CubeIDE\workspace_1.14.0\Lab 3\MXTmpFiles\gpio.tmp
2023-12-28 11:50:26,166 [INFO] CodeEngine:255 - oldGeneratedFile, C:\Users\QUDUS\STM32CubeIDE\workspace_1.14.0\Lab 3\Core\Src\stm32f3xx_it.c_save
2023-12-28 11:50:26,324 [INFO] CodeEngine:279 - Generated code: C:\Users\QUDUS\STM32CubeIDE\workspace_1.14.0\Lab 3\Core\Src\stm32f3xx_it.c
2023-12-28 11:50:26,324 [INFO] CodeEngine:255 - oldGeneratedFile, C:\Users\QUDUS\STM32CubeIDE\workspace_1.14.0\Lab 3\Core\Inc\stm32f3xx_it.h_save
2023-12-28 11:50:26,403 [INFO] CodeEngine:279 - Generated code: C:\Users\QUDUS\STM32CubeIDE\workspace_1.14.0\Lab 3\Core\Inc\stm32f3xx_it.h
2023-12-28 11:50:26,403 [INFO] CodeEngine:255 - oldGeneratedFile, C:\Users\QUDUS\STM32CubeIDE\workspace_1.14.0\Lab 3\Core\Src\stm32f3xx_hal_msp.c_save
2023-12-28 11:50:26,550 [INFO] CodeEngine:279 - Generated code: C:\Users\QUDUS\STM32CubeIDE\workspace_1.14.0\Lab 3\Core\Src\stm32f3xx_hal_msp.c
2023-12-28 11:50:26,550 [INFO] CodeEngine:255 - oldGeneratedFile, C:\Users\QUDUS\STM32CubeIDE\workspace_1.14.0\Lab 3\MXTmpFiles\system.tmp_save
2023-12-28 11:50:26,625 [INFO] CodeEngine:279 - Generated code: C:\Users\QUDUS\STM32CubeIDE\workspace_1.14.0\Lab 3\MXTmpFiles\system.tmp
2023-12-28 11:50:26,625 [INFO] CodeEngine:311 - oldGeneratedFile, C:\Users\QUDUS\STM32CubeIDE\workspace_1.14.0\Lab 3\Core\Inc\stm32f3xx_hal_conf.h_save
2023-12-28 11:50:26,751 [INFO] CodeEngine:335 - Generated code: C:\Users\QUDUS\STM32CubeIDE\workspace_1.14.0\Lab 3\Core\Inc\stm32f3xx_hal_conf.h
2023-12-28 11:50:26,798 [INFO] CodeEngine:255 - oldGeneratedFile, C:\Users\QUDUS\STM32CubeIDE\workspace_1.14.0\Lab 3\Core\Inc\main.h_save
2023-12-28 11:50:26,925 [INFO] CodeEngine:279 - Generated code: C:\Users\QUDUS\STM32CubeIDE\workspace_1.14.0\Lab 3\Core\Inc\main.h
2023-12-28 11:50:26,940 [INFO] CodeEngine:255 - oldGeneratedFile, C:\Users\QUDUS\STM32CubeIDE\workspace_1.14.0\Lab 3\Core\Src\main.c_save
2023-12-28 11:50:27,051 [INFO] CodeEngine:279 - Generated code: C:\Users\QUDUS\STM32CubeIDE\workspace_1.14.0\Lab 3\Core\Src\main.c
2023-12-28 11:50:27,751 [INFO] ProjectBuilder:3076 - Time for Copy HAL[1] : 149mS.
2023-12-28 11:50:27,761 [INFO] ProjectBuilder:4485 - Project Generator version: 4.2.0-B44
2023-12-28 11:50:28,046 [INFO] ConfigFileManager:1495 - The Die is : DIE438
2023-12-28 11:50:28,051 [INFO] ApiDbMcu:508 - Load IP Config File for FATFS
2023-12-28 11:50:28,062 [INFO] ApiDbMcu:508 - Load IP Config File for FREERTOS
2023-12-28 11:50:28,078 [INFO] ApiDbMcu:508 - Load IP Config File for TOUCHSENSING
2023-12-28 11:50:30,729 [INFO] ProjectBuilder:4747 - Time for Generating toolchain IDE Files: 2968mS.
2023-12-28 11:50:30,729 [INFO] ProjectBuilder:2947 - Time for Copy CMSIS : 0mS.
2023-12-28 11:50:30,729 [INFO] ProjectBuilder:2947 - Time for Copy CMSIS : 0mS.
2023-12-28 11:50:31,374 [INFO] McuFinderGlobals:76 - Set McuFinderConnectedMode to true
2023-12-28 11:50:31,374 [INFO] ApiDb:448 - Save user favorites file C:\Users\QUDUS/.stm32cubeide/favorites.mcus.txt: 0 item(s)
2023-12-28 11:50:31,374 [INFO] ApiDb:452 - User favorites MCUs=[]
2023-12-28 11:50:31,374 [INFO] ApiDb:448 - Save user favorites file C:\Users\QUDUS/.stm32cubeide/favorites.boards.txt: 0 item(s)
2023-12-28 11:50:31,374 [INFO] ApiDb:452 - User favorites Boards=[]
