2023-12-06 16:29:44,814 [INFO] Activator:176 - 


2023-12-06 16:29:44,824 [INFO] Activator:177 - !SESSION log4j initialized
2023-12-06 16:29:55,190 [INFO] LogOutputStream:77 - [STDOUT_REDIRECT] 
2023-12-06 16:30:01,465 [INFO] ApplicationProperties:184 - Using Application install path: C:\ST\STM32CubeIDE_1.14.0\STM32CubeIDE\plugins\com.st.stm32cube.common.mx_6.10.0.202311202037
2023-12-06 16:30:01,512 [INFO] DbMcusXml:78 - Set database path to: C:\ST\STM32CubeIDE_1.14.0\STM32CubeIDE\plugins\com.st.stm32cube.common.mx_6.10.0.202311202037\\db\/mcu/
2023-12-06 16:30:01,512 [INFO] ApiDb:274 - Set plugin database path to: C:\ST\STM32CubeIDE_1.14.0\STM32CubeIDE\plugins\com.st.stm32cube.common.mx_6.10.0.202311202037\\db\/plugins/boardmanager/
2023-12-06 16:30:01,574 [WARN] ApiDb:259 - Overriding images path with different value:  => C:\ST\STM32CubeIDE_1.14.0\STM32CubeIDE\plugins\com.st.stm32cube.common.mx_6.10.0.202311202037\\db\/plugins/mcufinder/images/
2023-12-06 16:30:06,946 [WARN] ApiFinderProperties:113 - C:\Users\QUDUS\.stmcufinder\plugins\mcufinder\mcu\mcuFinder.mfd doesn't exist
2023-12-06 16:30:06,947 [INFO] ApiDb:250 - Set database path to: C:\Users\QUDUS\.stmcufinder\plugins\mcufinder//mcu/
2023-12-06 16:30:06,947 [INFO] DbMcusAds:125 - Set database path to: C:\Users\QUDUS\.stmcufinder\plugins\mcufinder//mcu/
2023-12-06 16:30:06,956 [INFO] CrossReferenceDbSqlite:203 - Set database path to: C:\Users\QUDUS\.stmcufinder\plugins\mcufinder//mcu/cs/
2023-12-06 16:30:07,399 [INFO] RulesReader:64 - Compatibility file has been processed (297 Rules)
2023-12-06 16:30:07,680 [INFO] DbMcusXml:78 - Set database path to: C:\ST\STM32CubeIDE_1.14.0\STM32CubeIDE\plugins\com.st.stm32cube.common.mx_6.10.0.202311202037\\db\/mcu/
2023-12-06 16:30:07,680 [INFO] ApiDb:274 - Set plugin database path to: C:\ST\STM32CubeIDE_1.14.0\STM32CubeIDE\plugins\com.st.stm32cube.common.mx_6.10.0.202311202037\\db\/plugins/boardmanager/
2023-12-06 16:30:07,680 [INFO] ApiDb:261 - Set plugin images path to: C:\ST\STM32CubeIDE_1.14.0\STM32CubeIDE\plugins\com.st.stm32cube.common.mx_6.10.0.202311202037\\db\/plugins/mcufinder/images/
2023-12-06 16:30:07,680 [WARN] DbFile:41 - Overriding database path with different value: C:\Users\QUDUS\.stmcufinder\plugins\mcufinder/ => C:\Users\QUDUS\.stmcufinder\plugins\mcufinder
2023-12-06 16:30:07,680 [INFO] ApiDb:250 - Set database path to: C:\Users\QUDUS\.stmcufinder\plugins\mcufinder//mcu/
2023-12-06 16:30:07,680 [WARN] DbFile:41 - Overriding database path with different value: C:\Users\QUDUS\.stmcufinder\plugins\mcufinder/ => C:\Users\QUDUS\.stmcufinder\plugins\mcufinder
2023-12-06 16:30:07,680 [INFO] DbMcusAds:125 - Set database path to: C:\Users\QUDUS\.stmcufinder\plugins\mcufinder//mcu/
2023-12-06 16:30:07,680 [WARN] DbFile:41 - Overriding database path with different value: C:\Users\QUDUS\.stmcufinder\plugins\mcufinder/ => C:\Users\QUDUS\.stmcufinder\plugins\mcufinder
2023-12-06 16:30:07,685 [WARN] DbFile:41 - Overriding database path with different value: C:\Users\QUDUS\.stmcufinder\plugins\mcufinder/ => C:\Users\QUDUS\.stmcufinder\plugins\mcufinder
2023-12-06 16:30:07,687 [INFO] CrossReferenceDbSqlite:203 - Set database path to: C:\Users\QUDUS\.stmcufinder\plugins\mcufinder//mcu/cs/
2023-12-06 16:30:07,890 [INFO] MainPanel:264 - HeapMemory: 268435456
2023-12-06 16:30:08,178 [INFO] DbMcusXml:78 - Set database path to: C:\ST\STM32CubeIDE_1.14.0\STM32CubeIDE\plugins\com.st.stm32cube.common.mx_6.10.0.202311202037\\db\/mcu/
2023-12-06 16:30:08,178 [INFO] ApiDb:274 - Set plugin database path to: C:\ST\STM32CubeIDE_1.14.0\STM32CubeIDE\plugins\com.st.stm32cube.common.mx_6.10.0.202311202037\\db\/plugins/boardmanager/
2023-12-06 16:30:08,178 [INFO] ApiDb:261 - Set plugin images path to: C:\ST\STM32CubeIDE_1.14.0\STM32CubeIDE\plugins\com.st.stm32cube.common.mx_6.10.0.202311202037\\db\/plugins/mcufinder/images/
2023-12-06 16:30:08,178 [WARN] DbFile:41 - Overriding database path with different value: C:\Users\QUDUS\.stmcufinder\plugins\mcufinder/ => C:\Users\QUDUS\.stmcufinder\plugins\mcufinder
2023-12-06 16:30:08,178 [INFO] ApiDb:250 - Set database path to: C:\Users\QUDUS\.stmcufinder\plugins\mcufinder//mcu/
2023-12-06 16:30:08,178 [WARN] DbFile:41 - Overriding database path with different value: C:\Users\QUDUS\.stmcufinder\plugins\mcufinder/ => C:\Users\QUDUS\.stmcufinder\plugins\mcufinder
2023-12-06 16:30:08,178 [INFO] DbMcusAds:125 - Set database path to: C:\Users\QUDUS\.stmcufinder\plugins\mcufinder//mcu/
2023-12-06 16:30:08,178 [WARN] DbFile:41 - Overriding database path with different value: C:\Users\QUDUS\.stmcufinder\plugins\mcufinder/ => C:\Users\QUDUS\.stmcufinder\plugins\mcufinder
2023-12-06 16:30:08,178 [WARN] DbFile:41 - Overriding database path with different value: C:\Users\QUDUS\.stmcufinder\plugins\mcufinder/ => C:\Users\QUDUS\.stmcufinder\plugins\mcufinder
2023-12-06 16:30:08,178 [INFO] CrossReferenceDbSqlite:203 - Set database path to: C:\Users\QUDUS\.stmcufinder\plugins\mcufinder//mcu/cs/
2023-12-06 16:30:08,258 [INFO] ApplicationProperties:184 - Using Application install path: C:\ST\STM32CubeIDE_1.14.0\STM32CubeIDE\plugins\com.st.stm32cube.common.mx_6.10.0.202311202037
2023-12-06 16:30:08,274 [INFO] PluginManage:196 - Search for loadable plugins [exclusion list=, ]
2023-12-06 16:30:08,274 [INFO] PluginManage:310 - Check plugin analytics
2023-12-06 16:30:08,985 [INFO] AnalyticsPlugin:253 - Accepted Software Licenses: 
2023-12-06 16:30:08,985 [INFO] AnalyticsPlugin:255 - Accepted CMSIS Pack Licenses: 
2023-12-06 16:30:08,985 [INFO] AnalyticsPlugin:257 - Accepted Firmware Licenses: 
2023-12-06 16:30:08,994 [INFO] PluginManage:359 - Loaded plugin analytics (category:tool,tabindex:-1)
2023-12-06 16:30:08,994 [INFO] PluginManage:310 - Check plugin cadmodel
2023-12-06 16:30:09,005 [INFO] CADModel:105 - Init CAD model plugin
2023-12-06 16:30:09,005 [INFO] PluginManage:359 - Loaded plugin cadmodel (category:power,tabindex:5)
2023-12-06 16:30:09,007 [INFO] PluginManage:310 - Check plugin clock
2023-12-06 16:30:09,029 [INFO] PluginManage:359 - Loaded plugin clock (category:base,tabindex:2)
2023-12-06 16:30:09,029 [INFO] PluginManage:310 - Check plugin ddr
2023-12-06 16:30:09,033 [INFO] PluginManage:359 - Loaded plugin ddr (category:tool,tabindex:6)
2023-12-06 16:30:09,033 [INFO] PluginManage:310 - Check plugin filemanager
2023-12-06 16:30:09,415 [INFO] PluginManage:359 - Loaded plugin filemanager (category:base,tabindex:10)
2023-12-06 16:30:09,415 [INFO] PluginManage:310 - Check plugin ipmanager
2023-12-06 16:30:09,444 [INFO] PluginManage:359 - Loaded plugin ipmanager (category:base,tabindex:5)
2023-12-06 16:30:09,444 [INFO] PluginManage:310 - Check plugin lpbam
2023-12-06 16:30:09,469 [INFO] PluginManage:359 - Loaded plugin lpbam (category:base,tabindex:0)
2023-12-06 16:30:09,469 [INFO] PluginManage:310 - Check plugin memorymap
2023-12-06 16:30:09,506 [INFO] PluginManage:359 - Loaded plugin memorymap (category:base,tabindex:4)
2023-12-06 16:30:09,506 [INFO] PluginManage:310 - Check plugin pinoutandconfiguration
2023-12-06 16:30:09,525 [INFO] PluginManage:359 - Loaded plugin pinoutandconfiguration (category:base,tabindex:1)
2023-12-06 16:30:09,525 [INFO] PluginManage:310 - Check plugin pinoutconfig
2023-12-06 16:30:09,825 [WARN] SupportedApi:132 - Cannot load RTOS API schema: s4s-elt-must-match.1: The content of 'definitions' must match (annotation?, (simpleType | complexType)?, (unique | key | keyref)*)). A problem was found starting at: attribute.
2023-12-06 16:30:10,270 [INFO] PluginManage:359 - Loaded plugin pinoutconfig (category:base,tabindex:0)
2023-12-06 16:30:10,270 [INFO] PluginManage:310 - Check plugin power
2023-12-06 16:30:10,301 [INFO] PluginManage:359 - Loaded plugin power (category:power,tabindex:4)
2023-12-06 16:30:10,301 [INFO] PluginManage:310 - Check plugin projectmanager
2023-12-06 16:30:10,401 [INFO] PluginManage:359 - Loaded plugin projectmanager (category:projectmanager,tabindex:3)
2023-12-06 16:30:10,401 [INFO] PluginManage:310 - Check plugin thirdparty
2023-12-06 16:30:10,784 [INFO] PluginManage:359 - Loaded plugin thirdparty (category:base,tabindex:-1)
2023-12-06 16:30:10,784 [WARN] IntegrityCheckThread:84 - waiting for thirdparty lock release [integrity check]
2023-12-06 16:30:10,784 [INFO] PluginManage:310 - Check plugin tools
2023-12-06 16:30:10,784 [INFO] IntegrityCheckThread:86 - entering critical section [integrity check]
2023-12-06 16:30:10,784 [INFO] ThirdPartyUpdaterWithRetryManager:70 - Updater plugin not ready yet. [1/15]
2023-12-06 16:30:10,791 [INFO] PluginManage:359 - Loaded plugin tools (category:base,tabindex:7)
2023-12-06 16:30:10,791 [INFO] PluginManage:310 - Check plugin tutovideos
2023-12-06 16:30:11,303 [INFO] PluginManage:359 - Loaded plugin tutovideos (category:base,tabindex:-1)
2023-12-06 16:30:11,303 [INFO] PluginManage:310 - Check plugin updater
2023-12-06 16:30:11,348 [INFO] PluginManage:359 - Loaded plugin updater (category:base,tabindex:12)
2023-12-06 16:30:11,349 [INFO] PluginManage:310 - Check plugin userauth
2023-12-06 16:30:11,377 [INFO] UserAuth:114 - Init User Auth plugin
2023-12-06 16:30:11,378 [INFO] PluginManage:359 - Loaded plugin userauth (category:base,tabindex:14)
2023-12-06 16:30:11,382 [INFO] PluginManage:283 - PluginManage : Loaded plugins [17]
2023-12-06 16:30:12,338 [INFO] PinOutPanel:1499 - setPackage(No Configuration,No Configuration)
2023-12-06 16:30:12,642 [INFO] CADModel:165 - CPN selected for project level
2023-12-06 16:30:12,642 [INFO] CADModel:114 - Register for checkConnection events
2023-12-06 16:30:12,679 [INFO] IPUIPlugin:80 - create IPUIPlugin
2023-12-06 16:30:12,679 [INFO] PluginManager:220 - loadIPPluginJar : add adc
2023-12-06 16:30:12,679 [INFO] IPUIPlugin:80 - create IPUIPlugin
2023-12-06 16:30:12,679 [INFO] PluginManager:220 - loadIPPluginJar : add aes
2023-12-06 16:30:12,690 [INFO] IPUIPlugin:80 - create IPUIPlugin
2023-12-06 16:30:12,690 [INFO] PluginManager:220 - loadIPPluginJar : add can
2023-12-06 16:30:12,690 [INFO] IPUIPlugin:80 - create IPUIPlugin
2023-12-06 16:30:12,690 [INFO] PluginManager:220 - loadIPPluginJar : add comp
2023-12-06 16:30:12,690 [INFO] IPUIPlugin:80 - create IPUIPlugin
2023-12-06 16:30:12,690 [INFO] PluginManager:220 - loadIPPluginJar : add cryp
2023-12-06 16:30:12,713 [INFO] IPUIPlugin:80 - create IPUIPlugin
2023-12-06 16:30:12,713 [INFO] PluginManager:220 - loadIPPluginJar : add dfsdm
2023-12-06 16:30:12,722 [INFO] IPUIPlugin:80 - create IPUIPlugin
2023-12-06 16:30:12,722 [INFO] PluginManager:220 - loadIPPluginJar : add dma
2023-12-06 16:30:12,738 [INFO] IPUIPlugin:80 - create IPUIPlugin
2023-12-06 16:30:12,738 [INFO] PluginManager:220 - loadIPPluginJar : add dma3
2023-12-06 16:30:12,738 [INFO] IPUIPlugin:80 - create IPUIPlugin
2023-12-06 16:30:12,738 [INFO] PluginManager:220 - loadIPPluginJar : add fatfs
2023-12-06 16:30:12,755 [INFO] IPUIPlugin:80 - create IPUIPlugin
2023-12-06 16:30:12,755 [INFO] PluginManager:220 - loadIPPluginJar : add fmc
2023-12-06 16:30:12,786 [INFO] IPUIPlugin:80 - create IPUIPlugin
2023-12-06 16:30:12,786 [INFO] PluginManager:220 - loadIPPluginJar : add freertos
2023-12-06 16:30:12,802 [INFO] IPUIPlugin:80 - create IPUIPlugin
2023-12-06 16:30:12,802 [INFO] PluginManager:220 - loadIPPluginJar : add genericplugin
2023-12-06 16:30:12,802 [INFO] IPUIPlugin:80 - create IPUIPlugin
2023-12-06 16:30:12,802 [INFO] PluginManager:220 - loadIPPluginJar : add gfxmmu
2023-12-06 16:30:12,818 [INFO] IPUIPlugin:80 - create IPUIPlugin
2023-12-06 16:30:12,834 [INFO] PluginManager:220 - loadIPPluginJar : add gic
2023-12-06 16:30:12,834 [INFO] IPUIPlugin:80 - create IPUIPlugin
2023-12-06 16:30:12,834 [INFO] PluginManager:220 - loadIPPluginJar : add gpio
2023-12-06 16:30:12,850 [INFO] IPUIPlugin:80 - create IPUIPlugin
2023-12-06 16:30:12,850 [INFO] PluginManager:220 - loadIPPluginJar : add gtzc
2023-12-06 16:30:12,866 [INFO] IPUIPlugin:80 - create IPUIPlugin
2023-12-06 16:30:12,866 [INFO] PluginManager:220 - loadIPPluginJar : add hash
2023-12-06 16:30:12,882 [INFO] IPUIPlugin:80 - create IPUIPlugin
2023-12-06 16:30:12,882 [INFO] PluginManager:220 - loadIPPluginJar : add i2c
2023-12-06 16:30:12,898 [INFO] IPUIPlugin:80 - create IPUIPlugin
2023-12-06 16:30:12,898 [INFO] PluginManager:220 - loadIPPluginJar : add i2s
2023-12-06 16:30:12,913 [INFO] IPUIPlugin:80 - create IPUIPlugin
2023-12-06 16:30:12,913 [INFO] PluginManager:220 - loadIPPluginJar : add i3c
2023-12-06 16:30:12,929 [INFO] IPUIPlugin:80 - create IPUIPlugin
2023-12-06 16:30:12,929 [INFO] PluginManager:220 - loadIPPluginJar : add ipddr
2023-12-06 16:30:12,978 [INFO] IPUIPlugin:80 - create IPUIPlugin
2023-12-06 16:30:12,978 [INFO] PluginManager:220 - loadIPPluginJar : add linkedlist
2023-12-06 16:30:12,995 [INFO] IPUIPlugin:80 - create IPUIPlugin
2023-12-06 16:30:12,995 [INFO] PluginManager:220 - loadIPPluginJar : add lorawan
2023-12-06 16:30:12,995 [INFO] IPUIPlugin:80 - create IPUIPlugin
2023-12-06 16:30:12,995 [INFO] PluginManager:220 - loadIPPluginJar : add ltdc
2023-12-06 16:30:13,027 [INFO] IPUIPlugin:80 - create IPUIPlugin
2023-12-06 16:30:13,027 [INFO] PluginManager:220 - loadIPPluginJar : add mdma
2023-12-06 16:30:13,042 [INFO] IPUIPlugin:80 - create IPUIPlugin
2023-12-06 16:30:13,042 [INFO] PluginManager:220 - loadIPPluginJar : add nvic
2023-12-06 16:30:13,057 [INFO] IPUIPlugin:80 - create IPUIPlugin
2023-12-06 16:30:13,057 [INFO] PluginManager:220 - loadIPPluginJar : add opamp
2023-12-06 16:30:13,075 [INFO] IPUIPlugin:80 - create IPUIPlugin
2023-12-06 16:30:13,075 [INFO] PluginManager:220 - loadIPPluginJar : add openamp
2023-12-06 16:30:13,088 [INFO] IPUIPlugin:80 - create IPUIPlugin
2023-12-06 16:30:13,088 [INFO] PluginManager:220 - loadIPPluginJar : add pdm2pcm
2023-12-06 16:30:13,120 [INFO] IPUIPlugin:80 - create IPUIPlugin
2023-12-06 16:30:13,120 [INFO] PluginManager:220 - loadIPPluginJar : add plateformsettings
2023-12-06 16:30:13,136 [INFO] IPUIPlugin:80 - create IPUIPlugin
2023-12-06 16:30:13,136 [INFO] PluginManager:220 - loadIPPluginJar : add quadspi
2023-12-06 16:30:13,152 [INFO] IPUIPlugin:80 - create IPUIPlugin
2023-12-06 16:30:13,152 [INFO] PluginManager:220 - loadIPPluginJar : add resmgrutility
2023-12-06 16:30:13,152 [INFO] IPUIPlugin:80 - create IPUIPlugin
2023-12-06 16:30:13,152 [INFO] PluginManager:220 - loadIPPluginJar : add sai
2023-12-06 16:30:13,176 [INFO] IPUIPlugin:80 - create IPUIPlugin
2023-12-06 16:30:13,176 [INFO] PluginManager:220 - loadIPPluginJar : add spi
2023-12-06 16:30:13,184 [INFO] IPUIPlugin:80 - create IPUIPlugin
2023-12-06 16:30:13,184 [INFO] PluginManager:220 - loadIPPluginJar : add stm32_wpan
2023-12-06 16:30:13,203 [INFO] IPUIPlugin:80 - create IPUIPlugin
2023-12-06 16:30:13,203 [INFO] PluginManager:220 - loadIPPluginJar : add tim
2023-12-06 16:30:13,216 [INFO] IPUIPlugin:80 - create IPUIPlugin
2023-12-06 16:30:13,216 [INFO] PluginManager:220 - loadIPPluginJar : add touchsensing
2023-12-06 16:30:13,233 [INFO] IPUIPlugin:80 - create IPUIPlugin
2023-12-06 16:30:13,233 [INFO] PluginManager:220 - loadIPPluginJar : add tracer_emb
2023-12-06 16:30:13,233 [INFO] IPUIPlugin:80 - create IPUIPlugin
2023-12-06 16:30:13,279 [INFO] PluginManager:220 - loadIPPluginJar : add ts
2023-12-06 16:30:13,295 [INFO] IPUIPlugin:80 - create IPUIPlugin
2023-12-06 16:30:13,295 [INFO] PluginManager:220 - loadIPPluginJar : add tsc
2023-12-06 16:30:13,295 [INFO] IPUIPlugin:80 - create IPUIPlugin
2023-12-06 16:30:13,311 [INFO] PluginManager:220 - loadIPPluginJar : add ucpd
2023-12-06 16:30:13,312 [INFO] IPUIPlugin:80 - create IPUIPlugin
2023-12-06 16:30:13,312 [INFO] PluginManager:220 - loadIPPluginJar : add usart
2023-12-06 16:30:13,312 [INFO] IPUIPlugin:80 - create IPUIPlugin
2023-12-06 16:30:13,312 [INFO] PluginManager:220 - loadIPPluginJar : add usbx
2023-12-06 16:30:13,658 [INFO] CADModel:165 - CPN selected for project level
2023-12-06 16:30:13,658 [INFO] CADModel:114 - Register for checkConnection events
2023-12-06 16:30:13,658 [FATAL] Updater:308 - Updater called before beeing initialized
2023-12-06 16:30:13,658 [ERROR] CADModel:125 - Updater not yet initialized, retry later 
2023-12-06 16:30:13,801 [INFO] ThirdPartyUpdaterWithRetryManager:70 - Updater plugin not ready yet. [2/15]
2023-12-06 16:30:14,323 [INFO] CADModel:165 - CPN selected for project level
2023-12-06 16:30:14,323 [INFO] CADModel:114 - Register for checkConnection events
2023-12-06 16:30:14,323 [FATAL] Updater:308 - Updater called before beeing initialized
2023-12-06 16:30:14,323 [ERROR] CADModel:125 - Updater not yet initialized, retry later 
2023-12-06 16:30:14,323 [FATAL] Updater:308 - Updater called before beeing initialized
2023-12-06 16:30:15,000 [FATAL] Updater:308 - Updater called before beeing initialized
2023-12-06 16:30:15,013 [INFO] DbMcusAds:53 - JSON generation date=Thu Sep 30 08:55:09 CEST 2021 (1632984909247)
2023-12-06 16:30:15,013 [FATAL] Updater:308 - Updater called before beeing initialized
2023-12-06 16:30:15,162 [WARN] DetailPanel:346 - Failed to get advertising image, set to default
2023-12-06 16:30:15,816 [FATAL] Updater:308 - Updater called before beeing initialized
2023-12-06 16:30:15,827 [FATAL] Updater:308 - Updater called before beeing initialized
2023-12-06 16:30:15,827 [FATAL] Updater:308 - Updater called before beeing initialized
2023-12-06 16:30:15,827 [WARN] DetailPanel:346 - Failed to get advertising image, set to default
2023-12-06 16:30:15,831 [FATAL] Updater:308 - Updater called before beeing initialized
2023-12-06 16:30:16,033 [ERROR] Updater:1120 - MainUpdater not yet initialized. External WinMGr cannot be set.
2023-12-06 16:30:16,034 [INFO] Updater:1056 - Updater Version found : 6.10.0
2023-12-06 16:30:16,125 [INFO] ApplicationProperties:184 - Using Application install path: C:\ST\STM32CubeIDE_1.14.0\STM32CubeIDE\plugins\com.st.stm32cube.common.mx_6.10.0.202311202037
2023-12-06 16:30:16,818 [FATAL] Updater:308 - Updater called before beeing initialized
2023-12-06 16:30:16,819 [ERROR] IntegrityCheckThread:130 - Cannot retrieve database content from updater: error 21
2023-12-06 16:30:16,821 [INFO] ThirdParty:978 - Integrity check success = false
2023-12-06 16:30:16,822 [INFO] IntegrityCheckThread:100 - exiting critical section [integrity check]
2023-12-06 16:30:16,822 [INFO] IntegrityCheckThread:103 - End integrity checks thread
2023-12-06 16:30:17,818 [ERROR] LogOutputStream:75 - [STDERR_REDIRECT] Dec 06, 2023 4:30:17 PM java.util.prefs.WindowsPreferences <init>
2023-12-06 16:30:17,833 [ERROR] LogOutputStream:75 - [STDERR_REDIRECT] WARNING: Could not open/create prefs root node Software\JavaSoft\Prefs at root 0xffffffff80000002. Windows RegCreateKeyEx(...) returned error code 5.
2023-12-06 16:30:17,833 [ERROR] LogOutputStream:75 - [STDERR_REDIRECT] 
2023-12-06 16:30:17,944 [INFO] MainUpdater:526 - Copy updater definitions from MX database
2023-12-06 16:30:18,151 [INFO] MainUpdater:559 - Copy flag file definitions from MX database
2023-12-06 16:30:18,202 [INFO] MainUpdater:575 - Copy thirdparty index definitions from MX database
2023-12-06 16:30:18,202 [INFO] MainUpdater:594 - Copy default thirdparty db definitions from MX database
2023-12-06 16:30:18,864 [INFO] MainUpdater:2873 - connection check result : 10
2023-12-06 16:30:18,864 [INFO] MainUpdater:3567 - Updater definition file requires update
2023-12-06 16:30:18,864 [INFO] MainUpdater:290 - Updater Check For Update Now.
2023-12-06 16:30:18,864 [INFO] MicroXplorer:498 - Change Database Version : DB.6.0.100
2023-12-06 16:30:18,912 [INFO] McuFinderGlobals:63 - Set McuFinder mode to 2 (CubeIDE integrated)
2023-12-06 16:30:18,912 [INFO] UserAuth:180 - activating auth plugin
2023-12-06 16:30:18,920 [INFO] UserAuth:404 - Internet connection configuration mode: 1
2023-12-06 16:30:18,945 [INFO] JxBrowserEngine:152 - Initiate JxBrowser Engine with user profile folder
2023-12-06 16:30:19,039 [INFO] ServerAccessManage:473 - Download File updaters.zip
2023-12-06 16:30:19,255 [INFO] FileExtend:240 - Unzip File : updaters.zip
2023-12-06 16:30:19,255 [INFO] FileExtend:255 - Standard Zip Deflate
2023-12-06 16:30:20,342 [INFO] ServerAccessManage:473 - Download File PacksControlFlags.xml
2023-12-06 16:30:20,568 [INFO] ServerAccessManage:473 - Download File cubemx.pidx
2023-12-06 16:30:20,964 [INFO] ServerAccessManage:473 - Download File STMicroelectronics.FP-ATR-ASTRA1.pdsc
2023-12-06 16:30:21,167 [INFO] ServerAccessManage:473 - Download File STMicroelectronics.FP-ATR-SIGFOX1.pdsc
2023-12-06 16:30:21,339 [INFO] ServerAccessManage:473 - Download File STMicroelectronics.FP-SNS-FLIGHT1.pdsc
2023-12-06 16:30:21,485 [INFO] ServerAccessManage:473 - Download File STMicroelectronics.FP-SNS-MOTENV1.pdsc
2023-12-06 16:30:21,685 [INFO] ServerAccessManage:473 - Download File STMicroelectronics.FP-SNS-MOTENVWB1.pdsc
2023-12-06 16:30:21,812 [INFO] ServerAccessManage:473 - Download File STMicroelectronics.FP-SNS-SMARTAG2.pdsc
2023-12-06 16:30:21,924 [INFO] ServerAccessManage:473 - Download File STMicroelectronics.X-CUBE-AI.pdsc
2023-12-06 16:30:22,529 [INFO] ServerAccessManage:473 - Download File STMicroelectronics.X-CUBE-ALS.pdsc
2023-12-06 16:30:22,728 [INFO] ServerAccessManage:473 - Download File STMicroelectronics.X-CUBE-BLE1.pdsc
2023-12-06 16:30:23,292 [ERROR] ServerAccessManage:1089 - Problem, file not found on Server
2023-12-06 16:30:23,325 [INFO] ServerAccessManage:473 - Download File STMicroelectronics.X-CUBE-BLE2.pdsc
2023-12-06 16:30:23,692 [INFO] ServerAccessManage:473 - Download File STMicroelectronics.X-CUBE-BLEMGR.pdsc
2023-12-06 16:30:23,966 [INFO] ServerAccessManage:473 - Download File STMicroelectronics.X-CUBE-DISPLAY.pdsc
2023-12-06 16:30:24,275 [INFO] ServerAccessManage:473 - Download File STMicroelectronics.X-CUBE-EEPRMA1.pdsc
2023-12-06 16:30:24,552 [ERROR] ServerAccessManage:1089 - Problem, file not found on Server
2023-12-06 16:30:24,667 [INFO] ServerAccessManage:473 - Download File STMicroelectronics.X-CUBE-FREERTOS.pdsc
2023-12-06 16:30:24,890 [INFO] ServerAccessManage:473 - Download File STMicroelectronics.X-CUBE-GNSS1.pdsc
2023-12-06 16:30:25,317 [ERROR] ServerAccessManage:1089 - Problem, file not found on Server
2023-12-06 16:30:25,475 [ERROR] ServerAccessManage:1089 - Problem, file not found on Server
2023-12-06 16:30:25,760 [ERROR] ServerAccessManage:1089 - Problem, file not found on Server
2023-12-06 16:30:25,888 [ERROR] ServerAccessManage:1089 - Problem, file not found on Server
2023-12-06 16:30:26,017 [ERROR] ServerAccessManage:1089 - Problem, file not found on Server
2023-12-06 16:30:26,191 [ERROR] ServerAccessManage:1089 - Problem, file not found on Server
2023-12-06 16:30:26,228 [INFO] ServerAccessManage:473 - Download File STMicroelectronics.X-CUBE-ISPU.pdsc
2023-12-06 16:30:26,401 [INFO] ServerAccessManage:473 - Download File STMicroelectronics.X-CUBE-MEMS1.pdsc
2023-12-06 16:30:27,389 [INFO] ServerAccessManage:473 - Download File STMicroelectronics.X-CUBE-NFC4.pdsc
2023-12-06 16:30:27,947 [INFO] ServerAccessManage:473 - Download File STMicroelectronics.X-CUBE-NFC6.pdsc
2023-12-06 16:30:28,065 [INFO] ServerAccessManage:473 - Download File STMicroelectronics.X-CUBE-NFC7.pdsc
2023-12-06 16:30:28,250 [INFO] ServerAccessManage:473 - Download File STMicroelectronics.X-CUBE-SFXS2LP1.pdsc
2023-12-06 16:30:28,525 [INFO] ServerAccessManage:473 - Download File STMicroelectronics.X-CUBE-SUBG2.pdsc
2023-12-06 16:30:28,908 [INFO] ServerAccessManage:473 - Download File STMicroelectronics.X-CUBE-SMBUS.pdsc
2023-12-06 16:30:29,170 [ERROR] ServerAccessManage:1089 - Problem, file not found on Server
2023-12-06 16:30:29,206 [INFO] ServerAccessManage:473 - Download File STMicroelectronics.X-CUBE-TOF1.pdsc
2023-12-06 16:30:29,633 [ERROR] ServerAccessManage:1089 - Problem, file not found on Server
2023-12-06 16:30:29,723 [INFO] ServerAccessManage:473 - Download File STMicroelectronics.X-CUBE-TOUCHGFX.pdsc
2023-12-06 16:30:30,350 [INFO] WebApp:161 - Instantiating new browser for Auth
2023-12-06 16:30:30,404 [INFO] ServerAccessManage:473 - Download File STMicroelectronics.X-CUBE-ALGOBUILD.pdsc
2023-12-06 16:30:30,675 [INFO] ServerAccessManage:473 - Download File STMicroelectronics.X-CUBE-AZRTOS-H7.pdsc
2023-12-06 16:30:31,051 [INFO] ServerAccessManage:473 - Download File STMicroelectronics.X-CUBE-AZRTOS-F4.pdsc
2023-12-06 16:30:31,261 [INFO] ServerAccessManage:473 - Download File STMicroelectronics.X-CUBE-AZRTOS-F7.pdsc
2023-12-06 16:30:31,398 [INFO] WebApp:780 - Register for checkConnection events
2023-12-06 16:30:31,398 [INFO] WebApp:414 - Apply proxy settings
2023-12-06 16:30:31,399 [INFO] WebApp:499 - Chromium requires no authentication
2023-12-06 16:30:31,416 [INFO] WebApp:442 - Direct internet connection detected
2023-12-06 16:30:31,436 [INFO] ServerAccessManage:473 - Download File STMicroelectronics.X-CUBE-AZRTOS-L4.pdsc
2023-12-06 16:30:31,732 [INFO] ServerAccessManage:473 - Download File STMicroelectronics.X-CUBE-AZRTOS-L5.pdsc
2023-12-06 16:30:31,889 [INFO] WebApp:192 - Starting web application
2023-12-06 16:30:31,889 [INFO] WebApp:544 - Web application path used C:\ST\STM32CubeIDE_1.14.0\STM32CubeIDE\plugins\com.st.stm32cube.common.mx_6.10.0.202311202037\db\plugins\mcufinder\reactClient1\index.html
2023-12-06 16:30:31,969 [INFO] ServerAccessManage:473 - Download File STMicroelectronics.X-CUBE-AZRTOS-G0.pdsc
2023-12-06 16:30:32,192 [INFO] ServerAccessManage:473 - Download File STMicroelectronics.X-CUBE-AZRTOS-G4.pdsc
2023-12-06 16:30:32,436 [INFO] ServerAccessManage:473 - Download File STMicroelectronics.X-CUBE-AZRTOS-WB.pdsc
2023-12-06 16:30:32,707 [INFO] ServerAccessManage:473 - Download File STMicroelectronics.X-CUBE-AZRTOS-WL.pdsc
2023-12-06 16:30:33,498 [INFO] ServerAccessManage:473 - Download File wolfSSL.I-CUBE-wolfSSL.pdsc
2023-12-06 16:30:35,343 [INFO] McuFinderGlobals:63 - Set McuFinder mode to 2 (CubeIDE integrated)
2023-12-06 16:30:36,105 [ERROR] ServerAccessManage:1089 - Problem, file not found on Server
2023-12-06 16:30:36,522 [ERROR] ServerAccessManage:1089 - Problem, file not found on Server
2023-12-06 16:30:36,940 [ERROR] ServerAccessManage:1089 - Problem, file not found on Server
2023-12-06 16:30:37,390 [ERROR] ServerAccessManage:1096 - Problem, Http access forbiden
2023-12-06 16:30:37,393 [ERROR] ServerAccessManage:651 - Problem, Http access forbiden : RoweBots.I-CUBE-UNISONRTOS.pdsc.
2023-12-06 16:30:37,491 [ERROR] ServerAccessManage:1172 - Problem during Server Connection :  IO error PKIX path building failed: sun.security.provider.certpath.SunCertPathBuilderException: unable to find valid certification path to requested target
2023-12-06 16:30:37,492 [ERROR] ServerAccessManage:651 - Problem during Server Connection :  : SEGGER.I-CUBE-embOS.pdsc.
2023-12-06 16:30:38,507 [ERROR] ServerAccessManage:1146 - Warning during Server Connection :  Unknown host www.system-on-module.com
2023-12-06 16:30:38,507 [ERROR] ServerAccessManage:651 - Unknown host server name. : portGmbH.I-Cube-SoM-uGOAL.pdsc.
2023-12-06 16:30:38,742 [INFO] ServerAccessManage:473 - Download File emotas.I-CUBE-CANOPEN.pdsc
2023-12-06 16:30:39,779 [INFO] ServerAccessManage:473 - Download File WES.I-CUBE-Cesium.pdsc
2023-12-06 16:30:40,701 [ERROR] ServerAccessManage:1089 - Problem, file not found on Server
2023-12-06 16:30:40,970 [ERROR] ServerAccessManage:1089 - Problem, file not found on Server
2023-12-06 16:30:41,794 [INFO] ServerAccessManage:473 - Download File ITTIA_DB.I-CUBE-ITTIADB.pdsc
2023-12-06 16:30:44,827 [INFO] ServerAccessManage:473 - Download File Infineon.AIROC-Wi-Fi-Bluetooth-STM32.pdsc
2023-12-06 16:30:45,839 [WARN] PackLoader:240 - Cannot read IP mode file for STMicroelectronics.FP-ATR-ASTRA1.2.0.0
2023-12-06 16:30:45,839 [WARN] CheckServerUpdateThread:151 - Open CheckUpdateFile Fail
2023-12-06 16:30:45,851 [WARN] PackLoader:240 - Cannot read IP mode file for STMicroelectronics.FP-ATR-SIGFOX1.3.2.0
2023-12-06 16:30:45,864 [WARN] PackLoader:240 - Cannot read IP mode file for STMicroelectronics.FP-SNS-FLIGHT1.5.0.2
2023-12-06 16:30:45,878 [WARN] PackLoader:240 - Cannot read IP mode file for STMicroelectronics.FP-SNS-MOTENV1.4.3.2
2023-12-06 16:30:45,894 [WARN] PackLoader:240 - Cannot read IP mode file for STMicroelectronics.FP-SNS-MOTENVWB1.1.3.1
2023-12-06 16:30:45,911 [WARN] PackLoader:240 - Cannot read IP mode file for STMicroelectronics.FP-SNS-SMARTAG2.1.2.0
2023-12-06 16:30:45,922 [WARN] PackLoader:240 - Cannot read IP mode file for STMicroelectronics.X-CUBE-AI.8.1.0
2023-12-06 16:30:45,934 [WARN] PackLoader:240 - Cannot read IP mode file for STMicroelectronics.X-CUBE-ALS.1.0.1
2023-12-06 16:30:45,952 [WARN] PackLoader:240 - Cannot read IP mode file for STMicroelectronics.X-CUBE-BLE1.7.0.0
2023-12-06 16:30:45,962 [WARN] PackLoader:240 - Cannot read IP mode file for STMicroelectronics.X-CUBE-BLE2.3.3.0
2023-12-06 16:30:45,993 [INFO] CheckServerUpdateThread:120 - End of CheckServer Thread
2023-12-06 16:30:45,999 [WARN] PackLoader:240 - Cannot read IP mode file for STMicroelectronics.X-CUBE-BLEMGR.3.0.0
2023-12-06 16:30:46,048 [WARN] PackLoader:240 - Cannot read IP mode file for STMicroelectronics.X-CUBE-DISPLAY.3.0.0
2023-12-06 16:30:46,079 [WARN] PackLoader:240 - Cannot read IP mode file for STMicroelectronics.X-CUBE-EEPRMA1.4.2.0
2023-12-06 16:30:46,100 [WARN] PackLoader:240 - Cannot read IP mode file for STMicroelectronics.X-CUBE-FREERTOS.1.1.0
2023-12-06 16:30:46,115 [WARN] PackLoader:240 - Cannot read IP mode file for STMicroelectronics.X-CUBE-GNSS1.6.0.0
2023-12-06 16:30:46,141 [WARN] PackLoader:240 - Cannot read IP mode file for STMicroelectronics.X-CUBE-ISPU.2.0.0
2023-12-06 16:30:46,174 [INFO] MainUpdater:2873 - connection check result : 10
2023-12-06 16:30:46,178 [INFO] McuFinderGlobals:76 - Set McuFinderConnectedMode to true
2023-12-06 16:30:46,328 [WARN] PackLoader:240 - Cannot read IP mode file for STMicroelectronics.X-CUBE-MEMS1.10.0.0
2023-12-06 16:30:46,480 [INFO] ServerAccessManage:473 - Download File mcusAds.json._tmp_
2023-12-06 16:30:46,597 [INFO] LoadUrlFilesThread:156 - End of LoadUrlFiles Thread
2023-12-06 16:30:46,730 [INFO] ServerAccessManage:473 - Download File cube-finder-db.zip
2023-12-06 16:30:46,854 [WARN] PackLoader:240 - Cannot read IP mode file for STMicroelectronics.X-CUBE-NFC4.3.0.0
2023-12-06 16:30:46,914 [WARN] PackLoader:240 - Cannot read IP mode file for STMicroelectronics.X-CUBE-NFC6.3.0.0
2023-12-06 16:30:46,924 [WARN] PackLoader:240 - Cannot read IP mode file for STMicroelectronics.X-CUBE-NFC7.1.0.1
2023-12-06 16:30:46,936 [WARN] PackLoader:240 - Cannot read IP mode file for STMicroelectronics.X-CUBE-SFXS2LP1.4.0.0
2023-12-06 16:30:46,960 [WARN] PackLoader:240 - Cannot read IP mode file for STMicroelectronics.X-CUBE-SUBG2.5.0.0
2023-12-06 16:30:46,976 [WARN] PackLoader:240 - Cannot read IP mode file for STMicroelectronics.X-CUBE-SMBUS.2.1.0
2023-12-06 16:30:47,003 [WARN] PackLoader:240 - Cannot read IP mode file for STMicroelectronics.X-CUBE-TOF1.3.4.0
2023-12-06 16:30:47,056 [WARN] PackLoader:240 - Cannot read IP mode file for STMicroelectronics.X-CUBE-TOUCHGFX.4.22.1
2023-12-06 16:30:47,067 [WARN] PackLoader:240 - Cannot read IP mode file for STMicroelectronics.X-CUBE-ALGOBUILD.1.3.0
2023-12-06 16:30:47,103 [WARN] PackLoader:240 - Cannot read IP mode file for STMicroelectronics.X-CUBE-AZRTOS-H7.3.2.0
2023-12-06 16:30:47,190 [WARN] PackLoader:240 - Cannot read IP mode file for STMicroelectronics.X-CUBE-AZRTOS-F4.1.1.0
2023-12-06 16:30:47,231 [WARN] PackLoader:240 - Cannot read IP mode file for STMicroelectronics.X-CUBE-AZRTOS-F7.1.1.0
2023-12-06 16:30:47,283 [WARN] ConditionMgr:438 - getConditionDescription Invalid condition id : LAN8742 Phy interface Condition cause : null
2023-12-06 16:30:47,285 [WARN] PackLoader:240 - Cannot read IP mode file for STMicroelectronics.X-CUBE-AZRTOS-L4.2.0.0
2023-12-06 16:30:47,290 [WARN] ConditionMgr:1039 - genDependencies : Invalid condition id : LAN8742 Phy interface Condition cause : null
2023-12-06 16:30:47,290 [WARN] ConditionMgr:1039 - genDependencies : Invalid condition id : LAN8742 Phy interface Condition cause : null
2023-12-06 16:30:47,293 [WARN] ConditionMgr:1039 - genDependencies : Invalid condition id : LAN8742 Phy interface Condition cause : null
2023-12-06 16:30:47,328 [WARN] PackLoader:240 - Cannot read IP mode file for STMicroelectronics.X-CUBE-AZRTOS-L5.2.0.0
2023-12-06 16:30:47,377 [WARN] PackLoader:240 - Cannot read IP mode file for STMicroelectronics.X-CUBE-AZRTOS-G0.1.1.0
2023-12-06 16:30:47,405 [WARN] PackLoader:240 - Cannot read IP mode file for STMicroelectronics.X-CUBE-AZRTOS-G4.2.0.0
2023-12-06 16:30:47,431 [WARN] ConditionMgr:438 - getConditionDescription Invalid condition id : UX DEVICE CLASS RTOS Condition cause : null
2023-12-06 16:30:47,431 [WARN] ConditionMgr:438 - getConditionDescription Invalid condition id : UX DEVICE CLASS RTOS Condition cause : null
2023-12-06 16:30:47,434 [WARN] PackLoader:240 - Cannot read IP mode file for STMicroelectronics.X-CUBE-AZRTOS-WB.2.0.0
2023-12-06 16:30:47,435 [WARN] ConditionMgr:1039 - genDependencies : Invalid condition id : UX DEVICE CLASS RTOS Condition cause : null
2023-12-06 16:30:47,435 [WARN] ConditionMgr:1039 - genDependencies : Invalid condition id : UX DEVICE CLASS RTOS Condition cause : null
2023-12-06 16:30:47,436 [WARN] ConditionMgr:1039 - genDependencies : Invalid condition id : UX DEVICE CLASS RTOS Condition cause : null
2023-12-06 16:30:47,436 [WARN] ConditionMgr:1039 - genDependencies : Invalid condition id : UX DEVICE CLASS RTOS Condition cause : null
2023-12-06 16:30:47,436 [WARN] ConditionMgr:1039 - genDependencies : Invalid condition id : UX DEVICE CLASS RTOS Condition cause : null
2023-12-06 16:30:47,497 [INFO] LogOutputStream:77 - [STDOUT_REDIRECT] 1 : Invalid condition id : UX_CORESTACK_Condition cause : null
2023-12-06 16:30:47,498 [INFO] LogOutputStream:77 - [STDOUT_REDIRECT] 1 : Invalid condition id : UX_CORESTACK_Condition cause : null
2023-12-06 16:30:47,502 [INFO] LogOutputStream:77 - [STDOUT_REDIRECT] 1 : Invalid condition id : UX_CORESTACK_Condition cause : null
2023-12-06 16:30:47,507 [INFO] LogOutputStream:77 - [STDOUT_REDIRECT] 1 : Invalid condition id : UX_CORESTACK_Condition cause : null
2023-12-06 16:30:47,510 [INFO] LogOutputStream:77 - [STDOUT_REDIRECT] 1 : Invalid condition id : UX_CORESTACK_Condition cause : null
2023-12-06 16:30:47,518 [WARN] PackLoader:240 - Cannot read IP mode file for STMicroelectronics.X-CUBE-AZRTOS-WL.2.0.0
2023-12-06 16:30:47,530 [WARN] PackLoader:240 - Cannot read IP mode file for wolfSSL.I-CUBE-wolfSSL.5.6.4
2023-12-06 16:30:47,542 [WARN] PackLoader:240 - Cannot read IP mode file for emotas.I-CUBE-CANOPEN.1.3.0
2023-12-06 16:30:47,551 [WARN] PackLoader:240 - Cannot read IP mode file for WES.I-CUBE-Cesium.1.3.0
2023-12-06 16:30:47,561 [WARN] PackLoader:240 - Cannot read IP mode file for ITTIA_DB.I-CUBE-ITTIADB.8.8.0
2023-12-06 16:30:47,578 [WARN] PackLoader:240 - Cannot read IP mode file for Infineon.AIROC-Wi-Fi-Bluetooth-STM32.1.5.1
2023-12-06 16:30:47,586 [INFO] PopulateThirdPartyThread:66 - Ending populate Thread
2023-12-06 16:30:47,591 [INFO] ThirdParty:1030 - CMSIS Pack Vendor :STMicroelectronics X-CUBE-DISPLAY 3.0.0
2023-12-06 16:30:47,592 [INFO] ThirdParty:1030 - CMSIS Pack Vendor :STMicroelectronics X-CUBE-GNSS1 6.0.0
2023-12-06 16:30:47,592 [INFO] ThirdParty:1030 - CMSIS Pack Vendor :STMicroelectronics FP-SNS-MOTENVWB1 1.3.1
2023-12-06 16:30:47,592 [INFO] ThirdParty:1030 - CMSIS Pack Vendor :STMicroelectronics X-CUBE-AZRTOS-F4 1.1.0
2023-12-06 16:30:47,592 [INFO] ThirdParty:1030 - CMSIS Pack Vendor :STMicroelectronics FP-ATR-SIGFOX1 3.2.0
2023-12-06 16:30:47,592 [INFO] ThirdParty:1030 - CMSIS Pack Vendor :STMicroelectronics X-CUBE-BLE1 7.0.0
2023-12-06 16:30:47,592 [INFO] ThirdParty:1030 - CMSIS Pack Vendor :wolfSSL I-CUBE-wolfSSL 5.6.4
2023-12-06 16:30:47,592 [INFO] ThirdParty:1030 - CMSIS Pack Vendor :STMicroelectronics X-CUBE-SMBUS 2.1.0
2023-12-06 16:30:47,593 [INFO] ThirdParty:1030 - CMSIS Pack Vendor :STMicroelectronics X-CUBE-ISPU 2.0.0
2023-12-06 16:30:47,593 [INFO] ThirdParty:1030 - CMSIS Pack Vendor :STMicroelectronics X-CUBE-AZRTOS-WB 2.0.0
2023-12-06 16:30:47,593 [INFO] ThirdParty:1030 - CMSIS Pack Vendor :emotas I-CUBE-CANOPEN 1.3.0
2023-12-06 16:30:47,593 [INFO] ThirdParty:1030 - CMSIS Pack Vendor :STMicroelectronics X-CUBE-MEMS1 10.0.0
2023-12-06 16:30:47,593 [INFO] ThirdParty:1030 - CMSIS Pack Vendor :STMicroelectronics X-CUBE-FREERTOS 1.1.0
2023-12-06 16:30:47,593 [INFO] ThirdParty:1030 - CMSIS Pack Vendor :STMicroelectronics X-CUBE-NFC7 1.0.1
2023-12-06 16:30:47,594 [INFO] ThirdParty:1030 - CMSIS Pack Vendor :STMicroelectronics X-CUBE-TOUCHGFX 4.22.1
2023-12-06 16:30:47,594 [INFO] ThirdParty:1030 - CMSIS Pack Vendor :STMicroelectronics X-CUBE-AZRTOS-F7 1.1.0
2023-12-06 16:30:47,594 [INFO] ThirdParty:1030 - CMSIS Pack Vendor :STMicroelectronics X-CUBE-AZRTOS-L5 2.0.0
2023-12-06 16:30:47,594 [INFO] ThirdParty:1030 - CMSIS Pack Vendor :STMicroelectronics X-CUBE-NFC6 3.0.0
2023-12-06 16:30:47,594 [INFO] ThirdParty:1030 - CMSIS Pack Vendor :STMicroelectronics X-CUBE-ALS 1.0.1
2023-12-06 16:30:47,594 [INFO] ThirdParty:1030 - CMSIS Pack Vendor :STMicroelectronics X-CUBE-EEPRMA1 4.2.0
2023-12-06 16:30:47,594 [INFO] ThirdParty:1030 - CMSIS Pack Vendor :ITTIA_DB I-CUBE-ITTIADB 8.8.0
2023-12-06 16:30:47,594 [INFO] ThirdParty:1030 - CMSIS Pack Vendor :STMicroelectronics FP-SNS-SMARTAG2 1.2.0
2023-12-06 16:30:47,594 [INFO] ThirdParty:1030 - CMSIS Pack Vendor :STMicroelectronics FP-SNS-MOTENV1 4.3.2
2023-12-06 16:30:47,594 [INFO] ThirdParty:1030 - CMSIS Pack Vendor :STMicroelectronics X-CUBE-ALGOBUILD 1.3.0
2023-12-06 16:30:47,594 [INFO] ThirdParty:1030 - CMSIS Pack Vendor :STMicroelectronics X-CUBE-AZRTOS-WL 2.0.0
2023-12-06 16:30:47,594 [INFO] ThirdParty:1030 - CMSIS Pack Vendor :STMicroelectronics X-CUBE-AZRTOS-G0 1.1.0
2023-12-06 16:30:47,595 [INFO] ThirdParty:1030 - CMSIS Pack Vendor :STMicroelectronics X-CUBE-AI 8.1.0
2023-12-06 16:30:47,595 [INFO] ThirdParty:1030 - CMSIS Pack Vendor :STMicroelectronics X-CUBE-NFC4 3.0.0
2023-12-06 16:30:47,595 [INFO] ThirdParty:1030 - CMSIS Pack Vendor :STMicroelectronics X-CUBE-SUBG2 5.0.0
2023-12-06 16:30:47,595 [INFO] ThirdParty:1030 - CMSIS Pack Vendor :STMicroelectronics X-CUBE-AZRTOS-L4 2.0.0
2023-12-06 16:30:47,595 [INFO] ThirdParty:1030 - CMSIS Pack Vendor :STMicroelectronics FP-ATR-ASTRA1 2.0.0
2023-12-06 16:30:47,595 [INFO] ThirdParty:1030 - CMSIS Pack Vendor :WES I-CUBE-Cesium 1.3.0
2023-12-06 16:30:47,595 [INFO] ThirdParty:1030 - CMSIS Pack Vendor :STMicroelectronics X-CUBE-SFXS2LP1 4.0.0
2023-12-06 16:30:47,595 [INFO] ThirdParty:1030 - CMSIS Pack Vendor :STMicroelectronics FP-SNS-FLIGHT1 5.0.2
2023-12-06 16:30:47,596 [INFO] ThirdParty:1030 - CMSIS Pack Vendor :STMicroelectronics X-CUBE-BLE2 3.3.0
2023-12-06 16:30:47,596 [INFO] ThirdParty:1030 - CMSIS Pack Vendor :STMicroelectronics X-CUBE-TOF1 3.4.0
2023-12-06 16:30:47,596 [INFO] ThirdParty:1030 - CMSIS Pack Vendor :STMicroelectronics X-CUBE-AZRTOS-G4 2.0.0
2023-12-06 16:30:47,596 [INFO] ThirdParty:1030 - CMSIS Pack Vendor :STMicroelectronics X-CUBE-AZRTOS-H7 3.2.0
2023-12-06 16:30:47,596 [INFO] ThirdParty:1030 - CMSIS Pack Vendor :Infineon AIROC-Wi-Fi-Bluetooth-STM32 1.5.1
2023-12-06 16:30:47,596 [INFO] ThirdParty:1030 - CMSIS Pack Vendor :STMicroelectronics X-CUBE-BLEMGR 3.0.0
2023-12-06 16:30:47,598 [INFO] LoadServerUpdatesThread:375 - End of LoadServerUpdate Thread
2023-12-06 16:30:51,516 [INFO] FileExtend:240 - Unzip File : cube-finder-db.zip
2023-12-06 16:30:51,517 [INFO] FileExtend:255 - Standard Zip Deflate
2023-12-06 16:30:53,040 [INFO] LoadUrlFilesThread:156 - End of LoadUrlFiles Thread
2023-12-06 16:30:53,318 [INFO] ServerAccessManage:473 - Download File crdb.zip
2023-12-06 16:30:53,615 [INFO] FileExtend:240 - Unzip File : crdb.zip
2023-12-06 16:30:53,615 [INFO] FileExtend:255 - Standard Zip Deflate
2023-12-06 16:30:53,843 [INFO] LoadUrlFilesThread:156 - End of LoadUrlFiles Thread
2023-12-06 16:30:53,926 [INFO] ServerAccessManage:473 - Download File tutoVideoDB.zip
2023-12-06 16:30:53,957 [INFO] FileExtend:240 - Unzip File : tutoVideoDB.zip
2023-12-06 16:30:53,958 [INFO] FileExtend:255 - Standard Zip Deflate
2023-12-06 16:30:54,169 [INFO] LoadUrlFilesThread:156 - End of LoadUrlFiles Thread
2023-12-06 16:30:54,177 [WARN] DbFile:41 - Overriding database path with different value: C:\Users\QUDUS\.stmcufinder\plugins\mcufinder/ => C:\Users\QUDUS\.stmcufinder\plugins\mcufinder
2023-12-06 16:30:54,236 [INFO] ServerAccessManage:473 - Download File api_config.json
2023-12-06 16:30:54,356 [INFO] LoadUrlFilesThread:156 - End of LoadUrlFiles Thread
2023-12-06 16:30:54,358 [INFO] DbMcusAds:53 - JSON generation date=Wed Nov 29 11:52:38 CET 2023 (1701255158764)
2023-12-06 16:30:54,487 [ERROR] LogOutputStream:75 - [STDERR_REDIRECT] SLF4J: Failed to load class "org.slf4j.impl.StaticLoggerBinder".
2023-12-06 16:30:54,493 [ERROR] LogOutputStream:75 - [STDERR_REDIRECT] SLF4J: Defaulting to no-operation (NOP) logger implementation
2023-12-06 16:30:54,498 [ERROR] LogOutputStream:75 - [STDERR_REDIRECT] SLF4J: See http://www.slf4j.org/codes.html#StaticLoggerBinder for further details.
2023-12-06 16:30:54,529 [INFO] ServerAccessManage:473 - Download File 
2023-12-06 16:30:54,548 [INFO] LoadUrlFilesThread:185 - End of LoadServerUrlFiles without Thread
2023-12-06 16:30:54,549 [INFO] TargetSelectorAdapter:259 - Refresh data is successful
2023-12-06 16:30:54,844 [INFO] ApiDb:581 - Connected to CubeFinder SQLite database (C:\Users\QUDUS\.stmcufinder\plugins\mcufinder\mcu\cube-finder-db.db)
2023-12-06 16:30:55,057 [INFO] ApiDb:668 - CubeFinder database Data Model version=2.1
2023-12-06 16:30:55,058 [INFO] ApiDb:669 - CubeFinder database Configuration version=3.0.39
2023-12-06 16:30:55,058 [INFO] ApiDb:670 - CubeFinder database generation date=2023-11-06 (1699269565)
2023-12-06 16:30:55,058 [INFO] ApiDb:671 - CubeFinder database FW Pack versions=[FP-ATR-ASTRA1_V2.0.0, FP-SNS-FLIGHT1_V5.0.1, FP-SNS-FLIGHT1_V5.0.2, FP-SNS-MOTENV1_V4.3.1, FP-SNS-MOTENV1_V4.3.2, FP-SNS-MOTENVWB1_V1.3.0, FP-SNS-SMARTAG2_V1.2.0, STM32Cube_FW_C0_V1.1.0, STM32Cube_FW_F4_V1.28.0, STM32Cube_FW_F7_V1.17.0, STM32Cube_FW_G0_V1.6.1, STM32Cube_FW_G4_V1.5.1, STM32Cube_FW_H5_V0.5.1, STM32Cube_FW_H5_V1.1.1, STM32Cube_FW_H5_V1.2.0RC2, STM32Cube_FW_H7_V1.11.0, STM32Cube_FW_L0_V1.12.2, STM32Cube_FW_L5_V1.5.0, STM32Cube_FW_U5_V1.3.0RC4, STM32Cube_FW_U5_V1.4.0, STM32Cube_FW_WBA_V1.0.0RC1, STM32Cube_FW_WBA_V1.1.0RC1, STM32Cube_FW_WBA_V1.2.0, STM32Cube_FW_WBA_V1.2.0RC2, STM32Cube_FW_WB_V1.15.0RC1, STM32Cube_FW_WB_V1.16.0, STM32Cube_FW_WB_V1.16.0RC2, STM32Cube_FW_WB_V1.18.0, STM32Cube_FW_WL_V1.3.0, X-CUBE-ALGOBUILD_V1.3.0, X-CUBE-ALS_V1.0.1, X-CUBE-AZRTOS-F4_V1.1.0, X-CUBE-AZRTOS-F7_V1.1.0, X-CUBE-AZRTOS-G0_V1.1.0, X-CUBE-AZRTOS-G4_V2.0.0, X-CUBE-AZRTOS-H7_V3.1.0, X-CUBE-AZRTOS-L4_V1.0.0, X-CUBE-AZRTOS-L4_V2.0.0, X-CUBE-AZRTOS-L5_V1.1.0, X-CUBE-AZRTOS-WB_V2.0.0, X-CUBE-AZRTOS-WL_V2.0.0, X-CUBE-BLE1_V7.0.0, X-CUBE-BLE2_V3.3.0, X-CUBE-BLEMGR_V2.0.0, X-CUBE-EEPRMA1_V4.1.0, X-CUBE-EEPRMA1_V4.2.0, X-CUBE-FREERTOS_V1.1.0, X-CUBE-GNSS1_V6.0.0, X-CUBE-MEMS1_V10.0.0, X-CUBE-MEMS1_V9.1.0, X-CUBE-MEMS1_V9.4.0, X-CUBE-MEMS1_V9.6.0, X-CUBE-NFC4_V3.0.0, X-CUBE-NFC7_V1.0.1, X-CUBE-SFXS2LP1_V4.0.0, X-CUBE-SUBG2_V5.0.0, X-CUBE-TOF1_V3.3.1]
2023-12-06 16:31:00,067 [INFO] ApiDb:240 - Found 371 in-development CPN: [B-G473E-ZEST1S, B-WB1M-WPAN1, B-WL5M-SUBG1, NUCLEO-C031C6, NUCLEO-H503RB, NUCLEO-H563ZI, NUCLEO-U545RE-Q, NUCLEO-U5A5ZJ-Q, NUCLEO-WBA52CG, NUCLEO-WBA55CG, STEVAL-MKBOXPRO, STEVAL-PROTEUS1, STEVAL-STWINBX1, STM320518-EVAL, STM32C0116-DK, STM32C011D6Y3TR, STM32C011D6Y6TR, STM32C011F4P3, STM32C011F4P6, STM32C011F4U3, STM32C011F4U6TR, STM32C011F6P3, STM32C011F6P6, STM32C011F6U3, STM32C011F6U6TR, STM32C011J4M3, STM32C011J4M6, STM32C011J6M3, STM32C011J6M6, STM32C0316-DK, STM32C031C4T3, STM32C031C4T6, STM32C031C4U3, STM32C031C4U6, STM32C031C6T3, STM32C031C6T6, STM32C031C6U3, STM32C031C6U6, STM32C031F4P3, STM32C031F4P6, STM32C031F6P3, STM32C031F6P6, STM32C031G4U3, STM32C031G4U6, STM32C031G6U3, STM32C031G6U6, STM32C031K4T3, STM32C031K4T6, STM32C031K4U3, STM32C031K4U6, STM32C031K6T3, STM32C031K6T6, STM32C031K6U3, STM32C031K6U6, STM32G071K8TXN, STM32G071K8UXN, STM32G081GBU6N, STM32G081KBT6N, STM32G081KBUXN, STM32G0B1CCT6N, STM32G0B1KCT6, STM32G0B1NEY6TR, STM32G0B1RCT6N, STM32G0C1CCT6, STM32G0C1CCT6N, STM32G0C1CCU6N, STM32G0C1CET6N, STM32G0C1CEU6N, STM32G0C1KCT6, STM32G0C1NEY6TR, STM32G0C1RCI6N, STM32G0C1RCT6N, STM32G0C1REI6N, STM32G0C1RET6N, STM32G0C1VCI6, STM32G0C1VEI6, STM32G471CCT6, STM32G471CCU6, STM32G471CET3, STM32G471CET6, STM32G471CEU3, STM32G471CEU6, STM32G471MCT6, STM32G471MET3, STM32G471MET6, STM32G471MEY6TR, STM32G471QCT6, STM32G471QET3, STM32G471RCT6, STM32G471RET3, STM32G471RET6, STM32G471VCH6, STM32G471VCI6, STM32G471VCT6, STM32G471VEH3, STM32G471VEH6, STM32G471VEI3, STM32G471VEI6, STM32G471VET3, STM32G471VET6, STM32G474CCT6, STM32H503CBT6, STM32H503CBU6, STM32H503EBY6TR, STM32H503KBU6, STM32H503RBT6, STM32H562AGI6, STM32H562AII6, STM32H562IGK6, STM32H562IGT6, STM32H562IIK6, STM32H562IIT6, STM32H562RGT6, STM32H562RGV6, STM32H562RIT6, STM32H562RIV6, STM32H562VGT6, STM32H562VIT6, STM32H562ZGT6, STM32H562ZIT6, STM32H563AGI6, STM32H563AII3Q, STM32H563AII6, STM32H563IGK6, STM32H563IGT6, STM32H563IIK3Q, STM32H563IIK6, STM32H563IIT3Q, STM32H563IIT6, STM32H563MIY3QTR, STM32H563RGT6, STM32H563RGV6, STM32H563RIT6, STM32H563RIV6, STM32H563VGT6, STM32H563VIT3Q, STM32H563VIT6, STM32H563ZGT6, STM32H563ZIT3Q, STM32H563ZIT6, STM32H573AII3Q, STM32H573AII6, STM32H573I-DK, STM32H573IIK3Q, STM32H573IIK6, STM32H573IIT3Q, STM32H573IIT6, STM32H573MIY3QTR, STM32H573RIT6, STM32H573RIV6, STM32H573VIT3Q, STM32H573VIT6, STM32H573ZIT3Q, STM32H573ZIT6, STM32L4R5QGI6STR, STM32MP131AAE3, STM32MP131AAF3, STM32MP131AAG3, STM32MP131CAE3, STM32MP131CAF3, STM32MP131CAG3, STM32MP131DAE7, STM32MP131DAF7, STM32MP131DAG7, STM32MP131FAE7, STM32MP131FAF7, STM32MP131FAG7, STM32MP133AAE3, STM32MP133AAF3, STM32MP133AAG3, STM32MP133CAE3, STM32MP133CAF3, STM32MP133CAG3, STM32MP133DAE7, STM32MP133DAF7, STM32MP133DAG7, STM32MP133FAE7, STM32MP133FAF7, STM32MP133FAG7, STM32MP135AAE3, STM32MP135AAF3, STM32MP135AAG3, STM32MP135CAE3, STM32MP135CAF3, STM32MP135CAG3, STM32MP135DAE7, STM32MP135DAF7, STM32MP135DAG7, STM32MP135F-DK, STM32MP135FAE7, STM32MP135FAF7, STM32MP135FAF7T, STM32MP135FAF7U, STM32MP135FAG7, STM32U535CBT6, STM32U535CBT6Q, STM32U535CBU6, STM32U535CBU6Q, STM32U535CCT6, STM32U535CCT6Q, STM32U535CCU6, STM32U535CCU6Q, STM32U535CET6, STM32U535CET6Q, STM32U535CEU6, STM32U535CEU6Q, STM32U535JEY6QTR, STM32U535NCY6QTR, STM32U535NEY6QTR, STM32U535RBI6, STM32U535RBI6Q, STM32U535RBT6, STM32U535RBT6Q, STM32U535RCI6, STM32U535RCI6Q, STM32U535RCT6, STM32U535RCT6Q, STM32U535REI6, STM32U535REI6Q, STM32U535RET6, STM32U535RET6Q, STM32U535VCI6, STM32U535VCI6Q, STM32U535VCT6, STM32U535VCT6Q, STM32U535VEI6, STM32U535VEI6Q, STM32U535VET6, STM32U535VET6Q, STM32U545CET6, STM32U545CET6Q, STM32U545CEU6, STM32U545CEU6Q, STM32U545JEY6QTR, STM32U545NEY6QTR, STM32U545REI6, STM32U545REI6Q, STM32U545RET6, STM32U545RET6Q, STM32U545VEI6, STM32U545VEI6Q, STM32U545VET6, STM32U545VET6Q, STM32U595AIH6, STM32U595AIH6Q, STM32U595AJH6, STM32U595AJH6Q, STM32U595QII6, STM32U595QII6Q, STM32U595QJI6, STM32U595QJI6Q, STM32U595RIT6, STM32U595RIT6Q, STM32U595RJT6, STM32U595RJT6Q, STM32U595VIT6, STM32U595VIT6Q, STM32U595VJT6, STM32U595VJT6Q, STM32U595ZIT6, STM32U595ZIT6Q, STM32U595ZIY6QTR, STM32U595ZJT6, STM32U595ZJT6Q, STM32U595ZJY6QTR, STM32U599BJY6QTR, STM32U599NIH6Q, STM32U599NJH6Q, STM32U599VIT6Q, STM32U599VJT6, STM32U599VJT6Q, STM32U599ZIT6Q, STM32U599ZIY6QTR, STM32U599ZJT6Q, STM32U599ZJY6QTR, STM32U5A5AJH6, STM32U5A5AJH6Q, STM32U5A5QJI6, STM32U5A5QJI6Q, STM32U5A5RJT6, STM32U5A5RJT6Q, STM32U5A5VJT6, STM32U5A5VJT6Q, STM32U5A5ZJT6, STM32U5A5ZJT6Q, STM32U5A5ZJY6QTR, STM32U5A9BJY6QTR, STM32U5A9J-DK, STM32U5A9NJH6Q, STM32U5A9VJT6Q, STM32U5A9ZJT6Q, STM32U5A9ZJY6QTR, STM32U5F7VIT6, STM32U5F7VIT6Q, STM32U5F7VJT6, STM32U5F7VJT6Q, STM32U5F9BJY6QTR, STM32U5F9NJH6Q, STM32U5F9VIT6Q, STM32U5F9VJT6Q, STM32U5F9ZIJ6QTR, STM32U5F9ZIT6Q, STM32U5F9ZJJ6QTR, STM32U5F9ZJT6Q, STM32U5G7VJT6, STM32U5G7VJT6Q, STM32U5G9BJY6QTR, STM32U5G9J-DK1, STM32U5G9J-DK2, STM32U5G9NJH6Q, STM32U5G9VJT6Q, STM32U5G9ZJJ6QTR, STM32U5G9ZJT6Q, STM32WB1MMCH6, STM32WBA50KEU6, STM32WBA50KEU6TR, STM32WBA50KGU6, STM32WBA50KGU6TR, STM32WBA52CEU6, STM32WBA52CEU6TR, STM32WBA52CEU7, STM32WBA52CEU7TR, STM32WBA52CGU6, STM32WBA52CGU6TR, STM32WBA52CGU6U, STM32WBA52CGU7, STM32WBA52CGU7TR, STM32WBA52KEU6, STM32WBA52KEU6TR, STM32WBA52KGU6, STM32WBA52KGU6TR, STM32WBA54CEU6, STM32WBA54CEU6TR, STM32WBA54CEU7, STM32WBA54CEU7TR, STM32WBA54CGU6, STM32WBA54CGU6TR, STM32WBA54CGU7, STM32WBA54CGU7TR, STM32WBA54KEU6, STM32WBA54KEU6TR, STM32WBA54KEU7, STM32WBA54KEU7TR, STM32WBA54KGU6, STM32WBA54KGU6TR, STM32WBA54KGU7, STM32WBA54KGU7TR, STM32WBA55CEU6, STM32WBA55CEU6TR, STM32WBA55CEU7, STM32WBA55CEU7TR, STM32WBA55CGU6, STM32WBA55CGU6TR, STM32WBA55CGU6U, STM32WBA55CGU7, STM32WBA55CGU7TR, STM32WBA55G-DK1, STM32WBA55HEF6, STM32WBA55HEF7, STM32WBA55HGF6, STM32WBA55HGF7, STM32WBA55UEI6, STM32WBA55UEI6TR, STM32WBA55UEI7, STM32WBA55UEI7TR, STM32WBA55UGI6, STM32WBA55UGI6TR, STM32WBA55UGI7, STM32WBA55UGI7TR, STM32WL5MOCH6, STM32WL5MOCH6TR]
2023-12-06 16:31:00,078 [INFO] DbMcus:218 - Found 3930 MCUs, 3930 are supported
2023-12-06 16:31:00,079 [INFO] ApiDb:414 - User favorites file not found: C:\Users\QUDUS/.stm32cubeide/favorites.mcus.txt
2023-12-06 16:31:00,079 [INFO] DbMcus:224 - Set 0 / 0 favorites MCUs
2023-12-06 16:31:00,460 [INFO] ApiDb:668 - CubeFinder database Data Model version=2.1
2023-12-06 16:31:00,461 [INFO] ApiDb:669 - CubeFinder database Configuration version=3.0.39
2023-12-06 16:31:00,461 [INFO] ApiDb:670 - CubeFinder database generation date=2023-11-06 (1699269565)
2023-12-06 16:31:00,461 [INFO] ApiDb:671 - CubeFinder database FW Pack versions=[FP-ATR-ASTRA1_V2.0.0, FP-SNS-FLIGHT1_V5.0.1, FP-SNS-FLIGHT1_V5.0.2, FP-SNS-MOTENV1_V4.3.1, FP-SNS-MOTENV1_V4.3.2, FP-SNS-MOTENVWB1_V1.3.0, FP-SNS-SMARTAG2_V1.2.0, STM32Cube_FW_C0_V1.1.0, STM32Cube_FW_F4_V1.28.0, STM32Cube_FW_F7_V1.17.0, STM32Cube_FW_G0_V1.6.1, STM32Cube_FW_G4_V1.5.1, STM32Cube_FW_H5_V0.5.1, STM32Cube_FW_H5_V1.1.1, STM32Cube_FW_H5_V1.2.0RC2, STM32Cube_FW_H7_V1.11.0, STM32Cube_FW_L0_V1.12.2, STM32Cube_FW_L5_V1.5.0, STM32Cube_FW_U5_V1.3.0RC4, STM32Cube_FW_U5_V1.4.0, STM32Cube_FW_WBA_V1.0.0RC1, STM32Cube_FW_WBA_V1.1.0RC1, STM32Cube_FW_WBA_V1.2.0, STM32Cube_FW_WBA_V1.2.0RC2, STM32Cube_FW_WB_V1.15.0RC1, STM32Cube_FW_WB_V1.16.0, STM32Cube_FW_WB_V1.16.0RC2, STM32Cube_FW_WB_V1.18.0, STM32Cube_FW_WL_V1.3.0, X-CUBE-ALGOBUILD_V1.3.0, X-CUBE-ALS_V1.0.1, X-CUBE-AZRTOS-F4_V1.1.0, X-CUBE-AZRTOS-F7_V1.1.0, X-CUBE-AZRTOS-G0_V1.1.0, X-CUBE-AZRTOS-G4_V2.0.0, X-CUBE-AZRTOS-H7_V3.1.0, X-CUBE-AZRTOS-L4_V1.0.0, X-CUBE-AZRTOS-L4_V2.0.0, X-CUBE-AZRTOS-L5_V1.1.0, X-CUBE-AZRTOS-WB_V2.0.0, X-CUBE-AZRTOS-WL_V2.0.0, X-CUBE-BLE1_V7.0.0, X-CUBE-BLE2_V3.3.0, X-CUBE-BLEMGR_V2.0.0, X-CUBE-EEPRMA1_V4.1.0, X-CUBE-EEPRMA1_V4.2.0, X-CUBE-FREERTOS_V1.1.0, X-CUBE-GNSS1_V6.0.0, X-CUBE-MEMS1_V10.0.0, X-CUBE-MEMS1_V9.1.0, X-CUBE-MEMS1_V9.4.0, X-CUBE-MEMS1_V9.6.0, X-CUBE-NFC4_V3.0.0, X-CUBE-NFC7_V1.0.1, X-CUBE-SFXS2LP1_V4.0.0, X-CUBE-SUBG2_V5.0.0, X-CUBE-TOF1_V3.3.1]
2023-12-06 16:31:00,594 [INFO] DbBoardsSqlite:226 - include board P-NUCLEO-WB55-NUCLEO as a kit item of type 'Nucleo-64'
2023-12-06 16:31:00,594 [INFO] DbBoardsSqlite:226 - include board P-NUCLEO-WB55-USBDONGLE as a kit item of type 'Nucleo USB Dongle'
2023-12-06 16:31:00,594 [INFO] DbBoardsSqlite:226 - include board STEVAL-IDP005V1 as a kit item of type 'Evaluation Board'
2023-12-06 16:31:00,595 [INFO] DbBoardsSqlite:226 - include board STEVAL-IDP005V2 as a kit item of type 'Evaluation Board'
2023-12-06 16:31:00,723 [INFO] ApiDb:240 - Found 371 in-development CPN: [B-G473E-ZEST1S, B-WB1M-WPAN1, B-WL5M-SUBG1, NUCLEO-C031C6, NUCLEO-H503RB, NUCLEO-H563ZI, NUCLEO-U545RE-Q, NUCLEO-U5A5ZJ-Q, NUCLEO-WBA52CG, NUCLEO-WBA55CG, STEVAL-MKBOXPRO, STEVAL-PROTEUS1, STEVAL-STWINBX1, STM320518-EVAL, STM32C0116-DK, STM32C011D6Y3TR, STM32C011D6Y6TR, STM32C011F4P3, STM32C011F4P6, STM32C011F4U3, STM32C011F4U6TR, STM32C011F6P3, STM32C011F6P6, STM32C011F6U3, STM32C011F6U6TR, STM32C011J4M3, STM32C011J4M6, STM32C011J6M3, STM32C011J6M6, STM32C0316-DK, STM32C031C4T3, STM32C031C4T6, STM32C031C4U3, STM32C031C4U6, STM32C031C6T3, STM32C031C6T6, STM32C031C6U3, STM32C031C6U6, STM32C031F4P3, STM32C031F4P6, STM32C031F6P3, STM32C031F6P6, STM32C031G4U3, STM32C031G4U6, STM32C031G6U3, STM32C031G6U6, STM32C031K4T3, STM32C031K4T6, STM32C031K4U3, STM32C031K4U6, STM32C031K6T3, STM32C031K6T6, STM32C031K6U3, STM32C031K6U6, STM32G071K8TXN, STM32G071K8UXN, STM32G081GBU6N, STM32G081KBT6N, STM32G081KBUXN, STM32G0B1CCT6N, STM32G0B1KCT6, STM32G0B1NEY6TR, STM32G0B1RCT6N, STM32G0C1CCT6, STM32G0C1CCT6N, STM32G0C1CCU6N, STM32G0C1CET6N, STM32G0C1CEU6N, STM32G0C1KCT6, STM32G0C1NEY6TR, STM32G0C1RCI6N, STM32G0C1RCT6N, STM32G0C1REI6N, STM32G0C1RET6N, STM32G0C1VCI6, STM32G0C1VEI6, STM32G471CCT6, STM32G471CCU6, STM32G471CET3, STM32G471CET6, STM32G471CEU3, STM32G471CEU6, STM32G471MCT6, STM32G471MET3, STM32G471MET6, STM32G471MEY6TR, STM32G471QCT6, STM32G471QET3, STM32G471RCT6, STM32G471RET3, STM32G471RET6, STM32G471VCH6, STM32G471VCI6, STM32G471VCT6, STM32G471VEH3, STM32G471VEH6, STM32G471VEI3, STM32G471VEI6, STM32G471VET3, STM32G471VET6, STM32G474CCT6, STM32H503CBT6, STM32H503CBU6, STM32H503EBY6TR, STM32H503KBU6, STM32H503RBT6, STM32H562AGI6, STM32H562AII6, STM32H562IGK6, STM32H562IGT6, STM32H562IIK6, STM32H562IIT6, STM32H562RGT6, STM32H562RGV6, STM32H562RIT6, STM32H562RIV6, STM32H562VGT6, STM32H562VIT6, STM32H562ZGT6, STM32H562ZIT6, STM32H563AGI6, STM32H563AII3Q, STM32H563AII6, STM32H563IGK6, STM32H563IGT6, STM32H563IIK3Q, STM32H563IIK6, STM32H563IIT3Q, STM32H563IIT6, STM32H563MIY3QTR, STM32H563RGT6, STM32H563RGV6, STM32H563RIT6, STM32H563RIV6, STM32H563VGT6, STM32H563VIT3Q, STM32H563VIT6, STM32H563ZGT6, STM32H563ZIT3Q, STM32H563ZIT6, STM32H573AII3Q, STM32H573AII6, STM32H573I-DK, STM32H573IIK3Q, STM32H573IIK6, STM32H573IIT3Q, STM32H573IIT6, STM32H573MIY3QTR, STM32H573RIT6, STM32H573RIV6, STM32H573VIT3Q, STM32H573VIT6, STM32H573ZIT3Q, STM32H573ZIT6, STM32L4R5QGI6STR, STM32MP131AAE3, STM32MP131AAF3, STM32MP131AAG3, STM32MP131CAE3, STM32MP131CAF3, STM32MP131CAG3, STM32MP131DAE7, STM32MP131DAF7, STM32MP131DAG7, STM32MP131FAE7, STM32MP131FAF7, STM32MP131FAG7, STM32MP133AAE3, STM32MP133AAF3, STM32MP133AAG3, STM32MP133CAE3, STM32MP133CAF3, STM32MP133CAG3, STM32MP133DAE7, STM32MP133DAF7, STM32MP133DAG7, STM32MP133FAE7, STM32MP133FAF7, STM32MP133FAG7, STM32MP135AAE3, STM32MP135AAF3, STM32MP135AAG3, STM32MP135CAE3, STM32MP135CAF3, STM32MP135CAG3, STM32MP135DAE7, STM32MP135DAF7, STM32MP135DAG7, STM32MP135F-DK, STM32MP135FAE7, STM32MP135FAF7, STM32MP135FAF7T, STM32MP135FAF7U, STM32MP135FAG7, STM32U535CBT6, STM32U535CBT6Q, STM32U535CBU6, STM32U535CBU6Q, STM32U535CCT6, STM32U535CCT6Q, STM32U535CCU6, STM32U535CCU6Q, STM32U535CET6, STM32U535CET6Q, STM32U535CEU6, STM32U535CEU6Q, STM32U535JEY6QTR, STM32U535NCY6QTR, STM32U535NEY6QTR, STM32U535RBI6, STM32U535RBI6Q, STM32U535RBT6, STM32U535RBT6Q, STM32U535RCI6, STM32U535RCI6Q, STM32U535RCT6, STM32U535RCT6Q, STM32U535REI6, STM32U535REI6Q, STM32U535RET6, STM32U535RET6Q, STM32U535VCI6, STM32U535VCI6Q, STM32U535VCT6, STM32U535VCT6Q, STM32U535VEI6, STM32U535VEI6Q, STM32U535VET6, STM32U535VET6Q, STM32U545CET6, STM32U545CET6Q, STM32U545CEU6, STM32U545CEU6Q, STM32U545JEY6QTR, STM32U545NEY6QTR, STM32U545REI6, STM32U545REI6Q, STM32U545RET6, STM32U545RET6Q, STM32U545VEI6, STM32U545VEI6Q, STM32U545VET6, STM32U545VET6Q, STM32U595AIH6, STM32U595AIH6Q, STM32U595AJH6, STM32U595AJH6Q, STM32U595QII6, STM32U595QII6Q, STM32U595QJI6, STM32U595QJI6Q, STM32U595RIT6, STM32U595RIT6Q, STM32U595RJT6, STM32U595RJT6Q, STM32U595VIT6, STM32U595VIT6Q, STM32U595VJT6, STM32U595VJT6Q, STM32U595ZIT6, STM32U595ZIT6Q, STM32U595ZIY6QTR, STM32U595ZJT6, STM32U595ZJT6Q, STM32U595ZJY6QTR, STM32U599BJY6QTR, STM32U599NIH6Q, STM32U599NJH6Q, STM32U599VIT6Q, STM32U599VJT6, STM32U599VJT6Q, STM32U599ZIT6Q, STM32U599ZIY6QTR, STM32U599ZJT6Q, STM32U599ZJY6QTR, STM32U5A5AJH6, STM32U5A5AJH6Q, STM32U5A5QJI6, STM32U5A5QJI6Q, STM32U5A5RJT6, STM32U5A5RJT6Q, STM32U5A5VJT6, STM32U5A5VJT6Q, STM32U5A5ZJT6, STM32U5A5ZJT6Q, STM32U5A5ZJY6QTR, STM32U5A9BJY6QTR, STM32U5A9J-DK, STM32U5A9NJH6Q, STM32U5A9VJT6Q, STM32U5A9ZJT6Q, STM32U5A9ZJY6QTR, STM32U5F7VIT6, STM32U5F7VIT6Q, STM32U5F7VJT6, STM32U5F7VJT6Q, STM32U5F9BJY6QTR, STM32U5F9NJH6Q, STM32U5F9VIT6Q, STM32U5F9VJT6Q, STM32U5F9ZIJ6QTR, STM32U5F9ZIT6Q, STM32U5F9ZJJ6QTR, STM32U5F9ZJT6Q, STM32U5G7VJT6, STM32U5G7VJT6Q, STM32U5G9BJY6QTR, STM32U5G9J-DK1, STM32U5G9J-DK2, STM32U5G9NJH6Q, STM32U5G9VJT6Q, STM32U5G9ZJJ6QTR, STM32U5G9ZJT6Q, STM32WB1MMCH6, STM32WBA50KEU6, STM32WBA50KEU6TR, STM32WBA50KGU6, STM32WBA50KGU6TR, STM32WBA52CEU6, STM32WBA52CEU6TR, STM32WBA52CEU7, STM32WBA52CEU7TR, STM32WBA52CGU6, STM32WBA52CGU6TR, STM32WBA52CGU6U, STM32WBA52CGU7, STM32WBA52CGU7TR, STM32WBA52KEU6, STM32WBA52KEU6TR, STM32WBA52KGU6, STM32WBA52KGU6TR, STM32WBA54CEU6, STM32WBA54CEU6TR, STM32WBA54CEU7, STM32WBA54CEU7TR, STM32WBA54CGU6, STM32WBA54CGU6TR, STM32WBA54CGU7, STM32WBA54CGU7TR, STM32WBA54KEU6, STM32WBA54KEU6TR, STM32WBA54KEU7, STM32WBA54KEU7TR, STM32WBA54KGU6, STM32WBA54KGU6TR, STM32WBA54KGU7, STM32WBA54KGU7TR, STM32WBA55CEU6, STM32WBA55CEU6TR, STM32WBA55CEU7, STM32WBA55CEU7TR, STM32WBA55CGU6, STM32WBA55CGU6TR, STM32WBA55CGU6U, STM32WBA55CGU7, STM32WBA55CGU7TR, STM32WBA55G-DK1, STM32WBA55HEF6, STM32WBA55HEF7, STM32WBA55HGF6, STM32WBA55HGF7, STM32WBA55UEI6, STM32WBA55UEI6TR, STM32WBA55UEI7, STM32WBA55UEI7TR, STM32WBA55UGI6, STM32WBA55UGI6TR, STM32WBA55UGI7, STM32WBA55UGI7TR, STM32WL5MOCH6, STM32WL5MOCH6TR]
2023-12-06 16:31:00,962 [INFO] BoardInfo:889 - No configuration file found for board P-NUCLEO-WB55
2023-12-06 16:31:00,963 [INFO] DbBoards:161 - Kit is not supported: P-NUCLEO-WB55
2023-12-06 16:31:00,979 [INFO] BoardInfo:889 - No configuration file found for board STEVAL-BFA001V1B
2023-12-06 16:31:00,980 [INFO] DbBoards:161 - Kit is not supported: STEVAL-BFA001V1B
2023-12-06 16:31:00,983 [INFO] BoardInfo:889 - No configuration file found for board STEVAL-BFA001V2B
2023-12-06 16:31:00,984 [INFO] DbBoards:161 - Kit is not supported: STEVAL-BFA001V2B
2023-12-06 16:31:01,311 [INFO] DbBoards:168 - Found 193 boards, 190 are supported
2023-12-06 16:31:01,312 [INFO] DbBoards:169 - Found 193 boards, 3 of them is supported for  Bsp
2023-12-06 16:31:01,314 [INFO] ApiDb:414 - User favorites file not found: C:\Users\QUDUS/.stm32cubeide/favorites.boards.txt
2023-12-06 16:31:01,314 [INFO] DbBoards:198 - Set 0 / 0 favorites Boards
2023-12-06 16:31:01,318 [INFO] ApiDb:668 - CubeFinder database Data Model version=2.1
2023-12-06 16:31:01,318 [INFO] ApiDb:669 - CubeFinder database Configuration version=3.0.39
2023-12-06 16:31:01,318 [INFO] ApiDb:670 - CubeFinder database generation date=2023-11-06 (1699269565)
2023-12-06 16:31:01,319 [INFO] ApiDb:671 - CubeFinder database FW Pack versions=[FP-ATR-ASTRA1_V2.0.0, FP-SNS-FLIGHT1_V5.0.1, FP-SNS-FLIGHT1_V5.0.2, FP-SNS-MOTENV1_V4.3.1, FP-SNS-MOTENV1_V4.3.2, FP-SNS-MOTENVWB1_V1.3.0, FP-SNS-SMARTAG2_V1.2.0, STM32Cube_FW_C0_V1.1.0, STM32Cube_FW_F4_V1.28.0, STM32Cube_FW_F7_V1.17.0, STM32Cube_FW_G0_V1.6.1, STM32Cube_FW_G4_V1.5.1, STM32Cube_FW_H5_V0.5.1, STM32Cube_FW_H5_V1.1.1, STM32Cube_FW_H5_V1.2.0RC2, STM32Cube_FW_H7_V1.11.0, STM32Cube_FW_L0_V1.12.2, STM32Cube_FW_L5_V1.5.0, STM32Cube_FW_U5_V1.3.0RC4, STM32Cube_FW_U5_V1.4.0, STM32Cube_FW_WBA_V1.0.0RC1, STM32Cube_FW_WBA_V1.1.0RC1, STM32Cube_FW_WBA_V1.2.0, STM32Cube_FW_WBA_V1.2.0RC2, STM32Cube_FW_WB_V1.15.0RC1, STM32Cube_FW_WB_V1.16.0, STM32Cube_FW_WB_V1.16.0RC2, STM32Cube_FW_WB_V1.18.0, STM32Cube_FW_WL_V1.3.0, X-CUBE-ALGOBUILD_V1.3.0, X-CUBE-ALS_V1.0.1, X-CUBE-AZRTOS-F4_V1.1.0, X-CUBE-AZRTOS-F7_V1.1.0, X-CUBE-AZRTOS-G0_V1.1.0, X-CUBE-AZRTOS-G4_V2.0.0, X-CUBE-AZRTOS-H7_V3.1.0, X-CUBE-AZRTOS-L4_V1.0.0, X-CUBE-AZRTOS-L4_V2.0.0, X-CUBE-AZRTOS-L5_V1.1.0, X-CUBE-AZRTOS-WB_V2.0.0, X-CUBE-AZRTOS-WL_V2.0.0, X-CUBE-BLE1_V7.0.0, X-CUBE-BLE2_V3.3.0, X-CUBE-BLEMGR_V2.0.0, X-CUBE-EEPRMA1_V4.1.0, X-CUBE-EEPRMA1_V4.2.0, X-CUBE-FREERTOS_V1.1.0, X-CUBE-GNSS1_V6.0.0, X-CUBE-MEMS1_V10.0.0, X-CUBE-MEMS1_V9.1.0, X-CUBE-MEMS1_V9.4.0, X-CUBE-MEMS1_V9.6.0, X-CUBE-NFC4_V3.0.0, X-CUBE-NFC7_V1.0.1, X-CUBE-SFXS2LP1_V4.0.0, X-CUBE-SUBG2_V5.0.0, X-CUBE-TOF1_V3.3.1]
2023-12-06 16:31:03,473 [ERROR] DbExamplesSqlite:437 - Missing JSON key: board_cpn
2023-12-06 16:31:03,473 [ERROR] DbExamplesSqlite:437 - Missing JSON key: board_cpn
2023-12-06 16:31:03,474 [ERROR] DbExamplesSqlite:437 - Missing JSON key: board_cpn
2023-12-06 16:31:03,474 [ERROR] DbExamplesSqlite:437 - Missing JSON key: board_cpn
2023-12-06 16:31:03,568 [INFO] DbExamplesSqlite:395 - Ignored 55 examples not supported by CubeIDE
2023-12-06 16:31:03,568 [INFO] DbExamplesSqlite:396 - Found 7548 examples active
2023-12-06 16:31:03,569 [INFO] DbExamplesSqlite:397 - Found 848 examples obsolete
2023-12-06 16:31:03,569 [INFO] DbExamplesSqlite:398 - Found 0 examples under development
2023-12-06 16:31:03,570 [INFO] DbExamplesSqlite:399 - Found 8 examples not building
2023-12-06 16:31:03,572 [INFO] DbExamples:125 - Found 7501 examples
2023-12-06 16:31:03,599 [INFO] DbExamples:222 - Found 95 boards with related examples
2023-12-06 16:31:03,601 [INFO] DbExamples:235 - Found 80 MCUs with related examples
2023-12-06 16:31:03,647 [INFO] ApiDb:414 - User favorites file not found: C:\Users\QUDUS/.stm32cubeide/favorites.examples.txt
2023-12-06 16:31:03,648 [INFO] DbExamples:250 - Set 0 / 0 favorites Examples
2023-12-06 16:31:04,147 [INFO] McuFinderGlobals:76 - Set McuFinderConnectedMode to true
2023-12-06 16:31:04,166 [INFO] MultiScanPanel:200 - Auto-refresh data requested => check proxy status ongoing
2023-12-06 16:31:04,174 [INFO] FinderPluginLoader:95 - Searching for filters in installed packs
2023-12-06 16:31:07,549 [INFO] LoadUrlFilesThread:185 - End of LoadServerUrlFiles without Thread
2023-12-06 16:31:07,590 [INFO] DetailPanel:341 - Set advertising image to C:/Users/QUDUS/STM32Cube/Repository/\en.prom-stm32wl3-mcu-finder.jpg
2023-12-06 16:34:14,794 [INFO] MainUpdater:2873 - connection check result : 10
2023-12-06 16:34:14,794 [INFO] MainUpdater:2873 - connection check result : 10
2023-12-06 16:34:14,873 [INFO] MicroXplorer:468 - Change Database Path : 
2023-12-06 16:34:14,873 [INFO] MicroXplorer:498 - Change Database Version : DB.6.0.100
2023-12-06 16:34:14,888 [WARN] ThirdParty:871 - waiting for thirdparty lock release [close project]
2023-12-06 16:34:14,888 [INFO] ThirdParty:873 - entering critical section [close project]
2023-12-06 16:34:14,889 [INFO] ThirdParty:883 - exiting critical section [close project]
2023-12-06 16:34:14,893 [INFO] PinOutPanel:1499 - setPackage(No Configuration,No Configuration)
2023-12-06 16:34:14,903 [INFO] UtilMem:75 - Begin LoadConfig() Used Memory: 708090688 Bytes (1032847360)
2023-12-06 16:34:14,905 [INFO] MicroXplorer:468 - Change Database Path : 
2023-12-06 16:34:14,905 [INFO] MicroXplorer:498 - Change Database Version : DB.6.0.100
2023-12-06 16:34:14,905 [INFO] OpenFileManager:312 - Change cursor
2023-12-06 16:34:14,996 [WARN] IntegrityCheckThread:84 - waiting for thirdparty lock release [integrity check]
2023-12-06 16:34:14,997 [INFO] IntegrityCheckThread:86 - entering critical section [integrity check]
2023-12-06 16:34:15,435 [WARN] PackLoader:240 - Cannot read IP mode file for STMicroelectronics.X-CUBE-SMBUS.2.1.0
2023-12-06 16:34:15,480 [WARN] PackLoader:240 - Cannot read IP mode file for STMicroelectronics.X-CUBE-AZRTOS-F7.1.1.0
2023-12-06 16:34:15,542 [WARN] PackLoader:240 - Cannot read IP mode file for STMicroelectronics.FP-SNS-MOTENV1.4.3.2
2023-12-06 16:34:15,549 [WARN] PackLoader:240 - Cannot read IP mode file for STMicroelectronics.FP-SNS-FLIGHT1.5.0.2
2023-12-06 16:34:15,560 [WARN] PackLoader:240 - Cannot read IP mode file for STMicroelectronics.X-CUBE-DISPLAY.3.0.0
2023-12-06 16:34:15,573 [WARN] PackLoader:240 - Cannot read IP mode file for STMicroelectronics.X-CUBE-BLE1.7.0.0
2023-12-06 16:34:15,581 [WARN] PackLoader:240 - Cannot read IP mode file for emotas.I-CUBE-CANOPEN.1.3.0
2023-12-06 16:34:15,586 [WARN] PackLoader:240 - Cannot read IP mode file for STMicroelectronics.X-CUBE-TOUCHGFX.4.22.1
2023-12-06 16:34:15,593 [WARN] PackLoader:240 - Cannot read IP mode file for STMicroelectronics.FP-SNS-SMARTAG2.1.2.0
2023-12-06 16:34:15,614 [INFO] LogOutputStream:77 - [STDOUT_REDIRECT] 1 : Invalid condition id : UX_CORESTACK_Condition cause : null
2023-12-06 16:34:15,616 [INFO] LogOutputStream:77 - [STDOUT_REDIRECT] 1 : Invalid condition id : UX_CORESTACK_Condition cause : null
2023-12-06 16:34:15,618 [INFO] LogOutputStream:77 - [STDOUT_REDIRECT] 1 : Invalid condition id : UX_CORESTACK_Condition cause : null
2023-12-06 16:34:15,621 [INFO] LogOutputStream:77 - [STDOUT_REDIRECT] 1 : Invalid condition id : UX_CORESTACK_Condition cause : null
2023-12-06 16:34:15,623 [INFO] LogOutputStream:77 - [STDOUT_REDIRECT] 1 : Invalid condition id : UX_CORESTACK_Condition cause : null
2023-12-06 16:34:15,627 [WARN] PackLoader:240 - Cannot read IP mode file for STMicroelectronics.X-CUBE-AZRTOS-WL.2.0.0
2023-12-06 16:34:15,638 [WARN] PackLoader:240 - Cannot read IP mode file for WES.I-CUBE-Cesium.1.3.0
2023-12-06 16:34:15,644 [WARN] PackLoader:240 - Cannot read IP mode file for STMicroelectronics.X-CUBE-BLE2.3.3.0
2023-12-06 16:34:15,656 [WARN] PackLoader:240 - Cannot read IP mode file for STMicroelectronics.X-CUBE-ALGOBUILD.1.3.0
2023-12-06 16:34:15,684 [WARN] PackLoader:240 - Cannot read IP mode file for STMicroelectronics.X-CUBE-AZRTOS-G0.1.1.0
2023-12-06 16:34:15,693 [WARN] PackLoader:240 - Cannot read IP mode file for STMicroelectronics.X-CUBE-NFC4.3.0.0
2023-12-06 16:34:15,711 [WARN] PackLoader:240 - Cannot read IP mode file for STMicroelectronics.X-CUBE-BLEMGR.3.0.0
2023-12-06 16:34:15,721 [WARN] PackLoader:240 - Cannot read IP mode file for STMicroelectronics.FP-ATR-SIGFOX1.3.2.0
2023-12-06 16:34:15,731 [WARN] PackLoader:240 - Cannot read IP mode file for STMicroelectronics.X-CUBE-GNSS1.6.0.0
2023-12-06 16:34:15,762 [WARN] PackLoader:240 - Cannot read IP mode file for STMicroelectronics.X-CUBE-AZRTOS-F4.1.1.0
2023-12-06 16:34:15,775 [WARN] PackLoader:240 - Cannot read IP mode file for wolfSSL.I-CUBE-wolfSSL.5.6.4
2023-12-06 16:34:15,800 [WARN] PackLoader:240 - Cannot read IP mode file for STMicroelectronics.X-CUBE-AZRTOS-L5.2.0.0
2023-12-06 16:34:15,858 [WARN] PackLoader:240 - Cannot read IP mode file for STMicroelectronics.X-CUBE-EEPRMA1.4.2.0
2023-12-06 16:34:15,866 [WARN] PackLoader:240 - Cannot read IP mode file for ITTIA_DB.I-CUBE-ITTIADB.8.8.0
2023-12-06 16:34:15,874 [WARN] PackLoader:240 - Cannot read IP mode file for STMicroelectronics.X-CUBE-NFC7.1.0.1
2023-12-06 16:34:15,891 [WARN] PackLoader:240 - Cannot read IP mode file for STMicroelectronics.X-CUBE-NFC6.3.0.0
2023-12-06 16:34:15,901 [WARN] PackLoader:240 - Cannot read IP mode file for STMicroelectronics.X-CUBE-AI.8.1.0
2023-12-06 16:34:15,937 [WARN] ConditionMgr:438 - getConditionDescription Invalid condition id : LAN8742 Phy interface Condition cause : null
2023-12-06 16:34:15,938 [WARN] PackLoader:240 - Cannot read IP mode file for STMicroelectronics.X-CUBE-AZRTOS-L4.2.0.0
2023-12-06 16:34:15,940 [WARN] ConditionMgr:1039 - genDependencies : Invalid condition id : LAN8742 Phy interface Condition cause : null
2023-12-06 16:34:15,940 [WARN] ConditionMgr:1039 - genDependencies : Invalid condition id : LAN8742 Phy interface Condition cause : null
2023-12-06 16:34:15,941 [WARN] ConditionMgr:1039 - genDependencies : Invalid condition id : LAN8742 Phy interface Condition cause : null
2023-12-06 16:34:15,952 [WARN] PackLoader:240 - Cannot read IP mode file for STMicroelectronics.X-CUBE-SFXS2LP1.4.0.0
2023-12-06 16:34:15,977 [WARN] ConditionMgr:438 - getConditionDescription Invalid condition id : UX DEVICE CLASS RTOS Condition cause : null
2023-12-06 16:34:15,977 [WARN] ConditionMgr:438 - getConditionDescription Invalid condition id : UX DEVICE CLASS RTOS Condition cause : null
2023-12-06 16:34:15,981 [WARN] PackLoader:240 - Cannot read IP mode file for STMicroelectronics.X-CUBE-AZRTOS-WB.2.0.0
2023-12-06 16:34:15,983 [WARN] ConditionMgr:1039 - genDependencies : Invalid condition id : UX DEVICE CLASS RTOS Condition cause : null
2023-12-06 16:34:15,983 [WARN] ConditionMgr:1039 - genDependencies : Invalid condition id : UX DEVICE CLASS RTOS Condition cause : null
2023-12-06 16:34:15,985 [WARN] ConditionMgr:1039 - genDependencies : Invalid condition id : UX DEVICE CLASS RTOS Condition cause : null
2023-12-06 16:34:15,985 [WARN] ConditionMgr:1039 - genDependencies : Invalid condition id : UX DEVICE CLASS RTOS Condition cause : null
2023-12-06 16:34:15,985 [WARN] ConditionMgr:1039 - genDependencies : Invalid condition id : UX DEVICE CLASS RTOS Condition cause : null
2023-12-06 16:34:16,000 [WARN] PackLoader:240 - Cannot read IP mode file for STMicroelectronics.X-CUBE-SUBG2.5.0.0
2023-12-06 16:34:16,025 [WARN] PackLoader:240 - Cannot read IP mode file for STMicroelectronics.X-CUBE-AZRTOS-G4.2.0.0
2023-12-06 16:34:16,083 [WARN] PackLoader:240 - Cannot read IP mode file for Infineon.AIROC-Wi-Fi-Bluetooth-STM32.1.5.1
2023-12-06 16:34:16,096 [WARN] PackLoader:240 - Cannot read IP mode file for STMicroelectronics.FP-SNS-MOTENVWB1.1.3.1
2023-12-06 16:34:16,102 [WARN] PackLoader:240 - Cannot read IP mode file for STMicroelectronics.X-CUBE-ISPU.2.0.0
2023-12-06 16:34:16,175 [WARN] PackLoader:240 - Cannot read IP mode file for STMicroelectronics.X-CUBE-MEMS1.10.0.0
2023-12-06 16:34:16,408 [WARN] PackLoader:240 - Cannot read IP mode file for STMicroelectronics.X-CUBE-FREERTOS.1.1.0
2023-12-06 16:34:16,416 [WARN] PackLoader:240 - Cannot read IP mode file for STMicroelectronics.X-CUBE-ALS.1.0.1
2023-12-06 16:34:16,425 [WARN] PackLoader:240 - Cannot read IP mode file for STMicroelectronics.FP-ATR-ASTRA1.2.0.0
2023-12-06 16:34:16,446 [WARN] PackLoader:240 - Cannot read IP mode file for STMicroelectronics.X-CUBE-TOF1.3.4.0
2023-12-06 16:34:16,488 [WARN] PackLoader:240 - Cannot read IP mode file for STMicroelectronics.X-CUBE-AZRTOS-H7.3.2.0
2023-12-06 16:34:16,494 [INFO] ThirdParty:978 - Integrity check success = true
2023-12-06 16:34:16,495 [INFO] IntegrityCheckThread:100 - exiting critical section [integrity check]
2023-12-06 16:34:16,495 [INFO] IntegrityCheckThread:103 - End integrity checks thread
2023-12-06 16:34:16,563 [INFO] Mcu:2016 - Initializing MCU STM32F303K8Tx STM32F303K8Tx STM32F303K8T6
2023-12-06 16:34:19,505 [INFO] Context:659 - Trying to add GPIOservice into a context  which must be forbidden
2023-12-06 16:34:21,229 [INFO] ImportTextPane:194 - (OptionalMessage_ERROR) Unable to find key (Mcu.ThirdPartyNb) in loaded IOC file
2023-12-06 16:34:21,230 [INFO] ImportTextPane:194 - (OptionalMessage_ERROR) Unable to find key (Mcu.PinsNb) in loaded IOC file
2023-12-06 16:34:21,230 [INFO] ImportTextPane:194 - (OptionalMessage_ERROR) Unable to find key (Mcu.IPNb) in loaded IOC file
2023-12-06 16:34:21,503 [INFO] RtosManager:555 - Registered RTOS mode: class=CMSIS, group=RTOS, mode=CMSIS_V1, owner=FREERTOS
2023-12-06 16:34:21,503 [INFO] RtosManager:555 - Registered RTOS mode: class=CMSIS, group=RTOS2, mode=CMSIS_V2, owner=FREERTOS
2023-12-06 16:34:21,503 [INFO] RtosManager:555 - Registered RTOS mode: class=RTOS, group=Core, mode=CMSIS_V1, owner=FREERTOS
2023-12-06 16:34:21,505 [INFO] RtosManager:555 - Registered RTOS mode: class=RTOS, group=Core, mode=CMSIS_V2, owner=FREERTOS
2023-12-06 16:34:21,506 [WARN] ModelIntegratedComponent:184 - Missing modes for component STMicroelectronics:FreeRTOS:0.0.1:STMicroelectronics:RTOS:FreeRTOS:Core:::10.2.0:
2023-12-06 16:34:21,596 [WARN] ModelIntegratedComponent:63 - No mode defined for component null
2023-12-06 16:34:21,596 [WARN] ModelIntegratedComponent:63 - No mode defined for component null
2023-12-06 16:34:21,598 [WARN] ModelIntegratedComponent:63 - No mode defined for component null
2023-12-06 16:34:21,599 [WARN] ModelIntegratedComponent:63 - No mode defined for component null
2023-12-06 16:34:21,600 [WARN] ModelIntegratedComponent:63 - No mode defined for component null
2023-12-06 16:34:21,634 [WARN] ModelIntegratedComponent:63 - No mode defined for component null
2023-12-06 16:34:21,693 [WARN] ModelIntegratedComponent:63 - No mode defined for component null
2023-12-06 16:34:21,696 [WARN] ModelIntegratedComponent:63 - No mode defined for component null
2023-12-06 16:34:21,700 [WARN] ModelIntegratedComponent:63 - No mode defined for component null
2023-12-06 16:34:21,700 [WARN] ModelIntegratedComponent:63 - No mode defined for component null
2023-12-06 16:34:21,700 [WARN] ModelIntegratedComponent:63 - No mode defined for component null
2023-12-06 16:34:21,700 [WARN] ModelIntegratedComponent:63 - No mode defined for component null
2023-12-06 16:34:21,701 [WARN] ModelIntegratedComponent:63 - No mode defined for component null
2023-12-06 16:34:21,701 [WARN] ModelIntegratedComponent:63 - No mode defined for component null
2023-12-06 16:34:21,702 [WARN] ModelIntegratedComponent:63 - No mode defined for component null
2023-12-06 16:34:21,703 [WARN] ModelIntegratedComponent:63 - No mode defined for component null
2023-12-06 16:34:21,703 [WARN] ModelIntegratedComponent:63 - No mode defined for component null
2023-12-06 16:34:21,704 [WARN] ModelIntegratedComponent:63 - No mode defined for component null
2023-12-06 16:34:21,704 [WARN] ModelIntegratedComponent:63 - No mode defined for component null
2023-12-06 16:34:21,704 [WARN] ModelIntegratedComponent:63 - No mode defined for component null
2023-12-06 16:34:21,704 [WARN] ModelIntegratedComponent:63 - No mode defined for component null
2023-12-06 16:34:21,704 [WARN] ModelIntegratedComponent:63 - No mode defined for component null
2023-12-06 16:34:21,704 [WARN] ModelIntegratedComponent:63 - No mode defined for component null
2023-12-06 16:34:21,704 [WARN] ModelIntegratedComponent:63 - No mode defined for component null
2023-12-06 16:34:21,705 [WARN] ModelIntegratedComponent:63 - No mode defined for component null
2023-12-06 16:34:21,705 [WARN] ModelIntegratedComponent:63 - No mode defined for component null
2023-12-06 16:34:21,705 [WARN] ModelIntegratedComponent:63 - No mode defined for component null
2023-12-06 16:34:21,706 [WARN] ModelIntegratedComponent:63 - No mode defined for component null
2023-12-06 16:34:21,706 [WARN] ModelIntegratedComponent:63 - No mode defined for component null
2023-12-06 16:34:21,707 [WARN] ModelIntegratedComponent:63 - No mode defined for component null
2023-12-06 16:34:21,707 [WARN] ModelIntegratedComponent:63 - No mode defined for component null
2023-12-06 16:34:21,708 [WARN] ModelIntegratedComponent:63 - No mode defined for component null
2023-12-06 16:34:21,709 [WARN] ModelIntegratedComponent:63 - No mode defined for component null
2023-12-06 16:34:22,445 [INFO] ThirdPartyModel:298 - Start build external matchings
2023-12-06 16:34:23,778 [INFO] ThirdPartyModel:316 - End build external matchings
2023-12-06 16:34:24,192 [INFO] UtilMem:75 - End LoadConfig() Used Memory: 575397384 Bytes (1032847360)
2023-12-06 16:34:24,235 [INFO] MicroXplorer:468 - Change Database Path : 
2023-12-06 16:34:24,235 [INFO] MicroXplorer:498 - Change Database Version : DB.6.0.100
2023-12-06 16:34:24,245 [WARN] ThirdParty:833 - waiting for thirdparty lock release [change project]
2023-12-06 16:34:24,245 [INFO] ThirdParty:835 - entering critical section [change project]
2023-12-06 16:34:24,245 [INFO] ThirdParty:1030 - CMSIS Pack Vendor :STMicroelectronics USBPD 4.1
2023-12-06 16:34:24,245 [INFO] ThirdParty:1030 - CMSIS Pack Vendor :STMicroelectronics X-CUBE-GNSS1 6.0.0
2023-12-06 16:34:24,245 [INFO] ThirdParty:1030 - CMSIS Pack Vendor :STMicroelectronics USB_HOST 2.0.0
2023-12-06 16:34:24,248 [INFO] ThirdParty:1030 - CMSIS Pack Vendor :STMicroelectronics X-CUBE-AZRTOS-F4 1.1.0
2023-12-06 16:34:24,248 [INFO] ThirdParty:1030 - CMSIS Pack Vendor :STMicroelectronics LIBJPEG 8.0.0
2023-12-06 16:34:24,248 [INFO] ThirdParty:1030 - CMSIS Pack Vendor :wolfSSL I-CUBE-wolfSSL 5.6.4
2023-12-06 16:34:24,248 [INFO] ThirdParty:1030 - CMSIS Pack Vendor :STMicroelectronics X-CUBE-SMBUS 2.1.0
2023-12-06 16:34:24,248 [INFO] ThirdParty:1030 - CMSIS Pack Vendor :STMicroelectronics USB_DEVICE 3.0.0
2023-12-06 16:34:24,248 [INFO] ThirdParty:1030 - CMSIS Pack Vendor :STMicroelectronics X-CUBE-AZRTOS-WB 2.0.0
2023-12-06 16:34:24,248 [INFO] ThirdParty:1030 - CMSIS Pack Vendor :STMicroelectronics X-CUBE-AZRTOS-F7 1.1.0
2023-12-06 16:34:24,249 [INFO] ThirdParty:1030 - CMSIS Pack Vendor :STMicroelectronics X-CUBE-AZRTOS-L5 2.0.0
2023-12-06 16:34:24,249 [INFO] ThirdParty:1030 - CMSIS Pack Vendor :STMicroelectronics USB_DEVICE 2.0.0
2023-12-06 16:34:24,249 [INFO] ThirdParty:1030 - CMSIS Pack Vendor :STMicroelectronics X-CUBE-EEPRMA1 4.2.0
2023-12-06 16:34:24,249 [INFO] ThirdParty:1030 - CMSIS Pack Vendor :ITTIA_DB I-CUBE-ITTIADB 8.8.0
2023-12-06 16:34:24,249 [INFO] ThirdParty:1030 - CMSIS Pack Vendor :STMicroelectronics FP-SNS-MOTENV1 4.3.2
2023-12-06 16:34:24,249 [INFO] ThirdParty:1030 - CMSIS Pack Vendor :STMicroelectronics X-CUBE-ALGOBUILD 1.3.0
2023-12-06 16:34:24,250 [INFO] ThirdParty:1030 - CMSIS Pack Vendor :STMicroelectronics FreeRTOS 0.0.1
2023-12-06 16:34:24,250 [INFO] ThirdParty:1030 - CMSIS Pack Vendor :STMicroelectronics X-CUBE-AZRTOS-G0 1.1.0
2023-12-06 16:34:24,250 [INFO] ThirdParty:1030 - CMSIS Pack Vendor :STMicroelectronics X-CUBE-NFC4 3.0.0
2023-12-06 16:34:24,250 [INFO] ThirdParty:1030 - CMSIS Pack Vendor :STMicroelectronics X-CUBE-SUBG2 5.0.0
2023-12-06 16:34:24,250 [INFO] ThirdParty:1030 - CMSIS Pack Vendor :STMicroelectronics STM32_WPAN 1.0.0
2023-12-06 16:34:24,250 [INFO] ThirdParty:1030 - CMSIS Pack Vendor :STMicroelectronics lwIP 2.0.3
2023-12-06 16:34:24,250 [INFO] ThirdParty:1030 - CMSIS Pack Vendor :STMicroelectronics FP-SNS-FLIGHT1 5.0.2
2023-12-06 16:34:24,251 [INFO] ThirdParty:1030 - CMSIS Pack Vendor :STMicroelectronics USB_HOST 1.0.0
2023-12-06 16:34:24,251 [INFO] ThirdParty:1030 - CMSIS Pack Vendor :STMicroelectronics X-CUBE-AZRTOS-G4 2.0.0
2023-12-06 16:34:24,252 [INFO] ThirdParty:1030 - CMSIS Pack Vendor :STMicroelectronics PDM2PCM 3.1.0
2023-12-06 16:34:24,252 [INFO] ThirdParty:1030 - CMSIS Pack Vendor :Infineon AIROC-Wi-Fi-Bluetooth-STM32 1.5.1
2023-12-06 16:34:24,253 [INFO] ThirdParty:1030 - CMSIS Pack Vendor :STMicroelectronics X-CUBE-BLEMGR 3.0.0
2023-12-06 16:34:24,253 [INFO] ThirdParty:1030 - CMSIS Pack Vendor :STMicroelectronics PDM2PCM 3.3.0
2023-12-06 16:34:24,253 [INFO] ThirdParty:1030 - CMSIS Pack Vendor :STMicroelectronics X-CUBE-DISPLAY 3.0.0
2023-12-06 16:34:24,254 [INFO] ThirdParty:1030 - CMSIS Pack Vendor :STMicroelectronics FP-SNS-MOTENVWB1 1.3.1
2023-12-06 16:34:24,254 [INFO] ThirdParty:1030 - CMSIS Pack Vendor :STMicroelectronics X-CUBE-BLE1 7.0.0
2023-12-06 16:34:24,254 [INFO] ThirdParty:1030 - CMSIS Pack Vendor :STMicroelectronics FP-ATR-SIGFOX1 3.2.0
2023-12-06 16:34:24,255 [INFO] ThirdParty:1030 - CMSIS Pack Vendor :STMicroelectronics X-CUBE-ISPU 2.0.0
2023-12-06 16:34:24,255 [INFO] ThirdParty:1030 - CMSIS Pack Vendor :STMicroelectronics HAL Drivers 0.0.0
2023-12-06 16:34:24,255 [INFO] ThirdParty:1030 - CMSIS Pack Vendor :STMicroelectronics MBEDTLS 2.16.2
2023-12-06 16:34:24,255 [INFO] ThirdParty:1030 - CMSIS Pack Vendor :emotas I-CUBE-CANOPEN 1.3.0
2023-12-06 16:34:24,255 [INFO] ThirdParty:1030 - CMSIS Pack Vendor :STMicroelectronics X-CUBE-MEMS1 10.0.0
2023-12-06 16:34:24,256 [INFO] ThirdParty:1030 - CMSIS Pack Vendor :STMicroelectronics X-CUBE-FREERTOS 1.1.0
2023-12-06 16:34:24,256 [INFO] ThirdParty:1030 - CMSIS Pack Vendor :STMicroelectronics X-CUBE-NFC7 1.0.1
2023-12-06 16:34:24,256 [INFO] ThirdParty:1030 - CMSIS Pack Vendor :STMicroelectronics MBEDTLS 2.14.1
2023-12-06 16:34:24,259 [INFO] ThirdParty:1030 - CMSIS Pack Vendor :STMicroelectronics X-CUBE-TOUCHGFX 4.22.1
2023-12-06 16:34:24,259 [INFO] ThirdParty:1030 - CMSIS Pack Vendor :STMicroelectronics X-CUBE-NFC6 3.0.0
2023-12-06 16:34:24,259 [INFO] ThirdParty:1030 - CMSIS Pack Vendor :STMicroelectronics X-CUBE-ALS 1.0.1
2023-12-06 16:34:24,259 [INFO] ThirdParty:1030 - CMSIS Pack Vendor :STMicroelectronics ThreadX 1.0.0
2023-12-06 16:34:24,260 [INFO] ThirdParty:1030 - CMSIS Pack Vendor :STMicroelectronics FP-SNS-SMARTAG2 1.2.0
2023-12-06 16:34:24,260 [INFO] ThirdParty:1030 - CMSIS Pack Vendor :STMicroelectronics X-CUBE-AZRTOS-WL 2.0.0
2023-12-06 16:34:24,260 [INFO] ThirdParty:1030 - CMSIS Pack Vendor :STMicroelectronics USB_DEVICE 1.0.0
2023-12-06 16:34:24,260 [INFO] ThirdParty:1030 - CMSIS Pack Vendor :STMicroelectronics X-CUBE-AI 8.1.0
2023-12-06 16:34:24,260 [INFO] ThirdParty:1030 - CMSIS Pack Vendor :STMicroelectronics X-CUBE-AZRTOS-L4 2.0.0
2023-12-06 16:34:24,261 [INFO] ThirdParty:1030 - CMSIS Pack Vendor :STMicroelectronics ThreadX 0.0.2
2023-12-06 16:34:24,262 [INFO] ThirdParty:1030 - CMSIS Pack Vendor :WES I-CUBE-Cesium 1.3.0
2023-12-06 16:34:24,265 [INFO] ThirdParty:1030 - CMSIS Pack Vendor :STMicroelectronics FP-ATR-ASTRA1 2.0.0
2023-12-06 16:34:24,265 [INFO] ThirdParty:1030 - CMSIS Pack Vendor :STMicroelectronics lwIP 2.1.2
2023-12-06 16:34:24,265 [INFO] ThirdParty:1030 - CMSIS Pack Vendor :STMicroelectronics X-CUBE-SFXS2LP1 4.0.0
2023-12-06 16:34:24,265 [INFO] ThirdParty:1030 - CMSIS Pack Vendor :STMicroelectronics X-CUBE-BLE2 3.3.0
2023-12-06 16:34:24,265 [INFO] ThirdParty:1030 - CMSIS Pack Vendor :STMicroelectronics X-CUBE-TOF1 3.4.0
2023-12-06 16:34:24,265 [INFO] ThirdParty:1030 - CMSIS Pack Vendor :STMicroelectronics X-CUBE-AZRTOS-H7 3.2.0
2023-12-06 16:34:24,266 [INFO] ThirdParty:1030 - CMSIS Pack Vendor :STMicroelectronics PDM2PCM 3.2.0
2023-12-06 16:34:24,266 [INFO] ThirdParty:841 - exiting critical section [change project]
2023-12-06 16:34:25,016 [INFO] PinOutPanel:1499 - setPackage(No Configuration,No Configuration)
2023-12-06 16:34:25,018 [INFO] PinOutPanel:1499 - setPackage(STM32F303K8Tx,LQFP32)
2023-12-06 16:34:27,790 [INFO] UtilMem:75 - Before build in PCC Used Memory: 781932400 Bytes (1032847360)
2023-12-06 16:34:29,428 [INFO] UtilMem:75 - After build in PCC Used Memory: 850616176 Bytes (1032847360)
2023-12-06 16:34:29,499 [INFO] IPUIPlugin:80 - create IPUIPlugin
2023-12-06 16:34:29,499 [INFO] IPUIPlugin:80 - create IPUIPlugin
2023-12-06 16:34:29,499 [INFO] IPUIPlugin:80 - create IPUIPlugin
2023-12-06 16:34:29,500 [INFO] IPUIPlugin:80 - create IPUIPlugin
2023-12-06 16:34:29,500 [INFO] IPUIPlugin:80 - create IPUIPlugin
2023-12-06 16:34:29,500 [INFO] IPUIPlugin:80 - create IPUIPlugin
2023-12-06 16:34:29,501 [INFO] IPUIPlugin:80 - create IPUIPlugin
2023-12-06 16:34:29,502 [INFO] IPUIPlugin:80 - create IPUIPlugin
2023-12-06 16:34:29,502 [INFO] IPUIPlugin:80 - create IPUIPlugin
2023-12-06 16:34:29,503 [INFO] IPUIPlugin:80 - create IPUIPlugin
2023-12-06 16:34:29,503 [INFO] IPUIPlugin:80 - create IPUIPlugin
2023-12-06 16:34:29,503 [INFO] IPUIPlugin:80 - create IPUIPlugin
2023-12-06 16:34:29,503 [INFO] IPUIPlugin:80 - create IPUIPlugin
2023-12-06 16:34:29,505 [INFO] IPUIPlugin:80 - create IPUIPlugin
2023-12-06 16:34:29,506 [INFO] IPUIPlugin:80 - create IPUIPlugin
2023-12-06 16:34:29,506 [INFO] IPUIPlugin:80 - create IPUIPlugin
2023-12-06 16:34:29,507 [INFO] IPUIPlugin:80 - create IPUIPlugin
2023-12-06 16:34:29,507 [INFO] IPUIPlugin:80 - create IPUIPlugin
2023-12-06 16:34:29,508 [INFO] IPUIPlugin:80 - create IPUIPlugin
2023-12-06 16:34:29,508 [INFO] IPUIPlugin:80 - create IPUIPlugin
2023-12-06 16:34:29,509 [INFO] IPUIPlugin:80 - create IPUIPlugin
2023-12-06 16:34:29,510 [INFO] IPUIPlugin:80 - create IPUIPlugin
2023-12-06 16:34:29,510 [INFO] IPUIPlugin:80 - create IPUIPlugin
2023-12-06 16:34:29,512 [INFO] IPUIPlugin:80 - create IPUIPlugin
2023-12-06 16:34:29,512 [INFO] IPUIPlugin:80 - create IPUIPlugin
2023-12-06 16:34:29,513 [INFO] IPUIPlugin:80 - create IPUIPlugin
2023-12-06 16:34:29,513 [INFO] IPUIPlugin:80 - create IPUIPlugin
2023-12-06 16:34:29,514 [INFO] IPUIPlugin:80 - create IPUIPlugin
2023-12-06 16:34:29,515 [INFO] IPUIPlugin:80 - create IPUIPlugin
2023-12-06 16:34:29,515 [INFO] IPUIPlugin:80 - create IPUIPlugin
2023-12-06 16:34:29,516 [INFO] IPUIPlugin:80 - create IPUIPlugin
2023-12-06 16:34:29,518 [INFO] IPUIPlugin:80 - create IPUIPlugin
2023-12-06 16:34:29,518 [INFO] IPUIPlugin:80 - create IPUIPlugin
2023-12-06 16:34:29,520 [INFO] IPUIPlugin:80 - create IPUIPlugin
2023-12-06 16:34:29,878 [INFO] CADModel:165 - CPN selected for project levelSTM32F303K8T6
2023-12-06 16:34:29,880 [INFO] CADModel:114 - Register for checkConnection events
2023-12-06 16:34:29,946 [INFO] OpenFileManager:343 - Restore cursor
2023-12-06 16:34:32,542 [INFO] UtilMem:75 - End SaveConfig() Used Memory: 579723944 Bytes (1032847360)
2023-12-06 16:35:11,225 [INFO] McuFinderGlobals:76 - Set McuFinderConnectedMode to true
2023-12-06 16:35:11,285 [INFO] ApiDb:448 - Save user favorites file C:\Users\QUDUS/.stm32cubeide/favorites.mcus.txt: 0 item(s)
2023-12-06 16:35:11,286 [INFO] ApiDb:452 - User favorites MCUs=[]
2023-12-06 17:35:11,664 [INFO] UtilMem:75 - End SaveConfig() Used Memory: 279471312 Bytes (681574400)
2023-12-06 17:35:24,741 [ERROR] LogOutputStream:75 - [STDERR_REDIRECT] 
2023-12-06 17:35:24,743 [ERROR] LogOutputStream:75 - [STDERR_REDIRECT] 
