2023-12-23 14:30:36,149 [ERROR] LogOutputStream:75 - [STDERR_REDIRECT] 
2023-12-23 20:04:17,903 [INFO] Activator:176 - 


2023-12-23 20:04:17,907 [INFO] Activator:177 - !SESSION log4j initialized
2023-12-23 20:04:29,156 [INFO] LogOutputStream:77 - [STDOUT_REDIRECT] 
2023-12-23 20:04:32,728 [INFO] ApplicationProperties:184 - Using Application install path: C:\ST\STM32CubeIDE_1.14.0\STM32CubeIDE\plugins\com.st.stm32cube.common.mx_6.10.0.202311202037
2023-12-23 20:04:32,757 [INFO] DbMcusXml:78 - Set database path to: C:\ST\STM32CubeIDE_1.14.0\STM32CubeIDE\plugins\com.st.stm32cube.common.mx_6.10.0.202311202037\\db\/mcu/
2023-12-23 20:04:32,758 [INFO] ApiDb:274 - Set plugin database path to: C:\ST\STM32CubeIDE_1.14.0\STM32CubeIDE\plugins\com.st.stm32cube.common.mx_6.10.0.202311202037\\db\/plugins/boardmanager/
2023-12-23 20:04:32,758 [WARN] ApiDb:259 - Overriding images path with different value:  => C:\ST\STM32CubeIDE_1.14.0\STM32CubeIDE\plugins\com.st.stm32cube.common.mx_6.10.0.202311202037\\db\/plugins/mcufinder/images/
2023-12-23 20:04:32,771 [INFO] ApiDb:250 - Set database path to: C:\Users\QUDUS\.stmcufinder\plugins\mcufinder//mcu/
2023-12-23 20:04:32,773 [INFO] DbMcusAds:125 - Set database path to: C:\Users\QUDUS\.stmcufinder\plugins\mcufinder//mcu/
2023-12-23 20:04:32,777 [INFO] CrossReferenceDbSqlite:203 - Set database path to: C:\Users\QUDUS\.stmcufinder\plugins\mcufinder//mcu/cs/
2023-12-23 20:04:33,013 [INFO] RulesReader:64 - Compatibility file has been processed (297 Rules)
2023-12-23 20:04:33,204 [INFO] DbMcusXml:78 - Set database path to: C:\ST\STM32CubeIDE_1.14.0\STM32CubeIDE\plugins\com.st.stm32cube.common.mx_6.10.0.202311202037\\db\/mcu/
2023-12-23 20:04:33,204 [INFO] ApiDb:274 - Set plugin database path to: C:\ST\STM32CubeIDE_1.14.0\STM32CubeIDE\plugins\com.st.stm32cube.common.mx_6.10.0.202311202037\\db\/plugins/boardmanager/
2023-12-23 20:04:33,205 [INFO] ApiDb:261 - Set plugin images path to: C:\ST\STM32CubeIDE_1.14.0\STM32CubeIDE\plugins\com.st.stm32cube.common.mx_6.10.0.202311202037\\db\/plugins/mcufinder/images/
2023-12-23 20:04:33,205 [WARN] DbFile:41 - Overriding database path with different value: C:\Users\QUDUS\.stmcufinder\plugins\mcufinder/ => C:\Users\QUDUS\.stmcufinder\plugins\mcufinder
2023-12-23 20:04:33,205 [INFO] ApiDb:250 - Set database path to: C:\Users\QUDUS\.stmcufinder\plugins\mcufinder//mcu/
2023-12-23 20:04:33,205 [WARN] DbFile:41 - Overriding database path with different value: C:\Users\QUDUS\.stmcufinder\plugins\mcufinder/ => C:\Users\QUDUS\.stmcufinder\plugins\mcufinder
2023-12-23 20:04:33,206 [INFO] DbMcusAds:125 - Set database path to: C:\Users\QUDUS\.stmcufinder\plugins\mcufinder//mcu/
2023-12-23 20:04:33,206 [WARN] DbFile:41 - Overriding database path with different value: C:\Users\QUDUS\.stmcufinder\plugins\mcufinder/ => C:\Users\QUDUS\.stmcufinder\plugins\mcufinder
2023-12-23 20:04:33,206 [WARN] DbFile:41 - Overriding database path with different value: C:\Users\QUDUS\.stmcufinder\plugins\mcufinder/ => C:\Users\QUDUS\.stmcufinder\plugins\mcufinder
2023-12-23 20:04:33,206 [INFO] CrossReferenceDbSqlite:203 - Set database path to: C:\Users\QUDUS\.stmcufinder\plugins\mcufinder//mcu/cs/
2023-12-23 20:04:33,390 [INFO] MainPanel:264 - HeapMemory: 268435456
2023-12-23 20:04:33,581 [INFO] DbMcusXml:78 - Set database path to: C:\ST\STM32CubeIDE_1.14.0\STM32CubeIDE\plugins\com.st.stm32cube.common.mx_6.10.0.202311202037\\db\/mcu/
2023-12-23 20:04:33,581 [INFO] ApiDb:274 - Set plugin database path to: C:\ST\STM32CubeIDE_1.14.0\STM32CubeIDE\plugins\com.st.stm32cube.common.mx_6.10.0.202311202037\\db\/plugins/boardmanager/
2023-12-23 20:04:33,581 [INFO] ApiDb:261 - Set plugin images path to: C:\ST\STM32CubeIDE_1.14.0\STM32CubeIDE\plugins\com.st.stm32cube.common.mx_6.10.0.202311202037\\db\/plugins/mcufinder/images/
2023-12-23 20:04:33,583 [WARN] DbFile:41 - Overriding database path with different value: C:\Users\QUDUS\.stmcufinder\plugins\mcufinder/ => C:\Users\QUDUS\.stmcufinder\plugins\mcufinder
2023-12-23 20:04:33,583 [INFO] ApiDb:250 - Set database path to: C:\Users\QUDUS\.stmcufinder\plugins\mcufinder//mcu/
2023-12-23 20:04:33,583 [WARN] DbFile:41 - Overriding database path with different value: C:\Users\QUDUS\.stmcufinder\plugins\mcufinder/ => C:\Users\QUDUS\.stmcufinder\plugins\mcufinder
2023-12-23 20:04:33,583 [INFO] DbMcusAds:125 - Set database path to: C:\Users\QUDUS\.stmcufinder\plugins\mcufinder//mcu/
2023-12-23 20:04:33,583 [WARN] DbFile:41 - Overriding database path with different value: C:\Users\QUDUS\.stmcufinder\plugins\mcufinder/ => C:\Users\QUDUS\.stmcufinder\plugins\mcufinder
2023-12-23 20:04:33,583 [WARN] DbFile:41 - Overriding database path with different value: C:\Users\QUDUS\.stmcufinder\plugins\mcufinder/ => C:\Users\QUDUS\.stmcufinder\plugins\mcufinder
2023-12-23 20:04:33,583 [INFO] CrossReferenceDbSqlite:203 - Set database path to: C:\Users\QUDUS\.stmcufinder\plugins\mcufinder//mcu/cs/
2023-12-23 20:04:33,619 [INFO] ApplicationProperties:184 - Using Application install path: C:\ST\STM32CubeIDE_1.14.0\STM32CubeIDE\plugins\com.st.stm32cube.common.mx_6.10.0.202311202037
2023-12-23 20:04:33,622 [INFO] PluginManage:196 - Search for loadable plugins [exclusion list=, ]
2023-12-23 20:04:33,624 [INFO] PluginManage:310 - Check plugin analytics
2023-12-23 20:04:33,987 [INFO] AnalyticsPlugin:253 - Accepted Software Licenses: 
2023-12-23 20:04:33,987 [INFO] AnalyticsPlugin:255 - Accepted CMSIS Pack Licenses: 
2023-12-23 20:04:33,988 [INFO] AnalyticsPlugin:257 - Accepted Firmware Licenses: 
2023-12-23 20:04:33,993 [INFO] PluginManage:359 - Loaded plugin analytics (category:tool,tabindex:-1)
2023-12-23 20:04:33,993 [INFO] PluginManage:310 - Check plugin cadmodel
2023-12-23 20:04:34,022 [INFO] CADModel:105 - Init CAD model plugin
2023-12-23 20:04:34,022 [INFO] PluginManage:359 - Loaded plugin cadmodel (category:power,tabindex:5)
2023-12-23 20:04:34,023 [INFO] PluginManage:310 - Check plugin clock
2023-12-23 20:04:34,061 [INFO] PluginManage:359 - Loaded plugin clock (category:base,tabindex:2)
2023-12-23 20:04:34,062 [INFO] PluginManage:310 - Check plugin ddr
2023-12-23 20:04:34,067 [INFO] PluginManage:359 - Loaded plugin ddr (category:tool,tabindex:6)
2023-12-23 20:04:34,067 [INFO] PluginManage:310 - Check plugin filemanager
2023-12-23 20:04:34,325 [INFO] PluginManage:359 - Loaded plugin filemanager (category:base,tabindex:10)
2023-12-23 20:04:34,325 [INFO] PluginManage:310 - Check plugin ipmanager
2023-12-23 20:04:34,338 [INFO] PluginManage:359 - Loaded plugin ipmanager (category:base,tabindex:5)
2023-12-23 20:04:34,338 [INFO] PluginManage:310 - Check plugin lpbam
2023-12-23 20:04:34,366 [INFO] PluginManage:359 - Loaded plugin lpbam (category:base,tabindex:0)
2023-12-23 20:04:34,366 [INFO] PluginManage:310 - Check plugin memorymap
2023-12-23 20:04:34,404 [INFO] PluginManage:359 - Loaded plugin memorymap (category:base,tabindex:4)
2023-12-23 20:04:34,404 [INFO] PluginManage:310 - Check plugin pinoutandconfiguration
2023-12-23 20:04:34,429 [INFO] PluginManage:359 - Loaded plugin pinoutandconfiguration (category:base,tabindex:1)
2023-12-23 20:04:34,429 [INFO] PluginManage:310 - Check plugin pinoutconfig
2023-12-23 20:04:34,613 [WARN] SupportedApi:132 - Cannot load RTOS API schema: s4s-elt-must-match.1: The content of 'definitions' must match (annotation?, (simpleType | complexType)?, (unique | key | keyref)*)). A problem was found starting at: attribute.
2023-12-23 20:04:34,854 [INFO] PluginManage:359 - Loaded plugin pinoutconfig (category:base,tabindex:0)
2023-12-23 20:04:34,855 [INFO] PluginManage:310 - Check plugin power
2023-12-23 20:04:34,892 [INFO] PluginManage:359 - Loaded plugin power (category:power,tabindex:4)
2023-12-23 20:04:34,892 [INFO] PluginManage:310 - Check plugin projectmanager
2023-12-23 20:04:34,924 [INFO] PluginManage:359 - Loaded plugin projectmanager (category:projectmanager,tabindex:3)
2023-12-23 20:04:34,925 [INFO] PluginManage:310 - Check plugin thirdparty
2023-12-23 20:04:35,365 [INFO] PluginManage:359 - Loaded plugin thirdparty (category:base,tabindex:-1)
2023-12-23 20:04:35,365 [WARN] IntegrityCheckThread:84 - waiting for thirdparty lock release [integrity check]
2023-12-23 20:04:35,366 [INFO] PluginManage:310 - Check plugin tools
2023-12-23 20:04:35,366 [INFO] IntegrityCheckThread:86 - entering critical section [integrity check]
2023-12-23 20:04:35,367 [INFO] ThirdPartyUpdaterWithRetryManager:70 - Updater plugin not ready yet. [1/15]
2023-12-23 20:04:35,417 [INFO] PluginManage:359 - Loaded plugin tools (category:base,tabindex:7)
2023-12-23 20:04:35,417 [INFO] PluginManage:310 - Check plugin tutovideos
2023-12-23 20:04:35,717 [INFO] PluginManage:359 - Loaded plugin tutovideos (category:base,tabindex:-1)
2023-12-23 20:04:35,717 [INFO] PluginManage:310 - Check plugin updater
2023-12-23 20:04:35,733 [INFO] PluginManage:359 - Loaded plugin updater (category:base,tabindex:12)
2023-12-23 20:04:35,733 [INFO] PluginManage:310 - Check plugin userauth
2023-12-23 20:04:35,741 [INFO] UserAuth:114 - Init User Auth plugin
2023-12-23 20:04:35,741 [INFO] PluginManage:359 - Loaded plugin userauth (category:base,tabindex:14)
2023-12-23 20:04:35,742 [INFO] PluginManage:283 - PluginManage : Loaded plugins [17]
2023-12-23 20:04:36,069 [INFO] PinOutPanel:1499 - setPackage(No Configuration,No Configuration)
2023-12-23 20:04:36,183 [INFO] CADModel:165 - CPN selected for project level
2023-12-23 20:04:36,184 [INFO] CADModel:114 - Register for checkConnection events
2023-12-23 20:04:36,221 [INFO] IPUIPlugin:80 - create IPUIPlugin
2023-12-23 20:04:36,221 [INFO] PluginManager:220 - loadIPPluginJar : add adc
2023-12-23 20:04:36,278 [INFO] IPUIPlugin:80 - create IPUIPlugin
2023-12-23 20:04:36,278 [INFO] PluginManager:220 - loadIPPluginJar : add aes
2023-12-23 20:04:36,341 [INFO] IPUIPlugin:80 - create IPUIPlugin
2023-12-23 20:04:36,341 [INFO] PluginManager:220 - loadIPPluginJar : add can
2023-12-23 20:04:36,373 [INFO] IPUIPlugin:80 - create IPUIPlugin
2023-12-23 20:04:36,373 [INFO] PluginManager:220 - loadIPPluginJar : add comp
2023-12-23 20:04:36,418 [INFO] IPUIPlugin:80 - create IPUIPlugin
2023-12-23 20:04:36,419 [INFO] PluginManager:220 - loadIPPluginJar : add cryp
2023-12-23 20:04:36,474 [INFO] IPUIPlugin:80 - create IPUIPlugin
2023-12-23 20:04:36,475 [INFO] PluginManager:220 - loadIPPluginJar : add dfsdm
2023-12-23 20:04:36,501 [INFO] IPUIPlugin:80 - create IPUIPlugin
2023-12-23 20:04:36,502 [INFO] PluginManager:220 - loadIPPluginJar : add dma
2023-12-23 20:04:36,594 [INFO] IPUIPlugin:80 - create IPUIPlugin
2023-12-23 20:04:36,594 [INFO] PluginManager:220 - loadIPPluginJar : add dma3
2023-12-23 20:04:36,632 [INFO] IPUIPlugin:80 - create IPUIPlugin
2023-12-23 20:04:36,632 [INFO] PluginManager:220 - loadIPPluginJar : add fatfs
2023-12-23 20:04:36,718 [INFO] IPUIPlugin:80 - create IPUIPlugin
2023-12-23 20:04:36,718 [INFO] PluginManager:220 - loadIPPluginJar : add fmc
2023-12-23 20:04:36,761 [INFO] IPUIPlugin:80 - create IPUIPlugin
2023-12-23 20:04:36,763 [INFO] PluginManager:220 - loadIPPluginJar : add freertos
2023-12-23 20:04:36,815 [INFO] IPUIPlugin:80 - create IPUIPlugin
2023-12-23 20:04:36,815 [INFO] PluginManager:220 - loadIPPluginJar : add genericplugin
2023-12-23 20:04:37,017 [INFO] IPUIPlugin:80 - create IPUIPlugin
2023-12-23 20:04:37,017 [INFO] PluginManager:220 - loadIPPluginJar : add gfxmmu
2023-12-23 20:04:37,285 [INFO] IPUIPlugin:80 - create IPUIPlugin
2023-12-23 20:04:37,286 [INFO] PluginManager:220 - loadIPPluginJar : add gic
2023-12-23 20:04:37,320 [INFO] IPUIPlugin:80 - create IPUIPlugin
2023-12-23 20:04:37,320 [INFO] PluginManager:220 - loadIPPluginJar : add gpio
2023-12-23 20:04:37,662 [INFO] IPUIPlugin:80 - create IPUIPlugin
2023-12-23 20:04:37,662 [INFO] PluginManager:220 - loadIPPluginJar : add gtzc
2023-12-23 20:04:37,767 [INFO] IPUIPlugin:80 - create IPUIPlugin
2023-12-23 20:04:37,767 [INFO] PluginManager:220 - loadIPPluginJar : add hash
2023-12-23 20:04:37,869 [INFO] IPUIPlugin:80 - create IPUIPlugin
2023-12-23 20:04:37,870 [INFO] PluginManager:220 - loadIPPluginJar : add i2c
2023-12-23 20:04:37,934 [INFO] IPUIPlugin:80 - create IPUIPlugin
2023-12-23 20:04:37,934 [INFO] PluginManager:220 - loadIPPluginJar : add i2s
2023-12-23 20:04:37,997 [INFO] IPUIPlugin:80 - create IPUIPlugin
2023-12-23 20:04:37,997 [INFO] PluginManager:220 - loadIPPluginJar : add i3c
2023-12-23 20:04:38,191 [INFO] IPUIPlugin:80 - create IPUIPlugin
2023-12-23 20:04:38,192 [INFO] PluginManager:220 - loadIPPluginJar : add ipddr
2023-12-23 20:04:38,334 [INFO] IPUIPlugin:80 - create IPUIPlugin
2023-12-23 20:04:38,334 [INFO] PluginManager:220 - loadIPPluginJar : add linkedlist
2023-12-23 20:04:38,372 [INFO] ThirdPartyUpdaterWithRetryManager:70 - Updater plugin not ready yet. [2/15]
2023-12-23 20:04:38,475 [INFO] IPUIPlugin:80 - create IPUIPlugin
2023-12-23 20:04:38,475 [INFO] PluginManager:220 - loadIPPluginJar : add lorawan
2023-12-23 20:04:38,538 [INFO] IPUIPlugin:80 - create IPUIPlugin
2023-12-23 20:04:38,539 [INFO] PluginManager:220 - loadIPPluginJar : add ltdc
2023-12-23 20:04:38,559 [INFO] IPUIPlugin:80 - create IPUIPlugin
2023-12-23 20:04:38,560 [INFO] PluginManager:220 - loadIPPluginJar : add mdma
2023-12-23 20:04:38,577 [INFO] IPUIPlugin:80 - create IPUIPlugin
2023-12-23 20:04:38,578 [INFO] PluginManager:220 - loadIPPluginJar : add nvic
2023-12-23 20:04:38,633 [INFO] IPUIPlugin:80 - create IPUIPlugin
2023-12-23 20:04:38,633 [INFO] PluginManager:220 - loadIPPluginJar : add opamp
2023-12-23 20:04:38,739 [INFO] IPUIPlugin:80 - create IPUIPlugin
2023-12-23 20:04:38,739 [INFO] PluginManager:220 - loadIPPluginJar : add openamp
2023-12-23 20:04:38,819 [INFO] IPUIPlugin:80 - create IPUIPlugin
2023-12-23 20:04:38,819 [INFO] PluginManager:220 - loadIPPluginJar : add pdm2pcm
2023-12-23 20:04:38,844 [INFO] IPUIPlugin:80 - create IPUIPlugin
2023-12-23 20:04:38,849 [INFO] PluginManager:220 - loadIPPluginJar : add plateformsettings
2023-12-23 20:04:38,888 [INFO] IPUIPlugin:80 - create IPUIPlugin
2023-12-23 20:04:38,888 [INFO] PluginManager:220 - loadIPPluginJar : add quadspi
2023-12-23 20:04:38,911 [INFO] IPUIPlugin:80 - create IPUIPlugin
2023-12-23 20:04:38,911 [INFO] PluginManager:220 - loadIPPluginJar : add resmgrutility
2023-12-23 20:04:39,001 [INFO] IPUIPlugin:80 - create IPUIPlugin
2023-12-23 20:04:39,001 [INFO] PluginManager:220 - loadIPPluginJar : add sai
2023-12-23 20:04:39,060 [INFO] IPUIPlugin:80 - create IPUIPlugin
2023-12-23 20:04:39,060 [INFO] PluginManager:220 - loadIPPluginJar : add spi
2023-12-23 20:04:39,165 [INFO] IPUIPlugin:80 - create IPUIPlugin
2023-12-23 20:04:39,165 [INFO] PluginManager:220 - loadIPPluginJar : add stm32_wpan
2023-12-23 20:04:39,199 [INFO] IPUIPlugin:80 - create IPUIPlugin
2023-12-23 20:04:39,199 [INFO] PluginManager:220 - loadIPPluginJar : add tim
2023-12-23 20:04:39,284 [INFO] IPUIPlugin:80 - create IPUIPlugin
2023-12-23 20:04:39,284 [INFO] PluginManager:220 - loadIPPluginJar : add touchsensing
2023-12-23 20:04:39,317 [INFO] IPUIPlugin:80 - create IPUIPlugin
2023-12-23 20:04:39,317 [INFO] PluginManager:220 - loadIPPluginJar : add tracer_emb
2023-12-23 20:04:39,351 [INFO] IPUIPlugin:80 - create IPUIPlugin
2023-12-23 20:04:39,351 [INFO] PluginManager:220 - loadIPPluginJar : add ts
2023-12-23 20:04:39,382 [INFO] IPUIPlugin:80 - create IPUIPlugin
2023-12-23 20:04:39,382 [INFO] PluginManager:220 - loadIPPluginJar : add tsc
2023-12-23 20:04:39,418 [INFO] IPUIPlugin:80 - create IPUIPlugin
2023-12-23 20:04:39,419 [INFO] PluginManager:220 - loadIPPluginJar : add ucpd
2023-12-23 20:04:39,487 [INFO] IPUIPlugin:80 - create IPUIPlugin
2023-12-23 20:04:39,487 [INFO] PluginManager:220 - loadIPPluginJar : add usart
2023-12-23 20:04:39,550 [INFO] IPUIPlugin:80 - create IPUIPlugin
2023-12-23 20:04:39,550 [INFO] PluginManager:220 - loadIPPluginJar : add usbx
2023-12-23 20:04:39,703 [INFO] CADModel:165 - CPN selected for project level
2023-12-23 20:04:39,703 [INFO] CADModel:114 - Register for checkConnection events
2023-12-23 20:04:39,703 [FATAL] Updater:308 - Updater called before beeing initialized
2023-12-23 20:04:39,703 [ERROR] CADModel:125 - Updater not yet initialized, retry later 
2023-12-23 20:04:39,918 [INFO] CADModel:165 - CPN selected for project level
2023-12-23 20:04:39,918 [INFO] CADModel:114 - Register for checkConnection events
2023-12-23 20:04:39,918 [FATAL] Updater:308 - Updater called before beeing initialized
2023-12-23 20:04:39,918 [ERROR] CADModel:125 - Updater not yet initialized, retry later 
2023-12-23 20:04:39,923 [FATAL] Updater:308 - Updater called before beeing initialized
2023-12-23 20:04:40,130 [FATAL] Updater:308 - Updater called before beeing initialized
2023-12-23 20:04:40,151 [INFO] DbMcusAds:53 - JSON generation date=Wed Nov 29 11:52:27 CET 2023 (1701255147349)
2023-12-23 20:04:40,151 [FATAL] Updater:308 - Updater called before beeing initialized
2023-12-23 20:04:40,273 [WARN] DetailPanel:346 - Failed to get advertising image, set to default
2023-12-23 20:04:40,416 [FATAL] Updater:308 - Updater called before beeing initialized
2023-12-23 20:04:40,419 [FATAL] Updater:308 - Updater called before beeing initialized
2023-12-23 20:04:40,419 [FATAL] Updater:308 - Updater called before beeing initialized
2023-12-23 20:04:40,419 [WARN] DetailPanel:346 - Failed to get advertising image, set to default
2023-12-23 20:04:40,420 [FATAL] Updater:308 - Updater called before beeing initialized
2023-12-23 20:04:40,538 [ERROR] Updater:1120 - MainUpdater not yet initialized. External WinMGr cannot be set.
2023-12-23 20:04:40,556 [INFO] Updater:1056 - Updater Version found : 6.10.0
2023-12-23 20:04:40,582 [INFO] ApplicationProperties:184 - Using Application install path: C:\ST\STM32CubeIDE_1.14.0\STM32CubeIDE\plugins\com.st.stm32cube.common.mx_6.10.0.202311202037
2023-12-23 20:04:41,375 [INFO] ThirdPartyUpdaterWithRetryManager:70 - Updater plugin not ready yet. [3/15]
2023-12-23 20:04:42,173 [ERROR] LogOutputStream:75 - [STDERR_REDIRECT] Dec 23, 2023 8:04:42 PM java.util.prefs.WindowsPreferences <init>
2023-12-23 20:04:42,173 [ERROR] LogOutputStream:75 - [STDERR_REDIRECT] WARNING: Could not open/create prefs root node Software\JavaSoft\Prefs at root 0xffffffff80000002. Windows RegCreateKeyEx(...) returned error code 5.
2023-12-23 20:04:42,175 [ERROR] LogOutputStream:75 - [STDERR_REDIRECT] 
2023-12-23 20:04:42,601 [INFO] MainUpdater:2873 - connection check result : 10
2023-12-23 20:04:42,601 [INFO] MainUpdater:290 - Updater Check For Update Now.
2023-12-23 20:04:42,601 [INFO] MicroXplorer:498 - Change Database Version : DB.6.0.100
2023-12-23 20:04:42,625 [INFO] McuFinderGlobals:63 - Set McuFinder mode to 2 (CubeIDE integrated)
2023-12-23 20:04:42,956 [INFO] CheckServerUpdateThread:120 - End of CheckServer Thread
2023-12-23 20:04:43,064 [INFO] UserAuth:404 - Internet connection configuration mode: 1
2023-12-23 20:04:43,093 [INFO] JxBrowserEngine:152 - Initiate JxBrowser Engine with user profile folder
2023-12-23 20:04:44,743 [WARN] PackLoader:240 - Cannot read IP mode file for STMicroelectronics.X-CUBE-SMBUS.2.1.0
2023-12-23 20:04:44,773 [WARN] PackLoader:240 - Cannot read IP mode file for STMicroelectronics.X-CUBE-TOUCHGFX.4.23.0
2023-12-23 20:04:44,914 [WARN] PackLoader:240 - Cannot read IP mode file for STMicroelectronics.X-CUBE-AZRTOS-F7.1.1.0
2023-12-23 20:04:45,023 [WARN] PackLoader:240 - Cannot read IP mode file for STMicroelectronics.FP-SNS-MOTENV1.4.3.2
2023-12-23 20:04:45,061 [WARN] PackLoader:240 - Cannot read IP mode file for STMicroelectronics.FP-SNS-FLIGHT1.5.0.2
2023-12-23 20:04:45,123 [WARN] PackLoader:240 - Cannot read IP mode file for STMicroelectronics.X-CUBE-DISPLAY.3.0.0
2023-12-23 20:04:45,213 [WARN] PackLoader:240 - Cannot read IP mode file for STMicroelectronics.X-CUBE-BLE1.7.0.0
2023-12-23 20:04:45,248 [WARN] PackLoader:240 - Cannot read IP mode file for emotas.I-CUBE-CANOPEN.1.3.0
2023-12-23 20:04:45,287 [WARN] PackLoader:240 - Cannot read IP mode file for STMicroelectronics.X-CUBE-TOUCHGFX.4.22.1
2023-12-23 20:04:45,318 [WARN] PackLoader:240 - Cannot read IP mode file for STMicroelectronics.FP-SNS-SMARTAG2.1.2.0
2023-12-23 20:04:45,358 [INFO] LogOutputStream:77 - [STDOUT_REDIRECT] 1 : Invalid condition id : UX_CORESTACK_Condition cause : null
2023-12-23 20:04:45,358 [INFO] LogOutputStream:77 - [STDOUT_REDIRECT] 1 : Invalid condition id : UX_CORESTACK_Condition cause : null
2023-12-23 20:04:45,363 [INFO] LogOutputStream:77 - [STDOUT_REDIRECT] 1 : Invalid condition id : UX_CORESTACK_Condition cause : null
2023-12-23 20:04:45,363 [INFO] LogOutputStream:77 - [STDOUT_REDIRECT] 1 : Invalid condition id : UX_CORESTACK_Condition cause : null
2023-12-23 20:04:45,368 [INFO] LogOutputStream:77 - [STDOUT_REDIRECT] 1 : Invalid condition id : UX_CORESTACK_Condition cause : null
2023-12-23 20:04:45,376 [WARN] PackLoader:240 - Cannot read IP mode file for STMicroelectronics.X-CUBE-AZRTOS-WL.2.0.0
2023-12-23 20:04:45,406 [WARN] PackLoader:240 - Cannot read IP mode file for WES.I-CUBE-Cesium.1.3.0
2023-12-23 20:04:45,429 [WARN] PackLoader:240 - Cannot read IP mode file for STMicroelectronics.X-CUBE-BLE2.3.3.0
2023-12-23 20:04:45,457 [WARN] PackLoader:240 - Cannot read IP mode file for STMicroelectronics.X-CUBE-ALGOBUILD.1.3.0
2023-12-23 20:04:45,519 [WARN] PackLoader:240 - Cannot read IP mode file for STMicroelectronics.X-CUBE-AZRTOS-G0.1.1.0
2023-12-23 20:04:45,577 [WARN] PackLoader:240 - Cannot read IP mode file for STMicroelectronics.X-CUBE-NFC4.3.0.0
2023-12-23 20:04:45,619 [WARN] PackLoader:240 - Cannot read IP mode file for STMicroelectronics.X-CUBE-BLEMGR.3.0.0
2023-12-23 20:04:45,651 [WARN] PackLoader:240 - Cannot read IP mode file for STMicroelectronics.FP-ATR-SIGFOX1.3.2.0
2023-12-23 20:04:45,678 [WARN] PackLoader:240 - Cannot read IP mode file for STMicroelectronics.X-CUBE-GNSS1.6.0.0
2023-12-23 20:04:45,750 [WARN] PackLoader:240 - Cannot read IP mode file for STMicroelectronics.X-CUBE-AZRTOS-F4.1.1.0
2023-12-23 20:04:45,788 [WARN] PackLoader:240 - Cannot read IP mode file for wolfSSL.I-CUBE-wolfSSL.5.6.4
2023-12-23 20:04:45,868 [WARN] PackLoader:240 - Cannot read IP mode file for STMicroelectronics.X-CUBE-AZRTOS-L5.2.0.0
2023-12-23 20:04:45,911 [WARN] PackLoader:240 - Cannot read IP mode file for STMicroelectronics.X-CUBE-EEPRMA1.4.2.0
2023-12-23 20:04:45,999 [WARN] PackLoader:240 - Cannot read IP mode file for ITTIA_DB.I-CUBE-ITTIADB.8.8.0
2023-12-23 20:04:46,023 [WARN] PackLoader:240 - Cannot read IP mode file for STMicroelectronics.X-CUBE-NFC7.1.0.1
2023-12-23 20:04:46,058 [WARN] PackLoader:240 - Cannot read IP mode file for STMicroelectronics.X-CUBE-NFC6.3.0.0
2023-12-23 20:04:46,085 [WARN] PackLoader:240 - Cannot read IP mode file for STMicroelectronics.X-CUBE-AI.8.1.0
2023-12-23 20:04:46,161 [WARN] ConditionMgr:438 - getConditionDescription Invalid condition id : LAN8742 Phy interface Condition cause : null
2023-12-23 20:04:46,163 [WARN] PackLoader:240 - Cannot read IP mode file for STMicroelectronics.X-CUBE-AZRTOS-L4.2.0.0
2023-12-23 20:04:46,165 [WARN] ConditionMgr:1039 - genDependencies : Invalid condition id : LAN8742 Phy interface Condition cause : null
2023-12-23 20:04:46,165 [WARN] ConditionMgr:1039 - genDependencies : Invalid condition id : LAN8742 Phy interface Condition cause : null
2023-12-23 20:04:46,168 [WARN] ConditionMgr:1039 - genDependencies : Invalid condition id : LAN8742 Phy interface Condition cause : null
2023-12-23 20:04:46,201 [WARN] PackLoader:240 - Cannot read IP mode file for STMicroelectronics.X-CUBE-SFXS2LP1.4.0.0
2023-12-23 20:04:46,259 [WARN] ConditionMgr:438 - getConditionDescription Invalid condition id : UX DEVICE CLASS RTOS Condition cause : null
2023-12-23 20:04:46,259 [WARN] ConditionMgr:438 - getConditionDescription Invalid condition id : UX DEVICE CLASS RTOS Condition cause : null
2023-12-23 20:04:46,267 [WARN] PackLoader:240 - Cannot read IP mode file for STMicroelectronics.X-CUBE-AZRTOS-WB.2.0.0
2023-12-23 20:04:46,267 [WARN] ConditionMgr:1039 - genDependencies : Invalid condition id : UX DEVICE CLASS RTOS Condition cause : null
2023-12-23 20:04:46,267 [WARN] ConditionMgr:1039 - genDependencies : Invalid condition id : UX DEVICE CLASS RTOS Condition cause : null
2023-12-23 20:04:46,269 [WARN] ConditionMgr:1039 - genDependencies : Invalid condition id : UX DEVICE CLASS RTOS Condition cause : null
2023-12-23 20:04:46,269 [WARN] ConditionMgr:1039 - genDependencies : Invalid condition id : UX DEVICE CLASS RTOS Condition cause : null
2023-12-23 20:04:46,269 [WARN] ConditionMgr:1039 - genDependencies : Invalid condition id : UX DEVICE CLASS RTOS Condition cause : null
2023-12-23 20:04:46,315 [WARN] PackLoader:240 - Cannot read IP mode file for STMicroelectronics.X-CUBE-SUBG2.5.0.0
2023-12-23 20:04:46,388 [WARN] PackLoader:240 - Cannot read IP mode file for STMicroelectronics.X-CUBE-AZRTOS-G4.2.0.0
2023-12-23 20:04:46,443 [WARN] PackLoader:240 - Cannot read IP mode file for Infineon.AIROC-Wi-Fi-Bluetooth-STM32.1.5.1
2023-12-23 20:04:46,483 [WARN] PackLoader:240 - Cannot read IP mode file for STMicroelectronics.FP-SNS-MOTENVWB1.1.3.1
2023-12-23 20:04:46,510 [WARN] PackLoader:240 - Cannot read IP mode file for STMicroelectronics.X-CUBE-ISPU.2.0.0
2023-12-23 20:04:46,638 [WARN] PackLoader:240 - Cannot read IP mode file for STMicroelectronics.X-CUBE-MEMS1.10.0.0
2023-12-23 20:04:47,188 [WARN] PackLoader:240 - Cannot read IP mode file for STMicroelectronics.X-CUBE-FREERTOS.1.1.0
2023-12-23 20:04:47,214 [WARN] PackLoader:240 - Cannot read IP mode file for portGmbH.I-Cube-SoM-uGOAL.1.1.0
2023-12-23 20:04:47,241 [WARN] PackLoader:240 - Cannot read IP mode file for STMicroelectronics.X-CUBE-ALS.1.0.1
2023-12-23 20:04:47,265 [WARN] PackLoader:240 - Cannot read IP mode file for STMicroelectronics.FP-ATR-ASTRA1.2.0.0
2023-12-23 20:04:47,315 [WARN] PackLoader:240 - Cannot read IP mode file for STMicroelectronics.X-CUBE-TOF1.3.4.0
2023-12-23 20:04:47,413 [WARN] PackLoader:240 - Cannot read IP mode file for STMicroelectronics.X-CUBE-AZRTOS-H7.3.2.0
2023-12-23 20:04:47,428 [INFO] ThirdParty:978 - Integrity check success = true
2023-12-23 20:04:47,428 [INFO] IntegrityCheckThread:100 - exiting critical section [integrity check]
2023-12-23 20:04:47,430 [INFO] IntegrityCheckThread:103 - End integrity checks thread
2023-12-23 20:04:49,644 [INFO] WebApp:161 - Instantiating new browser for Auth
2023-12-23 20:04:50,710 [INFO] WebApp:780 - Register for checkConnection events
2023-12-23 20:04:50,710 [INFO] WebApp:414 - Apply proxy settings
2023-12-23 20:04:50,710 [INFO] WebApp:499 - Chromium requires no authentication
2023-12-23 20:04:50,723 [INFO] WebApp:442 - Direct internet connection detected
2023-12-23 20:04:51,127 [INFO] WebApp:192 - Starting web application
2023-12-23 20:04:51,127 [INFO] WebApp:544 - Web application path used C:\ST\STM32CubeIDE_1.14.0\STM32CubeIDE\plugins\com.st.stm32cube.common.mx_6.10.0.202311202037\db\plugins\mcufinder\reactClient1\index.html
2023-12-23 20:05:12,866 [ERROR] LogOutputStream:75 - [STDERR_REDIRECT] SLF4J: Failed to load class "org.slf4j.impl.StaticLoggerBinder".
2023-12-23 20:05:12,868 [ERROR] LogOutputStream:75 - [STDERR_REDIRECT] SLF4J: Defaulting to no-operation (NOP) logger implementation
2023-12-23 20:05:12,871 [ERROR] LogOutputStream:75 - [STDERR_REDIRECT] SLF4J: See http://www.slf4j.org/codes.html#StaticLoggerBinder for further details.
2023-12-23 22:37:02,410 [ERROR] LogOutputStream:75 - [STDERR_REDIRECT] 
2023-12-23 22:37:02,413 [ERROR] LogOutputStream:75 - [STDERR_REDIRECT] 
